### Sentence 287
0.9828010521829128
0.968681038916111
0.9544764176011086
0.964193420112133
0.9869368314743042
### Sentence 341
0.9881541534610416
0.9819634932538738
0.9860066784464795
0.9638337363367495
0.9817162480043329
### Sentence 343
0.959075991844022
0.951416939785325
0.9415029299467109
0.9226604612154323
0.961893173151238
### Sentence 100
0.9555266601283375
0.9847065980841474
0.9891904665202629
0.9914139959870315
0.9857342054204243
### Sentence 358
0.9661692000097699
0.9802622781859504
0.988510353035397
0.9791427817609575
0.9795616507530213
### Sentence 251
0.9923239305615426
0.9911684453487396
0.9675611987709999
0.9933748826384544
0.988470396399498
### Sentence 434
0.643588552152531
0.6809050264768304
0.7459176933579268
0.7039955705408719
0.6746112941799985
### Sentence 437
0.6936623956675508
0.5879034350759217
0.6090003385962475
0.7044873429154644
0.5528811363176265
### Sentence 98
0.9894850903087192
0.9892231159740024
0.9736490580770705
0.988599587811364
0.9883239878548516
### Sentence 73
0.9571397280616855
0.963030050762675
0.9751688465476036
0.9575249552726746
0.9688855186104774
### Sentence 42
0.9436002288183029
0.9602252908728339
0.9545276951129463
0.9377735741013153
0.9552995257333599
### Sentence 223
0.9810276322248506
0.9748599398426894
0.9656714876977409
0.9630420793120454
0.9634116668560792
### Sentence 420
0.8353819834689299
0.8922260080774626
0.8619773117673807
0.8720202619830767
0.8593896627426147
### Sentence 188
0.9855147033202939
0.9834253032033037
0.9752188721081105
0.9771287804696618
0.9760141768833486
### Sentence 440
0.7424252252085924
0.6481421797046597
0.7331289499998093
0.6627845954149961
0.5913993667401669
### Sentence 300
0.9929491934322175
0.9691667663199561
0.9841799792789278
0.985519833507992
0.9921041684491294
### Sentence 218
0.9628594466706827
0.9753999241760799
0.95683139012683
0.9694629343492644
0.9586851703527264
### Sentence 139
0.9713439908696384
0.9872430592048459
0.9815333630980515
0.9880590191701564
0.9857346400981997
### Sentence 412
0.9534468008921697
0.9555354851942796
0.9291959680043734
0.8942721577791067
0.8462721980535067
### Sentence 117
0.9710243682308894
0.9798892845467824
0.9799478810007979
0.9747443242770869
0.9765247302811321
### Sentence 85
0.9749733537435532
0.9726452127099037
0.9690432864241302
0.9758413799107075
0.9680392852984369
### Sentence 109
0.9811534096555012
0.968453527587216
0.9740919085537515
0.9808598320658614
0.9787434935569763
### Sentence 46
0.9665575131773949
0.9913044854998588
0.9894023329019547
0.9805446274578571
0.9865710943937301
### Sentence 154
0.974653323976005
0.9744380581669692
0.9626674136010612
0.9848652089514384
0.9912719057827462
### Sentence 347
0.9711735892109573
0.9907698407769203
0.9827224984765053
0.9741071004420518
0.9741996254771947
### Sentence 153
0.9923835748975928
0.9826040267944336
0.9835291030732068
0.9906037680127404
0.9933728656985543
### Sentence 384
0.9696567138267118
0.9670235106591568
0.9366861750739951
0.9649434145106826
0.9586100280284882
### Sentence 7
0.8992657358529138
0.903939843666358
0.8986482136562223
0.9009681207234742
0.8721415963573534
### Sentence 187
0.986917910121736
0.9791356353532701
0.9769808650016785
0.9805409383206141
0.9900886984098525
### Sentence 438
0.6909765834835443
0.7076489009195939
0.6192407299531624
0.6864294474905147
0.7484101924558424
### Sentence 17
0.9558738847573598
0.9471448838710785
0.9290065750479698
0.9581781367460886
0.9451578587293625
### Sentence 79
0.930397023511834
0.9654734890128291
0.9364072316445323
0.9699003084800965
0.9633689175338246
### Sentence 29
0.9559007103359977
0.9624517420523389
0.9645924724551828
0.9573163060947906
0.9659827140181564
### Sentence 294
0.9945512495257638
0.9894112687219273
0.9694225823252716
0.997731248086149
0.989704817533493
### Sentence 212
0.9461398139097836
0.9645495511764703
0.9458565018897833
0.9688730953737746
0.9675788255624993
### Sentence 210
0.9853163465857506
0.9929291039705277
0.990239717066288
0.9869620755314827
0.952709348499775
### Sentence 305
0.9722169000994075
0.9669774621725082
0.9708632108840075
0.9742273444479163
0.9766455949707464
### Sentence 118
0.9812592356042429
0.9616612153635784
0.9640125889669765
0.9596487161788073
0.97670649161393
### Sentence 169
0.972521407575142
0.9696749943058666
0.9596843944817055
0.9627662471881727
0.9694625030203563
### Sentence 133
0.9437984436726765
0.952433742955327
0.9593336822697893
0.9612936031073331
0.9428847448900342
### Sentence 103
0.9854005630626235
0.9814904720284218
0.9650246563345887
0.9743106871150261
0.9715435830659644
### Sentence 432
0.7530381733895498
0.7706358040618849
0.7039692537550283
0.7747828423656012
0.7732120950258774
### Sentence 361
0.9894972786307334
0.9817798480391502
0.9871661007404328
0.9829957365989686
0.9883820235729217
### Sentence 77
0.992108712142164
0.9932731633836572
0.9913233599879525
0.9796887229789387
0.9946242150935259
### Sentence 313
0.9889685087733798
0.9909877790345086
0.9872883876164754
0.9896967675950792
0.9827726562817891
### Sentence 247
0.9842310683293776
0.992550874298269
0.9937758540565317
0.9825562536716461
0.992302108894695
### Sentence 362
0.9659506641544922
0.9529479080161383
0.9673384356983873
0.9729153805000837
0.9712343614028637
### Sentence 368
0.9933657510714098
0.9710038839416071
0.9720625281333923
0.9819467866962607
0.9899700256911191
### Sentence 314
0.9633483770100967
0.9775818793669991
0.9808757629083551
0.9943860004777494
0.9703077349973761
### Sentence 304
0.9747775531396633
0.9844115187482136
0.9773534034810415
0.9764265970485967
0.9841438182970372
### Sentence 206
0.985561463094893
0.9720493828256925
0.9611532326255526
0.9709404607613882
0.9834866594700586
### Sentence 60
0.990736957300793
0.961066407236186
0.9943052896044471
0.9847733283584769
0.98575820164247
### Sentence 378
0.9917097120750241
0.9932096455155349
0.9938567077241293
0.9838731666890587
0.9903986541236319
### Sentence 131
0.9690209779710997
0.9679334189831501
0.9684066218545749
0.963702317327261
0.9607559351383576
### Sentence 25
0.5823108558174999
0.5548898570718408
0.5089576152637939
0.5280777419563861
0.5456308796687555
### Sentence 194
0.9863934308983558
0.9619657660639563
0.992814650369245
0.9796453125255052
0.9738786192827447
### Sentence 69
0.9852226230833265
0.9644076982720031
0.9881224738226997
0.9850854343838162
0.9849418997764587
### Sentence 429
0.6756787256666712
0.6671941698890694
0.7559771812771188
0.6972673645326133
0.7522303964824654
### Sentence 370
0.9761010468006134
0.9687262875959277
0.9820730835199356
0.9826118126511574
0.9890861570835113
### Sentence 345
0.9630739457735961
0.9547673841430382
0.9699074834590481
0.9718336313962936
0.9716771773316644
### Sentence 388
0.9491054636193439
0.9524314073845744
0.9284082631755155
0.9435735718114302
0.9458093947498127
### Sentence 232
0.9743175357580185
0.9722504571080208
0.9746457735697428
0.9694974290000068
0.9799108452267117
### Sentence 129
0.9767977737567641
0.9898634458130057
0.9804229194467718
0.9668849713423036
0.9855761582201178
### Sentence 302
0.9516886834587369
0.9856282770633698
0.9710247992050081
0.9612250526967857
0.9641548296037529
### Sentence 196
0.9491587527096271
0.9753768377006053
0.9666108381934464
0.9674973205197602
0.9756983384490013
### Sentence 252
0.9599091680937035
0.9821736715560736
0.9643524431212004
0.9840140772420306
0.9836995171946149
### Sentence 421
0.8255342834375121
0.905249151316556
0.8146370195529677
0.7592888665808872
0.855017827315764
### Sentence 50
0.9776213318109512
0.9893877416849136
0.9878110498189926
0.9875350534915924
0.9949294865131378
### Sentence 259
0.9930369507434756
0.9774161182170691
0.9883990301642307
0.9722410419652628
0.9710248668873033
### Sentence 380
0.9692082282569673
0.982741645971934
0.991319645775689
0.9492385145690706
0.9798899703555637
### Sentence 225
0.982789933681488
0.9709754087030887
0.9649194300174713
0.964808962494135
0.9565107570961118
### Sentence 379
0.978669544985128
0.9616970194633617
0.970391854297283
0.9714880973793739
0.9754742370095364
### Sentence 15
0.9519093910853068
0.9404721237098177
0.9543924182653427
0.9556131849686305
0.9631650388240814
### Sentence 173
0.9931695501009623
0.9762588911586337
0.975370016362932
0.9676450808842977
0.9827138225237528
### Sentence 282
0.9458020613307044
0.96443060785532
0.9592015039441841
0.9515795223414898
0.9621716766130357
### Sentence 348
0.9769660007385981
0.9902815577529726
0.9864105582237244
0.9667054416523093
0.9946130741210211
### Sentence 22
0.9194862239062787
0.9292289247115453
0.9392505387465159
0.9289470295111338
0.885325587913394
### Sentence 116
0.9931858791861423
0.9892584404280019
0.9836921095848083
0.9873838230620983
0.9927441616391026
### Sentence 335
0.975827851078727
0.9939857640049674
0.9682347726246173
0.9722375019707463
0.9626335521990602
### Sentence 57
0.9658973548147414
0.970043316980203
0.9814625130759345
0.9824411167038811
0.9775358253055149
### Sentence 151
0.9444934617955411
0.9859644784483799
0.9596965687219486
0.9891299134077027
0.9922865185626718
### Sentence 281
0.9658457360616545
0.9766613317698967
0.9700267256760016
0.9815469805787249
0.9593768968451314
### Sentence 91
0.9695922782023748
0.965515156255828
0.9772041552596622
0.9795634117391374
0.9663008517689176
### Sentence 318
0.9862484114114628
0.9802235974821933
0.9776624496593032
0.9750127667604491
0.9780631467353466
### Sentence 404
0.9469140418644609
0.963547330478142
0.9498567067343613
0.967040830645068
0.9571039882199518
### Sentence 435
0.7386654743247412
0.7188836227763783
0.7094119317969837
0.6472008397434944
0.678136457265778
### Sentence 41
0.9732295632362366
0.9730414196848869
0.9370568290352821
0.9578207865357399
0.9897005155682563
### Sentence 195
0.9776339928309122
0.9502557345799038
0.9843352522168841
0.9852586899484906
0.9909770077183133
### Sentence 270
0.9601040855050087
0.9532817072711538
0.9479899492401083
0.9545794047177011
0.9599308624571232
### Sentence 233
0.9644979493353855
0.9568550963039425
0.9616870847953991
0.9750228998335925
0.9639801279726353
### Sentence 110
0.9707613764114158
0.9752837627433067
0.9715396709263672
0.9950727335242338
0.9808499244756477
### Sentence 168
0.9543549646731726
0.9725754084282143
0.9803403574366902
0.9738023017728051
0.9678935907607855
### Sentence 316
0.934698270764784
0.9595552947033535
0.9617769949307496
0.9738899604840712
0.9547252722761848
### Sentence 167
0.9780740689399631
0.9880732935528422
0.9628372915349034
0.9878218284873075
0.9871156770129537
### Sentence 0
0.6063983346025149
0.6909159224298735
0.8058642109235128
0.7684920092423757
0.7653449376424154
### Sentence 108
0.9886033447777353
0.9911252609113368
0.9725529427935438
0.9708371918830203
0.9830822174142047
### Sentence 241
0.9911759801027251
0.9859893787197951
0.9705752744907286
0.9672263991541978
0.9891624101778356
### Sentence 14
0.9696499069531759
0.9630081713199615
0.9322475224733353
0.9205261593063673
0.9233948628107707
### Sentence 353
0.9908929846503518
0.9727035737173124
0.9832411056215112
0.9893767237663269
0.9871208071708679
### Sentence 119
0.9797445595264435
0.9653759464621544
0.9768454462289811
0.958377442508936
0.9824731096625328
### Sentence 178
0.9800990886158414
0.9733936443097062
0.9556010273388691
0.9507843443502982
0.9746129559146033
### Sentence 161
0.9591904270441033
0.9763031733590503
0.9873944451642591
0.9825165465820668
0.9572409855764966
### Sentence 114
0.9624744631350041
0.9839100584387779
0.9725697692483664
0.9745829969644546
0.9580312605947257
### Sentence 419
0.7633722596098474
0.8626517727971077
0.7833696941376805
0.7878002692013979
0.8303099454691013
### Sentence 12
0.9476076321255776
0.9804218469127532
0.9637447076459085
0.9477172815991987
0.9501419874929613
### Sentence 74
0.9832029120866642
0.9908653927403827
0.9898008676462395
0.9924898799075637
0.9837261008661847
### Sentence 240
0.9768939465284348
0.9627646985261337
0.9647368432387061
0.9718305546304454
0.9699729940165644
### Sentence 266
0.9642513297836889
0.9661403640321541
0.9820691509680315
0.9679717432961545
0.9589661136269569
### Sentence 283
0.9538658079469488
0.9577053405699276
0.9720871533666339
0.9639826576624598
0.9713252314499446
### Sentence 67
0.9863320544362069
0.9649989917874336
0.9673453398048878
0.9615484163165092
0.9810720533132553
### Sentence 107
0.9909842080540128
0.9741164081626468
0.9889495240317451
0.9905383772320218
0.9780374487241109
### Sentence 411
0.8698425510754952
0.8485500199290422
0.8675971019726533
0.8801770370740157
0.8503382515448791
### Sentence 248
0.9938731702362619
0.9864856179167585
0.9903200501348914
0.9904850837660999
0.980932882646235
### Sentence 183
0.9846557279427847
0.9769134773384958
0.9440286553331784
0.9731627206007639
0.9893833313669477
### Sentence 372
0.9699922498492968
0.9654096010185423
0.9611210195081574
0.979309598604838
0.9709705497537341
### Sentence 312
0.9846849323705186
0.9854032189347023
0.985205564388009
0.990154575469882
0.9831650679887727
### Sentence 309
0.9665880328109271
0.9559533685028856
0.9663977594829576
0.9532349265985453
0.9596858523396212
### Sentence 45
0.9806625016710975
0.9717312400991266
0.9775227667255835
0.9482920954522508
0.958773039620031
### Sentence 245
0.9913206213996524
0.9874576670782906
0.9723804997546333
0.9631546977020445
0.9707842437284333
### Sentence 308
0.9768386607946351
0.9660854214845702
0.960337030333142
0.9771196370901063
0.9492958783886807
### Sentence 260
0.9843078997077012
0.9877178218306565
0.985388350196001
0.9868952588337224
0.9812426218172399
### Sentence 2
0.8623771305595126
0.7557640538883529
0.8124435894191265
0.8248676740697451
0.8313047506979534
### Sentence 253
0.9649865030216807
0.9577487620214621
0.9679249294456982
0.9594582698884464
0.956470731867566
### Sentence 299
0.9533498170824412
0.9682477201050561
0.9662943002250459
0.9590887225336499
0.9531404227018356
### Sentence 219
0.9748866038267002
0.9757834090742954
0.9579186429984348
0.9632297686712686
0.9572555627240691
### Sentence 279
0.9913859483988389
0.9820899030436641
0.9941028512042501
0.9776401532732922
0.992428843093955
### Sentence 101
0.9799567363982977
0.959698578299478
0.9745052588540454
0.9858865751776584
0.9810144249783006
### Sentence 137
0.9747447775942939
0.974628495318549
0.9779028168746403
0.9655729489667075
0.9886742773510161
### Sentence 376
0.9640335273411539
0.9800144116083781
0.9755655888054106
0.9838869505458407
0.9537021044227812
### Sentence 58
0.9868827916326977
0.9868259656996954
0.9701092355618519
0.9749886507079715
0.9731796866815005
### Sentence 53
0.971248268734577
0.9640280536354281
0.9563094155732975
0.9653556540440551
0.9798786071843879
### Sentence 315
0.9765236745278041
0.9741203074653944
0.9792221420341067
0.9848314179314508
0.9801147050327725
### Sentence 390
0.9697955639465995
0.9791032101797021
0.9462772889629655
0.9786460950322773
0.9642104700855587
### Sentence 291
0.9548864180200495
0.9863524908243224
0.993141696896664
0.9675367231978926
0.982685484165369
### Sentence 289
0.9843533787616464
0.9839723761691603
0.9811071878255799
0.9821995773980784
0.9794541839943376
### Sentence 307
0.972998236422427
0.9602610104613833
0.9833049204614427
0.9751342073082924
0.9721742590268453
### Sentence 327
0.9796798477570215
0.9901928220476423
0.9831914816583905
0.965648223956426
0.971228246000551
### Sentence 274
0.9773928777473729
0.963707326570662
0.9710963239393583
0.9760538597659367
0.9770790622001742
### Sentence 317
0.9699553261910167
0.9636967247241133
0.9846702147097814
0.9685558399983815
0.9715196429973557
### Sentence 44
0.9528341557570669
0.9578635744577231
0.980821684349415
0.9813957865848097
0.9619785276956336
### Sentence 207
0.9695682188314272
0.9742512135970883
0.9896771239071358
0.9808176683216561
0.9672005074780162
### Sentence 97
0.9854674862652291
0.9652074097496707
0.9941612554759514
0.9906834814606643
0.9811354272249269
### Sentence 209
0.9897310521867541
0.973176638616456
0.9872287260161505
0.9866836110750834
0.9786385549439325
### Sentence 342
0.9658390967683359
0.9669803028756921
0.9840212579477917
0.9742856344038789
0.9867636547847227
### Sentence 374
0.9458460037301226
0.9827155267320028
0.9599585128811802
0.964218812017906
0.9589900868694957
### Sentence 255
0.9695643289458185
0.9775698781013489
0.981978348323277
0.9826302386465526
0.9786392471620015
### Sentence 16
0.9543308814366659
0.9491237779458364
0.9562793056170146
0.955702006816864
0.9526863634586334
### Sentence 250
0.9829193339115236
0.9727342056065071
0.9805524596353856
0.9783599042310948
0.9777453832510041
### Sentence 254
0.967870945500773
0.99007033747296
0.9654541386421337
0.9940197745034861
0.9925747014755426
### Sentence 186
0.9451250666802147
0.959416329951548
0.9458427239073123
0.947563894508404
0.9647657652200972
### Sentence 268
0.9627435167630514
0.9870414601431953
0.9724536856015523
0.9875498784912957
0.9817594978544447
### Sentence 78
0.9886084720492363
0.9877688229084015
0.9722195025533438
0.9857882633805275
0.9701852936297655
### Sentence 330
0.984855945720229
0.9735563646915347
0.9719263570664753
0.9685983844967776
0.9733341206298318
### Sentence 83
0.9657283823937177
0.9257106995675712
0.9402263889089226
0.9683528725057841
0.9676165822660551
### Sentence 427
0.8429844054308805
0.7763547816059806
0.8751749992370605
0.8777723637494174
0.7997124357657
### Sentence 369
0.9832968420760576
0.9582683191049931
0.9678341670091762
0.9912390431692434
0.9762168055356935
### Sentence 217
0.9795675788606916
0.9790433914888472
0.9838017551671892
0.9655265822297051
0.9786557569390252
### Sentence 75
0.9551126973496543
0.9731078460812569
0.9741392377350065
0.9554936345252726
0.9724883306357596
### Sentence 63
0.9548028929328377
0.9680967255514009
0.9721152047542009
0.9728596662594513
0.9769955761730671
### Sentence 197
0.9747637302979179
0.9627783556023369
0.9856967757577482
0.9761886217671892
0.9777955568355062
### Sentence 39
0.9485148008821941
0.9890423664232579
0.9657769406714091
0.9924472105212327
0.9788934544819158
### Sentence 338
0.978051651848687
0.9675213238431348
0.9758927590317197
0.9539133095182478
0.9501309197603001
### Sentence 331
0.9492243334952946
0.9594045900132345
0.9609160358491151
0.9754374545553456
0.9563068957410471
### Sentence 165
0.9702844065500469
0.9841052279239748
0.9693816645843226
0.9697507416329733
0.9710016868009073
### Sentence 76
0.9678437467231307
0.9844109416007996
0.9759918083978254
0.9715789660464885
0.9733915474525717
### Sentence 201
0.9773512049799874
0.9833279663608188
0.9665314597742898
0.9755201485185396
0.9727454926996004
### Sentence 171
0.9582807723341918
0.9801886328836766
0.9666175682370256
0.9786482693218603
0.9630973967837124
### Sentence 159
0.9600932016378132
0.9745008560215555
0.9779695737652663
0.9798944127268907
0.9871078133583069
### Sentence 278
0.9715856164693832
0.9603547915106728
0.9568540090251536
0.9632311513026556
0.9751271378426325
### Sentence 408
0.9319188215221013
0.92577902946089
0.9614831752010754
0.9573369760598455
0.932470819991847
### Sentence 220
0.9670255123214289
0.9489989251067693
0.9727635248140856
0.9557512236589735
0.9744168093258684
### Sentence 43
0.9739901860092961
0.984858819218569
0.9885882430298384
0.9887957184813744
0.9877046041710432
### Sentence 329
0.9819646274501627
0.9841522533785213
0.9904397577047348
0.9895138456062837
0.9736498492685232
### Sentence 425
0.7957676010285845
0.7696762612876028
0.7734606121176933
0.7984149653014511
0.697067028943665
### Sentence 19
0.9449109514554341
0.9250640409688154
0.9600745300451915
0.9408168951670329
0.8989297249664863
### Sentence 115
0.9843761296499343
0.9821069637934366
0.9796429702213832
0.9703459334781482
0.9882086103870755
### Sentence 406
0.9373109073474489
0.9457330395435465
0.9449614759149223
0.9600749159681385
0.9231095468175823
### Sentence 172
0.9841839546381042
0.9812121259611707
0.9807531999987226
0.9880888157112654
0.9925170374471087
### Sentence 68
0.9698365512417584
0.989559382927127
0.9765211300152105
0.977096561251617
0.9739303000089599
### Sentence 99
0.9690788308779399
0.9548199687567022
0.954766487578551
0.9539093242570137
0.9520944812231593
### Sentence 377
0.9873673625108672
0.9832326202857785
0.9827220207307397
0.9782686567888027
0.9716981416795312
### Sentence 180
0.9693952552974224
0.9569444317370653
0.9413854494690895
0.9541361056268215
0.9655066076666117
### Sentence 162
0.9830129787325859
0.9790213122963906
0.9703296889550984
0.9832738116383553
0.9684872289188207
### Sentence 13
0.9626160736741691
0.9199531115591526
0.9633055514302747
0.9341172987017138
0.9413156663549358
### Sentence 71
0.9897694573515937
0.9851869444052378
0.9850991524401165
0.9740438855120114
0.9610477302755628
### Sentence 344
0.9650887517735015
0.974554369615954
0.9883498341538185
0.9764881418194882
0.9700170845486397
### Sentence 190
0.9927509994733901
0.9721350158963885
0.9913092170442853
0.9713182106968903
0.9686851580405519
### Sentence 208
0.9557290135971492
0.9723514712282589
0.9711129684167515
0.95556428932607
0.9786791588578906
### Sentence 163
0.9354185548497039
0.9504093255818589
0.9508794854113529
0.953837173622708
0.9297733690026541
### Sentence 439
0.7886000454425812
0.7707194864749909
0.7814487738534808
0.6402725718915463
0.6762314209307079
### Sentence 32
0.9653392270570849
0.9693395473608156
0.9437246591579623
0.9455175006353274
0.9560397892463498
### Sentence 339
0.9554672826613698
0.9805384164764768
0.9600094531973203
0.9834383868035816
0.9774769970348903
### Sentence 147
0.9467386565659017
0.9739771231654144
0.9721459253203302
0.9755673394316718
0.9788477967182795
### Sentence 284
0.9435981595445246
0.990695690824872
0.9874631932803563
0.97069032845043
0.9668604766151735
### Sentence 87
0.9735313104022116
0.9940376224971953
0.9795669040509632
0.9651644109260469
0.984934538602829
### Sentence 175
0.9636222083460201
0.9711182632229545
0.948098115453666
0.9646952308037064
0.9637525909664956
### Sentence 356
0.9939789522525876
0.977112238836843
0.9902303898057272
0.9862590487613234
0.9881130706432254
### Sentence 146
0.9759025700390339
0.9640524967107922
0.9863714933395386
0.9875000923871994
0.9894693329930305
### Sentence 40
0.9557062963999453
0.9597557350283578
0.970401637610935
0.9833939799240657
0.9641546663783845
### Sentence 399
0.9311329239401324
0.9498065124297964
0.9720285247112143
0.9642735123634338
0.933079463654551
### Sentence 433
0.5940148981826496
0.6175071992487019
0.6485766293275657
0.6547155924350381
0.6930909018146226
### Sentence 418
0.8177045981089274
0.9224525739749273
0.8587750469644865
0.8316856560607752
0.8182607914010683
### Sentence 55
0.9786612325244479
0.9877183914184571
0.9866957081688775
0.9861778087086148
0.9871395190556844
### Sentence 199
0.9875435887313471
0.9714206627956251
0.9905411833670081
0.9763128968273721
0.9770820751422788
### Sentence 249
0.9929168667904166
0.9813807911651079
0.9893582560295282
0.9891856160274771
0.9920672081237616
### Sentence 386
0.9614395665567975
0.9713338052117547
0.9528641357671382
0.9621261306280313
0.9515209031659503
### Sentence 292
0.978709475938664
0.9696029057336408
0.9729935877718204
0.9729548588741658
0.9769398410652959
### Sentence 125
0.9714555753601922
0.973640055126614
0.9685412519507938
0.9795509179433187
0.9644019116957983
### Sentence 214
0.9753090593477954
0.9604934803817583
0.9689162885365279
0.969994306564331
0.9792248075423033
### Sentence 226
0.9855723482806508
0.9673852949607663
0.9838688751546348
0.9783648426939802
0.9867419673175346
### Sentence 88
0.9829428141767328
0.9753958240828731
0.9859036247838627
0.9755336733704264
0.9663209651850841
### Sentence 267
0.9769984535548998
0.9738954778598703
0.9739380757445875
0.9724960158700529
0.9721254537276842
### Sentence 142
0.979536235332489
0.9879772138027918
0.982604539110547
0.9634881542906875
0.9821347296237946
### Sentence 340
0.993774694640462
0.9763370029083113
0.9873355946889738
0.9674316833658916
0.9749413161742978
### Sentence 127
0.9642602887004614
0.9615051664412022
0.9518299356102944
0.9714204058051109
0.9695982560515404
### Sentence 191
0.96832001403622
0.9766137548114943
0.9796007282060125
0.9744946995507116
0.9574892636718806
### Sentence 31
0.9687920255320412
0.9726786514123281
0.9672712364367076
0.947842268894116
0.9735217332130387
### Sentence 177
0.9775802723091581
0.9687021366603996
0.9498054685638003
0.961701985610568
0.9479587555903456
### Sentence 273
0.9846016736917718
0.9664631909582504
0.9676679948041605
0.9751228010931681
0.9649148492445779
### Sentence 111
0.9805723401003106
0.9870723070100297
0.9714883290404497
0.9436882134786871
0.9906573018362356
### Sentence 310
0.9832055479288101
0.9671477645635604
0.9810515567660332
0.9636773761594668
0.942941154143773
### Sentence 354
0.9610715689273869
0.9682309075940838
0.9677566836996958
0.9660877535664817
0.9560833614228702
### Sentence 11
0.9450696687544545
0.933436069998049
0.9109243635208376
0.9028060147839208
0.9749542301700961
### Sentence 95
0.9715602332498969
0.9770792104849001
0.967763590921716
0.9689493895303912
0.9622009607349954
### Sentence 10
0.978663194179535
0.9542932157715162
0.9559880286455155
0.9613398005565007
0.962588491042455
### Sentence 333
0.993324159251319
0.9881931874487135
0.9914387199613783
0.989554308520423
0.9900241878297594
### Sentence 93
0.9705824048020119
0.9799082764359408
0.9838463774947233
0.9788065303203671
0.9714608830074931
### Sentence 21
0.9547804551465171
0.9322337944592748
0.929723077586719
0.9395632594823837
0.9207229103360858
### Sentence 155
0.9624217464810326
0.9766273140197709
0.9884247779846191
0.9778353571891785
0.9731782674789429
### Sentence 8
0.8712510698371463
0.8295943607886632
0.887581416964531
0.8493814627329509
0.9150643077161577
### Sentence 405
0.9491697878673159
0.950665675360581
0.9569823186973045
0.9184438771214979
0.9576078714995548
### Sentence 392
0.9585446212026808
0.9745145655340619
0.9777396294805739
0.9687009202109442
0.9537100454999341
### Sentence 382
0.9805488711179688
0.987629116967667
0.9887586291446242
0.9798951842064081
0.9877787121506625
### Sentence 135
0.9739257572662263
0.9570103903256711
0.9716386404775438
0.9706905775126957
0.9645483323505947
### Sentence 324
0.9821725443005562
0.9706764455884695
0.9828731447458268
0.9538407467305661
0.9350058749318123
### Sentence 141
0.9603321299086823
0.97362301879844
0.9736147840875525
0.9749741855748865
0.9450105667428308
### Sentence 290
0.9921463219130912
0.9582655845982272
0.9851175692023301
0.9626153762929324
0.9674669453283635
### Sentence 442
0.724021773514778
0.7324305204892445
0.7939899530634819
0.7667941464910655
0.7363929753649548
### Sentence 409
0.9127477692254615
0.8820931471648692
0.9195654521385829
0.9061700546182692
0.9141451000546416
### Sentence 28
0.9803911486397618
0.9711706962274469
0.9744199721709542
0.9715752964434416
0.975071106268012
### Sentence 293
0.944880037250497
0.9552510566100841
0.9685461099554853
0.9420861630450662
0.9642061121398355
### Sentence 144
0.9764967451492945
0.9597328407961565
0.9838519824875726
0.9757667021618949
0.9869087232483758
### Sentence 192
0.9843940165307786
0.9713079763783349
0.95943760867748
0.9387815485397975
0.964196338918474
### Sentence 145
0.9917407077412272
0.9696216038319954
0.9746392196001008
0.9818585216999054
0.988276390142219
### Sentence 150
0.9504778958339658
0.9452517681651645
0.9619292346139748
0.9327839955687522
0.9616103643635546
### Sentence 359
0.9693280387492407
0.9493124163266093
0.9555641489901713
0.9745242240883055
0.9591376089623996
### Sentence 149
0.9856879055500031
0.9903699710965157
0.9672937858849764
0.9611982274800539
0.9766247123479843
### Sentence 202
0.9497319866272318
0.9770155743111012
0.9797037916128025
0.9743301903092584
0.9578865115465813
### Sentence 373
0.9739315178659227
0.9704708562956916
0.9449987118442853
0.9460422058900197
0.9821179654863146
### Sentence 3
0.866661517156495
0.8890364117092556
0.8312200981709692
0.8530560036500295
0.8433369340168105
### Sentence 49
0.984916539419265
0.9933040354933057
0.9751618916080111
0.9879295925299326
0.9859512278011867
### Sentence 23
0.8557391739388829
0.8690070239493891
0.8330904672393663
0.8271100713029285
0.8579825525588464
### Sentence 417
0.8168295678830569
0.8786315595110258
0.8735257089138031
0.8004307936256131
0.8319344504464729
### Sentence 295
0.930856071617676
0.9648179156439645
0.9589858576773677
0.9646313699583212
0.9640457360517412
### Sentence 336
0.9676998441240617
0.9740981409947077
0.9709450354178747
0.9779549780346098
0.956050762041871
### Sentence 229
0.9831015467643738
0.9882023835724051
0.993211033669385
0.9782460203224962
0.9935797276822004
### Sentence 112
0.9805459955876524
0.9695083402435888
0.9739970730786974
0.9780069101940502
0.988302314823324
### Sentence 443
0.7358229902981803
0.7794369672026509
0.7911516937927046
0.7982069633398191
0.8180405621462297
### Sentence 431
0.6394730032485453
0.562186215793295
0.617096821553647
0.6366334578142414
0.630034894789229
### Sentence 346
0.9584170341153037
0.9663057245991447
0.9634605080566623
0.964588868685744
0.9536234709349546
### Sentence 428
0.8023903189101474
0.5991982394267324
0.7399937521014976
0.7700519642253851
0.7607853598427028
### Sentence 89
0.9895732969045639
0.9777917772531509
0.9734876021742821
0.9825058981776238
0.9799531877040863
### Sentence 203
0.9847304253351121
0.9716410902994019
0.9587815075757957
0.9551920583741905
0.9643980718794323
### Sentence 271
0.9936233846152701
0.9837721208246742
0.9691548514656905
0.9945958910918817
0.9916916765817781
### Sentence 126
0.9941358722391582
0.9819566380409968
0.9874114947659629
0.9883829468772525
0.9952894094444457
### Sentence 113
0.9640688854787085
0.9684568014409807
0.9712544126643075
0.9751686215400696
0.9683496514956157
### Sentence 65
0.9819262360417566
0.9641235612852629
0.9728802792554678
0.9861525477365006
0.98007580845855
### Sentence 48
0.9622433877417019
0.9706197792575473
0.987398522240775
0.9767305521028382
0.9842051012175423
### Sentence 306
0.9674793414771556
0.9759293057024478
0.9817460827529431
0.9832857087254524
0.9863117471337318
### Sentence 35
0.9787580021997777
0.969507615592126
0.969578580794538
0.9694577499133784
0.9698402040706176
### Sentence 164
0.9760407181013198
0.9616947245030176
0.9816151601927621
0.9848151774633498
0.978654872803461
### Sentence 221
0.9847995988700701
0.9827817017617433
0.9879756816055464
0.9696644905792631
0.9606799436328204
### Sentence 228
0.9892050887263099
0.9817938388780106
0.9911872938621876
0.9905564078064852
0.9940991817518722
### Sentence 424
0.6795824214015965
0.7378993350304881
0.7875955666509981
0.8391875611356454
0.7869445568769295
### Sentence 426
0.811416200659005
0.7832870421418192
0.7602278413680323
0.7816488481074885
0.7964830852771229
### Sentence 445
0.7441307216430675
0.7673820354154005
0.7775857897256228
0.7648142748375368
0.7827596416155918
### Sentence 86
0.976244526959601
0.9767657880272184
0.9849136571089426
0.9501839542229261
0.9782897393618312
### Sentence 211
0.9809807739978613
0.9808192045189613
0.9811793004357537
0.9802646332008894
0.9695098635762237
### Sentence 311
0.9945337801444821
0.976827027230728
0.9682320816124358
0.9822921113270086
0.9747120876137804
### Sentence 215
0.9820125879243363
0.9754967419214027
0.9708958261234816
0.9654462282047716
0.9699307000914286
### Sentence 90
0.97253146836924
0.9765937175861624
0.9507657126631848
0.9891449906105219
0.9915691406227821
### Sentence 441
0.6596145223487507
0.7483434135263617
0.6623076686479717
0.7282103713263165
0.7801188691095873
### Sentence 176
0.9855413365931738
0.9813930363882155
0.9829102144354865
0.9639716673465002
0.970188321412674
### Sentence 66
0.9555684915930912
0.9883701579515324
0.9878880118214807
0.9925367568814477
0.9934445176013681
### Sentence 124
0.9923569546189419
0.991500835086024
0.9899567809215811
0.9911214293435563
0.9935375244118446
### Sentence 184
0.9774480999969855
0.9820844531059265
0.9883969149938444
0.9624472016968378
0.9774272369175423
### Sentence 61
0.9757197052240372
0.9733992330729961
0.9771639538759535
0.9718291201960793
0.9634946376423944
### Sentence 360
0.9520868796855211
0.9597307601943612
0.9594695882871747
0.9671080384403468
0.9508154816925526
### Sentence 371
0.9855494868187678
0.9823510873885382
0.9842834004334041
0.9814520307949611
0.9908278059391749
### Sentence 414
0.8852553410189492
0.8993716601814542
0.8922932616301945
0.847535968891212
0.8980617012296405
### Sentence 275
0.9663045761131105
0.975139493388789
0.977695664479619
0.9678331155862127
0.972493239456699
### Sentence 357
0.9745187924967872
0.9563224626912011
0.9855330162578159
0.9591321479943063
0.9816598057746887
### Sentence 189
0.9911611611428468
0.9887105615242667
0.9731704838897871
0.9838754418103591
0.9877822502799656
### Sentence 261
0.9691836588084698
0.9764151304960251
0.9760204195976258
0.9787473186850548
0.9893933564424515
### Sentence 366
0.959477239008993
0.9731534605845809
0.9601942389272153
0.962715310510248
0.9734813027083874
### Sentence 234
0.9862946635339318
0.9850454766575883
0.9848534406685248
0.984266888804552
0.9606305306277624
### Sentence 285
0.9823041849515655
0.986841547218236
0.994270537387241
0.9927342330867593
0.9938973784446716
### Sentence 387
0.9900645196437836
0.9657592944102362
0.9819471642374993
0.9894027024507522
0.9782889053225517
### Sentence 37
0.971741137050447
0.9756551455883753
0.963379680400803
0.9665166713031275
0.9780295831816537
### Sentence 123
0.9599533259220745
0.9659045763394755
0.9790183046589727
0.9853108512318652
0.9878407651963441
### Sentence 82
0.9715596652693219
0.9650720649295383
0.9458879246479935
0.9739256435798274
0.9708582762214872
### Sentence 391
0.9743297702592352
0.9578552963212132
0.9647625162694528
0.969328575808069
0.9908580248770507
### Sentence 349
0.9703406780958176
0.984439454972744
0.9507604971528053
0.9821612894535064
0.964975257217884
### Sentence 423
0.7701741917130676
0.8109076803283793
0.7400044749180476
0.8511475101113319
0.8247986771166325
### Sentence 64
0.972042804075913
0.9739795347506349
0.9856832907958464
0.9684979112988169
0.9786259064620192
### Sentence 280
0.9758545444770292
0.9746664179997011
0.9909450018947775
0.9936166676607999
0.977851349521767
### Sentence 323
0.9652385186163037
0.9405105356560197
0.9554231729964877
0.9571174379698065
0.9673148740169614
### Sentence 136
0.9794639579274438
0.9590736266902902
0.9703278243541718
0.9589110860093073
0.9511952887881886
### Sentence 104
0.9799568936938331
0.983535708416076
0.9687554069927761
0.9735703965028127
0.9650036399917943
### Sentence 276
0.9810871737343925
0.9798974976653144
0.973419691835131
0.9913782122589293
0.9771237650087902
### Sentence 4
0.9118428167796904
0.9018834929072088
0.8725134040559491
0.8757586822875084
0.8941507570205196
### Sentence 410
0.9100422785306971
0.9084607197883694
0.857585915364325
0.9250556714832783
0.9121918445453048
### Sentence 185
0.9810034930706024
0.9719061294327611
0.9618894422183866
0.9848797113999076
0.9761759120485057
### Sentence 288
0.9748116305896214
0.9583873289326826
0.9458448957829249
0.9747602804785683
0.9484253493421766
### Sentence 383
0.9818494313293034
0.9610036787059572
0.970377669731776
0.9678560581472185
0.9809903237554762
### Sentence 51
0.9788868751214899
0.9604253791596579
0.9780253262623496
0.9795670133569966
0.9881249977194745
### Sentence 407
0.9120914044656924
0.8463836609527269
0.906634250595496
0.9210956493126494
0.9123593888112477
### Sentence 355
0.971616713893275
0.9711440462662384
0.9669749975897545
0.9545158049048379
0.9718151572918476
### Sentence 389
0.9931491348478529
0.9928579343689813
0.983882208665212
0.979792884323332
0.9766608887248569
### Sentence 328
0.9438535593623338
0.9725945536480394
0.9707081955532695
0.9143888029204899
0.970508488284987
### Sentence 398
0.981236477692922
0.9621916235912413
0.986848098891122
0.9909729858239492
0.9828166308857146
### Sentence 54
0.9615656259385023
0.9624977291307666
0.9664018272676251
0.9624859429948794
0.9577119580724023
### Sentence 301
0.9463700731595357
0.9604789431724283
0.981570671664344
0.9822429921891954
0.9878503746456571
### Sentence 246
0.966943015133269
0.9826646793720334
0.9823306507842485
0.986873235813407
0.9796716203523237
### Sentence 257
0.9688440540007183
0.9675676344805175
0.952101391784492
0.9668707351776815
0.9732038545466605
### Sentence 286
0.9647286251187325
0.9788332477211952
0.9625067800283432
0.9643822154030204
0.9745816193521023
### Sentence 375
0.9772646400061521
0.9694192163561556
0.9785069152712822
0.9936277324503119
0.9948755231770602
### Sentence 238
0.951025623379428
0.9506451253859268
0.9642313091084361
0.9634203312776208
0.9712878055870533
### Sentence 402
0.9475816488265991
0.9226371097777571
0.9227863297398601
0.9282141117645162
0.946424914257867
### Sentence 334
0.9804442132061179
0.9672759141434323
0.9785659780556505
0.9687884854660793
0.9856699786402963
### Sentence 277
0.9765683657593197
0.9819670796394349
0.973962461286121
0.9727753314707014
0.971531520701117
### Sentence 322
0.9828678572719748
0.9899921390143308
0.9846828945658423
0.9833245169032704
0.9877970692786303
### Sentence 128
0.9715193995209628
0.9607904754405798
0.9821146130561829
0.9658516220921693
0.9618655550618505
### Sentence 200
0.9238592301009466
0.9665034095878187
0.9575646514801875
0.9686723079370416
0.9380939773526853
### Sentence 430
0.6632897634036243
0.6086595500857164
0.5794409637463759
0.6319729893005458
0.6075187860411672
### Sentence 36
0.9922324238821517
0.9834759678951529
0.9770529256310574
0.9903451148853746
0.9894507665966832
### Sentence 326
0.9652101314965297
0.9511038181795315
0.9268865458963608
0.976331353187561
0.9589833383533087
### Sentence 263
0.9769536051012221
0.9669282471849805
0.9801569318487531
0.9773026548680805
0.9836656351884207
### Sentence 181
0.9557665375949338
0.9794814302477726
0.9634471031468969
0.9675102575227271
0.9621319115854973
### Sentence 264
0.964311558753252
0.9819076851010322
0.9781210035085678
0.99298827201128
0.9755314454436302
### Sentence 350
0.9464887185551395
0.9663383069617505
0.975108035586097
0.9874333210966804
0.9896925498138774
### Sentence 204
0.9707722200647645
0.9602243608754614
0.9640109241008759
0.9722911028353416
0.940568006556967
### Sentence 27
0.9659296941189539
0.9750129268282935
0.9867258100282579
0.9687149068784147
0.9836198162464869
### Sentence 205
0.9701872608275153
0.9776280429214239
0.9716801833361387
0.9754291467368603
0.9714349653571844
### Sentence 62
0.9496757879831075
0.9596556678048468
0.9861077098619371
0.9824038644631704
0.9872666881197975
### Sentence 120
0.9943339215384589
0.9906070139673021
0.9847005473242866
0.9937428262498643
0.9894008239110311
### Sentence 227
0.9791360259056091
0.9548658289015293
0.9579995505220722
0.9700515776872635
0.9656002998352051
### Sentence 235
0.9876951534639705
0.9807521294463765
0.9837808683514595
0.9928261204199358
0.9920638433911584
### Sentence 179
0.9785416509423938
0.9934231426034655
0.9725476962824663
0.9663328535500026
0.9752932566972006
### Sentence 416
0.8157678943825886
0.8475133913258711
0.859497090180715
0.8830985501408577
0.9074766586224238
### Sentence 20
0.9337917417287827
0.9331771493889391
0.9240670520812273
0.9259788691997528
0.9262479236840591
### Sentence 444
0.7580187289665142
0.8388970748831829
0.7650715495304515
0.7411945057101548
0.8198101570208868
### Sentence 256
0.969162360576558
0.9757883023648035
0.9758032815796989
0.9645987041294575
0.9647456918000465
### Sentence 393
0.9741594486458357
0.9925631076790565
0.9802908938984538
0.9593058796816094
0.9817416861999867
### Sentence 140
0.9918040080768306
0.9928135973651234
0.9920500764032689
0.9936344521801647
0.9778225138420011
### Sentence 403
0.9577246966033146
0.9557886719703674
0.9127243757247925
0.9177351285671366
0.9304146406979397
### Sentence 102
0.9445694525574528
0.972714536325183
0.9804744297681853
0.9729599266551262
0.9776754989180454
### Sentence 157
0.9618797898292542
0.9836924402486711
0.9811368925230843
0.9836681612900325
0.9810880720615387
### Sentence 237
0.971265135462894
0.9729467843507611
0.9683197407528411
0.9716845560212468
0.9586831064418305
### Sentence 231
0.9840759088595709
0.9726399878660837
0.9860629098755973
0.9884341756502787
0.9724082946777344
### Sentence 216
0.9774757755357165
0.9743136216041653
0.9800839243933211
0.9733970497929773
0.9752898444963056
### Sentence 158
0.9864413488742917
0.9781893353129543
0.9852354734442955
0.984477952469227
0.9689719340828962
### Sentence 436
0.6263220770590123
0.5986835369001483
0.6070584110653726
0.617679562541889
0.6751089510518795
### Sentence 160
0.9771538582586107
0.9727604002470062
0.9651969373226166
0.9700499276320139
0.9672577209948074
### Sentence 106
0.9823467067696832
0.9796523519537665
0.9713717543266036
0.9755401001735167
0.9718168547207658
### Sentence 394
0.9930750325322151
0.9889618784189225
0.9859675705432892
0.9786078616976738
0.975076325982809
### Sentence 397
0.9794864803552628
0.9853959858417511
0.9783391132950783
0.9771809495985508
0.9829885214567184
### Sentence 80
0.974045580625534
0.9868641287088394
0.9936839804053307
0.9898561894893646
0.9695060983300209
### Sentence 34
0.985650604679471
0.9571397309856755
0.9736153192463375
0.9862069019249508
0.93688172288239
### Sentence 303
0.9769147011968825
0.9640967151822729
0.9609206100304921
0.9582568275431792
0.9833466781510247
### Sentence 6
0.9045845962044867
0.8947527119381862
0.8928148543970151
0.8967758362943475
0.9002777427535462
### Sentence 325
0.9709762536116283
0.9794363447211005
0.9723708229986104
0.9410663028670982
0.9539736243472858
### Sentence 130
0.9546658033505082
0.9492691652849317
0.955616002343595
0.9436741257086396
0.9648732602596283
### Sentence 396
0.9857936173677444
0.9946985393762589
0.9932928696274758
0.9628896093810908
0.98803730905056
### Sentence 365
0.9815307869797661
0.9655439338336388
0.9781451189801806
0.9757225108998162
0.9742461840311686
### Sentence 24
0.472422138529326
0.542881794638105
0.49632609170333003
0.5004341090068164
0.5275777471967941
### Sentence 272
0.9799464472702571
0.9701023843316805
0.9864674011866251
0.9901290876524789
0.9890687650158292
### Sentence 415
0.8256268212810541
0.7773559395319376
0.735121840246183
0.7053503634211106
0.7557826448375216
### Sentence 319
0.9707822988672954
0.9524407279564113
0.9671543487091451
0.9765764503944211
0.9751769893053102
### Sentence 258
0.9725799812447458
0.9740774198656991
0.9736306188361985
0.9679513687179202
0.9722160810515994
### Sentence 30
0.954014972650579
0.9692992050023306
0.9452057872854528
0.9676460205089479
0.9489876867502018
### Sentence 96
0.9896339909596876
0.9664791883392767
0.9811557897112586
0.9762093255465681
0.9901229156689211
### Sentence 70
0.9781251782956331
0.9783057337221892
0.9669544058649436
0.9676072940878246
0.9634085274908853
### Sentence 265
0.9688775359280976
0.9688526242233176
0.9712236523514659
0.9694164375342974
0.9575348960735449
### Sentence 236
0.9712249019013887
0.9718880992044102
0.974000471771102
0.9757715321399949
0.9705394412475553
### Sentence 148
0.9810587891510555
0.9742886282148815
0.9874777779692695
0.9659084769941512
0.9743086220253081
### Sentence 244
0.9613445708528161
0.9599922887980938
0.9514810803346336
0.9763927616178989
0.9409554381505586
### Sentence 422
0.6834634494492396
0.8613205229242643
0.7651089865976246
0.8297972741226355
0.8225211047635336
### Sentence 337
0.9667633201407139
0.9740647139937378
0.9476308288095996
0.9597517466822336
0.964060380621705
### Sentence 105
0.9945623606443406
0.9898669570684433
0.9937910825014115
0.9917164847254754
0.9942581906914711
### Sentence 174
0.9648486010052941
0.9688680029728196
0.9746894057501446
0.9691156578165564
0.9641743718477135
### Sentence 26
0.5654921255265454
0.5818413196096471
0.6016982428404388
0.5931121064200897
0.5662540046098827
### Sentence 143
0.9680988653139635
0.9870233061638746
0.9892042875289917
0.9896548837423325
0.988216442140666
### Sentence 367
0.9807861419611199
0.9609504342079163
0.9869022133738495
0.9870847629946332
0.9793666407119396
### Sentence 92
0.9616138578915014
0.9838828691622106
0.9889220333680874
0.9684814378454509
0.9131548012175211
### Sentence 363
0.9897599071264267
0.9884370759129524
0.9812155105173588
0.980145675688982
0.9771727539598942
### Sentence 413
0.8971206290381295
0.9072935283184052
0.9268823989800045
0.9147368797234127
0.9058819455759866
### Sentence 320
0.9866741824717749
0.9901570550033024
0.9921839648769015
0.9887793049925849
0.9883836706479391
### Sentence 242
0.9584190131061607
0.9559199963178899
0.9620686034982403
0.9439497445192602
0.9561443962156773
### Sentence 243
0.9843942999839783
0.9748282949129741
0.9858913077248468
0.9857917030652364
0.9841202126608954
### Sentence 59
0.956292137503624
0.9631686373190447
0.9513046490809013
0.9605985734273087
0.9601027071475983
### Sentence 298
0.9825978441082913
0.9754039995048357
0.9752558281888133
0.9669492294930894
0.9539569242169028
### Sentence 239
0.985774657943032
0.9890021153471686
0.9847264086658304
0.9756178449500691
0.99391224573959
### Sentence 84
0.9821288117340633
0.9839438881192889
0.9719834631042821
0.9844935266744523
0.9838903645674387
### Sentence 351
0.9739790461633516
0.9722007681494174
0.9765123763810033
0.9760152218134507
0.9622901483722355
### Sentence 352
0.9749919952348222
0.9933681890021923
0.990913120813148
0.9616579936687336
0.9803402091181556
### Sentence 132
0.9612813435844145
0.9869703128933907
0.9823606118559838
0.9736201331019402
0.9868542477488518
### Sentence 193
0.9450141343959543
0.9627720847032791
0.9718699503776639
0.9686958138332811
0.9746284914571185
### Sentence 138
0.9631996945759584
0.9713186500377433
0.971691599072412
0.976171693829603
0.9732209773257722
### Sentence 364
0.9782412356800503
0.9706372598807017
0.9603613017333879
0.9635060469309489
0.967544592751397
### Sentence 198
0.9890242431844983
0.9817227948279608
0.968117182808263
0.9894327166534606
0.9863790883904412
### Sentence 385
0.9605330872866843
0.988832539982266
0.965934486894144
0.9715580367793639
0.9950701157251994
### Sentence 1
0.7201753088406154
0.7384234674807105
0.6117090074611562
0.6863378170611603
0.6574191641993821
### Sentence 400
0.8075984053313732
0.9655461033185323
0.9536054849624633
0.9618228991826375
0.9453047345081965
### Sentence 296
0.9638862091298506
0.960118523426354
0.9656095997605008
0.9616853035520763
0.96368468105793
### Sentence 9
0.681152720932036
0.7331353187151818
0.6261106882752343
0.6596098086147597
0.7285950079517947
### Sentence 152
0.9773515596985817
0.9902269333600998
0.9734590262174606
0.9790611654520035
0.9928420379757881
### Sentence 170
0.9514424072112888
0.9498948660541426
0.942377817578787
0.9582462688511356
0.9632875988649767
### Sentence 134
0.9893421871321542
0.9772454117025647
0.9966274556659517
0.9963621894518534
0.9913967918782007
### Sentence 56
0.9927080601453782
0.9947117999196052
0.9920886144042015
0.969436198566109
0.9815347567200661
### Sentence 81
0.9739740463820371
0.9750388711690903
0.9869317209178751
0.9750921834598888
0.9806172834201292
### Sentence 156
0.9541266344720498
0.9527084605768323
0.9644416047260165
0.9711902744136751
0.9562194909900427
### Sentence 230
0.9574029334303406
0.9569759217401346
0.9611298653814527
0.9690766380892859
0.9594930461711354
### Sentence 395
0.9619838070610295
0.9817626061646835
0.9847935865754667
0.9759669640789861
0.9750241196673849
### Sentence 18
0.9117032249768575
0.9410106400648753
0.9693154056866964
0.9470644573370616
0.9262943519900243
### Sentence 52
0.9661833830732143
0.9830533571186519
0.9744942482738268
0.969994363685449
0.9643086367619357
### Sentence 213
0.9726115449435181
0.9614077663669983
0.9834574090109931
0.9640211459663179
0.9742155570122931
### Sentence 33
0.9620260127953121
0.9857173888456254
0.975221030768894
0.9802449899060386
0.992150000163487
### Sentence 224
0.9725707342481443
0.9674939652255108
0.9847803905952809
0.9887177251106085
0.983850642692211
### Sentence 72
0.9646445646336893
0.9359741285982791
0.9575904029302253
0.9537934535580528
0.9568235218498669
### Sentence 47
0.9933101903824579
0.9857370739891416
0.9775841363838741
0.9684772604987735
0.985223514693124
### Sentence 122
0.9758484519340775
0.9905961088158868
0.9915035380558535
0.9948905408382416
0.9777525593949989
### Sentence 5
0.8664729223801539
0.8902788937091828
0.8960305303084449
0.9035147091517082
0.9069823194008607
### Sentence 401
0.9490707844495774
0.9699341595172882
0.9677130421002705
0.9366485162133661
0.9084872131546339
### Sentence 222
0.9711447377999624
0.9711720989810095
0.9818188826243083
0.9653933399253422
0.9881799366739061
### Sentence 182
0.959155771950117
0.9576170926115343
0.9528008415585473
0.9529881011251182
0.9444098542910415
### Sentence 381
0.9573800216118494
0.967572266324645
0.9517223660465485
0.9676784732187765
0.9732780181581066
### Sentence 269
0.9768913644690846
0.9746951848961586
0.9864484570747198
0.978816668654597
0.9802068374877753
### Sentence 297
0.9792879542166536
0.9945596944202076
0.9689909741282463
0.9848421351476149
0.9858255792747844
### Sentence 121
0.9945633629473244
0.9831521133097206
0.9769907339317042
0.9839188907204605
0.9938621332005757
### Sentence 94
0.9735873972260675
0.9739040399706641
0.9640896926785625
0.97760473226392
0.970055604743403
### Sentence 166
0.9846753832839784
0.9896360252584729
0.9870693598474775
0.9871188203493754
0.9736593947524116
### Sentence 332
0.9712638135022689
0.9597957555840655
0.9433138544966535
0.96339385181938
0.9711723766494088
### Sentence 321
0.9898450944158766
0.987836496035258
0.9795487774742975
0.976247141096327
0.9925091690487332
### Sentence 38
0.9750335320182468
0.9726360142230988
0.976392242571582
0.9640256432087525
0.9728969620621722
### Sentence 262
0.9651955975727602
0.9741987233812158
0.9705980135635897
0.969663948497989
0.9702902658080513
