0.020202020202020204
0.06060606060606061
0.020202020202020204
0.020202020202020204
0.020202020202020204
0.020618556701030927
0.020618556701030927
0.020618556701030927
0.041237113402061855
0.020618556701030927
0.004219409282700422
0.004219409282700422
0.004219409282700422
0.008438818565400843
0.004219409282700422
0.0031847133757961785
0.009554140127388535
0.0031847133757961785
0.0031847133757961785
0.0031847133757961785
0.0022675736961451248
0.0022675736961451248
0.0022675736961451248
0.0022675736961451248
0.0045351473922902496
0.004149377593360996
0.004149377593360996
0.004149377593360996
0.004149377593360996
0.004149377593360996
0.011523687580025609
0.008962868117797696
0.008962868117797696
0.008962868117797696
0.008962868117797696
0.0022935779816513763
0.0045871559633027525
0.0022935779816513763
0.0045871559633027525
0.0045871559633027525
0.003125
0.003125
0.003125
0.003125
0.003125
0.05263157894736842
0.04736842105263158
0.031578947368421054
0.03684210526315789
0.05789473684210526
0.04790419161676647
0.04790419161676647
0.04790419161676647
0.04790419161676647
0.04790419161676647
0.03977272727272727
0.03409090909090909
0.03409090909090909
0.03409090909090909
0.03409090909090909
0.034482758620689655
0.034482758620689655
0.034482758620689655
0.034482758620689655
0.034482758620689655
0.04216867469879518
0.03614457831325301
0.03614457831325301
0.04216867469879518
0.03614457831325301
0.04819277108433735
0.04819277108433735
0.04819277108433735
0.04819277108433735
0.04819277108433735
0.04790419161676647
0.04790419161676647
0.04790419161676647
0.04790419161676647
0.04790419161676647
0.04790419161676647
0.04790419161676647
0.04790419161676647
0.04790419161676647
0.04790419161676647
0.047058823529411764
0.047058823529411764
0.047058823529411764
0.047058823529411764
0.047058823529411764
0.05232558139534884
0.046511627906976744
0.046511627906976744
0.046511627906976744
0.046511627906976744
0.047337278106508875
0.047337278106508875
0.047337278106508875
0.047337278106508875
0.047337278106508875
0.04395604395604396
0.04395604395604396
0.04395604395604396
0.04395604395604396
0.04395604395604396
0.037267080745341616
0.037267080745341616
0.037267080745341616
0.037267080745341616
0.037267080745341616
0.046511627906976744
0.046511627906976744
0.046511627906976744
0.046511627906976744
0.046511627906976744
0.03529411764705882
0.09411764705882353
0.03529411764705882
0.1
0.03529411764705882
0.15365853658536585
0.11951219512195121
0.11219512195121951
0.12439024390243902
0.046341463414634146
0.06811145510835913
0.11455108359133127
0.04953560371517028
0.058823529411764705
0.043343653250773995
0.05448717948717949
0.08012820512820513
0.07051282051282051
0.041666666666666664
0.05448717948717949
0.028112449799196786
0.028112449799196786
0.028112449799196786
0.028112449799196786
0.028112449799196786
0.024734982332155476
0.024734982332155476
0.024734982332155476
0.024734982332155476
0.024734982332155476
0.026615969581749048
0.026615969581749048
0.026615969581749048
0.026615969581749048
0.026615969581749048
0.026415094339622643
0.026415094339622643
0.026415094339622643
0.026415094339622643
0.026415094339622643
0.027450980392156862
0.027450980392156862
0.027450980392156862
0.027450980392156862
0.027450980392156862
0.027131782945736434
0.027131782945736434
0.027131782945736434
0.027131782945736434
0.027131782945736434
0.03571428571428571
0.03571428571428571
0.03571428571428571
0.03571428571428571
0.03571428571428571
0.03501945525291829
0.03501945525291829
0.03501945525291829
0.03501945525291829
0.03501945525291829
0.03501945525291829
0.03501945525291829
0.03501945525291829
0.03501945525291829
0.03501945525291829
0.027237354085603113
0.027237354085603113
0.027237354085603113
0.027237354085603113
0.027237354085603113
0.03488372093023256
0.03488372093023256
0.03488372093023256
0.03488372093023256
0.03488372093023256
0.024390243902439025
0.024390243902439025
0.024390243902439025
0.024390243902439025
0.024390243902439025
0.027559055118110236
0.027559055118110236
0.027559055118110236
0.027559055118110236
0.027559055118110236
0.03409090909090909
0.03409090909090909
0.03409090909090909
0.03409090909090909
0.03409090909090909
0.029535864978902954
0.029535864978902954
0.029535864978902954
0.029535864978902954
0.029535864978902954
0.025089605734767026
0.025089605734767026
0.025089605734767026
0.025089605734767026
0.025089605734767026
0.033962264150943396
0.033962264150943396
0.033962264150943396
0.033962264150943396
0.033962264150943396
0.032846715328467155
0.032846715328467155
0.032846715328467155
0.032846715328467155
0.032846715328467155
0.025735294117647058
0.025735294117647058
0.025735294117647058
0.025735294117647058
0.025735294117647058
0.029045643153526972
0.029045643153526972
0.029045643153526972
0.029045643153526972
0.029045643153526972
0.036290322580645164
0.036290322580645164
0.036290322580645164
0.036290322580645164
0.036290322580645164
0.027131782945736434
0.027131782945736434
0.027131782945736434
0.027131782945736434
0.027131782945736434
0.027237354085603113
0.027237354085603113
0.027237354085603113
0.027237354085603113
0.027237354085603113
0.02880658436213992
0.02880658436213992
0.02880658436213992
0.02880658436213992
0.02880658436213992
0.03146853146853147
0.03146853146853147
0.03146853146853147
0.03146853146853147
0.03146853146853147
0.026923076923076925
0.026923076923076925
0.026923076923076925
0.026923076923076925
0.026923076923076925
0.02631578947368421
0.02631578947368421
0.02631578947368421
0.02631578947368421
0.02631578947368421
0.025735294117647058
0.025735294117647058
0.025735294117647058
0.025735294117647058
0.025735294117647058
0.02527075812274368
0.02527075812274368
0.02527075812274368
0.02527075812274368
0.02527075812274368
0.028688524590163935
0.028688524590163935
0.028688524590163935
0.028688524590163935
0.028688524590163935
0.03272727272727273
0.03272727272727273
0.03272727272727273
0.03272727272727273
0.03272727272727273
0.03515625
0.03515625
0.03515625
0.03515625
0.03515625
0.025179856115107913
0.025179856115107913
0.025179856115107913
0.025179856115107913
0.025179856115107913
0.03345724907063197
0.03345724907063197
0.03345724907063197
0.03345724907063197
0.03345724907063197
0.026119402985074626
0.026119402985074626
0.026119402985074626
0.026119402985074626
0.026119402985074626
0.05078125
0.03515625
0.03515625
0.03515625
0.03515625
0.02631578947368421
0.02631578947368421
0.02631578947368421
0.02631578947368421
0.02631578947368421
0.025735294117647058
0.025735294117647058
0.025735294117647058
0.025735294117647058
0.025735294117647058
0.03308823529411765
0.03308823529411765
0.03308823529411765
0.03308823529411765
0.03308823529411765
0.034482758620689655
0.02681992337164751
0.02681992337164751
0.02681992337164751
0.02681992337164751
0.03643724696356275
0.03643724696356275
0.03643724696356275
0.03643724696356275
0.03643724696356275
0.028455284552845527
0.028455284552845527
0.028455284552845527
0.028455284552845527
0.028455284552845527
0.03345724907063197
0.03345724907063197
0.03345724907063197
0.03345724907063197
0.03345724907063197
0.024475524475524476
0.024475524475524476
0.024475524475524476
0.024475524475524476
0.024475524475524476
0.027450980392156862
0.027450980392156862
0.027450980392156862
0.027450980392156862
0.027450980392156862
0.027450980392156862
0.027450980392156862
0.027450980392156862
0.027450980392156862
0.027450980392156862
0.02564102564102564
0.02564102564102564
0.02564102564102564
0.02564102564102564
0.02564102564102564
0.02702702702702703
0.02702702702702703
0.02702702702702703
0.02702702702702703
0.02702702702702703
0.03272727272727273
0.03272727272727273
0.03272727272727273
0.03272727272727273
0.03272727272727273
0.026022304832713755
0.026022304832713755
0.026022304832713755
0.026022304832713755
0.026022304832713755
0.026022304832713755
0.026022304832713755
0.026022304832713755
0.026022304832713755
0.026022304832713755
0.028925619834710745
0.028925619834710745
0.028925619834710745
0.028925619834710745
0.028925619834710745
0.02973977695167286
0.026022304832713755
0.026022304832713755
0.026022304832713755
0.026022304832713755
0.02857142857142857
0.02857142857142857
0.02857142857142857
0.02857142857142857
0.02857142857142857
0.03333333333333333
0.03333333333333333
0.03333333333333333
0.03333333333333333
0.03333333333333333
0.025089605734767026
0.025089605734767026
0.025089605734767026
0.025089605734767026
0.025089605734767026
0.03734439834024896
0.03734439834024896
0.03734439834024896
0.03734439834024896
0.03734439834024896
0.027450980392156862
0.027450980392156862
0.027450980392156862
0.027450980392156862
0.027450980392156862
0.02834008097165992
0.02834008097165992
0.02834008097165992
0.02834008097165992
0.02834008097165992
0.027237354085603113
0.027237354085603113
0.027237354085603113
0.038910505836575876
0.027237354085603113
0.03643724696356275
0.03643724696356275
0.03643724696356275
0.03643724696356275
0.03643724696356275
0.025830258302583026
0.025830258302583026
0.025830258302583026
0.025830258302583026
0.033210332103321034
0.03643724696356275
0.03643724696356275
0.03643724696356275
0.03643724696356275
0.03643724696356275
0.03501945525291829
0.03501945525291829
0.03501945525291829
0.03501945525291829
0.03501945525291829
0.03214285714285714
0.03214285714285714
0.03214285714285714
0.03214285714285714
0.03214285714285714
0.028225806451612902
0.028225806451612902
0.028225806451612902
0.028225806451612902
0.03225806451612903
0.027559055118110236
0.027559055118110236
0.027559055118110236
0.027559055118110236
0.027559055118110236
0.025925925925925925
0.025925925925925925
0.025925925925925925
0.025925925925925925
0.025925925925925925
0.03543307086614173
0.03543307086614173
0.03543307086614173
0.03543307086614173
0.03543307086614173
0.026022304832713755
0.026022304832713755
0.026022304832713755
0.026022304832713755
0.026022304832713755
0.027777777777777776
0.027777777777777776
0.027777777777777776
0.027777777777777776
0.027777777777777776
0.032490974729241874
0.032490974729241874
0.032490974729241874
0.032490974729241874
0.032490974729241874
0.03260869565217391
0.03260869565217391
0.03260869565217391
0.03260869565217391
0.03260869565217391
0.035856573705179286
0.035856573705179286
0.035856573705179286
0.035856573705179286
0.035856573705179286
0.03333333333333333
0.03333333333333333
0.03333333333333333
0.03333333333333333
0.03333333333333333
0.026415094339622643
0.026415094339622643
0.026415094339622643
0.026415094339622643
0.026415094339622643
0.02702702702702703
0.02702702702702703
0.02702702702702703
0.02702702702702703
0.02702702702702703
0.03488372093023256
0.03488372093023256
0.03488372093023256
0.03488372093023256
0.03488372093023256
0.029045643153526972
0.029045643153526972
0.029045643153526972
0.029045643153526972
0.029045643153526972
0.025735294117647058
0.025735294117647058
0.025735294117647058
0.025735294117647058
0.025735294117647058
0.02564102564102564
0.02564102564102564
0.02564102564102564
0.02564102564102564
0.02564102564102564
0.03571428571428571
0.03571428571428571
0.03571428571428571
0.03571428571428571
0.03571428571428571
0.028225806451612902
0.028225806451612902
0.028225806451612902
0.028225806451612902
0.028225806451612902
0.026217228464419477
0.026217228464419477
0.026217228464419477
0.026217228464419477
0.026217228464419477
0.03515625
0.03515625
0.03515625
0.03515625
0.03515625
0.03333333333333333
0.03333333333333333
0.03333333333333333
0.03333333333333333
0.03333333333333333
0.025454545454545455
0.025454545454545455
0.025454545454545455
0.025454545454545455
0.025454545454545455
0.02880658436213992
0.02880658436213992
0.02880658436213992
0.02880658436213992
0.02880658436213992
0.027131782945736434
0.027131782945736434
0.027131782945736434
0.027131782945736434
0.027131782945736434
0.027237354085603113
0.027237354085603113
0.027237354085603113
0.027237354085603113
0.027237354085603113
0.036290322580645164
0.036290322580645164
0.036290322580645164
0.036290322580645164
0.036290322580645164
0.03383458646616541
0.03383458646616541
0.03383458646616541
0.03383458646616541
0.03383458646616541
0.036585365853658534
0.036585365853658534
0.036585365853658534
0.036585365853658534
0.036585365853658534
0.032846715328467155
0.032846715328467155
0.032846715328467155
0.032846715328467155
0.032846715328467155
0.03557312252964427
0.03557312252964427
0.03557312252964427
0.03557312252964427
0.03557312252964427
0.025925925925925925
0.025925925925925925
0.025925925925925925
0.025925925925925925
0.025925925925925925
0.030716723549488054
0.030716723549488054
0.030716723549488054
0.030716723549488054
0.030716723549488054
0.03383458646616541
0.03383458646616541
0.03383458646616541
0.03383458646616541
0.03383458646616541
0.024822695035460994
0.024822695035460994
0.024822695035460994
0.024822695035460994
0.024822695035460994
0.03614457831325301
0.03614457831325301
0.03614457831325301
0.03614457831325301
0.03614457831325301
0.036885245901639344
0.036885245901639344
0.036885245901639344
0.036885245901639344
0.036885245901639344
0.025547445255474453
0.025547445255474453
0.025547445255474453
0.025547445255474453
0.025547445255474453
0.025830258302583026
0.025830258302583026
0.025830258302583026
0.025830258302583026
0.025830258302583026
0.036585365853658534
0.036585365853658534
0.036585365853658534
0.036585365853658534
0.036585365853658534
0.03409090909090909
0.03409090909090909
0.03409090909090909
0.03409090909090909
0.03409090909090909
0.029166666666666667
0.029166666666666667
0.029166666666666667
0.029166666666666667
0.029166666666666667
0.02834008097165992
0.02834008097165992
0.02834008097165992
0.02834008097165992
0.02834008097165992
0.028455284552845527
0.028455284552845527
0.028455284552845527
0.028455284552845527
0.028455284552845527
0.02766798418972332
0.03162055335968379
0.02766798418972332
0.02766798418972332
0.02766798418972332
0.033707865168539325
0.033707865168539325
0.033707865168539325
0.033707865168539325
0.033707865168539325
0.027450980392156862
0.027450980392156862
0.027450980392156862
0.027450980392156862
0.027450980392156862
0.026515151515151516
0.026515151515151516
0.026515151515151516
0.026515151515151516
0.026515151515151516
0.02880658436213992
0.02880658436213992
0.02880658436213992
0.02880658436213992
0.02880658436213992
0.036734693877551024
0.036734693877551024
0.036734693877551024
0.036734693877551024
0.036734693877551024
0.026615969581749048
0.026615969581749048
0.026615969581749048
0.026615969581749048
0.026615969581749048
0.03461538461538462
0.03461538461538462
0.03461538461538462
0.03461538461538462
0.03461538461538462
0.03435114503816794
0.03435114503816794
0.03435114503816794
0.03435114503816794
0.03435114503816794
0.03260869565217391
0.03985507246376811
0.03260869565217391
0.03260869565217391
0.03260869565217391
0.026415094339622643
0.026415094339622643
0.026415094339622643
0.026415094339622643
0.026415094339622643
0.029535864978902954
0.029535864978902954
0.029535864978902954
0.029535864978902954
0.029535864978902954
0.02702702702702703
0.02702702702702703
0.02702702702702703
0.02702702702702703
0.02702702702702703
0.03543307086614173
0.03543307086614173
0.03543307086614173
0.03543307086614173
0.03543307086614173
0.029045643153526972
0.029045643153526972
0.029045643153526972
0.029045643153526972
0.029045643153526972
0.03214285714285714
0.03214285714285714
0.03214285714285714
0.03214285714285714
0.03214285714285714
0.03488372093023256
0.03488372093023256
0.03488372093023256
0.03488372093023256
0.03488372093023256
0.029411764705882353
0.029411764705882353
0.029411764705882353
0.029411764705882353
0.029411764705882353
0.02631578947368421
0.03007518796992481
0.02631578947368421
0.02631578947368421
0.02631578947368421
0.03543307086614173
0.03543307086614173
0.03543307086614173
0.03543307086614173
0.03543307086614173
0.03643724696356275
0.03643724696356275
0.03643724696356275
0.03643724696356275
0.03643724696356275
0.0371900826446281
0.0371900826446281
0.0371900826446281
0.0371900826446281
0.0371900826446281
0.028225806451612902
0.028225806451612902
0.028225806451612902
0.028225806451612902
0.028225806451612902
0.03333333333333333
0.03333333333333333
0.03333333333333333
0.03333333333333333
0.03333333333333333
0.03488372093023256
0.03488372093023256
0.03488372093023256
0.03488372093023256
0.03488372093023256
0.036734693877551024
0.036734693877551024
0.036734693877551024
0.036734693877551024
0.036734693877551024
0.03435114503816794
0.03435114503816794
0.03435114503816794
0.03435114503816794
0.03435114503816794
0.029166666666666667
0.029166666666666667
0.029166666666666667
0.029166666666666667
0.029166666666666667
0.025735294117647058
0.025735294117647058
0.025735294117647058
0.025735294117647058
0.025735294117647058
0.03435114503816794
0.03435114503816794
0.03435114503816794
0.03435114503816794
0.03435114503816794
0.028455284552845527
0.028455284552845527
0.028455284552845527
0.028455284552845527
0.028455284552845527
0.03488372093023256
0.03488372093023256
0.03488372093023256
0.03488372093023256
0.03488372093023256
0.03488372093023256
0.03488372093023256
0.03488372093023256
0.03488372093023256
0.03488372093023256
0.026022304832713755
0.026022304832713755
0.026022304832713755
0.026022304832713755
0.026022304832713755
0.028688524590163935
0.028688524590163935
0.028688524590163935
0.028688524590163935
0.028688524590163935
0.03409090909090909
0.03409090909090909
0.03409090909090909
0.03409090909090909
0.03409090909090909
0.028925619834710745
0.028925619834710745
0.028925619834710745
0.028925619834710745
0.028925619834710745
0.033707865168539325
0.033707865168539325
0.033707865168539325
0.033707865168539325
0.033707865168539325
0.03237410071942446
0.03237410071942446
0.03237410071942446
0.03237410071942446
0.03237410071942446
0.026119402985074626
0.026119402985074626
0.026119402985074626
0.026119402985074626
0.026119402985074626
0.03272727272727273
0.03272727272727273
0.03272727272727273
0.03272727272727273
0.03272727272727273
0.027559055118110236
0.027559055118110236
0.027559055118110236
0.027559055118110236
0.027559055118110236
0.031141868512110725
0.031141868512110725
0.031141868512110725
0.031141868512110725
0.031141868512110725
0.03272727272727273
0.03272727272727273
0.03272727272727273
0.03272727272727273
0.03272727272727273
0.028688524590163935
0.028688524590163935
0.028688524590163935
0.028688524590163935
0.028688524590163935
0.037037037037037035
0.037037037037037035
0.037037037037037035
0.037037037037037035
0.037037037037037035
0.025925925925925925
0.025925925925925925
0.025925925925925925
0.025925925925925925
0.025925925925925925
0.03571428571428571
0.03571428571428571
0.03571428571428571
0.03571428571428571
0.03571428571428571
0.03474903474903475
0.03474903474903475
0.03474903474903475
0.03474903474903475
0.03474903474903475
0.03571428571428571
0.03571428571428571
0.03571428571428571
0.03571428571428571
0.03571428571428571
0.024054982817869417
0.024054982817869417
0.024054982817869417
0.024054982817869417
0.024054982817869417
0.036
0.036
0.036
0.036
0.036
0.036585365853658534
0.036585365853658534
0.036585365853658534
0.036585365853658534
0.036585365853658534
0.036885245901639344
0.036885245901639344
0.036885245901639344
0.036885245901639344
0.036885245901639344
0.024390243902439025
0.024390243902439025
0.024390243902439025
0.024390243902439025
0.024390243902439025
0.027450980392156862
0.027450980392156862
0.03137254901960784
0.027450980392156862
0.027450980392156862
0.024390243902439025
0.024390243902439025
0.024390243902439025
0.024390243902439025
0.0313588850174216
0.03296703296703297
0.03296703296703297
0.03296703296703297
0.03296703296703297
0.03296703296703297
0.03515625
0.03515625
0.03515625
0.03515625
0.03515625
0.03488372093023256
0.03488372093023256
0.03488372093023256
0.03488372093023256
0.03488372093023256
0.03529411764705882
0.03529411764705882
0.03529411764705882
0.03529411764705882
0.03529411764705882
0.03643724696356275
0.03643724696356275
0.03643724696356275
0.03643724696356275
0.03643724696356275
0.031578947368421054
0.031578947368421054
0.031578947368421054
0.031578947368421054
0.031578947368421054
0.03435114503816794
0.03435114503816794
0.03435114503816794
0.03435114503816794
0.03435114503816794
0.03571428571428571
0.03571428571428571
0.03571428571428571
0.03571428571428571
0.03571428571428571
0.024475524475524476
0.024475524475524476
0.024475524475524476
0.024475524475524476
0.024475524475524476
0.03515625
0.03515625
0.03515625
0.03515625
0.03515625
0.03409090909090909
0.03409090909090909
0.03409090909090909
0.03409090909090909
0.03409090909090909
0.034482758620689655
0.034482758620689655
0.034482758620689655
0.05363984674329502
0.034482758620689655
0.03125
0.03125
0.03125
0.03125
0.03125
0.036
0.036
0.036
0.036
0.036
0.028225806451612902
0.028225806451612902
0.028225806451612902
0.028225806451612902
0.028225806451612902
0.03488372093023256
0.03488372093023256
0.03488372093023256
0.03488372093023256
0.03488372093023256
0.036
0.036
0.036
0.036
0.036
0.025735294117647058
0.025735294117647058
0.025735294117647058
0.025735294117647058
0.025735294117647058
0.03765690376569038
0.03765690376569038
0.03765690376569038
0.03765690376569038
0.03765690376569038
0.02734375
0.02734375
0.02734375
0.02734375
0.02734375
0.033707865168539325
0.033707865168539325
0.033707865168539325
0.033707865168539325
0.033707865168539325
0.032846715328467155
0.040145985401459854
0.032846715328467155
0.032846715328467155
0.032846715328467155
0.03146853146853147
0.03146853146853147
0.03146853146853147
0.03146853146853147
0.03146853146853147
0.033210332103321034
0.033210332103321034
0.033210332103321034
0.033210332103321034
0.033210332103321034
0.027237354085603113
0.027237354085603113
0.027237354085603113
0.027237354085603113
0.027237354085603113
0.03614457831325301
0.03614457831325301
0.03614457831325301
0.05622489959839357
0.03614457831325301
0.03409090909090909
0.03409090909090909
0.03409090909090909
0.03409090909090909
0.03409090909090909
0.033962264150943396
0.033962264150943396
0.033962264150943396
0.033962264150943396
0.033962264150943396
0.025362318840579712
0.025362318840579712
0.025362318840579712
0.025362318840579712
0.025362318840579712
0.02456140350877193
0.02456140350877193
0.02456140350877193
0.02456140350877193
0.02456140350877193
0.03333333333333333
0.03333333333333333
0.03333333333333333
0.03333333333333333
0.03333333333333333
0.036290322580645164
0.036290322580645164
0.036290322580645164
0.036290322580645164
0.036290322580645164
0.034482758620689655
0.034482758620689655
0.034482758620689655
0.034482758620689655
0.034482758620689655
0.028688524590163935
0.028688524590163935
0.028688524590163935
0.028688524590163935
0.028688524590163935
0.028688524590163935
0.028688524590163935
0.028688524590163935
0.028688524590163935
0.028688524590163935
0.028925619834710745
0.0371900826446281
0.028925619834710745
0.028925619834710745
0.028925619834710745
0.03461538461538462
0.03461538461538462
0.03461538461538462
0.03461538461538462
0.03461538461538462
0.026717557251908396
0.026717557251908396
0.026717557251908396
0.026717557251908396
0.026717557251908396
0.024305555555555556
0.024305555555555556
0.024305555555555556
0.024305555555555556
0.024305555555555556
0.02702702702702703
0.02702702702702703
0.02702702702702703
0.02702702702702703
0.02702702702702703
0.02491103202846975
0.02491103202846975
0.02491103202846975
0.02491103202846975
0.02491103202846975
0.03345724907063197
0.03345724907063197
0.03345724907063197
0.03345724907063197
0.03345724907063197
0.028225806451612902
0.028225806451612902
0.028225806451612902
0.028225806451612902
0.028225806451612902
0.026415094339622643
0.026415094339622643
0.026415094339622643
0.026415094339622643
0.026415094339622643
0.033210332103321034
0.033210332103321034
0.033210332103321034
0.033210332103321034
0.033210332103321034
0.03435114503816794
0.03435114503816794
0.03435114503816794
0.03435114503816794
0.03435114503816794
0.0371900826446281
0.0371900826446281
0.0371900826446281
0.045454545454545456
0.0371900826446281
0.033962264150943396
0.033962264150943396
0.033962264150943396
0.033962264150943396
0.033962264150943396
0.023972602739726026
0.023972602739726026
0.023972602739726026
0.023972602739726026
0.023972602739726026
0.03571428571428571
0.03571428571428571
0.03571428571428571
0.03571428571428571
0.03571428571428571
0.03202846975088968
0.03202846975088968
0.03202846975088968
0.03202846975088968
0.03202846975088968
0.025925925925925925
0.025925925925925925
0.025925925925925925
0.025925925925925925
0.025925925925925925
0.03643724696356275
0.03643724696356275
0.03643724696356275
0.03643724696356275
0.03643724696356275
0.034220532319391636
0.034220532319391636
0.034220532319391636
0.034220532319391636
0.034220532319391636
0.034482758620689655
0.034482758620689655
0.034482758620689655
0.034482758620689655
0.034482758620689655
0.03333333333333333
0.03333333333333333
0.03333333333333333
0.03333333333333333
0.03333333333333333
0.027888446215139442
0.027888446215139442
0.027888446215139442
0.027888446215139442
0.027888446215139442
0.027237354085603113
0.027237354085603113
0.027237354085603113
0.027237354085603113
0.027237354085603113
0.036
0.036
0.036
0.036
0.036
0.028688524590163935
0.028688524590163935
0.028688524590163935
0.028688524590163935
0.028688524590163935
0.027237354085603113
0.027237354085603113
0.027237354085603113
0.027237354085603113
0.027237354085603113
0.03529411764705882
0.03529411764705882
0.03529411764705882
0.03529411764705882
0.03529411764705882
0.02702702702702703
0.02702702702702703
0.02702702702702703
0.02702702702702703
0.02702702702702703
0.02766798418972332
0.02766798418972332
0.02766798418972332
0.02766798418972332
0.02766798418972332
0.03515625
0.03515625
0.03515625
0.03515625
0.03515625
0.03515625
0.03515625
0.03515625
0.03515625
0.03515625
0.02857142857142857
0.02857142857142857
0.02857142857142857
0.04081632653061224
0.02857142857142857
0.02631578947368421
0.02631578947368421
0.02631578947368421
0.02631578947368421
0.02631578947368421
0.028225806451612902
0.028225806451612902
0.028225806451612902
0.028225806451612902
0.028225806451612902
0.029411764705882353
0.029411764705882353
0.029411764705882353
0.029411764705882353
0.029411764705882353
0.033210332103321034
0.033210332103321034
0.033210332103321034
0.033210332103321034
0.033210332103321034
0.02681992337164751
0.02681992337164751
0.02681992337164751
0.02681992337164751
0.02681992337164751
0.036734693877551024
0.036734693877551024
0.036734693877551024
0.036734693877551024
0.036734693877551024
0.028
0.028
0.028
0.028
0.028
0.03333333333333333
0.03333333333333333
0.03333333333333333
0.03333333333333333
0.03333333333333333
0.024390243902439025
0.024390243902439025
0.024390243902439025
0.024390243902439025
0.024390243902439025
0.025925925925925925
0.025925925925925925
0.025925925925925925
0.025925925925925925
0.025925925925925925
0.03409090909090909
0.03409090909090909
0.03409090909090909
0.03409090909090909
0.03409090909090909
0.03409090909090909
0.03409090909090909
0.03409090909090909
0.03409090909090909
0.03409090909090909
0.037037037037037035
0.037037037037037035
0.037037037037037035
0.037037037037037035
0.037037037037037035
0.03435114503816794
0.03435114503816794
0.03435114503816794
0.03435114503816794
0.03435114503816794
0.03409090909090909
0.03409090909090909
0.03409090909090909
0.03409090909090909
0.03409090909090909
0.027450980392156862
0.027450980392156862
0.027450980392156862
0.027450980392156862
0.027450980392156862
0.03571428571428571
0.03571428571428571
0.03571428571428571
0.03571428571428571
0.03571428571428571
0.03461538461538462
0.03461538461538462
0.03461538461538462
0.03461538461538462
0.03461538461538462
0.03225806451612903
0.03225806451612903
0.03225806451612903
0.03225806451612903
0.03225806451612903
0.03435114503816794
0.03435114503816794
0.03435114503816794
0.03435114503816794
0.03435114503816794
0.02456140350877193
0.02456140350877193
0.02456140350877193
0.02456140350877193
0.02456140350877193
0.027131782945736434
0.027131782945736434
0.027131782945736434
0.027131782945736434
0.03875968992248062
0.03461538461538462
0.03461538461538462
0.03461538461538462
0.03461538461538462
0.03461538461538462
0.027131782945736434
0.027131782945736434
0.027131782945736434
0.027131782945736434
0.027131782945736434
0.026923076923076925
0.026923076923076925
0.026923076923076925
0.026923076923076925
0.026923076923076925
0.03643724696356275
0.03643724696356275
0.03643724696356275
0.03643724696356275
0.03643724696356275
0.034482758620689655
0.034482758620689655
0.034482758620689655
0.034482758620689655
0.034482758620689655
0.029288702928870293
0.029288702928870293
0.029288702928870293
0.029288702928870293
0.029288702928870293
0.029661016949152543
0.05508474576271186
0.05508474576271186
0.05508474576271186
0.029661016949152543
0.03501945525291829
0.03501945525291829
0.03501945525291829
0.03501945525291829
0.03501945525291829
0.033582089552238806
0.033582089552238806
0.033582089552238806
0.033582089552238806
0.033582089552238806
0.03571428571428571
0.03571428571428571
0.03571428571428571
0.03571428571428571
0.03571428571428571
0.03435114503816794
0.03435114503816794
0.03435114503816794
0.03435114503816794
0.03435114503816794
0.03383458646616541
0.03383458646616541
0.03383458646616541
0.03383458646616541
0.03383458646616541
0.027237354085603113
0.027237354085603113
0.027237354085603113
0.027237354085603113
0.027237354085603113
0.034482758620689655
0.034482758620689655
0.038314176245210725
0.034482758620689655
0.034482758620689655
0.02734375
0.02734375
0.02734375
0.02734375
0.02734375
0.02857142857142857
0.02857142857142857
0.02857142857142857
0.02857142857142857
0.02857142857142857
0.03296703296703297
0.03296703296703297
0.03296703296703297
0.03296703296703297
0.03296703296703297
0.03125
0.03125
0.03125
0.03125
0.03125
0.042704626334519574
0.03202846975088968
0.03202846975088968
0.03202846975088968
0.03202846975088968
0.02857142857142857
0.02857142857142857
0.02857142857142857
0.02857142857142857
0.02857142857142857
0.03260869565217391
0.03260869565217391
0.03260869565217391
0.03260869565217391
0.03260869565217391
0.03557312252964427
0.03557312252964427
0.03557312252964427
0.03557312252964427
0.03557312252964427
0.03260869565217391
0.03260869565217391
0.03260869565217391
0.03260869565217391
0.03260869565217391
0.02857142857142857
0.02857142857142857
0.02857142857142857
0.02857142857142857
0.02857142857142857
0.03383458646616541
0.03759398496240601
0.03759398496240601
0.03383458646616541
0.03383458646616541
0.028688524590163935
0.028688524590163935
0.028688524590163935
0.028688524590163935
0.028688524590163935
0.02527075812274368
0.02527075812274368
0.02527075812274368
0.02527075812274368
0.02527075812274368
0.03409090909090909
0.03409090909090909
0.03409090909090909
0.03409090909090909
0.03409090909090909
0.02527075812274368
0.02527075812274368
0.02527075812274368
0.02527075812274368
0.02527075812274368
0.02880658436213992
0.02880658436213992
0.02880658436213992
0.02880658436213992
0.02880658436213992
0.028688524590163935
0.028688524590163935
0.028688524590163935
0.028688524590163935
0.028688524590163935
0.03488372093023256
0.03488372093023256
0.03488372093023256
0.03488372093023256
0.03488372093023256
0.03296703296703297
0.03296703296703297
0.03296703296703297
0.03296703296703297
0.03296703296703297
0.03103448275862069
0.03103448275862069
0.03103448275862069
0.03103448275862069
0.03103448275862069
0.02564102564102564
0.02564102564102564
0.02564102564102564
0.02564102564102564
0.02564102564102564
0.03225806451612903
0.03225806451612903
0.03225806451612903
0.03225806451612903
0.03225806451612903
0.026717557251908396
0.026717557251908396
0.026717557251908396
0.026717557251908396
0.026717557251908396
0.025830258302583026
0.025830258302583026
0.025830258302583026
0.025830258302583026
0.025830258302583026
0.03515625
0.03515625
0.03515625
0.03515625
0.03515625
0.036
0.036
0.036
0.036
0.036
0.03237410071942446
0.03237410071942446
0.03237410071942446
0.03237410071942446
0.03237410071942446
0.025925925925925925
0.025925925925925925
0.025925925925925925
0.025925925925925925
0.025925925925925925
0.025830258302583026
0.025830258302583026
0.025830258302583026
0.025830258302583026
0.025830258302583026
0.03765690376569038
0.03765690376569038
0.03765690376569038
0.03765690376569038
0.03765690376569038
0.02681992337164751
0.02681992337164751
0.02681992337164751
0.02681992337164751
0.02681992337164751
0.032846715328467155
0.032846715328467155
0.032846715328467155
0.032846715328467155
0.032846715328467155
0.027777777777777776
0.027777777777777776
0.027777777777777776
0.027777777777777776
0.027777777777777776
0.033210332103321034
0.033210332103321034
0.033210332103321034
0.033210332103321034
0.033210332103321034
0.034220532319391636
0.034220532319391636
0.034220532319391636
0.034220532319391636
0.034220532319391636
0.02681992337164751
0.02681992337164751
0.02681992337164751
0.02681992337164751
0.02681992337164751
0.04152249134948097
0.031141868512110725
0.031141868512110725
0.031141868512110725
0.04152249134948097
0.027450980392156862
0.027450980392156862
0.027450980392156862
0.027450980392156862
0.027450980392156862
0.03333333333333333
0.03333333333333333
0.03333333333333333
0.03333333333333333
0.03333333333333333
0.026515151515151516
0.026515151515151516
0.026515151515151516
0.026515151515151516
0.026515151515151516
0.03272727272727273
0.03272727272727273
0.03272727272727273
0.03272727272727273
0.03272727272727273
0.03501945525291829
0.03501945525291829
0.03501945525291829
0.03501945525291829
0.03501945525291829
0.034220532319391636
0.034220532319391636
0.034220532319391636
0.034220532319391636
0.034220532319391636
0.024822695035460994
0.024822695035460994
0.024822695035460994
0.024822695035460994
0.024822695035460994
0.03571428571428571
0.03571428571428571
0.03571428571428571
0.03571428571428571
0.03571428571428571
0.036
0.036
0.036
0.036
0.036
0.024390243902439025
0.024390243902439025
0.024390243902439025
0.024390243902439025
0.024390243902439025
0.03409090909090909
0.03409090909090909
0.03409090909090909
0.03409090909090909
0.03409090909090909
0.03333333333333333
0.03333333333333333
0.03333333333333333
0.03333333333333333
0.03333333333333333
0.025925925925925925
0.025925925925925925
0.025925925925925925
0.025925925925925925
0.025925925925925925
0.026119402985074626
0.026119402985074626
0.026119402985074626
0.026119402985074626
0.026119402985074626
0.03237410071942446
0.03237410071942446
0.03237410071942446
0.03237410071942446
0.03237410071942446
0.037037037037037035
0.037037037037037035
0.037037037037037035
0.037037037037037035
0.037037037037037035
0.027131782945736434
0.027131782945736434
0.027131782945736434
0.027131782945736434
0.027131782945736434
0.037037037037037035
0.037037037037037035
0.037037037037037035
0.037037037037037035
0.037037037037037035
0.034482758620689655
0.034482758620689655
0.034482758620689655
0.034482758620689655
0.034482758620689655
0.02491103202846975
0.02491103202846975
0.02491103202846975
0.02491103202846975
0.0498220640569395
0.03501945525291829
0.03501945525291829
0.03501945525291829
0.03501945525291829
0.03501945525291829
0.02681992337164751
0.02681992337164751
0.02681992337164751
0.02681992337164751
0.02681992337164751
0.027450980392156862
0.027450980392156862
0.027450980392156862
0.027450980392156862
0.027450980392156862
0.026515151515151516
0.026515151515151516
0.026515151515151516
0.026515151515151516
0.026515151515151516
0.027131782945736434
0.027131782945736434
0.027131782945736434
0.027131782945736434
0.027131782945736434
0.03260869565217391
0.03260869565217391
0.03260869565217391
0.03260869565217391
0.03260869565217391
0.033210332103321034
0.033210332103321034
0.033210332103321034
0.033210332103321034
0.033210332103321034
0.027237354085603113
0.027237354085603113
0.027237354085603113
0.027237354085603113
0.027237354085603113
0.028225806451612902
0.028225806451612902
0.028225806451612902
0.028225806451612902
0.028225806451612902
0.03734439834024896
0.03734439834024896
0.03734439834024896
0.03734439834024896
0.03734439834024896
0.027237354085603113
0.027237354085603113
0.027237354085603113
0.027237354085603113
0.027237354085603113
0.029787234042553193
0.029787234042553193
0.029787234042553193
0.029787234042553193
0.029787234042553193
0.031914893617021274
0.031914893617021274
0.031914893617021274
0.031914893617021274
0.031914893617021274
0.036734693877551024
0.036734693877551024
0.036734693877551024
0.036734693877551024
0.036734693877551024
0.035856573705179286
0.035856573705179286
0.035856573705179286
0.035856573705179286
0.035856573705179286
0.033707865168539325
0.033707865168539325
0.033707865168539325
0.033707865168539325
0.033707865168539325
0.034220532319391636
0.034220532319391636
0.034220532319391636
0.034220532319391636
0.034220532319391636
0.027131782945736434
0.027131782945736434
0.027131782945736434
0.027131782945736434
0.027131782945736434
0.028688524590163935
0.028688524590163935
0.028688524590163935
0.028688524590163935
0.028688524590163935
0.03643724696356275
0.03643724696356275
0.03643724696356275
0.03643724696356275
0.03643724696356275
0.03501945525291829
0.03501945525291829
0.03501945525291829
0.03501945525291829
0.03501945525291829
0.032490974729241874
0.032490974729241874
0.032490974729241874
0.032490974729241874
0.032490974729241874
0.027888446215139442
0.027888446215139442
0.027888446215139442
0.027888446215139442
0.027888446215139442
0.026119402985074626
0.026119402985074626
0.026119402985074626
0.026119402985074626
0.026119402985074626
0.032490974729241874
0.032490974729241874
0.032490974729241874
0.032490974729241874
0.032490974729241874
0.02766798418972332
0.02766798418972332
0.02766798418972332
0.02766798418972332
0.02766798418972332
0.036734693877551024
0.036734693877551024
0.036734693877551024
0.036734693877551024
0.036734693877551024
0.027237354085603113
0.027237354085603113
0.05058365758754864
0.05058365758754864
0.027237354085603113
0.03260869565217391
0.03260869565217391
0.03260869565217391
0.03260869565217391
0.03260869565217391
0.034482758620689655
0.034482758620689655
0.034482758620689655
0.034482758620689655
0.034482758620689655
0.03383458646616541
0.03383458646616541
0.03383458646616541
0.03383458646616541
0.03383458646616541
0.025362318840579712
0.025362318840579712
0.025362318840579712
0.025362318840579712
0.025362318840579712
0.03333333333333333
0.03333333333333333
0.03333333333333333
0.03333333333333333
0.03333333333333333
0.032846715328467155
0.032846715328467155
0.032846715328467155
0.032846715328467155
0.032846715328467155
0.02681992337164751
0.02681992337164751
0.0421455938697318
0.02681992337164751
0.0421455938697318
0.036734693877551024
0.036734693877551024
0.036734693877551024
0.036734693877551024
0.036734693877551024
0.02834008097165992
0.02834008097165992
0.02834008097165992
0.02834008097165992
0.02834008097165992
0.025547445255474453
0.025547445255474453
0.025547445255474453
0.025547445255474453
0.025547445255474453
0.03169014084507042
0.03169014084507042
0.03169014084507042
0.03169014084507042
0.03169014084507042
0.023890784982935155
0.023890784982935155
0.023890784982935155
0.023890784982935155
0.023890784982935155
0.032846715328467155
0.032846715328467155
0.032846715328467155
0.032846715328467155
0.032846715328467155
0.03461538461538462
0.03461538461538462
0.03461538461538462
0.03461538461538462
0.03461538461538462
0.036734693877551024
0.036734693877551024
0.036734693877551024
0.036734693877551024
0.036734693877551024
0.03103448275862069
0.03103448275862069
0.03103448275862069
0.03103448275862069
0.03103448275862069
0.0371900826446281
0.0371900826446281
0.0371900826446281
0.0371900826446281
0.0371900826446281
0.029661016949152543
0.029661016949152543
0.029661016949152543
0.029661016949152543
0.029661016949152543
0.026615969581749048
0.026615969581749048
0.026615969581749048
0.026615969581749048
0.026615969581749048
0.04938271604938271
0.04938271604938271
0.04938271604938271
0.04938271604938271
0.05555555555555555
0.03508771929824561
0.03508771929824561
0.03508771929824561
0.03508771929824561
0.03508771929824561
0.03550295857988166
0.03550295857988166
0.03550295857988166
0.03550295857988166
0.03550295857988166
0.037267080745341616
0.037267080745341616
0.037267080745341616
0.037267080745341616
0.037267080745341616
0.049689440993788817
0.049689440993788817
0.049689440993788817
0.049689440993788817
0.049689440993788817
0.04938271604938271
0.04938271604938271
0.04938271604938271
0.04938271604938271
0.04938271604938271
0.04938271604938271
0.04938271604938271
0.04938271604938271
0.04938271604938271
0.04938271604938271
0.048484848484848485
0.048484848484848485
0.048484848484848485
0.048484848484848485
0.048484848484848485
0.036585365853658534
0.036585365853658534
0.036585365853658534
0.036585365853658534
0.036585365853658534
0.03680981595092025
0.03680981595092025
0.03680981595092025
0.03680981595092025
0.03680981595092025
0.016574585635359115
0.016574585635359115
0.016574585635359115
0.016574585635359115
0.016574585635359115
0.005494505494505495
0.005494505494505495
0.005494505494505495
0.005494505494505495
0.005494505494505495
0.014285714285714285
0.014285714285714285
0.014285714285714285
0.014285714285714285
0.014285714285714285
0.014705882352941176
0.014705882352941176
0.014705882352941176
0.014705882352941176
0.014705882352941176
0.013513513513513514
0.013513513513513514
0.013513513513513514
0.013513513513513514
0.013513513513513514
0.013333333333333334
0.013333333333333334
0.013333333333333334
0.013333333333333334
0.013333333333333334
0.025925925925925925
0.018518518518518517
0.018518518518518517
0.018518518518518517
0.025925925925925925
0.029850746268656716
0.029850746268656716
0.029850746268656716
0.029850746268656716
0.029850746268656716
0.027777777777777776
0.027777777777777776
0.027777777777777776
0.027777777777777776
0.027777777777777776
0.029850746268656716
0.029850746268656716
0.029850746268656716
0.029850746268656716
0.029850746268656716
0.028169014084507043
0.028169014084507043
0.056338028169014086
0.028169014084507043
0.028169014084507043
0.029850746268656716
0.029850746268656716
0.029850746268656716
0.029850746268656716
0.029850746268656716
0.03278688524590164
0.03278688524590164
0.03278688524590164
0.03278688524590164
0.03278688524590164
0.031746031746031744
0.031746031746031744
0.06349206349206349
0.031746031746031744
0.031746031746031744
0.030303030303030304
0.030303030303030304
0.0
0.0
0.0
0.010638297872340425
0.010638297872340425
0.0070921985815602835
0.0070921985815602835
0.024822695035460994
0.01056338028169014
0.007042253521126761
0.02112676056338028
0.07042253521126761
0.04929577464788732
0.02491103202846975
0.03914590747330961
0.0071174377224199285
0.010676156583629894
0.02491103202846975
0.0
0.0
0.0
0.0
0.0
0.01730103806228374
0.031141868512110725
0.02768166089965398
0.05536332179930796
0.03806228373702422
0.014705882352941176
0.16176470588235295
0.058823529411764705
0.11764705882352941
0.0
0.24390243902439024
0.2073170731707317
0.24390243902439024
0.24390243902439024
0.21951219512195122
0.11904761904761904
0.14285714285714285
0.14285714285714285
0.11904761904761904
0.16666666666666666
0.13793103448275862
0.08620689655172414
0.08620689655172414
0.13793103448275862
0.13793103448275862
0.2804878048780488
0.3048780487804878
0.3048780487804878
0.2682926829268293
0.2926829268292683
0.22950819672131148
0.18032786885245902
0.14754098360655737
0.22950819672131148
0.18032786885245902
0.0
0.0
0.0
0.0
0.0
0.06666666666666667
0.05185185185185185
0.05185185185185185
0.022222222222222223
0.014814814814814815
0.014925373134328358
0.014925373134328358
0.022388059701492536
0.029850746268656716
0.029850746268656716
0.15384615384615385
0.15384615384615385
0.15384615384615385
0.15384615384615385
0.15384615384615385
0.0
0.0
0.0
0.0
0.0
0.04918032786885246
0.04918032786885246
0.0
0.0
0.0
0.0
0.0
0.0
0.0
0.0
0.07246376811594203
0.057971014492753624
0.057971014492753624
0.057971014492753624
0.07246376811594203
0.038461538461538464
0.027972027972027972
0.038461538461538464
0.006993006993006993
0.006993006993006993
0.0
0.0
0.0
0.0
0.0
0.030303030303030304
0.0
0.0
0.0
0.0
