74
48
57
61
61
49
49
59
63
55
125
127
127
136
144
154
158
179
183
189
232
275
274
256
232
270
283
302
260
277
440
415
404
431
390
256
249
253
269
250
179
160
152
171
178
85
92
92
90
97
78
77
82
81
74
87
79
83
71
74
74
72
77
69
77
74
75
87
70
79
73
71
76
68
78
76
73
65
72
76
80
75
70
79
79
84
92
72
91
72
75
86
72
72
70
71
74
70
79
87
83
83
84
96
86
83
74
84
74
78
88
68
76
75
86
60
72
73
67
69
126
145
137
137
129
103
113
118
109
105
102
111
123
133
117
111
96
107
116
107
103
117
105
123
122
114
126
134
116
120
105
119
113
111
133
122
117
118
116
119
120
117
114
108
118
112
116
108
105
109
114
103
116
112
117
106
118
103
110
112
110
119
99
107
104
119
120
115
113
107
119
126
114
123
119
125
113
121
130
121
127
111
125
115
115
112
117
123
117
119
113
137
128
122
125
123
119
118
126
117
108
118
122
121
126
125
124
118
130
115
111
114
114
97
114
106
103
105
103
125
101
114
110
112
118
105
99
107
108
112
98
108
113
117
121
107
105
113
115
115
129
132
114
115
134
103
113
122
117
105
113
127
121
120
117
110
106
115
112
109
110
106
111
99
110
125
110
119
112
114
120
94
103
114
103
116
118
124
108
113
109
104
120
106
120
121
115
104
120
115
102
109
124
121
120
125
117
115
135
109
115
120
111
113
117
119
103
132
134
115
116
113
118
117
128
114
106
121
127
106
107
115
116
116
113
123
101
101
119
126
112
108
118
115
126
109
115
122
122
121
113
115
118
128
125
123
127
113
115
121
117
116
109
114
115
132
116
119
123
118
125
117
119
111
128
108
109
122
109
102
121
117
105
110
121
103
100
105
102
109
128
113
108
125
118
111
114
99
96
117
122
119
117
119
126
119
120
108
106
102
114
107
112
121
118
106
135
106
101
117
124
108
105
105
130
131
121
102
112
105
109
102
106
117
113
101
123
116
101
102
121
114
114
118
101
110
109
110
125
116
108
111
110
109
117
106
120
97
102
106
130
106
115
129
119
109
120
106
113
111
141
108
101
126
118
114
108
122
142
120
104
118
128
117
124
122
118
107
104
123
139
130
140
106
106
116
112
121
117
133
108
110
109
123
114
123
103
107
97
98
115
110
112
130
111
113
114
116
126
124
112
124
109
117
115
116
113
102
108
127
102
111
120
119
112
121
106
113
111
107
112
110
114
116
121
112
114
110
118
114
107
113
124
118
104
111
115
127
125
115
126
118
108
119
123
115
115
121
114
115
113
106
109
105
104
136
105
110
109
115
99
123
128
107
113
120
112
112
122
116
107
108
103
118
123
110
109
117
110
106
113
104
116
125
114
123
111
119
117
111
114
116
118
115
120
124
125
116
109
117
102
126
118
101
99
122
127
123
119
100
118
124
123
113
119
114
114
107
112
107
124
113
118
126
125
122
117
114
100
118
111
103
115
111
92
118
113
118
116
128
126
94
100
106
102
109
113
109
113
112
113
109
117
117
117
98
108
112
117
115
107
107
107
99
94
116
113
113
112
107
115
115
113
101
133
113
91
100
108
111
125
104
124
120
111
101
113
112
100
112
122
112
117
107
103
108
113
119
112
112
115
112
107
117
100
120
120
113
118
115
116
106
107
124
116
107
115
102
105
109
132
116
121
118
120
106
108
109
123
112
114
117
101
117
109
111
115
114
120
124
111
128
113
120
110
109
118
112
94
103
103
105
107
106
107
108
109
103
98
112
120
115
110
97
105
135
122
107
107
109
99
123
117
111
101
124
122
104
109
106
113
113
115
112
115
124
112
124
117
134
127
116
112
127
109
110
113
117
119
119
123
130
110
119
108
102
112
105
100
100
116
115
125
113
127
137
102
112
109
116
122
126
124
126
116
110
106
120
101
116
134
109
124
122
122
119
119
119
121
134
116
108
102
110
99
112
124
126
125
114
110
118
121
115
113
129
100
120
121
109
116
115
107
117
114
108
98
110
123
106
119
98
118
114
114
118
116
109
125
132
111
112
119
121
111
105
134
110
122
106
133
103
101
113
107
124
120
127
119
120
114
110
110
105
114
118
105
107
104
117
112
115
97
116
108
109
131
121
121
113
112
105
111
112
108
131
136
121
127
121
122
109
119
116
114
112
100
104
116
113
106
116
121
118
115
110
111
108
106
109
126
109
109
128
108
130
114
122
117
115
116
113
125
115
124
116
113
113
116
124
124
125
123
117
129
125
108
120
106
117
105
108
122
106
108
110
116
122
110
112
102
118
120
120
116
118
119
127
116
137
100
112
106
104
104
122
114
127
119
122
104
107
98
108
103
115
110
108
119
102
106
115
115
121
113
117
111
114
105
108
123
116
120
120
128
99
114
109
91
107
115
117
120
122
130
116
118
129
122
118
113
122
125
105
109
118
117
101
115
130
127
105
114
110
126
121
120
118
109
124
114
107
113
118
119
115
104
120
101
111
114
106
99
110
115
112
99
109
124
105
106
114
110
110
108
113
111
118
105
113
109
116
107
110
100
115
110
104
107
104
105
125
126
107
109
101
122
106
118
112
118
119
151
129
113
107
131
115
112
141
110
112
123
116
125
113
113
119
102
111
137
125
107
113
114
118
113
108
117
113
120
107
108
100
119
115
109
100
104
100
128
103
111
146
119
117
111
117
128
125
119
128
117
131
119
117
110
116
115
121
130
112
116
125
119
119
114
117
126
104
109
112
113
109
116
120
126
130
123
114
100
103
109
115
115
115
104
101
110
117
101
109
126
109
98
113
112
105
87
126
121
113
124
124
123
118
125
110
107
105
105
118
131
102
111
132
107
102
106
116
115
129
124
113
115
116
127
107
117
114
130
100
108
125
117
111
119
106
113
112
99
112
120
105
113
111
123
104
100
113
123
111
127
105
120
103
115
110
123
113
109
113
118
110
103
115
116
116
121
114
109
114
99
114
104
129
111
111
106
116
102
116
119
129
110
114
125
113
120
109
122
113
120
129
119
130
120
123
125
122
115
119
113
115
129
101
125
107
95
115
118
122
109
111
110
108
110
103
109
107
118
105
117
112
110
115
118
121
125
106
103
118
112
113
104
117
101
119
115
118
111
118
115
118
130
116
113
111
119
114
111
111
118
115
109
113
124
116
108
125
151
125
126
126
123
127
116
117
111
113
116
109
103
105
111
119
105
100
113
105
112
111
112
106
101
111
125
128
128
119
114
108
117
123
114
120
111
122
112
113
117
116
118
106
108
117
102
110
115
99
114
103
125
106
106
115
119
135
123
111
104
107
107
103
114
128
111
123
129
110
111
113
121
115
116
115
112
122
115
122
113
119
111
129
121
113
126
106
114
124
103
111
117
107
102
112
123
124
114
112
132
107
119
121
117
119
100
105
128
123
107
115
115
122
112
101
123
119
103
107
108
116
104
99
101
107
111
141
121
110
110
121
124
116
123
116
118
122
130
132
112
96
109
121
105
105
110
95
109
104
124
110
124
108
110
128
107
116
111
112
126
117
134
119
121
123
114
116
115
115
136
121
120
132
122
110
117
111
113
120
121
129
123
125
113
110
108
120
111
124
114
122
111
106
112
115
115
119
122
111
111
109
104
111
107
112
130
110
116
121
122
113
99
121
112
120
111
107
120
115
109
115
116
118
120
106
100
118
128
111
102
116
122
133
130
113
106
114
106
113
112
100
106
114
102
131
128
117
126
129
114
100
111
99
108
110
108
119
110
96
118
108
114
109
118
113
105
107
105
118
120
119
113
116
132
111
114
119
107
103
116
114
122
127
123
111
109
116
108
106
110
114
112
112
109
120
112
113
115
123
121
121
110
105
108
127
126
117
122
108
128
118
125
131
128
107
116
118
121
106
116
126
112
112
124
138
108
122
125
113
104
102
118
121
110
112
113
109
112
112
101
114
121
104
108
123
110
120
111
112
123
119
106
120
111
116
106
104
100
118
131
122
124
121
117
120
115
103
113
112
116
107
106
114
125
109
132
118
123
114
120
116
114
108
107
109
106
132
132
126
114
111
126
116
110
114
96
115
118
119
109
111
109
120
111
112
112
104
98
108
128
126
124
116
130
105
104
109
101
101
107
131
101
130
105
109
108
110
107
115
116
112
112
123
105
119
99
112
118
137
100
103
139
115
113
107
115
129
118
108
109
114
121
115
131
113
113
122
103
117
130
104
116
108
123
111
110
114
99
120
115
124
118
124
118
110
116
105
109
123
109
106
114
109
115
117
118
116
117
109
114
121
113
126
124
110
111
113
105
109
114
118
110
107
107
120
104
105
120
131
113
112
127
144
128
114
117
116
138
113
114
113
121
113
106
120
112
116
117
108
114
114
128
110
124
113
116
121
122
115
101
115
125
113
111
136
117
128
123
122
113
106
117
115
108
103
114
112
109
114
119
133
116
115
111
126
112
134
126
113
107
100
110
107
116
121
122
129
113
109
115
119
121
99
114
72
76
80
86
80
70
81
73
77
81
76
78
75
79
82
81
84
89
78
70
72
80
78
86
86
80
70
79
83
81
76
75
80
75
71
74
79
76
71
63
87
77
78
75
84
80
76
82
77
86
80
82
77
89
85
79
89
91
99
91
22
24
22
21
27
25
24
23
28
29
53
26
31
23
32
27
33
25
28
24
133
148
145
151
154
30
31
35
23
29
33
38
30
37
34
30
37
31
43
32
34
31
37
36
37
30
31
40
29
27
27
31
35
32
35
33
25
30
28
25
28
34
26
30
26
148
149
172
154
150
144
158
153
143
148
166
150
157
145
142
30
44
36
30
25
151
144
157
153
153
23
22
25
25
28
38
35
32
35
37
36
35
27
34
25
19
28
20
19
21
32
34
38
40
30
26
26
25
26
24
27
31
29
30
24
77
70
68
75
55
66
80
72
61
67
23
21
21
22
21
25
27
26
22
26
26
26
30
28
26
32
36
42
30
32
30
28
26
27
27
168
155
156
160
162
27
27
31
36
37
51
51
54
54
50
