0.7474747474747475
0.48484848484848486
0.5757575757575758
0.6161616161616161
0.6161616161616161
0.5051546391752577
0.5051546391752577
0.6082474226804123
0.6494845360824743
0.5670103092783505
0.5274261603375527
0.5358649789029536
0.5358649789029536
0.5738396624472574
0.6075949367088608
0.49044585987261147
0.5031847133757962
0.5700636942675159
0.5828025477707006
0.6019108280254777
0.5260770975056689
0.6235827664399093
0.6213151927437641
0.5804988662131519
0.5260770975056689
0.5601659751037344
0.5871369294605809
0.6265560165975104
0.5394190871369294
0.5746887966804979
0.5633802816901409
0.5313700384122919
0.5172855313700384
0.5518565941101152
0.499359795134443
0.5871559633027523
0.5711009174311926
0.5802752293577982
0.6169724770642202
0.573394495412844
0.559375
0.5
0.475
0.534375
0.55625
0.4473684210526316
0.4842105263157895
0.4842105263157895
0.47368421052631576
0.5105263157894737
0.46706586826347307
0.46107784431137727
0.49101796407185627
0.48502994011976047
0.4431137724550898
0.4943181818181818
0.44886363636363635
0.4715909090909091
0.4034090909090909
0.42045454545454547
0.42528735632183906
0.41379310344827586
0.4425287356321839
0.39655172413793105
0.4425287356321839
0.4457831325301205
0.45180722891566266
0.5240963855421686
0.42168674698795183
0.4759036144578313
0.4397590361445783
0.42771084337349397
0.4578313253012048
0.40963855421686746
0.46987951807228917
0.4550898203592814
0.437125748502994
0.38922155688622756
0.4311377245508982
0.4550898203592814
0.47904191616766467
0.4491017964071856
0.41916167664670656
0.47305389221556887
0.47305389221556887
0.49411764705882355
0.5411764705882353
0.4235294117647059
0.5352941176470588
0.4235294117647059
0.436046511627907
0.5
0.4186046511627907
0.4186046511627907
0.4069767441860465
0.42011834319526625
0.4378698224852071
0.41420118343195267
0.46745562130177515
0.514792899408284
0.45604395604395603
0.45604395604395603
0.46153846153846156
0.5274725274725275
0.4725274725274725
0.515527950310559
0.45962732919254656
0.5217391304347826
0.45962732919254656
0.484472049689441
0.5116279069767442
0.3953488372093023
0.4418604651162791
0.436046511627907
0.5
0.35294117647058826
0.4235294117647059
0.4294117647058823
0.3941176470588235
0.40588235294117647
0.3073170731707317
0.35365853658536583
0.33414634146341465
0.33414634146341465
0.3146341463414634
0.3188854489164087
0.3498452012383901
0.3653250773993808
0.33746130030959753
0.32507739938080493
0.3269230769230769
0.3557692307692308
0.3942307692307692
0.42628205128205127
0.375
0.4457831325301205
0.3855421686746988
0.42971887550200805
0.46586345381526106
0.42971887550200805
0.36395759717314485
0.4134275618374558
0.3710247349823322
0.43462897526501765
0.43109540636042404
0.43346007604562736
0.4790874524714829
0.5095057034220533
0.44106463878326996
0.45627376425855515
0.39622641509433965
0.4490566037735849
0.42641509433962266
0.4188679245283019
0.5018867924528302
0.47843137254901963
0.4588235294117647
0.4627450980392157
0.4549019607843137
0.4666666666666667
0.46511627906976744
0.45348837209302323
0.4418604651162791
0.4186046511627907
0.4573643410852713
0.4444444444444444
0.4603174603174603
0.42857142857142855
0.4166666666666667
0.43253968253968256
0.44357976653696496
0.40077821011673154
0.45136186770428016
0.4357976653696498
0.45525291828793774
0.41245136186770426
0.4591439688715953
0.40077821011673154
0.4280155642023346
0.4357976653696498
0.4280155642023346
0.46303501945525294
0.3852140077821012
0.4163424124513619
0.4046692607003891
0.46124031007751937
0.46511627906976744
0.44573643410852715
0.437984496124031
0.41472868217054265
0.4146341463414634
0.43902439024390244
0.397212543554007
0.42857142857142855
0.4146341463414634
0.4921259842519685
0.4448818897637795
0.4763779527559055
0.5118110236220472
0.4763779527559055
0.4810606060606061
0.42045454545454547
0.4734848484848485
0.4356060606060606
0.4356060606060606
0.47257383966244726
0.4936708860759494
0.5189873417721519
0.4936708860759494
0.5021097046413502
0.4050179211469534
0.4910394265232975
0.45878136200716846
0.43727598566308246
0.44802867383512546
0.4641509433962264
0.4490566037735849
0.44528301886792454
0.47547169811320755
0.44150943396226416
0.39416058394160586
0.4306569343065693
0.44525547445255476
0.4416058394160584
0.45985401459854014
0.45955882352941174
0.45588235294117646
0.4338235294117647
0.47794117647058826
0.4227941176470588
0.4605809128630705
0.4730290456431535
0.4730290456431535
0.4024896265560166
0.4730290456431535
0.4274193548387097
0.4153225806451613
0.42338709677419356
0.4153225806451613
0.5040322580645161
0.39147286821705424
0.4418604651162791
0.4263565891472868
0.43410852713178294
0.4573643410852713
0.4085603112840467
0.3852140077821012
0.4163424124513619
0.42023346303501946
0.4357976653696498
0.40329218106995884
0.4444444444444444
0.46502057613168724
0.48148148148148145
0.49794238683127573
0.3741258741258741
0.36713286713286714
0.3951048951048951
0.4020979020979021
0.4020979020979021
0.49615384615384617
0.5076923076923077
0.43846153846153846
0.4423076923076923
0.5153846153846153
0.38721804511278196
0.424812030075188
0.45864661654135336
0.4398496240601504
0.39473684210526316
0.41544117647058826
0.46691176470588236
0.44485294117647056
0.4411764705882353
0.43014705882352944
0.3971119133574007
0.38267148014440433
0.4151624548736462
0.4043321299638989
0.3935018050541516
0.45081967213114754
0.4344262295081967
0.45491803278688525
0.4057377049180328
0.45081967213114754
0.45454545454545453
0.4
0.43272727272727274
0.4072727272727273
0.41454545454545455
0.46875
0.3671875
0.40234375
0.4453125
0.40234375
0.4172661870503597
0.4244604316546763
0.4460431654676259
0.38848920863309355
0.4064748201438849
0.4052044609665427
0.38661710037174724
0.44609665427509293
0.3940520446096654
0.44609665427509293
0.45149253731343286
0.4291044776119403
0.3880597014925373
0.44776119402985076
0.4291044776119403
0.3984375
0.42578125
0.484375
0.47265625
0.46875
0.4699248120300752
0.4398496240601504
0.4323308270676692
0.5075187969924813
0.40977443609022557
0.4227941176470588
0.4411764705882353
0.40808823529411764
0.41544117647058826
0.43014705882352944
0.4375
0.3786764705882353
0.4852941176470588
0.49264705882352944
0.4227941176470588
0.4444444444444444
0.4329501915708812
0.4521072796934866
0.4482758620689655
0.4904214559386973
0.46153846153846156
0.4291497975708502
0.4898785425101215
0.5141700404858299
0.4291497975708502
0.4349593495934959
0.46747967479674796
0.4715447154471545
0.4715447154471545
0.45934959349593496
0.45724907063197023
0.3754646840148699
0.3754646840148699
0.4423791821561338
0.4684014869888476
0.3916083916083916
0.3776223776223776
0.4125874125874126
0.4020979020979021
0.4405594405594406
0.42745098039215684
0.45098039215686275
0.47843137254901963
0.47843137254901963
0.4745098039215686
0.44313725490196076
0.45098039215686275
0.4627450980392157
0.5019607843137255
0.49019607843137253
0.45054945054945056
0.4652014652014652
0.4139194139194139
0.42124542124542125
0.4432234432234432
0.4517374517374517
0.44787644787644787
0.42084942084942084
0.44015444015444016
0.444015444015444
0.48
0.4218181818181818
0.43272727272727274
0.44727272727272727
0.4290909090909091
0.4646840148698885
0.4349442379182156
0.4423791821561338
0.41263940520446096
0.4758364312267658
0.40148698884758366
0.4052044609665427
0.45353159851301117
0.4052044609665427
0.379182156133829
0.5
0.4834710743801653
0.43388429752066116
0.45454545454545453
0.5
0.3828996282527881
0.37174721189591076
0.3903345724907063
0.379182156133829
0.4052044609665427
0.5224489795918368
0.46122448979591835
0.44081632653061226
0.5102040816326531
0.4816326530612245
0.4111111111111111
0.4222222222222222
0.36666666666666664
0.35555555555555557
0.43333333333333335
0.43727598566308246
0.4265232974910394
0.41935483870967744
0.4265232974910394
0.45161290322580644
0.49377593360995853
0.4979253112033195
0.44813278008298757
0.43983402489626555
0.42323651452282157
0.4470588235294118
0.4196078431372549
0.4392156862745098
0.4745098039215686
0.4627450980392157
0.4291497975708502
0.5465587044534413
0.4291497975708502
0.4089068825910931
0.47368421052631576
0.48249027237354086
0.42023346303501946
0.4085603112840467
0.4085603112840467
0.5058365758754864
0.5303643724696356
0.4898785425101215
0.41295546558704455
0.4534412955465587
0.4251012145748988
0.4022140221402214
0.3763837638376384
0.39114391143911437
0.4317343173431734
0.41697416974169743
0.4089068825910931
0.4979757085020243
0.46963562753036436
0.4089068825910931
0.41295546558704455
0.4708171206225681
0.44357976653696496
0.44357976653696496
0.4591439688715953
0.39299610894941633
0.39285714285714285
0.3892857142857143
0.39285714285714285
0.44642857142857145
0.4142857142857143
0.43548387096774194
0.4475806451612903
0.4435483870967742
0.43951612903225806
0.4717741935483871
0.41732283464566927
0.47244094488188976
0.38188976377952755
0.4015748031496063
0.41732283464566927
0.48148148148148145
0.3925925925925926
0.42592592592592593
0.4777777777777778
0.44074074074074077
0.42913385826771655
0.47244094488188976
0.41732283464566927
0.4448818897637795
0.43700787401574803
0.5241635687732342
0.40148698884758366
0.3754646840148699
0.4684014869888476
0.43866171003717475
0.4523809523809524
0.42857142857142855
0.48412698412698413
0.5634920634920635
0.47619047619047616
0.37545126353790614
0.4259927797833935
0.4620938628158845
0.4223826714801444
0.44765342960288806
0.4420289855072464
0.427536231884058
0.38768115942028986
0.37681159420289856
0.44565217391304346
0.5537848605577689
0.5179282868525896
0.5577689243027888
0.42231075697211157
0.42231075697211157
0.42962962962962964
0.4148148148148148
0.44814814814814813
0.43333333333333335
0.4925925925925926
0.4075471698113208
0.41509433962264153
0.41132075471698115
0.4641509433962264
0.43018867924528303
0.4749034749034749
0.39768339768339767
0.41312741312741313
0.3745173745173745
0.3783783783783784
0.44573643410852715
0.4263565891472868
0.43410852713178294
0.5038759689922481
0.43023255813953487
0.46887966804979253
0.4730290456431535
0.48132780082987553
0.5228215767634855
0.5145228215767634
0.4117647058823529
0.45588235294117646
0.4007352941176471
0.43014705882352944
0.4227941176470588
0.4249084249084249
0.4139194139194139
0.37362637362637363
0.3956043956043956
0.4652014652014652
0.40476190476190477
0.44047619047619047
0.47619047619047616
0.4722222222222222
0.4444444444444444
0.4879032258064516
0.4274193548387097
0.45564516129032256
0.4475806451612903
0.4314516129032258
0.41947565543071164
0.41198501872659177
0.42696629213483145
0.4344569288389513
0.45318352059925093
0.4375
0.4453125
0.4296875
0.4609375
0.4453125
0.3962962962962963
0.4185185185185185
0.45925925925925926
0.43703703703703706
0.3851851851851852
0.4036363636363636
0.41818181818181815
0.4618181818181818
0.45454545454545453
0.41818181818181815
0.5185185185185185
0.48559670781893005
0.4444444444444444
0.4897119341563786
0.5061728395061729
0.44573643410852715
0.44573643410852715
0.4689922480620155
0.4418604651162791
0.44573643410852715
0.4396887159533074
0.41245136186770426
0.42412451361867703
0.4085603112840467
0.4046692607003891
0.5483870967741935
0.42338709677419356
0.4435483870967742
0.43951612903225806
0.4637096774193548
0.37218045112781956
0.462406015037594
0.48120300751879697
0.40225563909774437
0.424812030075188
0.4878048780487805
0.45528455284552843
0.45528455284552843
0.4959349593495935
0.4715447154471545
0.3905109489051095
0.39416058394160586
0.3759124087591241
0.4306569343065693
0.4489051094890511
0.43478260869565216
0.4308300395256917
0.4624505928853755
0.43478260869565216
0.4189723320158103
0.4185185185185185
0.3851851851851852
0.42962962962962964
0.46296296296296297
0.4222222222222222
0.4197952218430034
0.378839590443686
0.4061433447098976
0.3993174061433447
0.378839590443686
0.42857142857142855
0.43609022556390975
0.44360902255639095
0.4323308270676692
0.45112781954887216
0.4397163120567376
0.4432624113475177
0.41134751773049644
0.38652482269503546
0.4148936170212766
0.40963855421686746
0.5060240963855421
0.4738955823293173
0.40562248995983935
0.39759036144578314
0.5
0.5204918032786885
0.5040983606557377
0.48770491803278687
0.4098360655737705
0.4306569343065693
0.45255474452554745
0.4489051094890511
0.4124087591240876
0.4343065693430657
0.42066420664206644
0.42066420664206644
0.3948339483394834
0.4132841328413284
0.3948339483394834
0.5040650406504065
0.45934959349593496
0.4796747967479675
0.5121951219512195
0.508130081300813
0.4621212121212121
0.4431818181818182
0.4318181818181818
0.3787878787878788
0.44696969696969696
0.4625
0.42916666666666664
0.4791666666666667
0.4625
0.38333333333333336
0.4777327935222672
0.4574898785425101
0.4777327935222672
0.46963562753036436
0.5182186234817814
0.5121951219512195
0.3821138211382114
0.4065040650406504
0.43089430894308944
0.4146341463414634
0.4308300395256917
0.44664031620553357
0.4308300395256917
0.44664031620553357
0.4426877470355731
0.4232209737827715
0.40823970037453183
0.43820224719101125
0.43820224719101125
0.43820224719101125
0.3843137254901961
0.4235294117647059
0.4392156862745098
0.4588235294117647
0.45098039215686275
0.4053030303030303
0.4053030303030303
0.4053030303030303
0.375
0.3560606060606061
0.4773662551440329
0.46502057613168724
0.46502057613168724
0.4609053497942387
0.4403292181069959
0.46938775510204084
0.46938775510204084
0.46122448979591835
0.4122448979591837
0.5428571428571428
0.4296577946768061
0.34600760456273766
0.38022813688212925
0.41064638783269963
0.4220532319391635
0.4807692307692308
0.4
0.47692307692307695
0.46153846153846156
0.4269230769230769
0.38549618320610685
0.4312977099236641
0.42748091603053434
0.3816793893129771
0.42748091603053434
0.4420289855072464
0.4057971014492754
0.42391304347826086
0.38768115942028986
0.37318840579710144
0.4075471698113208
0.42641509433962266
0.4490566037735849
0.4226415094339623
0.4226415094339623
0.48523206751054854
0.47257383966244726
0.45147679324894513
0.4936708860759494
0.4219409282700422
0.46332046332046334
0.46332046332046334
0.4362934362934363
0.4555984555984556
0.444015444015444
0.4566929133858268
0.41732283464566927
0.421259842519685
0.4881889763779528
0.4566929133858268
0.44398340248962653
0.47717842323651455
0.42323651452282157
0.43568464730290457
0.45228215767634855
0.4714285714285714
0.4142857142857143
0.43214285714285716
0.42142857142857143
0.42857142857142855
0.4108527131782946
0.4186046511627907
0.42248062015503873
0.47674418604651164
0.43410852713178294
0.4789915966386555
0.49159663865546216
0.42436974789915966
0.49159663865546216
0.4579831932773109
0.41729323308270677
0.4323308270676692
0.42857142857142855
0.45112781954887216
0.46616541353383456
0.43700787401574803
0.5039370078740157
0.4448818897637795
0.47244094488188976
0.4330708661417323
0.44129554655870445
0.4777327935222672
0.4534412955465587
0.3805668016194332
0.41700404858299595
0.4256198347107438
0.43388429752066116
0.44214876033057854
0.4380165289256198
0.44214876033057854
0.43548387096774194
0.43951612903225806
0.4153225806451613
0.3951612903225806
0.45161290322580644
0.4444444444444444
0.42592592592592593
0.4074074074074074
0.3592592592592593
0.3888888888888889
0.5232558139534884
0.4728682170542636
0.41472868217054265
0.41472868217054265
0.42248062015503873
0.40408163265306124
0.5020408163265306
0.4775510204081633
0.4530612244897959
0.4122448979591837
0.4732824427480916
0.46564885496183206
0.3969465648854962
0.41603053435114506
0.40458015267175573
0.4708333333333333
0.4708333333333333
0.4791666666666667
0.4666666666666667
0.4791666666666667
0.45588235294117646
0.4117647058823529
0.45588235294117646
0.43014705882352944
0.49264705882352944
0.4847328244274809
0.44274809160305345
0.42748091603053434
0.4847328244274809
0.41603053435114506
0.44715447154471544
0.45934959349593496
0.47560975609756095
0.483739837398374
0.483739837398374
0.47674418604651164
0.5038759689922481
0.4263565891472868
0.46124031007751937
0.4186046511627907
0.3953488372093023
0.43410852713178294
0.4069767441860465
0.3875968992248062
0.3875968992248062
0.4312267657992565
0.4275092936802974
0.4646840148698885
0.4200743494423792
0.4721189591078067
0.5614754098360656
0.4180327868852459
0.45901639344262296
0.44672131147540983
0.47540983606557374
0.4621212121212121
0.4772727272727273
0.4696969696969697
0.4772727272727273
0.4393939393939394
0.45454545454545453
0.4380165289256198
0.49586776859504134
0.41735537190082644
0.4793388429752066
0.50187265917603
0.40823970037453183
0.46441947565543074
0.45692883895131087
0.45692883895131087
0.42805755395683454
0.42805755395683454
0.42805755395683454
0.4352517985611511
0.48201438848920863
0.43283582089552236
0.40298507462686567
0.3805970149253731
0.41044776119402987
0.3694029850746269
0.4072727272727273
0.4509090909090909
0.4581818181818182
0.45454545454545453
0.41454545454545455
0.4330708661417323
0.4645669291338583
0.4763779527559055
0.452755905511811
0.4448818897637795
0.4463667820069204
0.3460207612456747
0.41522491349480967
0.4186851211072664
0.3771626297577855
0.4218181818181818
0.41818181818181815
0.3890909090909091
0.4254545454545455
0.41454545454545455
0.4426229508196721
0.4016393442622951
0.45081967213114754
0.5040983606557377
0.4344262295081967
0.4897119341563786
0.40329218106995884
0.48559670781893005
0.4691358024691358
0.4691358024691358
0.43703703703703706
0.42962962962962964
0.40370370370370373
0.46296296296296297
0.4888888888888889
0.44047619047619047
0.4444444444444444
0.4722222222222222
0.4801587301587302
0.44047619047619047
0.40540540540540543
0.5173745173745173
0.4247104247104247
0.47104247104247104
0.4092664092664093
0.5277777777777778
0.4087301587301587
0.4007936507936508
0.44841269841269843
0.4246031746031746
0.4261168384879725
0.41237113402061853
0.436426116838488
0.40893470790378006
0.41237113402061853
0.456
0.44
0.44
0.42
0.456
0.4796747967479675
0.4268292682926829
0.4349593495934959
0.42276422764227645
0.47560975609756095
0.45901639344262296
0.4713114754098361
0.3975409836065574
0.47540983606557374
0.4426229508196721
0.3797909407665505
0.4564459930313589
0.42160278745644597
0.42160278745644597
0.39372822299651566
0.4392156862745098
0.4117647058823529
0.43529411764705883
0.4392156862745098
0.4235294117647059
0.4564459930313589
0.4738675958188153
0.42160278745644597
0.4425087108013937
0.42160278745644597
0.4468864468864469
0.3992673992673993
0.4358974358974359
0.4249084249084249
0.4175824175824176
0.4375
0.390625
0.40625
0.453125
0.44140625
0.4108527131782946
0.4496124031007752
0.4689922480620155
0.4573643410852713
0.44573643410852715
0.43137254901960786
0.43529411764705883
0.4235294117647059
0.41568627450980394
0.42745098039215684
0.5101214574898786
0.44129554655870445
0.44129554655870445
0.5182186234817814
0.43724696356275305
0.45614035087719296
0.4
0.4280701754385965
0.4105263157894737
0.40350877192982454
0.44274809160305345
0.4312977099236641
0.4770992366412214
0.4389312977099237
0.4732824427480916
0.4603174603174603
0.44841269841269843
0.44841269841269843
0.4603174603174603
0.49206349206349204
0.43356643356643354
0.4370629370629371
0.43006993006993005
0.4090909090909091
0.45104895104895104
0.48828125
0.421875
0.46875
0.4140625
0.45703125
0.3977272727272727
0.4090909090909091
0.4621212121212121
0.4015151515151515
0.4090909090909091
0.421455938697318
0.4444444444444444
0.4674329501915709
0.421455938697318
0.42911877394636017
0.3541666666666667
0.4097222222222222
0.4166666666666667
0.4166666666666667
0.4027777777777778
0.472
0.476
0.508
0.464
0.548
0.4032258064516129
0.45161290322580644
0.4274193548387097
0.41935483870967744
0.41935483870967744
0.4728682170542636
0.4418604651162791
0.49224806201550386
0.46124031007751937
0.4728682170542636
0.416
0.428
0.392
0.432
0.412
0.4227941176470588
0.40441176470588236
0.39705882352941174
0.4375
0.375
0.4435146443514644
0.4811715481171548
0.4811715481171548
0.5062761506276151
0.47280334728033474
0.45703125
0.43359375
0.4453125
0.41015625
0.421875
0.4606741573033708
0.4344569288389513
0.449438202247191
0.449438202247191
0.4794007490636704
0.3613138686131387
0.41605839416058393
0.3978102189781022
0.33211678832116787
0.3905109489051095
0.4020979020979021
0.4090909090909091
0.4195804195804196
0.42657342657342656
0.45454545454545453
0.4280442804428044
0.4354243542435424
0.47601476014760147
0.45018450184501846
0.4354243542435424
0.4396887159533074
0.47470817120622566
0.48638132295719844
0.4085603112840467
0.42412451361867703
0.4738955823293173
0.46987951807228917
0.40562248995983935
0.46184738955823296
0.5220883534136547
0.4810606060606061
0.3977272727272727
0.4318181818181818
0.4166666666666667
0.4772727272727273
0.45660377358490567
0.4528301886792453
0.44528301886792454
0.41132075471698115
0.4679245283018868
0.41304347826086957
0.38768115942028986
0.40942028985507245
0.427536231884058
0.4311594202898551
0.40350877192982454
0.3649122807017544
0.42105263157894735
0.3543859649122807
0.3894736842105263
0.4222222222222222
0.3925925925925926
0.36666666666666664
0.4074074074074074
0.42592592592592593
0.45161290322580644
0.39919354838709675
0.43951612903225806
0.5
0.42338709677419356
0.4061302681992337
0.4367816091954023
0.421455938697318
0.421455938697318
0.41379310344827586
0.46311475409836067
0.45491803278688525
0.48360655737704916
0.430327868852459
0.46311475409836067
0.44672131147540983
0.47540983606557374
0.4385245901639344
0.45081967213114754
0.4098360655737705
0.47520661157024796
0.45454545454545453
0.4297520661157025
0.44214876033057854
0.4297520661157025
0.40384615384615385
0.4807692307692308
0.4846153846153846
0.4115384615384615
0.41923076923076924
0.38549618320610685
0.46564885496183206
0.40458015267175573
0.45038167938931295
0.42748091603053434
0.4097222222222222
0.4131944444444444
0.5243055555555556
0.4479166666666667
0.3923611111111111
0.41312741312741313
0.5057915057915058
0.444015444015444
0.43243243243243246
0.5444015444015444
0.3914590747330961
0.398576512455516
0.4377224199288256
0.4128113879003559
0.44483985765124556
0.4200743494423792
0.4200743494423792
0.4423791821561338
0.379182156133829
0.41263940520446096
0.5524193548387096
0.5040322580645161
0.4314516129032258
0.45564516129032256
0.4596774193548387
0.44528301886792454
0.42641509433962266
0.4075471698113208
0.44150943396226416
0.42641509433962266
0.44280442804428044
0.3948339483394834
0.3985239852398524
0.36900369003690037
0.43911439114391143
0.4389312977099237
0.41603053435114506
0.3816793893129771
0.3969465648854962
0.3816793893129771
0.5289256198347108
0.4256198347107438
0.45867768595041325
0.6033057851239669
0.49173553719008267
0.44150943396226416
0.4188679245283019
0.44150943396226416
0.4830188679245283
0.4716981132075472
0.4075342465753425
0.4383561643835616
0.4006849315068493
0.4486301369863014
0.4075342465753425
0.4642857142857143
0.4365079365079365
0.4603174603174603
0.45634920634920634
0.4801587301587302
0.4626334519572954
0.398576512455516
0.4128113879003559
0.44483985765124556
0.4234875444839858
0.44074074074074077
0.4222222222222222
0.43333333333333335
0.4666666666666667
0.3851851851851852
0.44129554655870445
0.4534412955465587
0.4574898785425101
0.44129554655870445
0.46963562753036436
0.45627376425855515
0.4790874524714829
0.49429657794676807
0.467680608365019
0.43346007604562736
0.3831417624521073
0.3946360153256705
0.41762452107279696
0.44061302681992337
0.44061302681992337
0.42592592592592593
0.3851851851851852
0.37407407407407406
0.4074074074074074
0.43333333333333335
0.40239043824701193
0.4342629482071713
0.50199203187251
0.4342629482071713
0.3904382470119522
0.4396887159533074
0.4357976653696498
0.4085603112840467
0.33852140077821014
0.490272373540856
0.484
0.452
0.496
0.496
0.492
0.48360655737704916
0.5122950819672131
0.45081967213114754
0.4385245901639344
0.430327868852459
0.4085603112840467
0.4591439688715953
0.5097276264591439
0.3968871595330739
0.43190661478599224
0.5176470588235295
0.4196078431372549
0.4
0.41568627450980394
0.4549019607843137
0.444015444015444
0.4980694980694981
0.47876447876447875
0.4362934362934363
0.444015444015444
0.45849802371541504
0.5019762845849802
0.42292490118577075
0.4624505928853755
0.4505928853754941
0.5078125
0.390625
0.421875
0.48828125
0.45703125
0.43359375
0.46484375
0.4140625
0.44140625
0.4375
0.40408163265306124
0.45714285714285713
0.4897959183673469
0.42857142857142855
0.46122448979591835
0.41729323308270677
0.462406015037594
0.39097744360902253
0.37593984962406013
0.424812030075188
0.4959677419354839
0.4475806451612903
0.5120967741935484
0.42338709677419356
0.4838709677419355
0.4327731092436975
0.4831932773109244
0.46218487394957986
0.5168067226890757
0.47478991596638653
0.4022140221402214
0.41697416974169743
0.4354243542435424
0.4059040590405904
0.3800738007380074
0.44061302681992337
0.4444444444444444
0.4444444444444444
0.46360153256704983
0.4367816091954023
0.4448979591836735
0.46530612244897956
0.40408163265306124
0.46530612244897956
0.42448979591836733
0.516
0.444
0.444
0.424
0.464
0.37777777777777777
0.42962962962962964
0.44074074074074077
0.4777777777777778
0.4074074074074074
0.397212543554007
0.4355400696864111
0.39372822299651566
0.4181184668989547
0.3797909407665505
0.45185185185185184
0.4185185185185185
0.4444444444444444
0.4777777777777778
0.44074074074074077
0.49242424242424243
0.45454545454545453
0.4659090909090909
0.4734848484848485
0.4621212121212121
0.4356060606060606
0.45075757575757575
0.42803030303030304
0.4356060606060606
0.48863636363636365
0.4156378600823045
0.51440329218107
0.4403292181069959
0.39094650205761317
0.4732510288065844
0.45038167938931295
0.46564885496183206
0.41603053435114506
0.42366412213740456
0.4198473282442748
0.4090909090909091
0.4166666666666667
0.39015151515151514
0.4128787878787879
0.4053030303030303
0.4627450980392157
0.4117647058823529
0.4588235294117647
0.4392156862745098
0.43137254901960786
0.45634920634920634
0.46825396825396826
0.4801587301587302
0.49603174603174605
0.42063492063492064
0.39615384615384613
0.45384615384615384
0.4307692307692308
0.4346153846153846
0.4
0.41935483870967744
0.36200716845878134
0.4265232974910394
0.4121863799283154
0.4229390681003584
0.42366412213740456
0.45038167938931295
0.4389312977099237
0.45038167938931295
0.4961832061068702
0.4070175438596491
0.39649122807017545
0.3894736842105263
0.41754385964912283
0.4
0.43023255813953487
0.43023255813953487
0.4573643410852713
0.44573643410852715
0.42248062015503873
0.4346153846153846
0.47692307692307695
0.4461538461538462
0.4153846153846154
0.4807692307692308
0.5852713178294574
0.4844961240310077
0.4883720930232558
0.4883720930232558
0.47674418604651164
0.48846153846153845
0.4461538461538462
0.45
0.4269230769230769
0.4346153846153846
0.46963562753036436
0.44129554655870445
0.41700404858299595
0.4251012145748988
0.4493927125506073
0.4559386973180077
0.40229885057471265
0.3831417624521073
0.4329501915708812
0.40229885057471265
0.4686192468619247
0.46443514644351463
0.4686192468619247
0.4435146443514644
0.4225941422594142
0.4703389830508475
0.5296610169491526
0.5423728813559322
0.5423728813559322
0.5042372881355932
0.44357976653696496
0.42023346303501946
0.45525291828793774
0.4785992217898833
0.44357976653696496
0.44776119402985076
0.4141791044776119
0.4552238805970149
0.417910447761194
0.4216417910447761
0.4642857142857143
0.4603174603174603
0.46825396825396826
0.42063492063492064
0.42857142857142855
0.44656488549618323
0.3893129770992366
0.4198473282442748
0.4389312977099237
0.37786259541984735
0.42857142857142855
0.38721804511278196
0.4699248120300752
0.39849624060150374
0.39849624060150374
0.4474708171206226
0.46303501945525294
0.5252918287937743
0.4785992217898833
0.43190661478599224
0.39846743295019155
0.4099616858237548
0.4099616858237548
0.3946360153256705
0.4367816091954023
0.5
0.43359375
0.48046875
0.50390625
0.4296875
0.4530612244897959
0.46122448979591835
0.49387755102040815
0.46938775510204084
0.47346938775510206
0.42124542124542125
0.41025641025641024
0.4468864468864469
0.42124542124542125
0.4468864468864469
0.3923611111111111
0.4131944444444444
0.3854166666666667
0.4479166666666667
0.4201388888888889
0.40213523131672596
0.4483985765124555
0.37722419928825623
0.40569395017793597
0.4412811387900356
0.4204081632653061
0.4530612244897959
0.4775510204081633
0.43673469387755104
0.4163265306122449
0.4057971014492754
0.44565217391304346
0.4492753623188406
0.41304347826086957
0.4057971014492754
0.5217391304347826
0.42292490118577075
0.47035573122529645
0.4782608695652174
0.4624505928853755
0.4311594202898551
0.36231884057971014
0.3804347826086957
0.463768115942029
0.44565217391304346
0.43673469387755104
0.46938775510204084
0.46938775510204084
0.49795918367346936
0.45714285714285713
0.37969924812030076
0.462406015037594
0.4473684210526316
0.38721804511278196
0.40225563909774437
0.4426229508196721
0.47540983606557374
0.4262295081967213
0.4057377049180328
0.4139344262295082
0.3862815884476534
0.4007220216606498
0.5090252707581228
0.4368231046931408
0.3971119133574007
0.4166666666666667
0.4583333333333333
0.4696969696969697
0.4393939393939394
0.4659090909090909
0.4187725631768953
0.4259927797833935
0.4404332129963899
0.4693140794223827
0.47653429602888087
0.4609053497942387
0.3950617283950617
0.448559670781893
0.49794238683127573
0.43209876543209874
0.430327868852459
0.45081967213114754
0.38934426229508196
0.44672131147540983
0.4262295081967213
0.4806201550387597
0.4263565891472868
0.4806201550387597
0.4186046511627907
0.4263565891472868
0.46886446886446886
0.39194139194139194
0.4249084249084249
0.4065934065934066
0.41025641025641024
0.43448275862068964
0.40344827586206894
0.46206896551724136
0.4103448275862069
0.41724137931034483
0.45054945054945056
0.4175824175824176
0.4249084249084249
0.42124542124542125
0.42124542124542125
0.4874551971326165
0.4336917562724014
0.43010752688172044
0.4731182795698925
0.43727598566308246
0.4198473282442748
0.44656488549618323
0.42366412213740456
0.4312977099236641
0.4580152671755725
0.44649446494464945
0.47601476014760147
0.45387453874538747
0.4612546125461255
0.41697416974169743
0.4296875
0.421875
0.46875
0.43359375
0.484375
0.456
0.488
0.444
0.424
0.448
0.4136690647482014
0.4136690647482014
0.42805755395683454
0.43884892086330934
0.39928057553956836
0.4111111111111111
0.40370370370370373
0.3851851851851852
0.4111111111111111
0.3962962962962963
0.4132841328413284
0.4797047970479705
0.4059040590405904
0.4280442804428044
0.44649446494464945
0.5104602510460251
0.47280334728033474
0.41422594142259417
0.5062761506276151
0.4686192468619247
0.45977011494252873
0.42528735632183906
0.4099616858237548
0.45977011494252873
0.44061302681992337
0.3978102189781022
0.4197080291970803
0.4233576642335766
0.4306569343065693
0.43795620437956206
0.42063492063492064
0.3968253968253968
0.46825396825396826
0.5079365079365079
0.44047619047619047
0.3763837638376384
0.4280442804428044
0.45018450184501846
0.4907749077490775
0.4797047970479705
0.4296577946768061
0.40304182509505704
0.43346007604562736
0.40304182509505704
0.4296577946768061
0.42911877394636017
0.3831417624521073
0.4061302681992337
0.4367816091954023
0.39080459770114945
0.4532871972318339
0.4429065743944637
0.40484429065743943
0.4359861591695502
0.4463667820069204
0.4470588235294118
0.39215686274509803
0.43529411764705883
0.38823529411764707
0.4235294117647059
0.4074074074074074
0.4
0.44074074074074077
0.4074074074074074
0.35555555555555557
0.44696969696969696
0.4090909090909091
0.4318181818181818
0.4128787878787879
0.44696969696969696
0.4109090909090909
0.38181818181818183
0.3890909090909091
0.38181818181818183
0.4290909090909091
0.4669260700389105
0.46303501945525294
0.4396887159533074
0.45136186770428016
0.5136186770428015
0.4220532319391635
0.43346007604562736
0.4524714828897338
0.4068441064638783
0.3916349809885932
0.41134751773049644
0.40425531914893614
0.4326241134751773
0.450354609929078
0.43617021276595747
0.44047619047619047
0.43253968253968256
0.4603174603174603
0.42857142857142855
0.42063492063492064
0.44
0.456
0.448
0.448
0.436
0.4181184668989547
0.3902439024390244
0.39372822299651566
0.40069686411149824
0.42857142857142855
0.4583333333333333
0.4583333333333333
0.4166666666666667
0.3977272727272727
0.4090909090909091
0.4703703703703704
0.4666666666666667
0.43333333333333335
0.45185185185185184
0.4
0.4740740740740741
0.43703703703703706
0.46296296296296297
0.48518518518518516
0.4740740740740741
0.39925373134328357
0.43283582089552236
0.44029850746268656
0.45149253731343286
0.39552238805970147
0.4172661870503597
0.45323741007194246
0.4028776978417266
0.4028776978417266
0.4460431654676259
0.5679012345679012
0.4444444444444444
0.5020576131687243
0.51440329218107
0.46502057613168724
0.40310077519379844
0.3953488372093023
0.4573643410852713
0.4689922480620155
0.4263565891472868
0.4609053497942387
0.46502057613168724
0.448559670781893
0.4609053497942387
0.4609053497942387
0.38697318007662834
0.4367816091954023
0.46360153256704983
0.39846743295019155
0.41379310344827586
0.4377224199288256
0.3914590747330961
0.42704626334519574
0.39501779359430605
0.398576512455516
0.4785992217898833
0.46303501945525294
0.41245136186770426
0.4669260700389105
0.43190661478599224
0.4444444444444444
0.4061302681992337
0.39846743295019155
0.3831417624521073
0.4521072796934866
0.5137254901960784
0.47843137254901963
0.48627450980392156
0.4745098039215686
0.4588235294117647
0.45454545454545453
0.4356060606060606
0.39015151515151514
0.42803030303030304
0.42424242424242425
0.4496124031007752
0.41472868217054265
0.4108527131782946
0.4418604651162791
0.4844961240310077
0.39492753623188404
0.4782608695652174
0.427536231884058
0.44565217391304346
0.41304347826086957
0.44280442804428044
0.4280442804428044
0.42066420664206644
0.3985239852398524
0.3948339483394834
0.42412451361867703
0.41245136186770426
0.5136186770428015
0.5136186770428015
0.490272373540856
0.4596774193548387
0.4475806451612903
0.5080645161290323
0.46774193548387094
0.4435483870967742
0.4730290456431535
0.3983402489626556
0.47717842323651455
0.4896265560165975
0.49377593360995853
0.42412451361867703
0.43190661478599224
0.42412451361867703
0.4669260700389105
0.43190661478599224
0.4765957446808511
0.4765957446808511
0.4425531914893617
0.41702127659574467
0.4595744680851064
0.45390070921985815
0.44680851063829785
0.4397163120567376
0.41134751773049644
0.46099290780141844
0.42857142857142855
0.42448979591836733
0.4448979591836735
0.4122448979591837
0.4122448979591837
0.4262948207171315
0.5219123505976095
0.40239043824701193
0.5179282868525896
0.41832669322709165
0.40823970037453183
0.4044943820224719
0.41198501872659177
0.40074906367041196
0.4307116104868914
0.44106463878326996
0.42585551330798477
0.42585551330798477
0.467680608365019
0.39923954372623577
0.46124031007751937
0.38372093023255816
0.43410852713178294
0.4573643410852713
0.5310077519379846
0.4098360655737705
0.42213114754098363
0.569672131147541
0.4713114754098361
0.46311475409836067
0.4331983805668016
0.46558704453441296
0.5222672064777328
0.4777327935222672
0.43724696356275305
0.42412451361867703
0.44357976653696496
0.4708171206225681
0.4474708171206226
0.5097276264591439
0.40794223826714804
0.40794223826714804
0.4404332129963899
0.37184115523465705
0.4223826714801444
0.5179282868525896
0.41434262948207173
0.46215139442231074
0.4302788844621514
0.4900398406374502
0.4141791044776119
0.41044776119402987
0.4253731343283582
0.3694029850746269
0.44776119402985076
0.4151624548736462
0.44765342960288806
0.4259927797833935
0.44765342960288806
0.4259927797833935
0.43478260869565216
0.45849802371541504
0.4150197628458498
0.4308300395256917
0.48616600790513836
0.4448979591836735
0.4326530612244898
0.46530612244897956
0.4448979591836735
0.46938775510204084
0.45525291828793774
0.4591439688715953
0.45136186770428016
0.45525291828793774
0.42412451361867703
0.41304347826086957
0.4384057971014493
0.40942028985507245
0.45652173913043476
0.4492753623188406
0.421455938697318
0.42528735632183906
0.4329501915708812
0.40229885057471265
0.41762452107279696
0.42857142857142855
0.44360902255639095
0.41353383458646614
0.40225563909774437
0.40225563909774437
0.43478260869565216
0.37681159420289856
0.3804347826086957
0.43478260869565216
0.4746376811594203
0.4185185185185185
0.4148148148148148
0.4703703703703704
0.5333333333333333
0.4740740740740741
0.41605839416058393
0.42700729927007297
0.4233576642335766
0.5036496350364964
0.4124087591240876
0.4367816091954023
0.4329501915708812
0.46360153256704983
0.4329501915708812
0.4061302681992337
0.4897959183673469
0.45714285714285713
0.47346938775510206
0.4775510204081633
0.44081632653061226
0.46153846153846156
0.46153846153846156
0.5182186234817814
0.44534412955465585
0.5020242914979757
0.4124087591240876
0.4233576642335766
0.4416058394160584
0.44525547445255476
0.4197080291970803
0.35563380281690143
0.40492957746478875
0.44014084507042256
0.397887323943662
0.3908450704225352
0.4641638225255973
0.3993174061433447
0.43686006825938567
0.4197952218430034
0.41638225255972694
0.4124087591240876
0.38686131386861317
0.42700729927007297
0.4197080291970803
0.39416058394160586
0.39615384615384613
0.43846153846153846
0.4307692307692308
0.41923076923076924
0.43846153846153846
0.4857142857142857
0.5428571428571428
0.47346938775510206
0.46938775510204084
0.4530612244897959
0.43448275862068964
0.38620689655172413
0.46206896551724136
0.43448275862068964
0.3896551724137931
0.44214876033057854
0.4132231404958678
0.45454545454545453
0.44214876033057854
0.4793388429752066
0.5127118644067796
0.5169491525423728
0.5466101694915254
0.4788135593220339
0.461864406779661
0.4372623574144487
0.4524714828897338
0.4600760456273764
0.376425855513308
0.43346007604562736
0.4444444444444444
0.4691358024691358
0.49382716049382713
0.5308641975308642
0.49382716049382713
0.4093567251461988
0.47368421052631576
0.4269005847953216
0.4502923976608187
0.47368421052631576
0.44970414201183434
0.46153846153846156
0.4437869822485207
0.46745562130177515
0.48520710059171596
0.5031055900621118
0.5217391304347826
0.5527950310559007
0.484472049689441
0.43478260869565216
0.4472049689440994
0.4968944099378882
0.484472049689441
0.5341614906832298
0.5341614906832298
0.49382716049382713
0.43209876543209874
0.4876543209876543
0.5123456790123457
0.5
0.4691358024691358
0.46296296296296297
0.49382716049382713
0.46296296296296297
0.4382716049382716
0.4484848484848485
0.47878787878787876
0.46060606060606063
0.4303030303030303
0.38181818181818183
0.5304878048780488
0.4695121951219512
0.47560975609756095
0.4573170731707317
0.5121951219512195
0.49079754601226994
0.4662576687116564
0.5030674846625767
0.4723926380368098
0.5276073619631901
0.4419889502762431
0.4530386740331492
0.425414364640884
0.49171270718232046
0.4696132596685083
0.4340659340659341
0.489010989010989
0.5
0.5439560439560439
0.5
0.3142857142857143
0.34285714285714286
0.3142857142857143
0.3
0.38571428571428573
0.36764705882352944
0.35294117647058826
0.3382352941176471
0.4117647058823529
0.4264705882352941
0.7162162162162162
0.35135135135135137
0.4189189189189189
0.3108108108108108
0.43243243243243246
0.36
0.44
0.3333333333333333
0.37333333333333335
0.32
0.4925925925925926
0.5481481481481482
0.5370370370370371
0.5592592592592592
0.5703703703703704
0.44776119402985076
0.4626865671641791
0.5223880597014925
0.34328358208955223
0.43283582089552236
0.4583333333333333
0.5277777777777778
0.4166666666666667
0.5138888888888888
0.4722222222222222
0.44776119402985076
0.5522388059701493
0.4626865671641791
0.6417910447761194
0.47761194029850745
0.4788732394366197
0.43661971830985913
0.5211267605633803
0.5070422535211268
0.5211267605633803
0.44776119402985076
0.4626865671641791
0.5970149253731343
0.43283582089552236
0.40298507462686567
0.4426229508196721
0.5081967213114754
0.5737704918032787
0.5245901639344263
0.5737704918032787
0.5238095238095238
0.3968253968253968
0.47619047619047616
0.4444444444444444
0.3968253968253968
0.42424242424242425
0.5151515151515151
0.3939393939393939
0.45454545454545453
0.3939393939393939
0.524822695035461
0.5283687943262412
0.6099290780141844
0.5460992907801419
0.5319148936170213
0.5070422535211268
0.5563380281690141
0.5387323943661971
0.5035211267605634
0.5211267605633803
0.5907473309608541
0.5338078291814946
0.5587188612099644
0.5160142348754448
0.505338078291815
0.5
0.7333333333333333
0.6
0.5
0.4166666666666667
0.5224913494809689
0.4982698961937716
0.5432525951557093
0.5294117647058824
0.5294117647058824
0.3382352941176471
0.3235294117647059
0.36764705882352944
0.36764705882352944
0.4117647058823529
0.4634146341463415
0.4268292682926829
0.3902439024390244
0.4268292682926829
0.45121951219512196
0.42857142857142855
0.4166666666666667
0.32142857142857145
0.40476190476190477
0.2976190476190476
0.3275862068965517
0.4827586206896552
0.3448275862068966
0.3275862068965517
0.3620689655172414
0.3902439024390244
0.4146341463414634
0.4634146341463415
0.4878048780487805
0.36585365853658536
0.4262295081967213
0.4262295081967213
0.4098360655737705
0.4262295081967213
0.39344262295081966
0.421875
0.484375
0.453125
0.46875
0.375
0.5703703703703704
0.5185185185185185
0.5037037037037037
0.5555555555555556
0.4074074074074074
0.4925373134328358
0.5970149253731343
0.5373134328358209
0.4552238805970149
0.5
0.35384615384615387
0.3230769230769231
0.3230769230769231
0.3384615384615385
0.3230769230769231
0.43103448275862066
0.46551724137931033
0.4482758620689655
0.3793103448275862
0.4482758620689655
0.4262295081967213
0.4262295081967213
0.4918032786885246
0.45901639344262296
0.4262295081967213
0.49230769230769234
0.5538461538461539
0.6461538461538462
0.46153846153846156
0.49230769230769234
0.43478260869565216
0.4057971014492754
0.37681159420289856
0.391304347826087
0.391304347826087
0.5874125874125874
0.541958041958042
0.5454545454545454
0.5594405594405595
0.5664335664335665
0.4153846153846154
0.4153846153846154
0.47692307692307695
0.5538461538461539
0.5692307692307692
0.5151515151515151
0.5151515151515151
0.5454545454545454
0.5454545454545454
0.5050505050505051
