### Sentence 121
0.19331675251883473
0.1693420927249241
0.1416522460118988
0.2029500857737611
0.13456225910238015
### Sentence 190
0.23384976359134202
0.1671787405517617
0.1314045103600144
0.11908535153691237
0.20988577514028217
### Sentence 162
0.12157622905513332
0.1517208408933165
0.14198519843890223
0.15960102691761952
0.20786573485108373
### Sentence 360
0.15222109832845776
0.17056508946326362
0.19651655841469007
0.22572297945546066
0.14773998407781416
### Sentence 377
0.17311353323426984
0.08528527660887762
0.14566541709030215
0.18341079631678076
0.10834101360473
### Sentence 391
0.20086326426562098
0.14556303325337303
0.13460532761481708
0.17992207193590903
0.16554737467281883
### Sentence 397
0.17375921682739137
0.16924481552873652
0.15080012374350452
0.1695187675186794
0.16297932565585213
### Sentence 379
0.18649421305343444
0.2502740831571711
0.20938143878637924
0.1624046836466676
0.19198425979585546
### Sentence 203
0.12404136732351805
0.14601073731407155
0.20656705407447667
0.13077485684870396
0.19769776839670244
### Sentence 49
0.19414990450984726
0.2053110019885585
0.18484924680999817
0.17696634713584528
0.21237900756204628
### Sentence 420
0.15158378445362514
0.09081593665012667
0.05908295257074586
0.12240691017291251
0.08361474790848568
### Sentence 341
0.2095504727692971
0.17111212302496073
0.17715692072210765
0.13863597407569833
0.12382620030920248
### Sentence 355
0.2196713956021534
0.18349595011684494
0.16211286586930232
0.2167550267192942
0.15906418357211202
### Sentence 54
0.1783592067511459
0.1899916599980517
0.15722324265039153
0.24785533645754543
0.16412991760506096
### Sentence 288
0.18729543578173674
0.24636383790833602
0.21838448710621097
0.2370533585048754
0.2292604608151024
### Sentence 347
0.16258458120312816
0.1768380689348481
0.1284772823934514
0.09833463645249431
0.1743415874466555
### Sentence 233
0.17492503053779496
0.1574529583679934
0.2091358970637115
0.20490692570906416
0.19004140117128543
### Sentence 18
0.24616470677596755
0.17718380432789155
0.19891603018725856
0.26311732011223443
0.27053754521513595
### Sentence 354
0.18032592443341586
0.1433253698473654
0.1803105987128958
0.15238531428722396
0.12446179018874234
### Sentence 191
0.16369126981660062
0.1391346129840955
0.15795393158193005
0.182056504023024
0.1801423747601234
### Sentence 77
0.19603392745858159
0.22267365364537453
0.19074267742937645
0.17108014714670866
0.2451198455420707
### Sentence 412
0.3155068582823442
0.15004946906603542
0.32153525866092775
0.39885861520441235
0.19273951444032578
### Sentence 245
0.12356869006417154
0.15042491486351256
0.1423095131145018
0.1299485404355353
0.10413768562545458
### Sentence 262
0.1725502358983868
0.2315096316101169
0.18010892175282744
0.17535914721461898
0.21931512828881053
### Sentence 208
0.20663850689385613
0.22963272792812908
0.22403574649536784
0.1572101163002687
0.2121913755276306
### Sentence 418
0.08651733284239295
0.05370078067280224
0.11253315930282097
0.05566551114894274
0.039521472358876854
### Sentence 437
0.0627298274405142
0.030708541312848725
0.017603058974146654
0.006278951222496302
0.034990123355040245
### Sentence 147
0.18130191970538895
0.12975691233074219
0.11935462785217939
0.18891411266368807
0.14616306155508602
### Sentence 170
0.15346410318823553
0.14104965071069708
0.24131595677288273
0.18883564389477003
0.18337365952793477
### Sentence 81
0.16688884792830994
0.20318206897368032
0.2563113085819256
0.19271704085335498
0.17617819349559805
### Sentence 300
0.18115648938025108
0.15977803565513235
0.19345906360199058
0.18233551501949666
0.2278110538334215
### Sentence 198
0.19433271234074695
0.15841831017225333
0.1371624773863339
0.15769411767350927
0.18608055198226423
### Sentence 399
0.21930585736986016
0.1844066356751488
0.2349311515279329
0.11276858122538112
0.17684375357645077
### Sentence 400
0.18307818653285077
0.17623516868051609
0.16574637882288065
0.19343126386593607
0.23283994152902138
### Sentence 408
0.14929776343118456
0.16486167951407746
0.16123818172447413
0.21216712399971432
0.09615566098296142
### Sentence 242
0.16655778711442393
0.19409614577497714
0.15631452826946746
0.16459177775803527
0.14377861327847377
### Sentence 283
0.15317062835339929
0.15116211508566785
0.207144640558987
0.14756751689910677
0.17254324583847588
### Sentence 312
0.19476185405030172
0.19315150154304722
0.1733701421853437
0.2048224856148104
0.1525316796490146
### Sentence 232
0.17518197648163628
0.16865194616831522
0.14818385260067132
0.2068368487016457
0.2262475376330381
### Sentence 28
0.2051159804547294
0.19398265524880542
0.17182840766653218
0.2092472448673528
0.15148371482105638
### Sentence 352
0.2203256634603793
0.17764043388940107
0.19766137455970667
0.171170533038512
0.20955643785532174
### Sentence 47
0.15892982730131525
0.18581523682588771
0.1634553471730787
0.17032063688237922
0.22264346261226844
### Sentence 334
0.2212131516681568
0.18302780439064695
0.20635085737930065
0.15031522848405413
0.14835729582068796
### Sentence 82
0.2002702282627743
0.12961448632299175
0.1797177712232298
0.1601955125427229
0.17756288220675556
### Sentence 362
0.20528323075289423
0.1818166118008041
0.17281084678751804
0.21032462926866474
0.15190629451675902
### Sentence 256
0.1834293691595936
0.1871560965309749
0.12173677075066087
0.21396188631408455
0.15526787808062528
### Sentence 381
0.1521349168179425
0.12798446488908755
0.14813059760596275
0.1549072890085803
0.12598474171463106
### Sentence 199
0.17304775183167886
0.14794080365495588
0.18550173062028014
0.16533499625521633
0.15603438227577593
### Sentence 254
0.1886357632681301
0.19146694487187796
0.19326073980889572
0.18009016063332856
0.16061942400522194
### Sentence 204
0.22173969604223762
0.20122374285860947
0.2054233052826661
0.19730773737050758
0.19926863071432313
### Sentence 42
0.1663365767630938
0.17466281101313605
0.20276738046969578
0.16806007790263974
0.15199193193991675
### Sentence 380
0.2129291162808395
0.19236807296685288
0.1499786360363563
0.2372681734743545
0.21045157142918597
### Sentence 46
0.15840476392752584
0.18177196794402267
0.17245119444302365
0.11553024037901713
0.2194334247784484
### Sentence 273
0.22223568651425007
0.18725226489048435
0.18534597314628704
0.18769277278835142
0.1732996945776023
### Sentence 193
0.17506506226451407
0.21828894330033422
0.21574436926894405
0.21887902119372105
0.1874909434542144
### Sentence 284
0.1935939238592462
0.2766760179107668
0.25633364686699717
0.217350787373976
0.2651845896062187
### Sentence 111
0.14889377666345735
0.149491358388161
0.20399505570334142
0.21762515837160923
0.16151338016295766
### Sentence 389
0.17014992636565204
0.21507579079738667
0.21252186200561107
0.1881548239769457
0.2662325668578986
### Sentence 7
0.014620742123937474
0.03447337518399461
0.04665523673805671
0.03408881499074045
0.02665618380199711
### Sentence 56
0.13215685560359075
0.18186941962412656
0.1270209786666064
0.20242407887325636
0.20653923549762027
### Sentence 378
0.1704306505607333
0.12748621313758435
0.1512772802842552
0.1813554185010705
0.22108348423431207
### Sentence 429
0.12997203883061975
0.06785808322034904
0.06736719576974143
0.10908864039990557
0.016574949162049157
### Sentence 16
0.2474627863680349
0.17936683697368463
0.25206566266458785
0.20590952245825628
0.26630394332719587
### Sentence 316
0.21791345403209858
0.14941358584632788
0.16806828956653963
0.16238244774671368
0.20210998844503483
### Sentence 151
0.2030155968848003
0.16958303898760743
0.20326486558891088
0.20677807657086233
0.2104259303001021
### Sentence 390
0.20959164485074047
0.21936905013880578
0.1993614012671705
0.17542526087468255
0.18856083228364168
### Sentence 45
0.17239008982327259
0.17697585799533871
0.20606910035440287
0.1725695989078921
0.19710058513386475
### Sentence 184
0.14611560485271183
0.1945018041128504
0.1782300711061447
0.16994487444738035
0.1520286256051264
### Sentence 74
0.18159444071269976
0.18239519271656285
0.24126322359395147
0.2026801505083583
0.20043262119978125
### Sentence 127
0.19536670399045947
0.18692475367475617
0.18536767126879422
0.14194325329576385
0.13871512127262117
### Sentence 338
0.18078669072036307
0.2002028470904422
0.20835597801831582
0.18957961830546108
0.13633332105160892
### Sentence 281
0.181986927209692
0.17701694829462047
0.1281539827418376
0.15090130878525282
0.15331381148475887
### Sentence 392
0.17387487526938716
0.17191849632107453
0.22668998967466625
0.22556456832142655
0.174891005003947
### Sentence 280
0.20179761763983778
0.18763656615540433
0.22466836578733182
0.21719421855902246
0.1760695368930651
### Sentence 59
0.1966725384285575
0.20633411613678723
0.13253172074542816
0.20348488224831
0.15850394788671388
### Sentence 376
0.14802952233418973
0.15408106145081008
0.20779698748589187
0.21196665073089319
0.17417251814343296
### Sentence 331
0.1446126374465084
0.21019173577242475
0.21341226890833515
0.15580879811332468
0.1436705597044206
### Sentence 58
0.22290944179167185
0.20307403716084577
0.19415435980298343
0.21478706433639186
0.13187419830416627
### Sentence 297
0.1580368774688685
0.21495202317272408
0.21634470046747828
0.1928697022127862
0.14575369526100687
### Sentence 119
0.2013344541316422
0.1539706095099298
0.1501499398400578
0.19569617757311578
0.15379954182182293
### Sentence 243
0.24472384616471293
0.21382211142100108
0.16710397356901344
0.15797155051530132
0.16358079518705546
### Sentence 88
0.2111522393218742
0.15649317348555833
0.18279170234515318
0.18373002125764712
0.22872899980909137
### Sentence 251
0.1700944897122111
0.1941410061614844
0.2650831009171099
0.23794758399069452
0.18554625450996842
### Sentence 382
0.11059071511127606
0.15018972656725782
0.17278625180426307
0.225343148514674
0.18547670084935242
### Sentence 78
0.15943735077369617
0.16451504974566172
0.1530845281843308
0.14214300675144614
0.14170536271367476
### Sentence 83
0.13506539130312661
0.11442691764898023
0.15263308522269226
0.1463616348753945
0.18605171292745182
### Sentence 207
0.1698870690317458
0.17061416889294756
0.18033336403181285
0.2171139565350859
0.22672724127047747
### Sentence 192
0.22328003586853515
0.1421856723121689
0.26729664343850357
0.2069019045302921
0.16196098112198923
### Sentence 20
0.1539739054096848
0.21076840486943998
0.24194117907849594
0.1505354396415771
0.19357245399897421
### Sentence 146
0.10705004630393737
0.16691177137532337
0.15091441358771812
0.1366935350753753
0.1253144780033288
### Sentence 441
0.07890599173898473
0.074376859539989
0.002948090185166234
0.002393381916790979
0.1532302491135582
### Sentence 31
0.18722567565328654
0.18958019068827697
0.20579121934077108
0.20622594986643333
0.2631345099652669
### Sentence 373
0.1528040331904204
0.20136795120000933
0.17941944356152797
0.2046246629435133
0.20198141244852966
### Sentence 158
0.12226124593359712
0.1653957383540336
0.21184905240488075
0.18000877375459332
0.13443249550394548
### Sentence 182
0.18322410137981815
0.17632671439702974
0.1927252074207001
0.13803340199065442
0.12776127352320266
### Sentence 282
0.12144150964190155
0.16009023883297552
0.12853407347452311
0.1817876238917028
0.1660626678190279
### Sentence 403
0.15596069830458376
0.16239547333928192
0.18818596556037634
0.16611722142999102
0.21351976156416197
### Sentence 250
0.1815387385751001
0.19624107442219935
0.23404481196150706
0.1311348013800245
0.1295144488200364
### Sentence 106
0.18079650513510084
0.17829643896888245
0.21818196363785472
0.21314034098168436
0.21655070189123035
### Sentence 415
0.032770223767614105
0.019300330910952446
0.020730815820730192
0.027600931311017735
0.0242921805110412
### Sentence 211
0.1903093710437691
0.20477810791486759
0.19527897238429734
0.15769083519730173
0.1654039917920319
### Sentence 393
0.19628679801926685
0.1761318223644563
0.17606848254400467
0.16415655937202717
0.14150904717899332
### Sentence 101
0.14857626879628597
0.13239416874577062
0.12616782817237918
0.1550141656447529
0.12983202949090317
### Sentence 90
0.22014272740192015
0.1904357947262037
0.20180644519520202
0.21531573435762869
0.2033456156533714
### Sentence 271
0.07909292834826152
0.16804647784067528
0.13166647746023205
0.1740966452596329
0.12457562786077665
### Sentence 222
0.2302957769005802
0.14081500627627905
0.17235027592785032
0.1678063702876199
0.1586992813927446
### Sentence 5
0.009529247525399607
0.025802670812238512
0.021066935314331278
0.01726297370666207
0.010197968385030797
### Sentence 266
0.2181193282066707
0.17711163455565512
0.1489682633765038
0.15543767561840952
0.17007707292275323
### Sentence 186
0.11771194947640773
0.207619173854088
0.20107521889195606
0.22641119902587417
0.18902460141853503
### Sentence 148
0.20279206043047732
0.1467898972123513
0.2185215839424534
0.14566931332461236
0.11227976353611281
### Sentence 36
0.13471061147158483
0.20272032845890844
0.23355058945243695
0.21746054395200676
0.1720468411381842
### Sentence 40
0.11364500182352415
0.17467026820322906
0.14344299409411118
0.1826929532545682
0.17440688460219758
### Sentence 277
0.2505308853655801
0.20252153195386755
0.15949507120338552
0.17254193963164838
0.17895845479657263
### Sentence 159
0.16743569991481705
0.1395206602971227
0.17775123519049102
0.11714201189352354
0.16702290767585132
### Sentence 313
0.16409001763779216
0.19664834405913614
0.1517935117816733
0.17858400888059178
0.24132757056714432
### Sentence 115
0.1776275601569066
0.15796852666885414
0.19498163338452484
0.19276079568414714
0.14879283665296716
### Sentence 299
0.2144034503170803
0.2134145825868344
0.16470846943623438
0.14931965422381593
0.1920984411885639
### Sentence 438
0.08988598517262092
0.08629597344816599
0.11471839108488799
0.0681750433581013
0.09796992388638621
### Sentence 181
0.15777234657873923
0.18928066641057212
0.21559026132943251
0.14690932074935775
0.1576897311085466
### Sentence 445
0.014117509329828274
0.03601139795117733
0.03824997179551767
0.021823203089070625
0.053039410763570966
### Sentence 432
0.28240222305958657
0.17857756033878436
0.31035767293839367
0.129197535444275
0.12447308149970163
### Sentence 319
0.16069984089606526
0.13522331323762257
0.12933193817992825
0.12611022371963657
0.15558885515773324
### Sentence 410
0.11197367156416033
0.11095898420671489
0.15405057041439568
0.12838488608064585
0.08159920127226222
### Sentence 305
0.16470478533531982
0.22216187891296393
0.18359210761338243
0.16874529456497014
0.18816459547193798
### Sentence 357
0.1915508909381544
0.16808522884272376
0.16394365353974152
0.18751510226961152
0.21594933537269972
### Sentence 187
0.20573090786102372
0.18685084381316658
0.21945592816860546
0.19278044857377777
0.19072595132088394
### Sentence 136
0.20423400401417444
0.15413735940522982
0.22488209980041243
0.21131748763013214
0.23083962601993802
### Sentence 26
0.22720109487163498
0.24498927591394862
0.25501706083760267
0.21151934151646945
0.2353467741152322
### Sentence 166
0.131079796583453
0.11547349131350136
0.1349027182058492
0.12820352507827598
0.13051149940588383
### Sentence 157
0.23922866484076935
0.23234346697186614
0.18302310148433204
0.20343273251843938
0.17550629310539678
### Sentence 161
0.15356819778623668
0.24142452526505548
0.1742775838167877
0.23830441868218707
0.23529547551899388
### Sentence 110
0.17303729109864346
0.14959959755797667
0.1879518174716689
0.16635434465766225
0.20415853418388047
### Sentence 6
0.06233327316235216
0.0788924888067427
0.0869532236778536
0.0823411335563598
0.08249142983402288
### Sentence 210
0.14904193146697914
0.16507215179242013
0.17940528681267284
0.14629823749223542
0.14920313059473125
### Sentence 274
0.12410104200043683
0.18416160967291026
0.15032920829625712
0.10147347692277811
0.142820269105271
### Sentence 73
0.2319559020608533
0.2506550245432887
0.13524294721427454
0.1742473385808014
0.2005095889339308
### Sentence 318
0.17104382427002293
0.2074107851596146
0.1710656509905727
0.14009386708211796
0.18357030820077685
### Sentence 112
0.20749794345398212
0.14863654636402354
0.19069723039047626
0.19061364068811243
0.2375094979170257
### Sentence 292
0.23137086995090697
0.20152914805583524
0.2268605981286443
0.2388629250117901
0.15706936296431495
### Sentence 351
0.14771658884570305
0.18590946355870858
0.23529391204659522
0.16817081977291012
0.23162991661491344
### Sentence 372
0.15916493055663056
0.20532824226065968
0.2208141833283325
0.1922395968085456
0.21260550585788748
### Sentence 344
0.16508473407642274
0.1626893699646352
0.22615070088649566
0.1807106040254353
0.17313333954504231
### Sentence 218
0.1310825068073736
0.1708577314462248
0.16621713214493333
0.1453070745826406
0.2114470274345062
### Sentence 2
0.06621068666687518
0.060006669532727305
0.05767208892652556
0.055022142887526986
0.037949601637837116
### Sentence 63
0.16724873662919842
0.17616913861315894
0.20909408382132388
0.15902115937471065
0.20039869840374572
### Sentence 264
0.17496359193502373
0.20584484599984526
0.13634597517106362
0.1916057743949293
0.24510340872041922
### Sentence 134
0.26014480156208936
0.2549698299106947
0.19259965969864498
0.23341347499670223
0.15650118338185298
### Sentence 179
0.27946848159383836
0.18797676370162927
0.13432320320527358
0.19484749189519657
0.22037144356110253
### Sentence 345
0.21352624696299988
0.19609864963979928
0.1995322507262749
0.17836534137728668
0.18214008261000378
### Sentence 24
0.25322367955881137
0.2559493452689234
0.23736717106099922
0.23822739725068406
0.21306877082112696
### Sentence 122
0.198106008828957
0.2333307453877767
0.16508212658739632
0.26240699208838847
0.193380540775989
### Sentence 361
0.14935101650514193
0.19779484208197515
0.1719443891440242
0.1634200132124249
0.15797205091070105
### Sentence 70
0.15831365571808245
0.17685141206954966
0.17989386685405714
0.18354212711725323
0.20527243082546312
### Sentence 189
0.19184762172429173
0.19113284371213407
0.15197340018633343
0.20368440468041912
0.18378398474833882
### Sentence 383
0.1882961217122773
0.15362791951555677
0.19245886819723756
0.18083906884415205
0.2029883631645314
### Sentence 364
0.17466693357999993
0.17665895011277755
0.21498541541249686
0.1665311194579656
0.21636387183055086
### Sentence 120
0.22844172678174537
0.20684102678839986
0.24902293733422812
0.2004162688154795
0.2044737251731834
### Sentence 180
0.15705617683963027
0.17768125284318342
0.1521713291914782
0.13571825608170446
0.1752292147863417
### Sentence 13
0.19333394042190824
0.1734709644227158
0.1840766025080971
0.20647580349729702
0.21854110584884612
### Sentence 140
0.16953059675523605
0.1323609149702601
0.20238014109968694
0.16806175468056403
0.18148393446600147
### Sentence 240
0.19039038943832565
0.18797976076642128
0.2121886790706914
0.18991239188309852
0.21129636971683702
### Sentence 22
0.21045753113771468
0.28186857963864115
0.2307592970293875
0.16442656375122164
0.1658384125264676
### Sentence 291
0.17829449048719118
0.2230652868454372
0.21237232093191552
0.21760642878226222
0.23656053334991323
### Sentence 98
0.17703507280411734
0.19427032088352292
0.19952166494739773
0.15979071943720424
0.17138173912927268
### Sentence 406
0.23329638102862413
0.23267258056014783
0.2129532858405368
0.1463567452956508
0.17367551088334104
### Sentence 108
0.1700066473456204
0.11348677345215451
0.09597391043881845
0.17777278208848463
0.15840500907244304
### Sentence 268
0.16005845522858606
0.16849750087866472
0.20934825421701883
0.147240184152908
0.2434862346807744
### Sentence 416
0.057950229076236474
0.06812338855716611
0.04369975431367031
0.06996230584979217
0.18514639961760207
### Sentence 221
0.2330993482602138
0.18924067076630674
0.17569116938014784
0.22436426025893622
0.21458891423934204
### Sentence 0
0.050999263718955946
0.0678157111252465
0.059245633719332544
0.04061309993418568
0.017235087232341732
### Sentence 359
0.21728012947768846
0.1997344853037507
0.14144809547986237
0.17825997368281007
0.2276173284499525
### Sentence 93
0.13246379662658353
0.22038431001982756
0.2893033407729871
0.1824950165754293
0.16990343837924854
### Sentence 33
0.0981368314294942
0.16468574271782557
0.15604493205592926
0.16391212682699746
0.1832275734304168
### Sentence 102
0.23608854734318463
0.20517979206377854
0.23019142476865065
0.19442947593776086
0.20675554740414845
### Sentence 23
0.15768063862522855
0.2023574214942999
0.1412105386983844
0.1693236455721066
0.24099257213719716
### Sentence 8
0.02699800536158579
0.05492933401813384
0.06003228112247749
0.03888602516665028
0.029135497856939353
### Sentence 125
0.16752827984671556
0.13421810834939388
0.22298924656041333
0.20889805602221356
0.17166165411496143
### Sentence 215
0.178842083770427
0.12094550401873513
0.11710924777791566
0.13547112107332682
0.1591515838702273
### Sentence 404
0.11945462763694904
0.21216221907691762
0.19904047292173271
0.183806114835266
0.15376831297145274
### Sentence 109
0.19896562520306654
0.18538132273584465
0.16641032452849908
0.21463718726514536
0.15398237865559147
### Sentence 386
0.23815608305776717
0.1911346698751416
0.13222925811247255
0.2291358951305269
0.23528579431482713
### Sentence 149
0.20909853527411623
0.14272552181882897
0.1676953512040328
0.1642707328188852
0.15010830538256936
### Sentence 185
0.16098956191638553
0.15294827441784273
0.20489250861828764
0.1915639958297173
0.13636241953659328
### Sentence 68
0.14816220921152257
0.16590534237129775
0.20510185412812978
0.18325854088766236
0.17565953131178363
### Sentence 371
0.18951484844873068
0.23173967748618032
0.16102318989355457
0.17149173462414602
0.24937807245652385
### Sentence 25
0.19251131354429887
0.188093008320594
0.18656312402885217
0.20846291714438114
0.14242263811074285
### Sentence 87
0.22559405448907088
0.19020404567477872
0.16356966616043236
0.19243145195810377
0.2121851643876201
### Sentence 269
0.14289814169860743
0.14243551224945436
0.20694918116547736
0.19317469176641014
0.17272936715230416
### Sentence 76
0.17089285342861754
0.1425910268292692
0.14462378075160176
0.13729919262166987
0.1409777033545057
### Sentence 419
0.10871978533948684
0.10246437983476071
0.06466822803484705
0.03612567942139988
0.08148150017040166
### Sentence 395
0.15563142612598596
0.1761342593612604
0.14260801465100412
0.21931744015952157
0.20213693890210602
### Sentence 353
0.17073575101101046
0.2114649601225553
0.23763666019699958
0.1709235535728276
0.14544098859313515
### Sentence 75
0.19108140643612487
0.17994099511216727
0.1555443855550225
0.14682163981388002
0.22634648041794334
### Sentence 330
0.24318350350581142
0.22779365033380614
0.2075404339372433
0.2007302746057487
0.2059626001680007
### Sentence 194
0.1717957684567899
0.14638167062799287
0.1671234299881431
0.1746536366202552
0.23312283020496405
### Sentence 65
0.13509411520242057
0.15733848507465253
0.12265726244946469
0.1557053757559623
0.17447687555724442
### Sentence 298
0.2084932264693931
0.24382764683246105
0.1688121723235561
0.18913018062922907
0.16051867832429995
### Sentence 38
0.16560247795541502
0.1565898796669825
0.2152003596854524
0.2155299160499189
0.2337128489613022
### Sentence 311
0.16787637883912337
0.12134550801669385
0.20623594776924575
0.18170198196599008
0.10238204969919111
### Sentence 304
0.17393186040751635
0.13997762090696306
0.148366085689799
0.1838431574263434
0.10348640720932321
### Sentence 154
0.12533044615686834
0.1531345921006048
0.1154529342611056
0.14359029801481604
0.14197460527562183
### Sentence 430
0.06795395987585207
0.1228168923814678
0.07533140086278196
0.08212775926143526
0.03055626673786148
### Sentence 10
0.1329872506589284
0.20433679872170304
0.18800413255535714
0.15803182705330304
0.18632335288729301
### Sentence 205
0.20420267699671707
0.17657067345234972
0.1956618946317426
0.1347497202702515
0.1786284986919745
### Sentence 3
0.04931642499817011
0.041922141928150726
0.029066575274640263
0.035703860995418495
0.014168974145265715
### Sentence 213
0.2199213158770038
0.1598630091573121
0.20124504953472216
0.16275172308081587
0.17200964379943384
### Sentence 315
0.2199066542770793
0.17328539193015405
0.2330831741809478
0.20340284984118182
0.2417692962759998
### Sentence 259
0.1268381997183631
0.1969180892104438
0.18096275847395227
0.12765202608658674
0.13098021462302528
### Sentence 214
0.17283325755557816
0.16274065896345818
0.19880831517882175
0.18528777141143973
0.16777703600341576
### Sentence 375
0.14592145215932587
0.1824788483894565
0.18593526921648626
0.22994020961800613
0.20855513019530908
### Sentence 421
0.045454000528335266
0.04982184296981855
0.07732896634241332
0.08521102512091185
0.05999199104688919
### Sentence 128
0.1850417318836916
0.15168542782168595
0.17377005971433454
0.20480940748137924
0.1506076600420781
### Sentence 84
0.11355170624853865
0.11440514430467108
0.1286921450748018
0.132846527510255
0.2254653802259643
### Sentence 224
0.16083841729457263
0.19897522878000407
0.21237078493778244
0.18794263287389384
0.18305610504318023
### Sentence 107
0.17976705706737794
0.1847689820714904
0.22134353564817755
0.16356462078061718
0.15694986643075223
### Sentence 200
0.2237109150602589
0.20069608708872838
0.1883526589511267
0.17493680019181182
0.12378949645997045
### Sentence 131
0.10161235636805149
0.19179730298249822
0.197431452964466
0.07191023540482425
0.13732311237734524
### Sentence 270
0.14395599053646851
0.14030713540479753
0.22994289748127453
0.14995752290615955
0.21109564325147834
### Sentence 336
0.106262359655665
0.15481922544825075
0.13507012228204385
0.2195513040581139
0.21157476592993907
### Sentence 12
0.1487487119593802
0.13475382769486038
0.18472269306053274
0.15159644559343252
0.17068320599374315
### Sentence 394
0.16786454089036915
0.11285367410251512
0.20398606203086356
0.12749140555677158
0.20741288851343959
### Sentence 365
0.20455807614623595
0.2471323387583159
0.24657288888389656
0.3217546418413881
0.17180859044114913
### Sentence 171
0.224732146022732
0.15239585386487559
0.1705000259656984
0.16964287771291714
0.146908878148837
### Sentence 114
0.1778076347466065
0.1370969607061904
0.10966202248572307
0.1731089642464883
0.1451541108928063
### Sentence 99
0.17819614435686348
0.1923984617980229
0.22464296180887747
0.23140023323912481
0.14183011682492327
### Sentence 425
0.026267133475587397
0.02021130467519014
0.03230842411178513
0.019135735257906565
0.02942242512859735
### Sentence 431
0.07714790414190374
0.04255795185166021
0.11302988814386715
0.15811658201220727
0.09753653184625663
### Sentence 144
0.20002168352022384
0.13314085065264358
0.14507178724654224
0.18734157413265926
0.17513873564640167
### Sentence 433
0.07779675063740056
0.06408438000709099
0.07670368763964278
0.042572970816097414
0.06609134756956098
### Sentence 118
0.22826253216705572
0.21748433546199555
0.11617754985494448
0.1583353704189572
0.17345609485663477
### Sentence 55
0.21729559772249535
0.19769693660494514
0.19950456206134198
0.18543298472205297
0.21646343607828958
### Sentence 230
0.1797564994906069
0.17193261728624315
0.22544459469927602
0.15762418988009005
0.2234328205496677
### Sentence 442
0.12340291195424306
0.025051191862037126
0.12578169325314312
0.015084133011513406
0.09762999948561353
### Sentence 61
0.19615427139654515
0.221146554017159
0.2036405121772712
0.19021435478851273
0.2388199096752561
### Sentence 342
0.17630262349249531
0.2346169103972528
0.2492967834062399
0.20349543764120445
0.21626546159067084
### Sentence 278
0.19585639725284554
0.15114321769440195
0.08811996993913918
0.14343492588519494
0.112823500481462
### Sentence 320
0.25071135781832243
0.20655231700295362
0.22147037900031838
0.24739259012759723
0.2294144752290629
### Sentence 176
0.20022238639318854
0.1424358784528723
0.1439351475094126
0.17866315238325722
0.14136497872411033
### Sentence 411
0.10161539556755689
0.13775491109183463
0.3229278881280002
0.19780788459983123
0.19994401610474155
### Sentence 150
0.23482433905326236
0.207929093236015
0.2580892001210037
0.18336691782106204
0.22945470749686614
### Sentence 302
0.09249931803251352
0.18866854161523272
0.223337864210978
0.13436889931305146
0.16095331730070037
### Sentence 402
0.25801131756145507
0.1616463575460749
0.18002848276365313
0.2583802081789076
0.24557952895812463
### Sentence 422
0.045616598770876926
0.1474107190601804
0.10493633063883667
0.10814126302046605
0.10738208071722573
### Sentence 29
0.1436694505040664
0.1592290982093151
0.15644143683279296
0.2107463895241066
0.22230446703973594
### Sentence 327
0.13644621621999486
0.15005525543762963
0.10323230501979525
0.11145506965279528
0.17389024234163242
### Sentence 64
0.20633577516001472
0.20775309370203898
0.23771451166679156
0.14281712431148852
0.21089502420436393
### Sentence 229
0.14097125877004874
0.16067750130923933
0.13022824379354378
0.20337731289010164
0.18740471818730403
### Sentence 314
0.12587508113630247
0.17424882481438214
0.19177309176327081
0.18877746462515252
0.13420906583582778
### Sentence 293
0.12889941375757807
0.1744387823543315
0.15225255355810116
0.11653448187965847
0.17014175050074554
### Sentence 165
0.15272974283497934
0.16689225579795053
0.20839039039367252
0.17604140523054357
0.16632746885670754
### Sentence 366
0.18676353113519556
0.17832546960853757
0.15747830254747008
0.1357581807548281
0.19674374317762244
### Sentence 244
0.18891746929068948
0.18128655828247198
0.15965845989298683
0.14353240828995764
0.1599466692425946
### Sentence 328
0.1844076586283436
0.09327603501914909
0.12945054484679866
0.12405094237117002
0.14774895603564955
### Sentence 424
0.01457861638567944
0.035188683088142554
0.022839707530302407
0.01412288309974466
0.02660998379017778
### Sentence 216
0.24154079675641268
0.19589376723126795
0.17740467602137736
0.17609836093268216
0.22716518211125336
### Sentence 86
0.16712447139426428
0.16941779156056724
0.1862571403360864
0.15354838868158288
0.18915819129118827
### Sentence 92
0.11350227642379274
0.1589085342229505
0.17140928707531825
0.12795576095733902
0.17805665031141432
### Sentence 53
0.2147585020218987
0.1732775733142713
0.12915859037924715
0.19657777365436907
0.230714060858826
### Sentence 97
0.1792280610322027
0.18893998255669808
0.23156590966072566
0.11286638835618872
0.17366085616291407
### Sentence 436
0.03158584267443888
0.017267576707517107
0.07292023218189589
0.029784856719227492
0.03923773480219841
### Sentence 226
0.20206671649821764
0.1671201664153129
0.13783412946769558
0.22474787497300927
0.19571841083417038
### Sentence 66
0.19255092897532577
0.1771147861595763
0.26065949414722916
0.20730853747397496
0.14123166179640692
### Sentence 289
0.1657483595324516
0.15081248338140862
0.09311359245650598
0.12714986026287997
0.12746633218269693
### Sentence 444
0.052229406864306153
0.08858443587723948
0.056200537730766435
0.07868882301935341
0.08054396023022292
### Sentence 79
0.11726220369995248
0.17725516378076972
0.1688433902848767
0.1725426145874397
0.16771406670384761
### Sentence 236
0.24547562622545535
0.18886211642715234
0.20194033013103452
0.19745647009323336
0.19879180832641374
### Sentence 152
0.17818399939666252
0.19578602594296618
0.1860809154517586
0.20312884190259242
0.16107171225466665
### Sentence 308
0.24548861577868045
0.16172440736798882
0.19676669179935183
0.21443876744941406
0.17175576773753523
### Sentence 94
0.13715663377283555
0.154637049223176
0.13720017663479553
0.12283835004417538
0.1294843352730134
### Sentence 290
0.19285161132453832
0.1408428701847673
0.18988648291291071
0.1608756618267986
0.14997174902767157
### Sentence 265
0.10254606420309419
0.19149399196877007
0.13296443679379896
0.16413160598650672
0.16607529395058943
### Sentence 143
0.219921632805715
0.1729990283186406
0.19090053495416878
0.18652731680966428
0.2395114828403309
### Sentence 301
0.19738242539008455
0.26704719348685446
0.22471344771604237
0.166498343702274
0.16780243543336215
### Sentence 103
0.15584055732403457
0.18894908685662473
0.21781618694896956
0.2130873105316672
0.20963868046661976
### Sentence 60
0.21125744544884206
0.15409261641688535
0.1578289827179
0.2442617720193592
0.205680696230199
### Sentence 141
0.19095023449049545
0.20049818427214627
0.18423527970735967
0.2267382711923784
0.21318927776863106
### Sentence 206
0.17881586089094012
0.1747428129537957
0.20471929927166363
0.17063548213656343
0.17848778924901307
### Sentence 133
0.19790354857307665
0.1708247457694485
0.17207320637208195
0.16960472448350977
0.12182075188719765
### Sentence 57
0.19777242085508076
0.17456046040529466
0.21616682263794643
0.23301227760084192
0.1895683725741503
### Sentence 34
0.1745298315155576
0.1644771147272183
0.17017821157470417
0.1878218001590884
0.12994946676014257
### Sentence 434
0.004040601990099727
0.01742390858667311
0.035911854235299724
0.07537984680263533
0.004131685329230651
### Sentence 324
0.22813177575106164
0.14995384486481383
0.15551540476260714
0.1581003208103013
0.10547619015522178
### Sentence 15
0.17902616349007058
0.14032534528373067
0.14696421232495457
0.13617531820110043
0.2024855644579386
### Sentence 212
0.21374059924806083
0.10388780103621385
0.09859995051567415
0.157832339359464
0.14018348277979148
### Sentence 428
0.03892461014726817
0.024230600688896386
0.021090983168997175
0.023295419347444973
0.010397179088092871
### Sentence 178
0.21520277157180623
0.25061522520056495
0.14844458327424426
0.16700065769886746
0.1747961738379919
### Sentence 130
0.21086758583591153
0.18611184428345098
0.11321953950157544
0.20344203193199548
0.15530380186359363
### Sentence 172
0.12297211302666454
0.1326762264147523
0.1639606172004948
0.14064705092239557
0.14651936125437515
### Sentence 339
0.2315924441577867
0.1693424121175313
0.13604528824987974
0.14388636449411832
0.1795931935146866
### Sentence 287
0.1969800610981046
0.16272488620640452
0.13768192731022744
0.12000827498011946
0.16538696010062318
### Sentence 227
0.14681368729431948
0.18032574856480835
0.16966076535443864
0.20350497582807536
0.17730038257911335
### Sentence 443
0.036580307053859555
0.021013964731200707
0.02143619031662405
0.03270078655904576
0.04019975459404388
### Sentence 156
0.17322988752401652
0.2608215539892999
0.13208001698750826
0.18977360541712077
0.16586295604131734
### Sentence 177
0.20465043578041167
0.18431637379311114
0.1713680316452542
0.19685353787665266
0.21179335801622076
### Sentence 307
0.180658921192854
0.24215067037476404
0.22437830638949635
0.2200629798357351
0.18778447233940893
### Sentence 385
0.1728087548083071
0.14169668548886388
0.16478972948570675
0.1555686955897748
0.20927043448345092
### Sentence 343
0.18244109685696797
0.12956344814520018
0.1316289758915154
0.14633510337473854
0.12594558046322285
### Sentence 71
0.1189026060335683
0.14246131765968142
0.169882741469674
0.22539211175970436
0.23932029144464972
### Sentence 309
0.1796113665615164
0.19639584878142127
0.1978179323215637
0.17987292814347525
0.15539159142256856
### Sentence 100
0.18314494478244484
0.13890953782448967
0.13655132258004654
0.1197652570649729
0.1385623236706842
### Sentence 435
0.012308036675437012
0.04889709954852011
0.021366557001118967
0.015916204927972626
0.035828562077251346
### Sentence 35
0.20526289485073396
0.14872310660246124
0.21282107337633388
0.20983874133470143
0.21812269726091926
### Sentence 255
0.18651316574380644
0.13794615678857688
0.16160177686599764
0.12595280645363188
0.19122640054143816
### Sentence 167
0.20842647360962754
0.18168293086462367
0.22020289732356854
0.18382190943295074
0.1754001165195014
### Sentence 363
0.204353935955263
0.1306518189522526
0.22228379304839416
0.23363541896037626
0.18328065345187577
### Sentence 238
0.13434044785175345
0.13381242045922281
0.18239821620562308
0.14894708181101995
0.13356982247056454
### Sentence 41
0.16107174790159265
0.18862907987323105
0.18845101902512068
0.1350262699595707
0.1086040179242195
### Sentence 285
0.15969018522354486
0.24192991260996094
0.2732483351526648
0.17932539307292775
0.16677187504662366
### Sentence 317
0.1453538934460313
0.2124004323294074
0.1726470597021076
0.14942658299774686
0.1822097292156306
### Sentence 4
0.04100492348630344
0.04640850758370832
0.03421474405182783
0.021618769102282068
0.03833366829720839
### Sentence 348
0.12767215897101145
0.18396623919547364
0.18203508304124863
0.12712541701936203
0.10155953547066256
### Sentence 39
0.16910718338711667
0.17072250260736
0.18943718406875376
0.11963462099205585
0.17021421398671427
### Sentence 124
0.12895686543280818
0.14620441605742032
0.15431172641839888
0.1718664713179692
0.14733163700175772
### Sentence 137
0.1775051635315202
0.14171751883042547
0.19592583920734796
0.15420558708526758
0.1890997418404046
### Sentence 142
0.14177383987664743
0.19114022607495498
0.12274749487613448
0.2053725431220482
0.13860441432034148
### Sentence 195
0.17045275136005
0.13336672549349185
0.15891239133221596
0.1628201871383148
0.18005556518784782
### Sentence 132
0.1372507789587448
0.17816675743908986
0.19231814675307318
0.13159967963202054
0.1611801496294777
### Sentence 96
0.2046867883568721
0.18151085451491825
0.20387091204719548
0.20181295408401312
0.12444009786496325
### Sentence 414
0.17342325517558624
0.11175200199704773
0.21882392916890964
0.18877146272247383
0.23889545069419732
### Sentence 19
0.19882192056898956
0.19837635574527862
0.232634135612419
0.24915429246106832
0.17816671979755336
### Sentence 153
0.1671860377435867
0.14432830514524675
0.1540497257589624
0.21071071899873076
0.2069310972595197
### Sentence 44
0.14994903550377625
0.10952181613494262
0.1569885647020735
0.10477382079817889
0.14095485663023488
### Sentence 349
0.22383225719471095
0.1907643191131791
0.16878105396107193
0.1890547659525291
0.1761629386971339
### Sentence 370
0.1382339240129638
0.156759968508754
0.19893521078991566
0.1952722968105177
0.19292514884142647
### Sentence 169
0.13050198913319608
0.1435721634498529
0.1592043264597521
0.15551468702817958
0.18207528716805216
### Sentence 219
0.23770411527210308
0.21966088953674673
0.21904082603266273
0.18579113908876047
0.14759316987079005
### Sentence 257
0.16765007909982285
0.10053080002790495
0.1975395820889757
0.22247400025294398
0.2418623276977727
### Sentence 286
0.16654068264040361
0.17045384211253664
0.22739125124713108
0.19163240231823125
0.176044746952858
### Sentence 346
0.22045499725795023
0.20977226789271047
0.16368120117905824
0.20392527669342533
0.17074937120918376
### Sentence 401
0.15931314491419413
0.20620105460728635
0.2291657569667128
0.21311704152933936
0.15446160996736819
### Sentence 329
0.1877817097897905
0.18548987827275107
0.17595297451019015
0.21047758475449266
0.20205813876965462
### Sentence 427
0.03676535412288538
0.019863268633426658
0.04678221347686071
0.0615870106545539
0.044009302620119845
### Sentence 369
0.14462897250534215
0.24690344364726383
0.17897596623837364
0.15980620596981063
0.1529144201828915
### Sentence 231
0.19129253747349403
0.15198890913867802
0.11274392909002333
0.18887493352540294
0.1420025754635181
### Sentence 104
0.10877522007899287
0.17552108179434966
0.18602166837830372
0.18487105045835212
0.13993016597013305
### Sentence 80
0.19432254880449357
0.15983391863143517
0.14922938717585985
0.1459054649200558
0.15100202866446513
### Sentence 407
0.2426609948544573
0.20555493242630965
0.26191733073435175
0.21765831701848454
0.2294050865455269
### Sentence 69
0.16081894347086964
0.23608500497011137
0.20207563117105848
0.14495183064175451
0.1496707997658015
### Sentence 173
0.21509077778583321
0.11721139368188933
0.2378157403974092
0.16579367756659125
0.2459511375891371
### Sentence 1
0.0824820568615261
0.036429578064500194
0.03413790122415992
0.05539050872553591
0.04220502828235743
### Sentence 72
0.16980589714457017
0.14039720227053795
0.2120780015184089
0.18642607092481628
0.14727552659450194
### Sentence 303
0.19430046290227318
0.23547076966403765
0.21230714410075677
0.19098241966354282
0.16466387383872208
### Sentence 413
0.27475012656733855
0.2576067707148947
0.21406689328260192
0.33290274486694865
0.22812750068059182
### Sentence 196
0.17586993663165307
0.1177552015599923
0.18818507592346445
0.1421025540490012
0.14871399684977157
### Sentence 85
0.2126266401482002
0.1893376071832392
0.11121567690335114
0.13169100998550415
0.1441079406644498
### Sentence 188
0.16414210402649257
0.16631215910710886
0.1765672662989156
0.20088514387776998
0.16005426955807212
### Sentence 333
0.23478168548095912
0.27202873539084527
0.22735306440502548
0.20283548686886124
0.22164239856350038
### Sentence 374
0.11649521438313439
0.13483667611193514
0.14702760966074366
0.12291467737751355
0.1511671087010368
### Sentence 30
0.13137513175362542
0.16109441415073278
0.2074377469961614
0.20848306328726696
0.12179073501573491
### Sentence 398
0.14065051974945644
0.17333806679040453
0.14378116951426684
0.15598588922804082
0.17917363758045662
### Sentence 246
0.20982240909470776
0.19352710129138193
0.2059114250369319
0.21142833438081104
0.18269461625690173
### Sentence 105
0.1605647352717105
0.18087263683370397
0.17705298774958078
0.1006884230606653
0.18654227399736714
### Sentence 276
0.12343854771961321
0.1534185537669206
0.17079058609803
0.16226723782900437
0.1294152122190621
### Sentence 260
0.20563290844532847
0.18709379311355814
0.1571509301814835
0.21248783913990218
0.11455289337254895
### Sentence 27
0.2870170130479497
0.21327332759084136
0.2379864440521177
0.1956154751435917
0.19633998654995136
### Sentence 117
0.23640985389547686
0.12512939727370007
0.1267043905283922
0.1587051082352911
0.13120504210789213
### Sentence 272
0.1543268114279159
0.16193155335341217
0.19938079152381216
0.141899476407588
0.17177186468521558
### Sentence 252
0.18516090922167827
0.1842609477642302
0.1545419607286805
0.2235340430332639
0.17116906214000174
### Sentence 326
0.18999308468972276
0.16454884606331713
0.18693970380988353
0.217837431762631
0.18224342264076965
### Sentence 113
0.19158838035645204
0.22288436737261508
0.16635825483945255
0.18562586269883494
0.23504647054038025
### Sentence 306
0.18165225708925936
0.16165000752372966
0.1598422778070265
0.194325126063161
0.19747658949354624
### Sentence 43
0.19606904527791463
0.14113713083658128
0.17938136668092725
0.16679436006066517
0.17146473720955488
### Sentence 139
0.1945340595396951
0.17491554797351444
0.18370946812869424
0.13152253720867593
0.2035346964074979
### Sentence 234
0.15483371905063917
0.12302357349333101
0.13745594993366864
0.19866515742526705
0.1446715265393799
### Sentence 237
0.14132575077530465
0.2035438031446556
0.22457854260024449
0.19897968934653618
0.19046494825342616
### Sentence 249
0.22356952761788274
0.18184195881254653
0.20123793043694538
0.21868267375033124
0.21917541250719674
### Sentence 126
0.16773921751542847
0.20636679291261845
0.21966835140098256
0.1754381247789097
0.236018654193686
### Sentence 423
0.09660684757298275
0.07210335705190515
0.06091236566643529
0.08355734579303924
0.0267183708621402
### Sentence 155
0.17382495834363199
0.16418565487854167
0.2138733222301099
0.20056070385070587
0.24346122248955923
### Sentence 123
0.2168813670013124
0.21222086587786324
0.17258065175571116
0.16258225926150596
0.15342204249651165
### Sentence 409
0.11794816268674271
0.12748771888973937
0.1016251839971134
0.11938724566807268
0.11286225456977858
### Sentence 258
0.20668536154297842
0.18414339116620776
0.20195241654405002
0.26292510269123714
0.2330757438568207
### Sentence 175
0.2112747194632762
0.1601105797015294
0.19074725612081045
0.16783320292648787
0.16849350724993956
### Sentence 367
0.1546299938601324
0.14869362445957426
0.15398763554678335
0.18828103684842298
0.18056745390835857
### Sentence 48
0.16153703525356158
0.18182439790080976
0.13969673285710088
0.13805590840372686
0.11967419615154834
### Sentence 296
0.19985314545248536
0.17723444197376434
0.17035161407757662
0.12834102444025822
0.17109023176328664
### Sentence 295
0.14768890208544552
0.16159705612611108
0.1839233809033256
0.1453044705378639
0.1739878889514818
### Sentence 247
0.18484677010513775
0.2012966616102509
0.20646249234454006
0.1898126119529236
0.16809556950882326
### Sentence 332
0.18846103438980186
0.18686667152989156
0.16865816482410115
0.1775322354046765
0.14899918195311265
### Sentence 50
0.16765685231020191
0.11790665045047807
0.16831936778635098
0.13503761007343784
0.1852265088020703
### Sentence 32
0.15171783943100983
0.20730652032177255
0.16586623768075898
0.15220851251178064
0.1351132915689998
### Sentence 11
0.22297918593118218
0.1777722535784048
0.1461981840569384
0.16198693509311485
0.17856345532151613
### Sentence 220
0.1920007190078712
0.24553046719714827
0.1451948015875488
0.18006319229695886
0.12206763074225395
### Sentence 37
0.16519855169276032
0.19398078266913693
0.157573231074285
0.12700711629597747
0.1560762179216239
### Sentence 14
0.1537845750363473
0.22318530780267823
0.16604446282461388
0.19607697421675155
0.24937029732456725
### Sentence 396
0.17116499059481258
0.10160495633304256
0.19202489733025752
0.1139688740150262
0.12412259789677223
### Sentence 340
0.13681560894027825
0.19880860379145604
0.12805888725535822
0.1464558064240267
0.17743835552480414
### Sentence 358
0.1834116667817831
0.16577661467869176
0.23185458346982266
0.22087788595465405
0.23101000370522545
### Sentence 417
0.050511975399865995
0.0796739464431769
0.11101891649624657
0.055783089272244436
0.06412767191786253
### Sentence 350
0.24323697212389295
0.17604302362218488
0.2170460500728855
0.2196641573231754
0.19329107333281872
### Sentence 163
0.15828169383370908
0.12292643459079144
0.17703478513939533
0.11386269873167083
0.12373687095283277
### Sentence 405
0.1903574618358839
0.19188832913863754
0.13271948962291827
0.21148760351859
0.18145874509659468
### Sentence 325
0.22180254392108764
0.18027349626591924
0.18229177631801355
0.17433765592076397
0.17345595651250217
### Sentence 116
0.19780927738044482
0.1780728619441285
0.195210046064188
0.17414721889417106
0.244475299495183
### Sentence 322
0.16742689515911516
0.22045791366421782
0.2175694569754647
0.21790028524340058
0.15755519366161053
### Sentence 310
0.13290946436011594
0.1367223109827683
0.1545783443803511
0.17494861970792414
0.20152539665583666
### Sentence 263
0.20328215342631487
0.18928577038934075
0.13402916726353933
0.18969892738837324
0.15919113546771482
### Sentence 95
0.17406813912306782
0.187795961027896
0.1686646542737722
0.15581424009095124
0.15775586588629556
### Sentence 91
0.1680596536598178
0.24520573722660563
0.1557695824416054
0.18471429831097316
0.23616593123504584
### Sentence 67
0.17859069405303202
0.22672884835670395
0.1621198499499119
0.1431209264924556
0.16012592456259217
### Sentence 261
0.16309667097410935
0.15596660012135227
0.1216064517203286
0.1753511356488559
0.14854341763991494
### Sentence 275
0.20674743724755001
0.2233658321442191
0.23965535381618347
0.1855163294151548
0.21107633666722142
### Sentence 323
0.1585940553131974
0.1282154794288916
0.21766386791098943
0.16503146944105246
0.1330510219725336
### Sentence 160
0.1897778530412618
0.2431839051466424
0.2405794539512026
0.2251978522472405
0.21138660153110178
### Sentence 145
0.1986530474875029
0.1893197837790409
0.21192267751552418
0.12018736959008373
0.16239308889286383
### Sentence 62
0.15327325085819937
0.14451680081696835
0.12702892938366342
0.1528133226913357
0.09625640622820515
### Sentence 217
0.18373977900119765
0.1919851582780545
0.22687282483269072
0.16422298776398664
0.17852856794493663
### Sentence 426
0.006762996167447005
0.018721477269054716
0.030979512340554204
0.03336933904177447
0.016172488604327556
### Sentence 337
0.22506633112919439
0.18848265207739226
0.17052939719594598
0.18539903554174936
0.2339881824598257
### Sentence 197
0.15258207893708797
0.1831664384753919
0.2131383562571382
0.20438443207078952
0.15130828485477088
### Sentence 223
0.13969096442092901
0.1272238999181831
0.1925227160369368
0.14244074728815886
0.16897762126733967
### Sentence 387
0.160973539327627
0.18207425276851663
0.13929610621669486
0.1505092384639214
0.18583819498059234
### Sentence 21
0.21786303989780428
0.19790235254736066
0.17677505365415996
0.23483365899747488
0.12758559635485284
### Sentence 248
0.17792351942134627
0.2138922739079658
0.20549896303392964
0.15403343820373644
0.1553497281947702
### Sentence 168
0.1116096278195004
0.1721217594186801
0.21955794019940852
0.1529863681642369
0.12149110840524951
### Sentence 388
0.2227070395964737
0.13201454581909033
0.12943069536661347
0.24166731622685428
0.17977692757030375
### Sentence 335
0.16432502603868937
0.226579889082461
0.2154064959543619
0.11865417552913446
0.21359360410400197
### Sentence 440
0.07412455249843049
0.0397040815720693
0.07072870468234797
0.03208041185797878
0.03503748588917976
### Sentence 321
0.21920774724802933
0.1814900812221302
0.18804734721559144
0.21400994599934609
0.2132770337011737
### Sentence 17
0.24393737396145723
0.10927373170746488
0.19813576823319853
0.19615342474503078
0.19538789218350122
### Sentence 164
0.12659752650578493
0.10693634849653234
0.14901390232109588
0.17090301681753703
0.1724050167401932
### Sentence 174
0.224564858315904
0.17155791041857793
0.1702903735058948
0.15806875025117775
0.19593148967488636
### Sentence 356
0.17402464736685222
0.17112423668624455
0.18010764169631702
0.2179199128297216
0.11048865739242576
### Sentence 368
0.20880533742709168
0.21565396574690077
0.21336709736972506
0.15641958161186886
0.2488344770762918
### Sentence 439
0.01579318666630962
0.08018623432501235
0.07840414720555007
0.03156346169300842
0.11182903333237626
### Sentence 279
0.20069134670175498
0.15417456066274732
0.19535176516110833
0.19793194409163986
0.16805804636759777
### Sentence 225
0.20250899472403364
0.18566574555992904
0.14901037794313438
0.1031344424422392
0.11411326930434221
### Sentence 202
0.1711883012312582
0.21086380233678348
0.15727853763047706
0.2308709490166299
0.23871822981735483
### Sentence 135
0.2072984576496566
0.2064382700228223
0.144450610545221
0.24760776728466927
0.21675266233949825
### Sentence 228
0.15649545407726626
0.18497394721411606
0.21366881109127753
0.22794524719898726
0.1870567655514542
### Sentence 384
0.17365255143849573
0.13022130407605667
0.07493345854944439
0.09845200256724451
0.1371921609089202
### Sentence 129
0.15642321485982016
0.1972303327535381
0.22335595770259345
0.1681545056342655
0.26705292497902194
### Sentence 209
0.19914327857445424
0.16475482865449223
0.12530837837171063
0.25413635856603517
0.23883971222043468
### Sentence 239
0.14082513432042268
0.21075311460618765
0.19179582148309535
0.16728689955878961
0.11319336110390553
### Sentence 241
0.17058747452099685
0.19049689317015372
0.12328218911924178
0.13905894608804967
0.10490739169487834
### Sentence 52
0.13302973741939522
0.15769760245934358
0.2435011432175248
0.17957707182944493
0.11855111840783755
### Sentence 9
0.09638613562831466
0.10930297564899573
0.11766877200793129
0.07818708309325263
0.09151865938410457
### Sentence 138
0.21085301016069521
0.17855732961315018
0.20086130565274282
0.23563141551637168
0.16100523171133338
### Sentence 267
0.14355402866385655
0.19232419387768762
0.1755889518716753
0.20807148002085532
0.212259490945429
### Sentence 183
0.16064719551064335
0.1564011383610629
0.15797985696775846
0.10132385333825221
0.15049005845444152
### Sentence 51
0.19810738372610825
0.16257452362068878
0.20150121138691554
0.1894310654930879
0.20758857264303818
### Sentence 201
0.10029327966962348
0.1451347058607354
0.20749056851053663
0.19307535765663136
0.1599366873192659
### Sentence 253
0.16875379684857172
0.19685688674999138
0.16405715968342283
0.21800627316427043
0.11770854868826372
### Sentence 294
0.2060665554196425
0.17631247588643767
0.1425189687916827
0.21092528581824466
0.211084536143613
### Sentence 235
0.14014521593694232
0.11230692017721014
0.175914896773401
0.12585804521251595
0.22439523145378823
### Sentence 89
0.1813389217357406
0.21068010996648984
0.2195704076275231
0.17523382632443252
0.178871829653438
