0.06060606060606061
0.0707070707070707
0.020202020202020204
0.020202020202020204
0.06060606060606061
0.041237113402061855
0.030927835051546393
0.07216494845360824
0.061855670103092786
0.061855670103092786
0.016877637130801686
0.029535864978902954
0.02531645569620253
0.02109704641350211
0.012658227848101266
0.006369426751592357
0.012738853503184714
0.01910828025477707
0.012738853503184714
0.012738853503184714
0.0022675736961451248
0.006802721088435374
0.009070294784580499
0.0045351473922902496
0.013605442176870748
0.014522821576763486
0.006224066390041493
0.004149377593360996
0.004149377593360996
0.006224066390041493
0.011523687580025609
0.015364916773367477
0.014084507042253521
0.010243277848911651
0.012804097311139564
0.006880733944954129
0.006880733944954129
0.006880733944954129
0.006880733944954129
0.006880733944954129
0.009375
0.0125
0.00625
0.009375
0.003125
0.04736842105263158
0.05789473684210526
0.03684210526315789
0.04736842105263158
0.05789473684210526
0.04790419161676647
0.05389221556886228
0.05389221556886228
0.04790419161676647
0.04790419161676647
0.03977272727272727
0.03977272727272727
0.03977272727272727
0.045454545454545456
0.03409090909090909
0.040229885057471264
0.034482758620689655
0.034482758620689655
0.040229885057471264
0.034482758620689655
0.04216867469879518
0.04216867469879518
0.03614457831325301
0.04819277108433735
0.04216867469879518
0.04819277108433735
0.04819277108433735
0.05421686746987952
0.05421686746987952
0.04819277108433735
0.05389221556886228
0.0718562874251497
0.05389221556886228
0.05389221556886228
0.04790419161676647
0.04790419161676647
0.05389221556886228
0.04790419161676647
0.04790419161676647
0.04790419161676647
0.047058823529411764
0.047058823529411764
0.052941176470588235
0.047058823529411764
0.047058823529411764
0.05813953488372093
0.046511627906976744
0.046511627906976744
0.046511627906976744
0.05232558139534884
0.047337278106508875
0.05325443786982249
0.047337278106508875
0.047337278106508875
0.05325443786982249
0.04945054945054945
0.04945054945054945
0.04395604395604396
0.04945054945054945
0.054945054945054944
0.037267080745341616
0.037267080745341616
0.043478260869565216
0.037267080745341616
0.037267080745341616
0.05232558139534884
0.05232558139534884
0.046511627906976744
0.046511627906976744
0.05813953488372093
0.09411764705882353
0.09411764705882353
0.1
0.09411764705882353
0.07058823529411765
0.275609756097561
0.17317073170731706
0.18536585365853658
0.2146341463414634
0.13902439024390245
0.15479876160990713
0.18575851393188855
0.1238390092879257
0.17337461300309598
0.15789473684210525
0.1346153846153846
0.1282051282051282
0.12179487179487179
0.1346153846153846
0.15384615384615385
0.028112449799196786
0.028112449799196786
0.028112449799196786
0.0321285140562249
0.028112449799196786
0.024734982332155476
0.028268551236749116
0.024734982332155476
0.024734982332155476
0.024734982332155476
0.030418250950570342
0.034220532319391636
0.030418250950570342
0.030418250950570342
0.030418250950570342
0.03018867924528302
0.03018867924528302
0.03018867924528302
0.026415094339622643
0.033962264150943396
0.027450980392156862
0.027450980392156862
0.027450980392156862
0.03137254901960784
0.03137254901960784
0.031007751937984496
0.027131782945736434
0.031007751937984496
0.03875968992248062
0.031007751937984496
0.03571428571428571
0.03571428571428571
0.03571428571428571
0.03571428571428571
0.03571428571428571
0.03501945525291829
0.042801556420233464
0.038910505836575876
0.03501945525291829
0.042801556420233464
0.03501945525291829
0.04669260700389105
0.038910505836575876
0.03501945525291829
0.042801556420233464
0.027237354085603113
0.027237354085603113
0.0311284046692607
0.027237354085603113
0.027237354085603113
0.03488372093023256
0.03488372093023256
0.03875968992248062
0.04263565891472868
0.03488372093023256
0.024390243902439025
0.024390243902439025
0.024390243902439025
0.024390243902439025
0.024390243902439025
0.03937007874015748
0.027559055118110236
0.027559055118110236
0.027559055118110236
0.027559055118110236
0.03787878787878788
0.03787878787878788
0.03409090909090909
0.03409090909090909
0.03409090909090909
0.03375527426160337
0.029535864978902954
0.03375527426160337
0.03375527426160337
0.029535864978902954
0.02867383512544803
0.025089605734767026
0.03225806451612903
0.035842293906810034
0.03942652329749104
0.033962264150943396
0.033962264150943396
0.033962264150943396
0.033962264150943396
0.033962264150943396
0.040145985401459854
0.0364963503649635
0.032846715328467155
0.032846715328467155
0.0364963503649635
0.025735294117647058
0.025735294117647058
0.025735294117647058
0.029411764705882353
0.03308823529411765
0.029045643153526972
0.029045643153526972
0.029045643153526972
0.029045643153526972
0.029045643153526972
0.036290322580645164
0.036290322580645164
0.036290322580645164
0.036290322580645164
0.036290322580645164
0.031007751937984496
0.027131782945736434
0.027131782945736434
0.031007751937984496
0.027131782945736434
0.027237354085603113
0.027237354085603113
0.0311284046692607
0.027237354085603113
0.027237354085603113
0.02880658436213992
0.02880658436213992
0.02880658436213992
0.02880658436213992
0.02880658436213992
0.03496503496503497
0.03496503496503497
0.03146853146853147
0.03146853146853147
0.03146853146853147
0.038461538461538464
0.026923076923076925
0.026923076923076925
0.026923076923076925
0.038461538461538464
0.02631578947368421
0.03007518796992481
0.03007518796992481
0.03383458646616541
0.02631578947368421
0.025735294117647058
0.025735294117647058
0.025735294117647058
0.03308823529411765
0.029411764705882353
0.02527075812274368
0.02527075812274368
0.02527075812274368
0.02527075812274368
0.02527075812274368
0.028688524590163935
0.028688524590163935
0.028688524590163935
0.03278688524590164
0.028688524590163935
0.03272727272727273
0.03636363636363636
0.03272727272727273
0.03272727272727273
0.03272727272727273
0.03515625
0.03515625
0.0390625
0.0390625
0.0390625
0.025179856115107913
0.025179856115107913
0.03237410071942446
0.02877697841726619
0.02877697841726619
0.03345724907063197
0.03345724907063197
0.03345724907063197
0.03345724907063197
0.03345724907063197
0.029850746268656716
0.029850746268656716
0.029850746268656716
0.03731343283582089
0.029850746268656716
0.046875
0.0390625
0.03515625
0.03515625
0.03515625
0.03007518796992481
0.03007518796992481
0.02631578947368421
0.03007518796992481
0.02631578947368421
0.029411764705882353
0.025735294117647058
0.025735294117647058
0.029411764705882353
0.025735294117647058
0.03308823529411765
0.03676470588235294
0.03676470588235294
0.03308823529411765
0.03308823529411765
0.02681992337164751
0.02681992337164751
0.02681992337164751
0.02681992337164751
0.02681992337164751
0.03643724696356275
0.03643724696356275
0.03643724696356275
0.03643724696356275
0.03643724696356275
0.028455284552845527
0.028455284552845527
0.032520325203252036
0.032520325203252036
0.032520325203252036
0.03345724907063197
0.040892193308550186
0.03345724907063197
0.03345724907063197
0.03345724907063197
0.024475524475524476
0.024475524475524476
0.024475524475524476
0.024475524475524476
0.027972027972027972
0.027450980392156862
0.027450980392156862
0.027450980392156862
0.03137254901960784
0.027450980392156862
0.03137254901960784
0.03529411764705882
0.03529411764705882
0.0392156862745098
0.043137254901960784
0.03296703296703297
0.029304029304029304
0.02564102564102564
0.029304029304029304
0.02564102564102564
0.02702702702702703
0.02702702702702703
0.02702702702702703
0.02702702702702703
0.02702702702702703
0.03272727272727273
0.03636363636363636
0.03272727272727273
0.04
0.03272727272727273
0.02973977695167286
0.026022304832713755
0.02973977695167286
0.026022304832713755
0.02973977695167286
0.026022304832713755
0.026022304832713755
0.026022304832713755
0.026022304832713755
0.026022304832713755
0.028925619834710745
0.028925619834710745
0.03305785123966942
0.028925619834710745
0.03305785123966942
0.03717472118959108
0.026022304832713755
0.03345724907063197
0.02973977695167286
0.02973977695167286
0.0326530612244898
0.02857142857142857
0.02857142857142857
0.02857142857142857
0.02857142857142857
0.037037037037037035
0.03333333333333333
0.03333333333333333
0.03333333333333333
0.03333333333333333
0.02867383512544803
0.03225806451612903
0.035842293906810034
0.03225806451612903
0.025089605734767026
0.04564315352697095
0.058091286307053944
0.058091286307053944
0.04564315352697095
0.04149377593360996
0.027450980392156862
0.027450980392156862
0.03137254901960784
0.027450980392156862
0.027450980392156862
0.032388663967611336
0.02834008097165992
0.02834008097165992
0.02834008097165992
0.03643724696356275
0.0311284046692607
0.027237354085603113
0.027237354085603113
0.042801556420233464
0.027237354085603113
0.04048582995951417
0.03643724696356275
0.03643724696356275
0.04048582995951417
0.03643724696356275
0.025830258302583026
0.02952029520295203
0.025830258302583026
0.025830258302583026
0.033210332103321034
0.03643724696356275
0.03643724696356275
0.03643724696356275
0.03643724696356275
0.03643724696356275
0.03501945525291829
0.038910505836575876
0.038910505836575876
0.03501945525291829
0.03501945525291829
0.03571428571428571
0.03214285714285714
0.03214285714285714
0.03214285714285714
0.03571428571428571
0.028225806451612902
0.028225806451612902
0.028225806451612902
0.03225806451612903
0.03225806451612903
0.027559055118110236
0.027559055118110236
0.027559055118110236
0.027559055118110236
0.027559055118110236
0.025925925925925925
0.025925925925925925
0.025925925925925925
0.025925925925925925
0.025925925925925925
0.03937007874015748
0.03543307086614173
0.03937007874015748
0.03937007874015748
0.03937007874015748
0.026022304832713755
0.02973977695167286
0.026022304832713755
0.026022304832713755
0.026022304832713755
0.027777777777777776
0.027777777777777776
0.027777777777777776
0.027777777777777776
0.027777777777777776
0.032490974729241874
0.032490974729241874
0.032490974729241874
0.032490974729241874
0.032490974729241874
0.03260869565217391
0.036231884057971016
0.036231884057971016
0.043478260869565216
0.03985507246376811
0.035856573705179286
0.035856573705179286
0.035856573705179286
0.035856573705179286
0.035856573705179286
0.03333333333333333
0.037037037037037035
0.03333333333333333
0.03333333333333333
0.03333333333333333
0.033962264150943396
0.03018867924528302
0.026415094339622643
0.026415094339622643
0.026415094339622643
0.02702702702702703
0.02702702702702703
0.03088803088803089
0.03088803088803089
0.02702702702702703
0.03488372093023256
0.03488372093023256
0.03875968992248062
0.03875968992248062
0.03875968992248062
0.029045643153526972
0.029045643153526972
0.029045643153526972
0.029045643153526972
0.029045643153526972
0.025735294117647058
0.025735294117647058
0.025735294117647058
0.025735294117647058
0.025735294117647058
0.02564102564102564
0.02564102564102564
0.02564102564102564
0.02564102564102564
0.02564102564102564
0.03571428571428571
0.03571428571428571
0.03571428571428571
0.04365079365079365
0.03571428571428571
0.028225806451612902
0.03225806451612903
0.028225806451612902
0.028225806451612902
0.028225806451612902
0.0299625468164794
0.026217228464419477
0.0299625468164794
0.026217228464419477
0.026217228464419477
0.03515625
0.03515625
0.0390625
0.03515625
0.03515625
0.03333333333333333
0.03333333333333333
0.037037037037037035
0.037037037037037035
0.03333333333333333
0.02909090909090909
0.025454545454545455
0.025454545454545455
0.025454545454545455
0.02909090909090909
0.03292181069958848
0.02880658436213992
0.03292181069958848
0.02880658436213992
0.02880658436213992
0.027131782945736434
0.027131782945736434
0.027131782945736434
0.031007751937984496
0.027131782945736434
0.027237354085603113
0.027237354085603113
0.027237354085603113
0.027237354085603113
0.027237354085603113
0.04032258064516129
0.036290322580645164
0.036290322580645164
0.036290322580645164
0.036290322580645164
0.03383458646616541
0.041353383458646614
0.03759398496240601
0.03759398496240601
0.03759398496240601
0.036585365853658534
0.04065040650406504
0.036585365853658534
0.04065040650406504
0.036585365853658534
0.032846715328467155
0.032846715328467155
0.032846715328467155
0.032846715328467155
0.032846715328467155
0.03557312252964427
0.03557312252964427
0.03557312252964427
0.03557312252964427
0.03557312252964427
0.025925925925925925
0.025925925925925925
0.025925925925925925
0.025925925925925925
0.02962962962962963
0.030716723549488054
0.03754266211604096
0.030716723549488054
0.030716723549488054
0.030716723549488054
0.03383458646616541
0.03383458646616541
0.03383458646616541
0.03383458646616541
0.03383458646616541
0.024822695035460994
0.024822695035460994
0.028368794326241134
0.024822695035460994
0.028368794326241134
0.03614457831325301
0.03614457831325301
0.03614457831325301
0.03614457831325301
0.03614457831325301
0.040983606557377046
0.040983606557377046
0.045081967213114756
0.036885245901639344
0.045081967213114756
0.025547445255474453
0.025547445255474453
0.025547445255474453
0.029197080291970802
0.029197080291970802
0.025830258302583026
0.025830258302583026
0.025830258302583026
0.02952029520295203
0.025830258302583026
0.04065040650406504
0.04065040650406504
0.04065040650406504
0.036585365853658534
0.036585365853658534
0.03787878787878788
0.041666666666666664
0.041666666666666664
0.03787878787878788
0.03787878787878788
0.03333333333333333
0.029166666666666667
0.029166666666666667
0.029166666666666667
0.029166666666666667
0.044534412955465584
0.032388663967611336
0.03643724696356275
0.032388663967611336
0.03643724696356275
0.028455284552845527
0.032520325203252036
0.028455284552845527
0.028455284552845527
0.028455284552845527
0.02766798418972332
0.03557312252964427
0.02766798418972332
0.02766798418972332
0.02766798418972332
0.033707865168539325
0.03745318352059925
0.03745318352059925
0.04119850187265917
0.03745318352059925
0.027450980392156862
0.027450980392156862
0.027450980392156862
0.027450980392156862
0.027450980392156862
0.030303030303030304
0.030303030303030304
0.030303030303030304
0.026515151515151516
0.026515151515151516
0.03292181069958848
0.02880658436213992
0.02880658436213992
0.02880658436213992
0.02880658436213992
0.036734693877551024
0.036734693877551024
0.036734693877551024
0.036734693877551024
0.036734693877551024
0.034220532319391636
0.030418250950570342
0.034220532319391636
0.030418250950570342
0.034220532319391636
0.03461538461538462
0.03461538461538462
0.03461538461538462
0.038461538461538464
0.03461538461538462
0.03435114503816794
0.03435114503816794
0.03435114503816794
0.03435114503816794
0.03435114503816794
0.036231884057971016
0.03260869565217391
0.03260869565217391
0.03260869565217391
0.03260869565217391
0.026415094339622643
0.03018867924528302
0.03018867924528302
0.03018867924528302
0.026415094339622643
0.029535864978902954
0.029535864978902954
0.029535864978902954
0.029535864978902954
0.029535864978902954
0.03474903474903475
0.03088803088803089
0.03088803088803089
0.02702702702702703
0.02702702702702703
0.03543307086614173
0.03937007874015748
0.03543307086614173
0.03543307086614173
0.03543307086614173
0.029045643153526972
0.029045643153526972
0.03734439834024896
0.029045643153526972
0.029045643153526972
0.04285714285714286
0.039285714285714285
0.03571428571428571
0.03214285714285714
0.03571428571428571
0.046511627906976744
0.03488372093023256
0.03488372093023256
0.03488372093023256
0.03488372093023256
0.029411764705882353
0.029411764705882353
0.029411764705882353
0.029411764705882353
0.029411764705882353
0.02631578947368421
0.03007518796992481
0.02631578947368421
0.02631578947368421
0.02631578947368421
0.03543307086614173
0.03543307086614173
0.03543307086614173
0.03543307086614173
0.03543307086614173
0.04048582995951417
0.04048582995951417
0.03643724696356275
0.03643724696356275
0.03643724696356275
0.045454545454545456
0.04132231404958678
0.04132231404958678
0.04132231404958678
0.04132231404958678
0.028225806451612902
0.028225806451612902
0.028225806451612902
0.028225806451612902
0.028225806451612902
0.03333333333333333
0.037037037037037035
0.03333333333333333
0.03333333333333333
0.037037037037037035
0.03875968992248062
0.03488372093023256
0.03488372093023256
0.03488372093023256
0.03488372093023256
0.036734693877551024
0.036734693877551024
0.036734693877551024
0.036734693877551024
0.036734693877551024
0.03816793893129771
0.03435114503816794
0.03435114503816794
0.03435114503816794
0.04198473282442748
0.029166666666666667
0.029166666666666667
0.0375
0.029166666666666667
0.0375
0.04044117647058824
0.03676470588235294
0.03308823529411765
0.03308823529411765
0.03676470588235294
0.03435114503816794
0.03435114503816794
0.03435114503816794
0.03435114503816794
0.03435114503816794
0.028455284552845527
0.028455284552845527
0.028455284552845527
0.032520325203252036
0.036585365853658534
0.03488372093023256
0.03488372093023256
0.03488372093023256
0.03488372093023256
0.03488372093023256
0.03488372093023256
0.03488372093023256
0.03875968992248062
0.03488372093023256
0.03488372093023256
0.03345724907063197
0.026022304832713755
0.026022304832713755
0.026022304832713755
0.026022304832713755
0.028688524590163935
0.03278688524590164
0.03278688524590164
0.03278688524590164
0.028688524590163935
0.045454545454545456
0.04924242424242424
0.041666666666666664
0.04924242424242424
0.03787878787878788
0.03305785123966942
0.028925619834710745
0.03305785123966942
0.03305785123966942
0.04132231404958678
0.033707865168539325
0.033707865168539325
0.033707865168539325
0.033707865168539325
0.033707865168539325
0.03237410071942446
0.03237410071942446
0.03237410071942446
0.03237410071942446
0.03237410071942446
0.029850746268656716
0.029850746268656716
0.026119402985074626
0.029850746268656716
0.029850746268656716
0.03636363636363636
0.03272727272727273
0.04
0.03636363636363636
0.03636363636363636
0.027559055118110236
0.027559055118110236
0.027559055118110236
0.031496062992125984
0.031496062992125984
0.031141868512110725
0.03460207612456748
0.03460207612456748
0.03460207612456748
0.03460207612456748
0.03272727272727273
0.03636363636363636
0.04
0.03636363636363636
0.03636363636363636
0.03278688524590164
0.028688524590163935
0.03278688524590164
0.028688524590163935
0.03278688524590164
0.037037037037037035
0.037037037037037035
0.037037037037037035
0.0411522633744856
0.037037037037037035
0.037037037037037035
0.025925925925925925
0.02962962962962963
0.02962962962962963
0.03333333333333333
0.04365079365079365
0.03968253968253968
0.04365079365079365
0.04365079365079365
0.047619047619047616
0.03474903474903475
0.03861003861003861
0.03474903474903475
0.03474903474903475
0.03474903474903475
0.03968253968253968
0.03571428571428571
0.03571428571428571
0.03968253968253968
0.03571428571428571
0.024054982817869417
0.024054982817869417
0.024054982817869417
0.024054982817869417
0.024054982817869417
0.052
0.036
0.044
0.056
0.044
0.036585365853658534
0.036585365853658534
0.036585365853658534
0.036585365853658534
0.036585365853658534
0.036885245901639344
0.036885245901639344
0.040983606557377046
0.040983606557377046
0.040983606557377046
0.024390243902439025
0.024390243902439025
0.024390243902439025
0.024390243902439025
0.024390243902439025
0.027450980392156862
0.027450980392156862
0.03137254901960784
0.03137254901960784
0.03137254901960784
0.027874564459930314
0.024390243902439025
0.024390243902439025
0.024390243902439025
0.0313588850174216
0.03296703296703297
0.03296703296703297
0.03663003663003663
0.03663003663003663
0.03296703296703297
0.04296875
0.0390625
0.03515625
0.03515625
0.0390625
0.03488372093023256
0.03488372093023256
0.03488372093023256
0.03875968992248062
0.03488372093023256
0.03529411764705882
0.0392156862745098
0.03529411764705882
0.03529411764705882
0.03529411764705882
0.04048582995951417
0.03643724696356275
0.04048582995951417
0.04048582995951417
0.03643724696356275
0.03508771929824561
0.03508771929824561
0.031578947368421054
0.03508771929824561
0.031578947368421054
0.03435114503816794
0.03435114503816794
0.03435114503816794
0.03435114503816794
0.03435114503816794
0.03571428571428571
0.047619047619047616
0.03571428571428571
0.03571428571428571
0.03968253968253968
0.03146853146853147
0.024475524475524476
0.03496503496503497
0.024475524475524476
0.027972027972027972
0.03515625
0.03515625
0.03515625
0.0390625
0.0390625
0.045454545454545456
0.03409090909090909
0.03409090909090909
0.03409090909090909
0.041666666666666664
0.034482758620689655
0.038314176245210725
0.038314176245210725
0.0421455938697318
0.038314176245210725
0.034722222222222224
0.034722222222222224
0.034722222222222224
0.03819444444444445
0.034722222222222224
0.04
0.04
0.04
0.036
0.04
0.028225806451612902
0.03225806451612903
0.03225806451612903
0.028225806451612902
0.028225806451612902
0.04263565891472868
0.03488372093023256
0.03488372093023256
0.03488372093023256
0.03875968992248062
0.044
0.04
0.044
0.044
0.04
0.025735294117647058
0.029411764705882353
0.025735294117647058
0.025735294117647058
0.025735294117647058
0.03765690376569038
0.03765690376569038
0.03765690376569038
0.03765690376569038
0.04184100418410042
0.02734375
0.02734375
0.02734375
0.02734375
0.03125
0.0449438202247191
0.033707865168539325
0.033707865168539325
0.03745318352059925
0.03745318352059925
0.0364963503649635
0.040145985401459854
0.032846715328467155
0.032846715328467155
0.032846715328467155
0.03146853146853147
0.03496503496503497
0.03146853146853147
0.03496503496503497
0.03146853146853147
0.033210332103321034
0.033210332103321034
0.033210332103321034
0.033210332103321034
0.033210332103321034
0.027237354085603113
0.0311284046692607
0.027237354085603113
0.027237354085603113
0.027237354085603113
0.03614457831325301
0.03614457831325301
0.03614457831325301
0.040160642570281124
0.03614457831325301
0.03409090909090909
0.03409090909090909
0.03787878787878788
0.03409090909090909
0.041666666666666664
0.033962264150943396
0.033962264150943396
0.03773584905660377
0.03773584905660377
0.033962264150943396
0.028985507246376812
0.03260869565217391
0.025362318840579712
0.036231884057971016
0.025362318840579712
0.02456140350877193
0.02456140350877193
0.02456140350877193
0.028070175438596492
0.028070175438596492
0.03333333333333333
0.037037037037037035
0.03333333333333333
0.040740740740740744
0.03333333333333333
0.036290322580645164
0.04032258064516129
0.04032258064516129
0.04032258064516129
0.04435483870967742
0.04980842911877394
0.0421455938697318
0.034482758620689655
0.034482758620689655
0.034482758620689655
0.028688524590163935
0.028688524590163935
0.028688524590163935
0.028688524590163935
0.03278688524590164
0.028688524590163935
0.028688524590163935
0.028688524590163935
0.028688524590163935
0.028688524590163935
0.028925619834710745
0.0371900826446281
0.0371900826446281
0.03305785123966942
0.03305785123966942
0.03461538461538462
0.03461538461538462
0.03461538461538462
0.03461538461538462
0.03461538461538462
0.026717557251908396
0.026717557251908396
0.026717557251908396
0.026717557251908396
0.026717557251908396
0.034722222222222224
0.027777777777777776
0.024305555555555556
0.024305555555555556
0.027777777777777776
0.02702702702702703
0.03088803088803089
0.02702702702702703
0.02702702702702703
0.03088803088803089
0.02491103202846975
0.028469750889679714
0.028469750889679714
0.02491103202846975
0.02491103202846975
0.03717472118959108
0.03717472118959108
0.03717472118959108
0.03345724907063197
0.03717472118959108
0.028225806451612902
0.028225806451612902
0.028225806451612902
0.028225806451612902
0.03225806451612903
0.026415094339622643
0.03018867924528302
0.026415094339622643
0.026415094339622643
0.026415094339622643
0.04059040590405904
0.033210332103321034
0.04059040590405904
0.033210332103321034
0.04059040590405904
0.03435114503816794
0.03816793893129771
0.03435114503816794
0.03435114503816794
0.03816793893129771
0.045454545454545456
0.045454545454545456
0.04132231404958678
0.049586776859504134
0.0371900826446281
0.033962264150943396
0.033962264150943396
0.033962264150943396
0.03773584905660377
0.033962264150943396
0.023972602739726026
0.0273972602739726
0.023972602739726026
0.023972602739726026
0.023972602739726026
0.03571428571428571
0.03571428571428571
0.03571428571428571
0.03571428571428571
0.03571428571428571
0.042704626334519574
0.042704626334519574
0.03914590747330961
0.03914590747330961
0.03914590747330961
0.025925925925925925
0.02962962962962963
0.025925925925925925
0.025925925925925925
0.025925925925925925
0.04048582995951417
0.04048582995951417
0.044534412955465584
0.03643724696356275
0.044534412955465584
0.034220532319391636
0.034220532319391636
0.034220532319391636
0.034220532319391636
0.034220532319391636
0.038314176245210725
0.034482758620689655
0.034482758620689655
0.034482758620689655
0.038314176245210725
0.03333333333333333
0.03333333333333333
0.03333333333333333
0.03333333333333333
0.03333333333333333
0.027888446215139442
0.027888446215139442
0.027888446215139442
0.027888446215139442
0.027888446215139442
0.027237354085603113
0.027237354085603113
0.027237354085603113
0.027237354085603113
0.027237354085603113
0.036
0.04
0.036
0.036
0.036
0.028688524590163935
0.028688524590163935
0.03278688524590164
0.028688524590163935
0.028688524590163935
0.027237354085603113
0.027237354085603113
0.027237354085603113
0.027237354085603113
0.027237354085603113
0.0392156862745098
0.043137254901960784
0.0392156862745098
0.0392156862745098
0.043137254901960784
0.03088803088803089
0.02702702702702703
0.02702702702702703
0.02702702702702703
0.02702702702702703
0.03162055335968379
0.02766798418972332
0.02766798418972332
0.02766798418972332
0.02766798418972332
0.04296875
0.03515625
0.03515625
0.0390625
0.0390625
0.03515625
0.04296875
0.046875
0.04296875
0.04296875
0.0326530612244898
0.0326530612244898
0.0326530612244898
0.0326530612244898
0.0326530612244898
0.02631578947368421
0.02631578947368421
0.02631578947368421
0.02631578947368421
0.02631578947368421
0.028225806451612902
0.028225806451612902
0.028225806451612902
0.028225806451612902
0.028225806451612902
0.03361344537815126
0.029411764705882353
0.029411764705882353
0.029411764705882353
0.029411764705882353
0.03690036900369004
0.033210332103321034
0.033210332103321034
0.033210332103321034
0.03690036900369004
0.02681992337164751
0.02681992337164751
0.02681992337164751
0.02681992337164751
0.02681992337164751
0.036734693877551024
0.036734693877551024
0.036734693877551024
0.036734693877551024
0.04081632653061224
0.04
0.036
0.036
0.032
0.036
0.037037037037037035
0.037037037037037035
0.03333333333333333
0.037037037037037035
0.037037037037037035
0.024390243902439025
0.024390243902439025
0.024390243902439025
0.024390243902439025
0.03484320557491289
0.02962962962962963
0.025925925925925925
0.02962962962962963
0.025925925925925925
0.025925925925925925
0.03409090909090909
0.03409090909090909
0.03409090909090909
0.03409090909090909
0.03409090909090909
0.03409090909090909
0.041666666666666664
0.04924242424242424
0.041666666666666664
0.041666666666666664
0.037037037037037035
0.037037037037037035
0.037037037037037035
0.037037037037037035
0.037037037037037035
0.03435114503816794
0.03816793893129771
0.03435114503816794
0.03435114503816794
0.03435114503816794
0.03409090909090909
0.03787878787878788
0.03409090909090909
0.03409090909090909
0.03787878787878788
0.03137254901960784
0.03529411764705882
0.03529411764705882
0.027450980392156862
0.027450980392156862
0.03571428571428571
0.03571428571428571
0.03571428571428571
0.03571428571428571
0.03968253968253968
0.03461538461538462
0.03461538461538462
0.03461538461538462
0.03461538461538462
0.03461538461538462
0.035842293906810034
0.03225806451612903
0.03225806451612903
0.035842293906810034
0.035842293906810034
0.03435114503816794
0.03816793893129771
0.03816793893129771
0.03435114503816794
0.03435114503816794
0.02456140350877193
0.02456140350877193
0.02456140350877193
0.02456140350877193
0.02456140350877193
0.027131782945736434
0.027131782945736434
0.027131782945736434
0.027131782945736434
0.031007751937984496
0.03461538461538462
0.03461538461538462
0.03461538461538462
0.03461538461538462
0.038461538461538464
0.03488372093023256
0.031007751937984496
0.031007751937984496
0.031007751937984496
0.031007751937984496
0.03076923076923077
0.03076923076923077
0.026923076923076925
0.03076923076923077
0.026923076923076925
0.04048582995951417
0.03643724696356275
0.03643724696356275
0.03643724696356275
0.04048582995951417
0.034482758620689655
0.034482758620689655
0.034482758620689655
0.034482758620689655
0.034482758620689655
0.029288702928870293
0.029288702928870293
0.03347280334728033
0.03347280334728033
0.029288702928870293
0.029661016949152543
0.03389830508474576
0.038135593220338986
0.03389830508474576
0.029661016949152543
0.03501945525291829
0.038910505836575876
0.038910505836575876
0.03501945525291829
0.058365758754863814
0.033582089552238806
0.033582089552238806
0.033582089552238806
0.033582089552238806
0.033582089552238806
0.03571428571428571
0.03968253968253968
0.03571428571428571
0.03968253968253968
0.03571428571428571
0.04198473282442748
0.03435114503816794
0.03435114503816794
0.03435114503816794
0.03435114503816794
0.03383458646616541
0.03759398496240601
0.03759398496240601
0.03759398496240601
0.03759398496240601
0.03501945525291829
0.03501945525291829
0.027237354085603113
0.038910505836575876
0.0311284046692607
0.034482758620689655
0.034482758620689655
0.038314176245210725
0.034482758620689655
0.034482758620689655
0.0390625
0.03125
0.0390625
0.03125
0.03125
0.0326530612244898
0.0326530612244898
0.04081632653061224
0.036734693877551024
0.0326530612244898
0.03663003663003663
0.03296703296703297
0.03663003663003663
0.03296703296703297
0.03296703296703297
0.03125
0.03125
0.03125
0.034722222222222224
0.03819444444444445
0.03914590747330961
0.03914590747330961
0.03558718861209965
0.03558718861209965
0.03914590747330961
0.02857142857142857
0.0326530612244898
0.02857142857142857
0.02857142857142857
0.02857142857142857
0.03260869565217391
0.036231884057971016
0.03260869565217391
0.03260869565217391
0.03260869565217391
0.039525691699604744
0.03557312252964427
0.039525691699604744
0.039525691699604744
0.039525691699604744
0.03260869565217391
0.03985507246376811
0.036231884057971016
0.043478260869565216
0.03260869565217391
0.0326530612244898
0.02857142857142857
0.02857142857142857
0.02857142857142857
0.02857142857142857
0.03383458646616541
0.03759398496240601
0.03759398496240601
0.03383458646616541
0.03383458646616541
0.028688524590163935
0.028688524590163935
0.028688524590163935
0.028688524590163935
0.028688524590163935
0.02888086642599278
0.02888086642599278
0.02527075812274368
0.02888086642599278
0.02888086642599278
0.03409090909090909
0.03409090909090909
0.03787878787878788
0.03409090909090909
0.041666666666666664
0.036101083032490974
0.032490974729241874
0.02527075812274368
0.039711191335740074
0.02888086642599278
0.02880658436213992
0.02880658436213992
0.02880658436213992
0.037037037037037035
0.0411522633744856
0.028688524590163935
0.03278688524590164
0.03278688524590164
0.028688524590163935
0.03278688524590164
0.03488372093023256
0.03488372093023256
0.03488372093023256
0.03488372093023256
0.03488372093023256
0.03296703296703297
0.03296703296703297
0.03296703296703297
0.03296703296703297
0.03296703296703297
0.03793103448275862
0.034482758620689655
0.03103448275862069
0.03103448275862069
0.03103448275862069
0.029304029304029304
0.02564102564102564
0.02564102564102564
0.02564102564102564
0.02564102564102564
0.043010752688172046
0.03225806451612903
0.035842293906810034
0.03225806451612903
0.03225806451612903
0.030534351145038167
0.03435114503816794
0.026717557251908396
0.030534351145038167
0.030534351145038167
0.025830258302583026
0.025830258302583026
0.025830258302583026
0.025830258302583026
0.025830258302583026
0.03515625
0.0390625
0.046875
0.03515625
0.03515625
0.036
0.036
0.036
0.036
0.036
0.03237410071942446
0.03237410071942446
0.03237410071942446
0.03597122302158273
0.03237410071942446
0.025925925925925925
0.025925925925925925
0.025925925925925925
0.025925925925925925
0.025925925925925925
0.02952029520295203
0.02952029520295203
0.033210332103321034
0.02952029520295203
0.02952029520295203
0.03765690376569038
0.04184100418410042
0.03765690376569038
0.04184100418410042
0.04184100418410042
0.034482758620689655
0.02681992337164751
0.03065134099616858
0.034482758620689655
0.03065134099616858
0.040145985401459854
0.040145985401459854
0.043795620437956206
0.032846715328467155
0.0364963503649635
0.027777777777777776
0.027777777777777776
0.027777777777777776
0.027777777777777776
0.031746031746031744
0.03690036900369004
0.033210332103321034
0.033210332103321034
0.03690036900369004
0.03690036900369004
0.034220532319391636
0.034220532319391636
0.034220532319391636
0.034220532319391636
0.034220532319391636
0.02681992337164751
0.03065134099616858
0.034482758620689655
0.03065134099616858
0.03065134099616858
0.03806228373702422
0.03460207612456748
0.03460207612456748
0.031141868512110725
0.03806228373702422
0.03137254901960784
0.03529411764705882
0.03529411764705882
0.03137254901960784
0.027450980392156862
0.03333333333333333
0.03333333333333333
0.03333333333333333
0.03333333333333333
0.03333333333333333
0.026515151515151516
0.026515151515151516
0.026515151515151516
0.030303030303030304
0.026515151515151516
0.03272727272727273
0.03272727272727273
0.03636363636363636
0.03636363636363636
0.03636363636363636
0.038910505836575876
0.038910505836575876
0.03501945525291829
0.03501945525291829
0.04669260700389105
0.03802281368821293
0.03802281368821293
0.045627376425855515
0.034220532319391636
0.03802281368821293
0.024822695035460994
0.031914893617021274
0.024822695035460994
0.03546099290780142
0.03546099290780142
0.03968253968253968
0.03571428571428571
0.03571428571428571
0.03571428571428571
0.03571428571428571
0.036
0.04
0.036
0.04
0.04
0.024390243902439025
0.024390243902439025
0.024390243902439025
0.024390243902439025
0.024390243902439025
0.03787878787878788
0.03787878787878788
0.03409090909090909
0.03787878787878788
0.03409090909090909
0.037037037037037035
0.040740740740740744
0.037037037037037035
0.037037037037037035
0.037037037037037035
0.02962962962962963
0.025925925925925925
0.025925925925925925
0.025925925925925925
0.025925925925925925
0.029850746268656716
0.029850746268656716
0.03731343283582089
0.029850746268656716
0.029850746268656716
0.039568345323741004
0.03237410071942446
0.03597122302158273
0.03237410071942446
0.03597122302158273
0.0411522633744856
0.037037037037037035
0.037037037037037035
0.0411522633744856
0.0411522633744856
0.031007751937984496
0.027131782945736434
0.027131782945736434
0.031007751937984496
0.027131782945736434
0.0411522633744856
0.037037037037037035
0.037037037037037035
0.037037037037037035
0.0411522633744856
0.04597701149425287
0.038314176245210725
0.034482758620689655
0.034482758620689655
0.034482758620689655
0.02491103202846975
0.02491103202846975
0.02491103202846975
0.02491103202846975
0.03558718861209965
0.03501945525291829
0.03501945525291829
0.03501945525291829
0.038910505836575876
0.03501945525291829
0.02681992337164751
0.03065134099616858
0.02681992337164751
0.02681992337164751
0.02681992337164751
0.03529411764705882
0.043137254901960784
0.0392156862745098
0.03529411764705882
0.03137254901960784
0.030303030303030304
0.03409090909090909
0.026515151515151516
0.03409090909090909
0.03409090909090909
0.027131782945736434
0.027131782945736434
0.027131782945736434
0.027131782945736434
0.027131782945736434
0.03260869565217391
0.03260869565217391
0.03260869565217391
0.036231884057971016
0.03260869565217391
0.03690036900369004
0.033210332103321034
0.033210332103321034
0.03690036900369004
0.03690036900369004
0.027237354085603113
0.038910505836575876
0.03501945525291829
0.027237354085603113
0.0311284046692607
0.028225806451612902
0.03225806451612903
0.03225806451612903
0.028225806451612902
0.028225806451612902
0.03734439834024896
0.03734439834024896
0.03734439834024896
0.03734439834024896
0.03734439834024896
0.03501945525291829
0.0311284046692607
0.0311284046692607
0.027237354085603113
0.03501945525291829
0.029787234042553193
0.029787234042553193
0.03404255319148936
0.03404255319148936
0.03404255319148936
0.031914893617021274
0.031914893617021274
0.03546099290780142
0.03546099290780142
0.03546099290780142
0.036734693877551024
0.04081632653061224
0.036734693877551024
0.04081632653061224
0.04081632653061224
0.0398406374501992
0.0398406374501992
0.0398406374501992
0.0398406374501992
0.035856573705179286
0.033707865168539325
0.03745318352059925
0.033707865168539325
0.033707865168539325
0.033707865168539325
0.034220532319391636
0.034220532319391636
0.034220532319391636
0.034220532319391636
0.034220532319391636
0.027131782945736434
0.03875968992248062
0.031007751937984496
0.027131782945736434
0.027131782945736434
0.03278688524590164
0.03278688524590164
0.028688524590163935
0.028688524590163935
0.028688524590163935
0.03643724696356275
0.03643724696356275
0.03643724696356275
0.03643724696356275
0.03643724696356275
0.03501945525291829
0.038910505836575876
0.03501945525291829
0.03501945525291829
0.038910505836575876
0.036101083032490974
0.032490974729241874
0.036101083032490974
0.032490974729241874
0.032490974729241874
0.03187250996015936
0.027888446215139442
0.03187250996015936
0.027888446215139442
0.027888446215139442
0.026119402985074626
0.029850746268656716
0.029850746268656716
0.026119402985074626
0.026119402985074626
0.036101083032490974
0.032490974729241874
0.036101083032490974
0.032490974729241874
0.036101083032490974
0.02766798418972332
0.02766798418972332
0.02766798418972332
0.02766798418972332
0.02766798418972332
0.036734693877551024
0.036734693877551024
0.036734693877551024
0.036734693877551024
0.036734693877551024
0.027237354085603113
0.0311284046692607
0.038910505836575876
0.0311284046692607
0.027237354085603113
0.036231884057971016
0.03260869565217391
0.03260869565217391
0.036231884057971016
0.03260869565217391
0.0421455938697318
0.038314176245210725
0.04980842911877394
0.04597701149425287
0.034482758620689655
0.03383458646616541
0.03383458646616541
0.03383458646616541
0.03383458646616541
0.03383458646616541
0.025362318840579712
0.028985507246376812
0.025362318840579712
0.025362318840579712
0.025362318840579712
0.037037037037037035
0.037037037037037035
0.044444444444444446
0.037037037037037035
0.03333333333333333
0.0364963503649635
0.032846715328467155
0.0364963503649635
0.0364963503649635
0.032846715328467155
0.03065134099616858
0.03065134099616858
0.038314176245210725
0.03065134099616858
0.038314176245210725
0.036734693877551024
0.04081632653061224
0.036734693877551024
0.036734693877551024
0.036734693877551024
0.04048582995951417
0.03643724696356275
0.05263157894736842
0.04048582995951417
0.04048582995951417
0.025547445255474453
0.025547445255474453
0.025547445255474453
0.029197080291970802
0.025547445255474453
0.03169014084507042
0.03169014084507042
0.035211267605633804
0.035211267605633804
0.03169014084507042
0.023890784982935155
0.027303754266211604
0.027303754266211604
0.023890784982935155
0.023890784982935155
0.032846715328467155
0.0364963503649635
0.032846715328467155
0.0364963503649635
0.040145985401459854
0.03461538461538462
0.03461538461538462
0.038461538461538464
0.03461538461538462
0.03461538461538462
0.036734693877551024
0.036734693877551024
0.036734693877551024
0.036734693877551024
0.036734693877551024
0.03103448275862069
0.03103448275862069
0.03103448275862069
0.03103448275862069
0.03103448275862069
0.0371900826446281
0.0371900826446281
0.0371900826446281
0.04132231404958678
0.0371900826446281
0.029661016949152543
0.029661016949152543
0.029661016949152543
0.029661016949152543
0.029661016949152543
0.026615969581749048
0.030418250950570342
0.026615969581749048
0.026615969581749048
0.026615969581749048
0.05555555555555555
0.04938271604938271
0.04938271604938271
0.04938271604938271
0.05555555555555555
0.06432748538011696
0.03508771929824561
0.03508771929824561
0.03508771929824561
0.03508771929824561
0.04142011834319527
0.03550295857988166
0.03550295857988166
0.04142011834319527
0.047337278106508875
0.037267080745341616
0.043478260869565216
0.049689440993788817
0.049689440993788817
0.037267080745341616
0.049689440993788817
0.049689440993788817
0.055900621118012424
0.055900621118012424
0.049689440993788817
0.04938271604938271
0.04938271604938271
0.04938271604938271
0.04938271604938271
0.04938271604938271
0.04938271604938271
0.04938271604938271
0.04938271604938271
0.05555555555555555
0.04938271604938271
0.048484848484848485
0.048484848484848485
0.048484848484848485
0.048484848484848485
0.048484848484848485
0.054878048780487805
0.07317073170731707
0.06707317073170732
0.042682926829268296
0.042682926829268296
0.049079754601226995
0.049079754601226995
0.03680981595092025
0.03680981595092025
0.049079754601226995
0.022099447513812154
0.049723756906077346
0.022099447513812154
0.03314917127071823
0.03314917127071823
0.01098901098901099
0.02197802197802198
0.02197802197802198
0.01098901098901099
0.016483516483516484
0.02857142857142857
0.02857142857142857
0.02857142857142857
0.014285714285714285
0.014285714285714285
0.014705882352941176
0.014705882352941176
0.014705882352941176
0.029411764705882353
0.029411764705882353
0.013513513513513514
0.013513513513513514
0.02702702702702703
0.02702702702702703
0.013513513513513514
0.013333333333333334
0.013333333333333334
0.013333333333333334
0.04
0.02666666666666667
0.037037037037037035
0.025925925925925925
0.02962962962962963
0.040740740740740744
0.044444444444444446
0.05970149253731343
0.04477611940298507
0.029850746268656716
0.029850746268656716
0.029850746268656716
0.041666666666666664
0.027777777777777776
0.027777777777777776
0.041666666666666664
0.041666666666666664
0.04477611940298507
0.029850746268656716
0.029850746268656716
0.04477611940298507
0.04477611940298507
0.028169014084507043
0.04225352112676056
0.056338028169014086
0.07042253521126761
0.04225352112676056
0.04477611940298507
0.04477611940298507
0.04477611940298507
0.029850746268656716
0.04477611940298507
0.04918032786885246
0.03278688524590164
0.04918032786885246
0.06557377049180328
0.03278688524590164
0.06349206349206349
0.047619047619047616
0.07936507936507936
0.047619047619047616
0.047619047619047616
0.015151515151515152
0.015151515151515152
0.030303030303030304
0.0
0.015151515151515152
0.0425531914893617
0.0425531914893617
0.03546099290780142
0.031914893617021274
0.031914893617021274
0.028169014084507043
0.035211267605633804
0.028169014084507043
0.02464788732394366
0.056338028169014086
0.03202846975088968
0.02491103202846975
0.02491103202846975
0.028469750889679714
0.03202846975088968
0.016666666666666666
0.03333333333333333
0.0
0.0
0.0
0.02422145328719723
0.04844290657439446
0.04498269896193772
0.03460207612456748
0.04498269896193772
0.22058823529411764
0.19117647058823528
0.1323529411764706
0.20588235294117646
0.17647058823529413
0.21951219512195122
0.32926829268292684
0.2682926829268293
0.2682926829268293
0.2926829268292683
0.19047619047619047
0.23809523809523808
0.15476190476190477
0.14285714285714285
0.21428571428571427
0.10344827586206896
0.10344827586206896
0.1206896551724138
0.10344827586206896
0.10344827586206896
0.23170731707317074
0.25609756097560976
0.24390243902439024
0.23170731707317074
0.2804878048780488
0.18032786885245902
0.19672131147540983
0.14754098360655737
0.16393442622950818
0.19672131147540983
0.015625
0.015625
0.03125
0.03125
0.015625
0.1111111111111111
0.05925925925925926
0.08148148148148149
0.05185185185185185
0.05185185185185185
0.05223880597014925
0.07462686567164178
0.08208955223880597
0.04477611940298507
0.06716417910447761
0.16923076923076924
0.18461538461538463
0.18461538461538463
0.16923076923076924
0.15384615384615385
0.017241379310344827
0.0
0.017241379310344827
0.017241379310344827
0.05172413793103448
0.03278688524590164
0.04918032786885246
0.01639344262295082
0.03278688524590164
0.11475409836065574
0.03076923076923077
0.03076923076923077
0.03076923076923077
0.015384615384615385
0.015384615384615385
0.08695652173913043
0.11594202898550725
0.08695652173913043
0.10144927536231885
0.10144927536231885
0.02097902097902098
0.027972027972027972
0.027972027972027972
0.024475524475524476
0.024475524475524476
0.03076923076923077
0.015384615384615385
0.015384615384615385
0.03076923076923077
0.0
0.06060606060606061
0.030303030303030304
0.030303030303030304
0.04040404040404041
0.04040404040404041
