0.04040404040404041
0.030303030303030304
0.0
0.0
0.04040404040404041
0.020618556701030927
0.020618556701030927
0.05154639175257732
0.041237113402061855
0.041237113402061855
0.004219409282700422
0.02531645569620253
0.012658227848101266
0.016877637130801686
0.008438818565400843
0.0031847133757961785
0.009554140127388535
0.01592356687898089
0.009554140127388535
0.009554140127388535
0.0
0.0045351473922902496
0.006802721088435374
0.0022675736961451248
0.011337868480725623
0.01037344398340249
0.006224066390041493
0.004149377593360996
0.002074688796680498
0.004149377593360996
0.0038412291933418692
0.006402048655569782
0.005121638924455826
0.0012804097311139564
0.005121638924455826
0.0045871559633027525
0.0045871559633027525
0.0045871559633027525
0.0045871559633027525
0.0045871559633027525
0.00625
0.009375
0.003125
0.00625
0.0
0.031578947368421054
0.04736842105263158
0.03684210526315789
0.02631578947368421
0.031578947368421054
0.0
0.005988023952095809
0.005988023952095809
0.0
0.0
0.005681818181818182
0.005681818181818182
0.005681818181818182
0.011363636363636364
0.0
0.005747126436781609
0.0
0.0
0.005747126436781609
0.0
0.006024096385542169
0.006024096385542169
0.0
0.012048192771084338
0.006024096385542169
0.0
0.0
0.006024096385542169
0.006024096385542169
0.0
0.005988023952095809
0.017964071856287425
0.005988023952095809
0.005988023952095809
0.0
0.0
0.005988023952095809
0.0
0.0
0.0
0.0
0.0
0.0058823529411764705
0.0
0.0
0.011627906976744186
0.0
0.0
0.0
0.005813953488372093
0.0
0.005917159763313609
0.0
0.0
0.005917159763313609
0.005494505494505495
0.005494505494505495
0.0
0.005494505494505495
0.01098901098901099
0.0
0.0
0.006211180124223602
0.0
0.0
0.005813953488372093
0.005813953488372093
0.0
0.0
0.01744186046511628
0.052941176470588235
0.06470588235294118
0.07058823529411765
0.06470588235294118
0.041176470588235294
0.24390243902439024
0.16829268292682928
0.1951219512195122
0.2073170731707317
0.14390243902439023
0.12693498452012383
0.16718266253869968
0.12693498452012383
0.14860681114551083
0.13312693498452013
0.1346153846153846
0.10897435897435898
0.10576923076923077
0.11217948717948718
0.1346153846153846
0.0
0.0
0.0
0.004016064257028112
0.0
0.0
0.0035335689045936395
0.0
0.0
0.0
0.0038022813688212928
0.0076045627376425855
0.0038022813688212928
0.0038022813688212928
0.0038022813688212928
0.0037735849056603774
0.0037735849056603774
0.0037735849056603774
0.0
0.007547169811320755
0.0
0.0
0.0
0.00392156862745098
0.00392156862745098
0.003875968992248062
0.0
0.003875968992248062
0.007751937984496124
0.003875968992248062
0.0
0.0
0.0
0.0
0.0
0.0
0.007782101167315175
0.0038910505836575876
0.0
0.007782101167315175
0.0
0.023346303501945526
0.0038910505836575876
0.0
0.007782101167315175
0.0
0.0
0.0038910505836575876
0.0
0.0
0.0
0.0
0.003875968992248062
0.007751937984496124
0.0
0.0
0.0
0.0
0.003484320557491289
0.0
0.011811023622047244
0.0
0.0
0.0
0.0
0.003787878787878788
0.003787878787878788
0.0
0.0
0.011363636363636364
0.004219409282700422
0.0
0.004219409282700422
0.004219409282700422
0.0
0.0035842293906810036
0.0
0.007168458781362007
0.014336917562724014
0.014336917562724014
0.0
0.0
0.0
0.0
0.0
0.0072992700729927005
0.014598540145985401
0.0
0.0
0.0036496350364963502
0.0
0.0
0.0
0.003676470588235294
0.007352941176470588
0.008298755186721992
0.0
0.0
0.0
0.0
0.0
0.0
0.0
0.0
0.0
0.003875968992248062
0.0
0.0
0.003875968992248062
0.0
0.0
0.0
0.0038910505836575876
0.0
0.0
0.0
0.0
0.0
0.0
0.0
0.0034965034965034965
0.0034965034965034965
0.0
0.0
0.0
0.011538461538461539
0.0
0.0
0.0
0.011538461538461539
0.0
0.0037593984962406013
0.0037593984962406013
0.007518796992481203
0.0
0.0
0.0
0.0
0.007352941176470588
0.003676470588235294
0.0
0.0
0.0
0.0
0.0
0.0
0.0
0.0
0.004098360655737705
0.0
0.0
0.0036363636363636364
0.0
0.0
0.0
0.0
0.0
0.00390625
0.00390625
0.00390625
0.0
0.0
0.007194244604316547
0.0035971223021582736
0.0035971223021582736
0.0
0.0
0.0
0.0
0.0
0.0037313432835820895
0.0037313432835820895
0.0037313432835820895
0.011194029850746268
0.0037313432835820895
0.0078125
0.00390625
0.0
0.0
0.0
0.0037593984962406013
0.0037593984962406013
0.0
0.0037593984962406013
0.0
0.003676470588235294
0.0
0.0
0.003676470588235294
0.0
0.0
0.003676470588235294
0.003676470588235294
0.0
0.0
0.0038314176245210726
0.0
0.0
0.0
0.0
0.0
0.0
0.0
0.0
0.0
0.0
0.0
0.0040650406504065045
0.0040650406504065045
0.0040650406504065045
0.0
0.007434944237918215
0.0
0.0
0.0
0.0
0.0
0.0
0.0
0.0034965034965034965
0.0
0.0
0.0
0.00392156862745098
0.0
0.00392156862745098
0.0196078431372549
0.00784313725490196
0.011764705882352941
0.01568627450980392
0.007326007326007326
0.003663003663003663
0.0
0.003663003663003663
0.0
0.0
0.0
0.0
0.0
0.0
0.0036363636363636364
0.0036363636363636364
0.0
0.007272727272727273
0.0
0.0037174721189591076
0.0
0.0037174721189591076
0.0
0.0037174721189591076
0.0
0.0
0.0
0.0
0.0
0.0
0.004132231404958678
0.004132231404958678
0.0
0.004132231404958678
0.011152416356877323
0.0
0.007434944237918215
0.0037174721189591076
0.0037174721189591076
0.004081632653061225
0.0
0.0
0.0
0.0
0.003703703703703704
0.0
0.0
0.0
0.0
0.0035842293906810036
0.007168458781362007
0.010752688172043012
0.007168458781362007
0.0
0.008298755186721992
0.02074688796680498
0.016597510373443983
0.008298755186721992
0.004149377593360996
0.0
0.0
0.00392156862745098
0.0
0.0
0.004048582995951417
0.0
0.0
0.0
0.008097165991902834
0.0038910505836575876
0.0
0.0
0.011673151750972763
0.0
0.004048582995951417
0.0
0.0
0.004048582995951417
0.0
0.0
0.0036900369003690036
0.0
0.0
0.007380073800738007
0.0
0.0
0.0
0.0
0.0
0.0038910505836575876
0.0038910505836575876
0.007782101167315175
0.0
0.0
0.0035714285714285713
0.0
0.0
0.0
0.0035714285714285713
0.0
0.0
0.0
0.004032258064516129
0.008064516129032258
0.0
0.0
0.0
0.0
0.0
0.0
0.0
0.0
0.0
0.0
0.003937007874015748
0.0
0.003937007874015748
0.003937007874015748
0.003937007874015748
0.0
0.0037174721189591076
0.0
0.0
0.0
0.0
0.003968253968253968
0.0
0.0
0.0
0.0
0.0
0.0
0.0
0.0
0.0
0.0036231884057971015
0.0036231884057971015
0.010869565217391304
0.007246376811594203
0.0
0.0
0.0
0.0
0.0
0.0
0.003703703703703704
0.0
0.0
0.0
0.007547169811320755
0.0037735849056603774
0.0
0.0
0.0
0.0
0.0
0.003861003861003861
0.003861003861003861
0.0
0.0
0.0
0.003875968992248062
0.003875968992248062
0.003875968992248062
0.0
0.0
0.0
0.0
0.0
0.0
0.0
0.0
0.0
0.0
0.0
0.0
0.0
0.0
0.0
0.0
0.0
0.0
0.007936507936507936
0.0
0.0
0.004032258064516129
0.0
0.0
0.0
0.0149812734082397
0.0
0.003745318352059925
0.0
0.0
0.0
0.0
0.00390625
0.0
0.0
0.0
0.003703703703703704
0.003703703703703704
0.003703703703703704
0.0
0.0036363636363636364
0.0
0.0
0.0
0.0036363636363636364
0.00411522633744856
0.0
0.00411522633744856
0.0
0.00823045267489712
0.0
0.007751937984496124
0.007751937984496124
0.003875968992248062
0.0
0.0
0.0
0.0
0.0
0.0
0.004032258064516129
0.0
0.0
0.0
0.0
0.0
0.007518796992481203
0.0037593984962406013
0.0037593984962406013
0.0037593984962406013
0.0
0.0040650406504065045
0.0
0.0040650406504065045
0.0
0.0
0.0
0.0
0.0
0.0
0.0
0.0
0.0
0.0
0.0
0.0
0.0
0.0
0.0
0.003703703703703704
0.0034129692832764505
0.006825938566552901
0.0
0.0
0.0
0.0
0.0
0.0
0.0
0.0
0.0
0.0
0.0035460992907801418
0.0
0.0035460992907801418
0.0
0.0
0.0
0.0
0.0
0.004098360655737705
0.004098360655737705
0.00819672131147541
0.0
0.00819672131147541
0.0
0.0
0.0
0.0036496350364963502
0.0036496350364963502
0.0
0.0
0.0
0.0036900369003690036
0.0
0.0040650406504065045
0.0040650406504065045
0.0040650406504065045
0.0
0.0
0.003787878787878788
0.007575757575757576
0.007575757575757576
0.003787878787878788
0.003787878787878788
0.004166666666666667
0.0
0.0
0.0
0.0
0.016194331983805668
0.004048582995951417
0.008097165991902834
0.004048582995951417
0.008097165991902834
0.0
0.0040650406504065045
0.0
0.0
0.0
0.0
0.007905138339920948
0.0
0.0
0.0
0.0
0.003745318352059925
0.003745318352059925
0.00749063670411985
0.003745318352059925
0.0
0.00392156862745098
0.0
0.0
0.0
0.003787878787878788
0.003787878787878788
0.003787878787878788
0.0
0.0
0.00411522633744856
0.0
0.0
0.0
0.0
0.0
0.0
0.0
0.0
0.0
0.0076045627376425855
0.0038022813688212928
0.0076045627376425855
0.0038022813688212928
0.0076045627376425855
0.0
0.0
0.0
0.0038461538461538464
0.0
0.0
0.0
0.0
0.0
0.0
0.0036231884057971015
0.0036231884057971015
0.0
0.0
0.0
0.0
0.0037735849056603774
0.0037735849056603774
0.0037735849056603774
0.0
0.0
0.004219409282700422
0.0
0.0
0.0
0.007722007722007722
0.003861003861003861
0.003861003861003861
0.0
0.0
0.0
0.003937007874015748
0.0
0.0
0.0
0.0
0.0
0.008298755186721992
0.0
0.0
0.010714285714285714
0.007142857142857143
0.0035714285714285713
0.0
0.0035714285714285713
0.011627906976744186
0.0
0.0
0.0
0.0
0.0
0.0
0.0
0.0
0.0
0.0
0.0037593984962406013
0.0
0.0
0.0
0.0
0.0
0.0
0.0
0.0
0.004048582995951417
0.004048582995951417
0.0
0.0
0.0
0.008264462809917356
0.004132231404958678
0.004132231404958678
0.004132231404958678
0.004132231404958678
0.0
0.0
0.0
0.0
0.0
0.0
0.003703703703703704
0.0
0.0
0.003703703703703704
0.003875968992248062
0.0
0.0
0.0
0.0
0.004081632653061225
0.004081632653061225
0.004081632653061225
0.004081632653061225
0.004081632653061225
0.003816793893129771
0.0
0.0
0.0
0.007633587786259542
0.0
0.0
0.008333333333333333
0.0
0.008333333333333333
0.014705882352941176
0.011029411764705883
0.007352941176470588
0.007352941176470588
0.011029411764705883
0.0
0.0
0.0
0.0
0.0
0.0
0.0
0.0
0.0040650406504065045
0.008130081300813009
0.0
0.0
0.0
0.0
0.0
0.0
0.0
0.003875968992248062
0.0
0.0
0.01858736059479554
0.0037174721189591076
0.0
0.0
0.0
0.0
0.004098360655737705
0.004098360655737705
0.004098360655737705
0.0
0.011363636363636364
0.015151515151515152
0.007575757575757576
0.015151515151515152
0.003787878787878788
0.004132231404958678
0.0
0.004132231404958678
0.004132231404958678
0.012396694214876033
0.0
0.0
0.0
0.0
0.0
0.0
0.0
0.0
0.0
0.0
0.0037313432835820895
0.0037313432835820895
0.0
0.0037313432835820895
0.0037313432835820895
0.0036363636363636364
0.0
0.007272727272727273
0.0036363636363636364
0.0036363636363636364
0.0
0.0
0.0
0.003937007874015748
0.003937007874015748
0.0
0.0034602076124567475
0.0034602076124567475
0.0034602076124567475
0.0034602076124567475
0.0
0.0036363636363636364
0.007272727272727273
0.0036363636363636364
0.0036363636363636364
0.004098360655737705
0.0
0.004098360655737705
0.004098360655737705
0.004098360655737705
0.0
0.0
0.0
0.00411522633744856
0.0
0.011111111111111112
0.0
0.003703703703703704
0.003703703703703704
0.007407407407407408
0.007936507936507936
0.003968253968253968
0.007936507936507936
0.007936507936507936
0.011904761904761904
0.0
0.003861003861003861
0.003861003861003861
0.0
0.0
0.003968253968253968
0.0
0.0
0.003968253968253968
0.0
0.0
0.0
0.0
0.0
0.0
0.016
0.0
0.008
0.02
0.008
0.0
0.0040650406504065045
0.0
0.0040650406504065045
0.0
0.0
0.0
0.004098360655737705
0.004098360655737705
0.004098360655737705
0.0
0.0
0.0
0.0
0.0
0.0
0.0
0.00392156862745098
0.00392156862745098
0.00392156862745098
0.003484320557491289
0.0
0.0
0.0
0.006968641114982578
0.0
0.0
0.003663003663003663
0.003663003663003663
0.0
0.01171875
0.00390625
0.0
0.0
0.00390625
0.0
0.0
0.0
0.003875968992248062
0.0
0.0
0.00392156862745098
0.0
0.0
0.0
0.004048582995951417
0.0
0.004048582995951417
0.004048582995951417
0.0
0.0035087719298245615
0.0035087719298245615
0.0
0.0035087719298245615
0.0
0.0
0.0
0.003816793893129771
0.0
0.0
0.0
0.003968253968253968
0.0
0.0
0.003968253968253968
0.017482517482517484
0.0
0.01048951048951049
0.0
0.0034965034965034965
0.0
0.0
0.0
0.00390625
0.00390625
0.011363636363636364
0.0
0.0
0.0
0.007575757575757576
0.0
0.0038314176245210726
0.0038314176245210726
0.007662835249042145
0.0038314176245210726
0.003472222222222222
0.003472222222222222
0.003472222222222222
0.006944444444444444
0.003472222222222222
0.004
0.004
0.004
0.0
0.004
0.0
0.004032258064516129
0.004032258064516129
0.0
0.0
0.007751937984496124
0.0
0.0
0.0
0.003875968992248062
0.008
0.004
0.008
0.008
0.004
0.0
0.003676470588235294
0.0
0.0
0.0
0.0
0.0
0.0
0.0
0.0041841004184100415
0.0
0.0
0.0
0.0
0.00390625
0.011235955056179775
0.0
0.0
0.003745318352059925
0.003745318352059925
0.0036496350364963502
0.010948905109489052
0.0
0.0
0.0
0.0
0.0034965034965034965
0.0
0.0034965034965034965
0.0
0.0
0.0
0.0
0.0
0.0
0.0
0.0038910505836575876
0.0
0.0
0.0
0.0
0.0
0.0
0.004016064257028112
0.0
0.0
0.0
0.003787878787878788
0.0
0.007575757575757576
0.0
0.0
0.0037735849056603774
0.0037735849056603774
0.0
0.0036231884057971015
0.007246376811594203
0.0
0.010869565217391304
0.0
0.0
0.0
0.0
0.0035087719298245615
0.0035087719298245615
0.0
0.003703703703703704
0.0
0.007407407407407408
0.0
0.0
0.004032258064516129
0.004032258064516129
0.004032258064516129
0.008064516129032258
0.01532567049808429
0.007662835249042145
0.0
0.0
0.0
0.0
0.0
0.0
0.0
0.004098360655737705
0.0
0.0
0.0
0.0
0.0
0.0
0.008264462809917356
0.008264462809917356
0.004132231404958678
0.004132231404958678
0.0
0.0
0.0
0.0
0.0
0.0
0.0
0.0
0.003816793893129771
0.0
0.010416666666666666
0.003472222222222222
0.0
0.0
0.003472222222222222
0.0
0.003861003861003861
0.0
0.0
0.003861003861003861
0.0
0.0035587188612099642
0.0035587188612099642
0.0
0.0
0.0037174721189591076
0.0037174721189591076
0.0037174721189591076
0.0
0.0037174721189591076
0.0
0.0
0.0
0.0
0.004032258064516129
0.0
0.0037735849056603774
0.0
0.0
0.0
0.007380073800738007
0.0
0.007380073800738007
0.0
0.007380073800738007
0.0
0.003816793893129771
0.0
0.0
0.003816793893129771
0.008264462809917356
0.008264462809917356
0.004132231404958678
0.012396694214876033
0.0
0.0
0.0
0.0
0.0037735849056603774
0.0
0.0
0.003424657534246575
0.0
0.0
0.0
0.0
0.0
0.0
0.0
0.0
0.010676156583629894
0.010676156583629894
0.0071174377224199285
0.010676156583629894
0.0071174377224199285
0.0
0.003703703703703704
0.0
0.0
0.0
0.004048582995951417
0.004048582995951417
0.008097165991902834
0.0
0.008097165991902834
0.0
0.0
0.0
0.0
0.0
0.0038314176245210726
0.0
0.0
0.0
0.0038314176245210726
0.0
0.0
0.0
0.0
0.0
0.0
0.0
0.0
0.0
0.0
0.0
0.0
0.0
0.0
0.0
0.0
0.004
0.0
0.0
0.0
0.0
0.0
0.004098360655737705
0.0
0.0
0.0038910505836575876
0.0
0.0
0.0
0.0
0.00392156862745098
0.00784313725490196
0.00392156862745098
0.00392156862745098
0.00784313725490196
0.003861003861003861
0.0
0.003861003861003861
0.0
0.0
0.003952569169960474
0.0
0.0
0.0
0.0
0.0078125
0.0
0.0
0.00390625
0.00390625
0.0
0.0078125
0.01171875
0.0078125
0.0078125
0.004081632653061225
0.004081632653061225
0.004081632653061225
0.004081632653061225
0.0
0.0
0.0
0.0
0.0
0.0
0.0
0.0
0.0
0.0
0.0
0.004201680672268907
0.0
0.0
0.0
0.0
0.0036900369003690036
0.0
0.0
0.0
0.0036900369003690036
0.0
0.0
0.0
0.0
0.0
0.0
0.0
0.0
0.0
0.004081632653061225
0.012
0.008
0.008
0.004
0.008
0.007407407407407408
0.003703703703703704
0.0
0.003703703703703704
0.007407407407407408
0.0
0.0
0.0
0.0
0.010452961672473868
0.003703703703703704
0.0
0.003703703703703704
0.0
0.0
0.0
0.0
0.0
0.0
0.0
0.0
0.007575757575757576
0.015151515151515152
0.007575757575757576
0.007575757575757576
0.0
0.0
0.00411522633744856
0.0
0.0
0.0
0.003816793893129771
0.0
0.0
0.0
0.0
0.003787878787878788
0.0
0.0
0.003787878787878788
0.00392156862745098
0.00784313725490196
0.00784313725490196
0.0
0.0
0.0
0.0
0.0
0.0
0.003968253968253968
0.0
0.0
0.0
0.0
0.0
0.0035842293906810036
0.0
0.0
0.0035842293906810036
0.0035842293906810036
0.0
0.003816793893129771
0.003816793893129771
0.0
0.0
0.0
0.0
0.0
0.0
0.0
0.0
0.0
0.0
0.0
0.003875968992248062
0.0
0.0
0.0
0.0
0.0038461538461538464
0.007751937984496124
0.003875968992248062
0.003875968992248062
0.003875968992248062
0.003875968992248062
0.0038461538461538464
0.0038461538461538464
0.0
0.0038461538461538464
0.0
0.004048582995951417
0.0
0.0
0.0
0.004048582995951417
0.0
0.0
0.0
0.0
0.0
0.0
0.0
0.0041841004184100415
0.0041841004184100415
0.0
0.0
0.00423728813559322
0.00423728813559322
0.00423728813559322
0.0
0.0
0.0038910505836575876
0.007782101167315175
0.0
0.023346303501945526
0.0
0.0
0.0
0.0
0.0
0.0
0.003968253968253968
0.0
0.003968253968253968
0.0
0.007633587786259542
0.0
0.0
0.0
0.0
0.0
0.0037593984962406013
0.0037593984962406013
0.0037593984962406013
0.0037593984962406013
0.007782101167315175
0.007782101167315175
0.0
0.011673151750972763
0.0038910505836575876
0.0
0.0
0.0038314176245210726
0.0
0.0
0.01171875
0.00390625
0.01171875
0.00390625
0.00390625
0.004081632653061225
0.004081632653061225
0.012244897959183673
0.00816326530612245
0.004081632653061225
0.003663003663003663
0.0
0.003663003663003663
0.0
0.0
0.0
0.0
0.0
0.003472222222222222
0.006944444444444444
0.0071174377224199285
0.0071174377224199285
0.0035587188612099642
0.0035587188612099642
0.0071174377224199285
0.0
0.004081632653061225
0.0
0.0
0.0
0.010869565217391304
0.0036231884057971015
0.0
0.0
0.0
0.003952569169960474
0.0
0.003952569169960474
0.003952569169960474
0.003952569169960474
0.0
0.007246376811594203
0.0036231884057971015
0.010869565217391304
0.0
0.004081632653061225
0.0
0.0
0.0
0.0
0.0
0.0037593984962406013
0.0037593984962406013
0.0
0.0
0.0
0.0
0.0
0.0
0.0
0.0036101083032490976
0.0036101083032490976
0.0
0.0036101083032490976
0.0036101083032490976
0.0
0.0
0.003787878787878788
0.0
0.007575757575757576
0.010830324909747292
0.007220216606498195
0.0
0.018050541516245487
0.0036101083032490976
0.0
0.0
0.0
0.00823045267489712
0.012345679012345678
0.0
0.004098360655737705
0.004098360655737705
0.0
0.004098360655737705
0.0
0.0
0.0
0.0
0.0
0.0
0.0
0.0
0.0
0.0
0.006896551724137931
0.0034482758620689655
0.0
0.0
0.0
0.003663003663003663
0.0
0.0
0.0
0.0
0.010752688172043012
0.0
0.0035842293906810036
0.0
0.0
0.003816793893129771
0.007633587786259542
0.0
0.003816793893129771
0.003816793893129771
0.0
0.0
0.0
0.0
0.0
0.0
0.00390625
0.01171875
0.0
0.0
0.0
0.0
0.0
0.0
0.0
0.0
0.0
0.0
0.0035971223021582736
0.0
0.0
0.0
0.0
0.0
0.0
0.0036900369003690036
0.0036900369003690036
0.007380073800738007
0.0036900369003690036
0.0036900369003690036
0.0
0.0041841004184100415
0.0
0.0041841004184100415
0.008368200836820083
0.007662835249042145
0.0
0.0038314176245210726
0.007662835249042145
0.0038314176245210726
0.0072992700729927005
0.0072992700729927005
0.014598540145985401
0.0
0.014598540145985401
0.0
0.0
0.0
0.0
0.003968253968253968
0.01107011070110701
0.0
0.0
0.01107011070110701
0.0036900369003690036
0.0
0.0
0.0
0.0
0.0
0.0
0.0038314176245210726
0.007662835249042145
0.0038314176245210726
0.0038314176245210726
0.006920415224913495
0.0034602076124567475
0.0034602076124567475
0.0
0.006920415224913495
0.00392156862745098
0.00784313725490196
0.00784313725490196
0.00392156862745098
0.0
0.0
0.0
0.0
0.0
0.0
0.0
0.0
0.003787878787878788
0.003787878787878788
0.0
0.0
0.0
0.0036363636363636364
0.0036363636363636364
0.0036363636363636364
0.0038910505836575876
0.0038910505836575876
0.0
0.0
0.011673151750972763
0.0038022813688212928
0.0038022813688212928
0.011406844106463879
0.0
0.0038022813688212928
0.0
0.0070921985815602835
0.0
0.010638297872340425
0.010638297872340425
0.003968253968253968
0.0
0.0
0.0
0.0
0.0
0.004
0.0
0.004
0.004
0.0
0.0
0.0
0.0
0.0
0.003787878787878788
0.003787878787878788
0.0
0.003787878787878788
0.0
0.003703703703703704
0.007407407407407408
0.003703703703703704
0.007407407407407408
0.003703703703703704
0.003703703703703704
0.0
0.0
0.0
0.0
0.0037313432835820895
0.0037313432835820895
0.011194029850746268
0.0037313432835820895
0.0037313432835820895
0.007194244604316547
0.0
0.0035971223021582736
0.0
0.0035971223021582736
0.00411522633744856
0.0
0.0
0.00411522633744856
0.00411522633744856
0.003875968992248062
0.0
0.0
0.003875968992248062
0.0
0.00411522633744856
0.0
0.00411522633744856
0.0
0.00411522633744856
0.011494252873563218
0.0038314176245210726
0.0
0.0
0.0
0.0
0.0
0.0
0.0
0.010676156583629894
0.0
0.0
0.0
0.0038910505836575876
0.0
0.0
0.0038314176245210726
0.0
0.0038314176245210726
0.0
0.00784313725490196
0.01568627450980392
0.011764705882352941
0.00784313725490196
0.00392156862745098
0.003787878787878788
0.007575757575757576
0.0
0.015151515151515152
0.007575757575757576
0.0
0.0
0.0
0.0
0.0
0.0
0.0
0.0
0.0036231884057971015
0.0
0.0036900369003690036
0.0
0.0
0.0036900369003690036
0.0036900369003690036
0.0
0.011673151750972763
0.007782101167315175
0.0
0.0038910505836575876
0.0
0.004032258064516129
0.004032258064516129
0.0
0.0
0.0
0.0
0.0
0.0
0.0
0.007782101167315175
0.0038910505836575876
0.0038910505836575876
0.0
0.007782101167315175
0.0
0.0
0.00425531914893617
0.00425531914893617
0.00425531914893617
0.0
0.0
0.0035460992907801418
0.0035460992907801418
0.0035460992907801418
0.0
0.004081632653061225
0.0
0.004081632653061225
0.004081632653061225
0.00398406374501992
0.00398406374501992
0.00398406374501992
0.00398406374501992
0.0
0.0
0.003745318352059925
0.0
0.0
0.0
0.0
0.0038022813688212928
0.0
0.0
0.0
0.0
0.011627906976744186
0.003875968992248062
0.0
0.0
0.004098360655737705
0.004098360655737705
0.0
0.0
0.0
0.0
0.0
0.0
0.0
0.0
0.0
0.0038910505836575876
0.0
0.0
0.0038910505836575876
0.0036101083032490976
0.0
0.0036101083032490976
0.0
0.0
0.00796812749003984
0.0
0.00398406374501992
0.0
0.0
0.0
0.0037313432835820895
0.0037313432835820895
0.0
0.0
0.0036101083032490976
0.0
0.0036101083032490976
0.0
0.0036101083032490976
0.0
0.0
0.0
0.0
0.0
0.0
0.0
0.0
0.0
0.0
0.0
0.0038910505836575876
0.011673151750972763
0.0038910505836575876
0.0
0.0036231884057971015
0.0
0.0
0.0036231884057971015
0.0
0.007662835249042145
0.0038314176245210726
0.01532567049808429
0.011494252873563218
0.0
0.0
0.0
0.0
0.0
0.0
0.0
0.0036231884057971015
0.0
0.0
0.0
0.003703703703703704
0.003703703703703704
0.011111111111111112
0.003703703703703704
0.003703703703703704
0.0036496350364963502
0.0
0.0036496350364963502
0.0036496350364963502
0.0
0.0038314176245210726
0.0038314176245210726
0.011494252873563218
0.0038314176245210726
0.011494252873563218
0.0
0.004081632653061225
0.0
0.0
0.0
0.012145748987854251
0.008097165991902834
0.020242914979757085
0.012145748987854251
0.012145748987854251
0.0
0.0
0.0
0.0036496350364963502
0.0
0.0
0.0
0.007042253521126761
0.0035211267605633804
0.0
0.0
0.0034129692832764505
0.0034129692832764505
0.0
0.0
0.0
0.0036496350364963502
0.0
0.0036496350364963502
0.0072992700729927005
0.0
0.0
0.0038461538461538464
0.0
0.0
0.0
0.0
0.0
0.0
0.0
0.0
0.0
0.0
0.0
0.0
0.0
0.0
0.0
0.004132231404958678
0.0
0.0
0.0
0.0
0.0
0.0
0.0
0.0038022813688212928
0.0
0.0
0.0
0.006172839506172839
0.0
0.0
0.0
0.006172839506172839
0.029239766081871343
0.0
0.0
0.0
0.0
0.005917159763313609
0.0
0.0
0.005917159763313609
0.011834319526627219
0.0
0.006211180124223602
0.012422360248447204
0.012422360248447204
0.0
0.0
0.0
0.006211180124223602
0.006211180124223602
0.0
0.0
0.0
0.0
0.0
0.0
0.0
0.0
0.0
0.006172839506172839
0.0
0.0
0.0
0.0
0.0
0.0
0.018292682926829267
0.036585365853658534
0.03048780487804878
0.006097560975609756
0.006097560975609756
0.012269938650306749
0.012269938650306749
0.0
0.0
0.012269938650306749
0.0055248618784530384
0.027624309392265192
0.0055248618784530384
0.022099447513812154
0.016574585635359115
0.005494505494505495
0.016483516483516484
0.016483516483516484
0.005494505494505495
0.01098901098901099
0.014285714285714285
0.014285714285714285
0.014285714285714285
0.0
0.014285714285714285
0.0
0.0
0.0
0.014705882352941176
0.014705882352941176
0.0
0.0
0.013513513513513514
0.013513513513513514
0.0
0.0
0.0
0.0
0.02666666666666667
0.013333333333333334
0.03333333333333333
0.022222222222222223
0.025925925925925925
0.03333333333333333
0.037037037037037035
0.029850746268656716
0.014925373134328358
0.0
0.0
0.0
0.013888888888888888
0.0
0.0
0.013888888888888888
0.013888888888888888
0.014925373134328358
0.0
0.0
0.014925373134328358
0.014925373134328358
0.0
0.014084507042253521
0.028169014084507043
0.028169014084507043
0.0
0.014925373134328358
0.014925373134328358
0.014925373134328358
0.0
0.014925373134328358
0.01639344262295082
0.0
0.01639344262295082
0.03278688524590164
0.0
0.031746031746031744
0.015873015873015872
0.047619047619047616
0.015873015873015872
0.015873015873015872
0.015151515151515152
0.015151515151515152
0.030303030303030304
0.0
0.015151515151515152
0.03900709219858156
0.03546099290780142
0.028368794326241134
0.024822695035460994
0.028368794326241134
0.02464788732394366
0.028169014084507043
0.02464788732394366
0.02464788732394366
0.056338028169014086
0.021352313167259787
0.021352313167259787
0.021352313167259787
0.02491103202846975
0.021352313167259787
0.016666666666666666
0.03333333333333333
0.0
0.0
0.0
0.01730103806228374
0.04498269896193772
0.03460207612456748
0.031141868512110725
0.031141868512110725
0.22058823529411764
0.17647058823529413
0.1323529411764706
0.19117647058823528
0.17647058823529413
0.21951219512195122
0.2804878048780488
0.2682926829268293
0.2804878048780488
0.23170731707317074
0.21428571428571427
0.2619047619047619
0.20238095238095238
0.16666666666666666
0.20238095238095238
0.10344827586206896
0.06896551724137931
0.08620689655172414
0.10344827586206896
0.10344827586206896
0.2073170731707317
0.24390243902439024
0.23170731707317074
0.23170731707317074
0.24390243902439024
0.18032786885245902
0.19672131147540983
0.13114754098360656
0.16393442622950818
0.19672131147540983
0.015625
0.015625
0.03125
0.03125
0.015625
0.1037037037037037
0.05185185185185185
0.07407407407407407
0.044444444444444446
0.044444444444444446
0.03731343283582089
0.06716417910447761
0.07462686567164178
0.029850746268656716
0.05223880597014925
0.16923076923076924
0.16923076923076924
0.16923076923076924
0.16923076923076924
0.15384615384615385
0.017241379310344827
0.0
0.017241379310344827
0.017241379310344827
0.05172413793103448
0.03278688524590164
0.04918032786885246
0.01639344262295082
0.03278688524590164
0.11475409836065574
0.03076923076923077
0.03076923076923077
0.03076923076923077
0.015384615384615385
0.015384615384615385
0.08695652173913043
0.10144927536231885
0.08695652173913043
0.10144927536231885
0.10144927536231885
0.017482517482517484
0.024475524475524476
0.024475524475524476
0.02097902097902098
0.02097902097902098
0.03076923076923077
0.015384615384615385
0.015384615384615385
0.03076923076923077
0.0
0.050505050505050504
0.030303030303030304
0.030303030303030304
0.04040404040404041
0.030303030303030304
