### Sentence 157
0.9618797770568303
0.9836924686318352
0.9811368889751888
0.9836681854157221
0.9810880287772134
### Sentence 356
0.9939789065094882
0.9771122429953065
0.9902304203011268
0.9862590834151866
0.9881130207416623
### Sentence 259
0.9930369382680848
0.9774161584155504
0.9883990163026855
0.9722410731537398
0.9710248686199965
### Sentence 84
0.9821288358597529
0.9839439023108709
0.9810410290956497
0.9844934883571806
0.9838903517950148
### Sentence 66
0.9681301248628039
0.9883701094361239
0.987887978553772
0.992536747178366
0.9934444871059683
### Sentence 126
0.9941358679816836
0.981956639460155
0.9874114692211151
0.9883829227515629
0.9952894250551859
### Sentence 7
0.901089537827695
0.9057734339940743
0.8992585327293052
0.9019763550308885
0.8735194286850633
### Sentence 308
0.9768386635669443
0.9660853937614796
0.9658309165821519
0.977119623228561
0.9575701484153437
### Sentence 143
0.9680988612500104
0.987023264169693
0.9892043525522406
0.9896548566493121
0.988216442140666
### Sentence 49
0.984916566383271
0.9933040127867744
0.9849819739659628
0.987929588272458
0.9859512675376165
### Sentence 404
0.9469140624177868
0.9635473469208027
0.9498567725050038
0.967040898471043
0.9571039984966146
### Sentence 310
0.9832055449485779
0.9671477548778057
0.9810515865683556
0.9665232725441456
0.9669677646830678
### Sentence 43
0.9739901582862056
0.984858840010887
0.9885882305544477
0.9887957129367563
0.9877046166464339
### Sentence 192
0.9843939966625638
0.9713079724046919
0.9666437612639533
0.942999756998486
0.964196417066786
### Sentence 386
0.9624662530976672
0.9717520004095033
0.9642759138761565
0.968095307433328
0.9623333021651866
### Sentence 261
0.972120026499033
0.9764151483774185
0.9760204195976258
0.9787473633885384
0.9893933534622192
### Sentence 434
0.6525144285988063
0.6902026468480471
0.7577986306161619
0.7109255799092352
0.6755192011798499
### Sentence 173
0.993169535530938
0.9762588699658712
0.9753699686792162
0.9676450464460585
0.9827137947082519
### Sentence 260
0.9843079127916475
0.987717842183462
0.9853883720025783
0.9868953184383672
0.9812427104973211
### Sentence 397
0.9794864669442177
0.985395984351635
0.9783391401171684
0.977180952578783
0.9829885169863701
### Sentence 168
0.9626737507276757
0.9738666228083677
0.9803403629813083
0.9738023211789686
0.9678936281869578
### Sentence 365
0.9815307805935541
0.9847950821831113
0.9781450792437508
0.9802563467196056
0.9848099109672365
### Sentence 139
0.9743370791760887
0.9872430621123895
0.9815332889556885
0.9880589828258608
0.985734595031273
### Sentence 182
0.9610977871786981
0.9578156457060859
0.9653878304220381
0.9629114717245102
0.9534232421290307
### Sentence 197
0.9799692540065102
0.9826276755851248
0.9856967537299447
0.9888230782488118
0.977795554244
### Sentence 206
0.9855615014121646
0.981350607815243
0.9642020910978317
0.9709404295399076
0.9834866097995213
### Sentence 5
0.8773731227104481
0.8978001677072965
0.898698207277518
0.9035146821003693
0.9127536679689701
### Sentence 240
0.9768939666126085
0.9629586530120476
0.9647368613792502
0.9718306064605713
0.9699729953123175
### Sentence 94
0.973587441929551
0.9739040191783461
0.9640896528266197
0.9776047544423924
0.9700556184316791
### Sentence 279
0.9913859743139019
0.9820898680583291
0.9941028175146683
0.9776401046825491
0.9924288366151892
### Sentence 146
0.9759025730192661
0.9843979850411415
0.9863714948296547
0.9875000730156899
0.9894693732261658
### Sentence 230
0.9637839204735226
0.9599084930287467
0.9611298895544476
0.969076645374298
0.974194061756134
### Sentence 91
0.9715407517221238
0.9655151330762439
0.977204163869222
0.9795634263091617
0.9718081063694424
### Sentence 26
0.5834319666949186
0.5986312704395836
0.6410165136685979
0.6152800076843222
0.5980144555486011
### Sentence 176
0.9855413351740155
0.9813930605139051
0.982910210178012
0.9732037371113187
0.9846581845056444
### Sentence 307
0.9761248307095634
0.9604355414708455
0.9833049237728119
0.9757613544662793
0.9732210882835918
### Sentence 211
0.9809807753840158
0.9808191892712615
0.9811793337034624
0.9802646664685981
0.9706222130808719
### Sentence 72
0.967520593143091
0.9362870349844055
0.9594996809595968
0.9552704494719099
0.9571108663590943
### Sentence 387
0.9900644600391388
0.9719532422721386
0.9819471821188926
0.9894027084112167
0.9782888874411583
### Sentence 393
0.9741594444873721
0.9925631340159926
0.9827298175456912
0.95930582631466
0.9817417118438455
### Sentence 0
0.6683188786109289
0.7109344283739726
0.805864159266154
0.7684917529424031
0.8014833519856135
### Sentence 205
0.972501813992858
0.9788588494062423
0.9749454393982887
0.9754291564226151
0.972408626973629
### Sentence 149
0.9856878608465195
0.9903699293732643
0.9679903991520404
0.9611981928348541
0.9766246974468231
### Sentence 17
0.9558739443620046
0.9471449673175811
0.9384547372659048
0.9581781248251597
0.9451580494642258
### Sentence 435
0.8106396415016868
0.7342404858632521
0.7850712673230604
0.7535776143724268
0.7145921127362684
### Sentence 48
0.9740063633237567
0.9706197402306965
0.9873985108875093
0.9884934936250959
0.9842051182474408
### Sentence 20
0.9394212933257222
0.9353070594370365
0.9240670688450336
0.9317075060680509
0.9532220419496298
### Sentence 377
0.9873673465193772
0.9832326217395503
0.9827220047392496
0.9782686291671381
0.9716981482215044
### Sentence 218
0.9628594427236489
0.9753998837300709
0.9574288981301444
0.9694629882772764
0.96182819491341
### Sentence 395
0.9619838368633519
0.981762611347696
0.9847935995329982
0.9759669614874799
0.9750241352164227
### Sentence 82
0.9794239779313405
0.9707634813255734
0.951706052157614
0.9747999022404353
0.9708582636382844
### Sentence 239
0.985774659297683
0.9890021641146053
0.9847264222123406
0.9885921261527322
0.9939122470942411
### Sentence 382
0.9805488586425781
0.9876291322153669
0.9887586873631145
0.9798952244048895
0.9877787066060443
### Sentence 251
0.9923239588737488
0.991168424487114
0.968374940007925
0.9933748543262482
0.9884703859686852
### Sentence 25
0.6125026295517191
0.5729149796296208
0.5386382262817775
0.5606326329326046
0.5977202748959164
### Sentence 243
0.9843943158785502
0.9764690683947669
0.9858913355403476
0.9857917375034756
0.9841202179590861
### Sentence 92
0.9616137997406285
0.9838827979273912
0.9889220188303691
0.9725273825773378
0.9260597261713772
### Sentence 340
0.9937747324385294
0.9783944327656816
0.9873356528398467
0.9766772956382938
0.9841869110014381
### Sentence 127
0.965927603840828
0.9694574616849423
0.9607807397842407
0.9714204058051109
0.9733188487589359
### Sentence 6
0.913016041842374
0.9026189850135283
0.8992247307842428
0.8970550083301284
0.9063964536244219
### Sentence 313
0.9889685008260939
0.9909877830081516
0.9872883492045932
0.9896967954105801
0.9827726721763611
### Sentence 407
0.9148421191743442
0.8820800735349101
0.9132253326741713
0.9214431039456811
0.9135578513544585
### Sentence 19
0.9449110726515452
0.9484655300776164
0.9600745876630147
0.9408168882131577
0.9292545050382615
### Sentence 109
0.9811534532686559
0.9720074330888143
0.9740919227280268
0.9808598175281431
0.9787434979182917
### Sentence 77
0.9921087392351844
0.9932732053778388
0.9913233830170198
0.9796887812289324
0.9946242760528218
### Sentence 131
0.9738184774205798
0.9743281028100422
0.9729676402750469
0.9637209191208794
0.962964633391017
### Sentence 324
0.9821725100278854
0.980203615128994
0.9828731670975686
0.9567197889089585
0.9485594183206558
### Sentence 379
0.9786695137966511
0.9721718638442284
0.9733665391456249
0.9820985038613164
0.9754742148310639
### Sentence 284
0.9518358366830009
0.9906957263038272
0.9874632315976279
0.9706903376749584
0.9853112768559229
### Sentence 234
0.9862946911555964
0.9850455057330247
0.9848534348534375
0.9842668451913973
0.9663379403149209
### Sentence 27
0.9659296785082135
0.9750129126367115
0.9867258029324668
0.9701345069777398
0.9836198460488093
### Sentence 330
0.9848560053248738
0.9756980749756791
0.982685711494712
0.969208818535472
0.9783759359703508
### Sentence 204
0.971341110765934
0.9677406413399655
0.9672783315181732
0.9758446511367093
0.9435473158955574
### Sentence 409
0.9162443049252034
0.9073218847314517
0.9201319421331088
0.9177760069568952
0.9274198147157828
### Sentence 303
0.9769146958986918
0.9710029251045651
0.9676852809058295
0.9694594379928377
0.9833466304673089
### Sentence 93
0.9705824131189391
0.9799082861390225
0.9838463969008867
0.9788065136865128
0.9714609024136566
### Sentence 111
0.9805722541587297
0.987072344436202
0.9852907920992652
0.9436881192201791
0.9906573392624078
### Sentence 390
0.9697954939759296
0.9791031946306643
0.9548574232536814
0.9810533329196598
0.9642104441704957
### Sentence 419
0.8168747400244077
0.8886451969544092
0.8345791200796763
0.7900655126820008
0.8312335144728422
### Sentence 359
0.9693280550695601
0.9704487266994658
0.9757197903735297
0.9745242780163175
0.9616512560418674
### Sentence 96
0.98963402076201
0.9728578410365365
0.9811558289961382
0.9762093120000579
0.990122917023572
### Sentence 349
0.9705596350133419
0.9844394311308861
0.9624575585126877
0.9821613267064094
0.9818084925413132
### Sentence 209
0.9897310773531596
0.9830612050162422
0.9872287405861748
0.9866836322678461
0.9786386277940539
### Sentence 122
0.9758484817363999
0.9905961115251888
0.9915035285732963
0.9948906004428864
0.9877963377670809
### Sentence 58
0.9868828100817544
0.9868259813104358
0.9921769017264956
0.986398112206232
0.980828433519318
### Sentence 102
0.9504251067721566
0.977351610050645
0.9804743909558584
0.9729598913081857
0.977675471888032
### Sentence 220
0.9692811231044206
0.9627941514958035
0.9727635464885018
0.9567883195863529
0.9744167835874991
### Sentence 323
0.9664286328263061
0.9560277829336565
0.9646428064551464
0.9608164020749026
0.9695109718067701
### Sentence 141
0.9611471413179885
0.9779123927271643
0.9760930806744931
0.9795313241869904
0.9512068111189577
### Sentence 281
0.9658457753134937
0.9766613274085812
0.9700267300373171
0.9815469936626714
0.9690710647803981
### Sentence 140
0.9918040182532334
0.9928135813736334
0.9920500967560745
0.9936344725329701
0.9778225480056391
### Sentence 271
0.9936234006067601
0.9837720990180969
0.9732202306026365
0.9945959012682845
0.9916916765817781
### Sentence 39
0.95492426269665
0.9890424187590436
0.9657769690199596
0.9924472076136891
0.9788934632045466
### Sentence 22
0.9209374201794466
0.934482071797053
0.9392505387465159
0.9289469341437022
0.8878090918064118
### Sentence 270
0.9601041227579117
0.9617921323623768
0.9630202803500864
0.9581684681565262
0.9617481157183647
### Sentence 159
0.9711093052131373
0.9745008709227166
0.9779695737652663
0.9798944388947836
0.9871077973668169
### Sentence 401
0.9510208417971929
0.9699342767397563
0.9677130440870921
0.9672105054060618
0.9248536159594853
### Sentence 346
0.9595626155761156
0.9663056853142652
0.9676856351169673
0.9645888781683012
0.965111568570137
### Sentence 135
0.9739258303528741
0.9642796381598427
0.9716386156422752
0.9706905640306926
0.9645483394463857
### Sentence 41
0.9741247348487377
0.9730413854122162
0.9412343569099904
0.9619981922209263
0.989700548350811
### Sentence 286
0.9647286385297775
0.9788332760334015
0.9638934753835201
0.9740734964609146
0.9745815925300121
### Sentence 40
0.9656069257429668
0.9599788408903849
0.9704016475450425
0.983394022498812
0.964154703276498
### Sentence 50
0.9776213668286801
0.9893877118825912
0.987811091542244
0.9875350549817086
0.994929501414299
### Sentence 147
0.9552984954345793
0.9807824627274558
0.9757304517995744
0.9755673067910331
0.9788477867841721
### Sentence 426
0.8717010460793972
0.8290124665945768
0.7883816571906209
0.8229940094053745
0.8274178348481656
### Sentence 374
0.9537125055382891
0.9827155703451576
0.9632511691349309
0.9642187778542681
0.9589900505252
### Sentence 2
0.8703928713287626
0.7856830703360694
0.8227492170674461
0.8320725900786263
0.8386097639799118
### Sentence 175
0.9640956400808963
0.9711182564496994
0.9510112464089285
0.9651686632159081
0.9641526741060343
### Sentence 375
0.9772646061398766
0.987493867223913
0.9832171418450095
0.9936277378689159
0.9948755326596174
### Sentence 185
0.9810035811818164
0.9719061087007108
0.961889434767806
0.9848797308362048
0.9761759029782336
### Sentence 38
0.9750335216522217
0.9726360271806302
0.9763922438673351
0.9688593544389891
0.9728969938081243
### Sentence 245
0.9913206512019748
0.9874576528867086
0.9723805217515855
0.9631546721571967
0.9707843068809736
### Sentence 364
0.9782412111759186
0.9706372678279876
0.9615977293915219
0.9690847847196791
0.973123335176044
### Sentence 154
0.9746533167071458
0.9744381119565266
0.9626674506722427
0.9848652380268749
0.9912719581185317
### Sentence 291
0.9626483251882154
0.9863525046858677
0.9931417163028273
0.9675367238909699
0.9826854550561239
### Sentence 184
0.9831759798817519
0.9820844690974165
0.9883969004561262
0.9678196543600501
0.9774272739887238
### Sentence 428
0.8204048775136471
0.6406569375656546
0.7688243324868381
0.8018860850483179
0.8094556763768196
### Sentence 29
0.9650595950525861
0.9642618478730668
0.9703323217325432
0.966475133285966
0.9711335329122321
### Sentence 194
0.986393480799919
0.9619657508162565
0.9928146725477174
0.9802188194075296
0.9738786116588948
### Sentence 116
0.9931859069092329
0.989258466764938
0.9836921539417532
0.9873837814774624
0.9927441602529481
### Sentence 275
0.9663046080441702
0.9751395093543189
0.9776956701562518
0.9678331262298993
0.9797040564673287
### Sentence 103
0.985400567221087
0.9814905149992122
0.9690564739149671
0.9783425033092499
0.9715436523736909
### Sentence 312
0.9846848887066508
0.9854032508162565
0.985205605972645
0.990154625371445
0.983165055513382
### Sentence 165
0.97028439710053
0.9841052148400283
0.9693817103781351
0.9720794834741732
0.9805277527832403
### Sentence 113
0.9641068294644356
0.9684568231304487
0.9712544262409211
0.9751686162418789
0.9703425102763705
### Sentence 31
0.968792009921301
0.9726786095471609
0.9672711867661703
0.9651952648446673
0.9771472442717779
### Sentence 277
0.9804293029838138
0.9819671326213413
0.9739624579747518
0.976636301808887
0.9722697701719072
### Sentence 285
0.9823042127219114
0.9868416095321829
0.9942705455151472
0.9927342330867593
0.9938973838632758
### Sentence 383
0.9818494273556604
0.963888680934906
0.9703776836395264
0.9678561058309343
0.9809903144836426
### Sentence 282
0.9551764648585093
0.967709923783938
0.9599997379950115
0.9617874531873635
0.9676788775693803
### Sentence 167
0.9780740675538085
0.9880733212759328
0.9834723819133847
0.9878218395765438
0.9871157005775807
### Sentence 287
0.9828010372817516
0.9864114105701447
0.9588773839175702
0.9833056464791298
0.986936840415001
### Sentence 305
0.9722169150005687
0.9669774310155348
0.9708631763404066
0.9742272922938521
0.9766455638137731
### Sentence 304
0.9770170675545204
0.9844115274708446
0.977353432556478
0.976426569426932
0.9841438095744063
### Sentence 161
0.961857312987017
0.9763031906859819
0.9873944451642591
0.9825164689574131
0.9623718199341796
### Sentence 196
0.9499302316457033
0.9753768470138311
0.967723204381764
0.9683894927613437
0.975698284804821
### Sentence 385
0.9751034690274133
0.9888325598504808
0.970983417166604
0.9766069114208221
0.9950701144006517
### Sentence 21
0.9547804147005081
0.932233744433948
0.9332796707749367
0.9395632946065494
0.9207229390740395
### Sentence 166
0.9846753549008143
0.9896360607374282
0.9870693669432685
0.9871188487325396
0.973659370626722
### Sentence 264
0.9643115706741809
0.981907705962658
0.9781210497021675
0.9929882764816285
0.9775849603116512
### Sentence 104
0.9799568539574033
0.9835356800329118
0.9699444259916034
0.9747594183399564
0.9691399988673982
### Sentence 134
0.9893422055812109
0.9879829287528992
0.9966274712766919
0.9963622008051191
0.991396841548738
### Sentence 247
0.98423101820729
0.9925508905540813
0.9937758256088604
0.982556249607693
0.992302118377252
### Sentence 222
0.9711447344885932
0.9723498781522115
0.9818188654051887
0.9721745193004608
0.988179988331265
### Sentence 62
0.9510089329310826
0.979701198282696
0.9861077084427788
0.9824039013612837
0.9872666895389557
### Sentence 125
0.9714555571476619
0.9736400763193767
0.9721584949228499
0.979550873570972
0.9674554377794266
### Sentence 233
0.972539568489248
0.9660495682196184
0.967375825074586
0.9750228598713875
0.9758417145772413
### Sentence 292
0.9787094329678735
0.9720526108908099
0.9815096744271212
0.9756426097348679
0.9796275711336802
### Sentence 430
0.6657978956802533
0.60956681960334
0.5909829985063809
0.6434931349224196
0.6182998736890463
### Sentence 37
0.9717411909784589
0.9756551526841664
0.9732388903697332
0.9717018426883788
0.9780296626545134
### Sentence 331
0.9559136253336201
0.9753802742647089
0.9632345263076865
0.9754374720480131
0.9623893454023029
### Sentence 221
0.9847995962785638
0.9827817186065342
0.9879756712395212
0.9837549004865729
0.9747703898212184
### Sentence 316
0.9484436076600105
0.9595552740449255
0.9634908498688177
0.9738899929956957
0.9547252651642669
### Sentence 63
0.9549313304437832
0.9690551495348866
0.9721151681786234
0.972988102415746
0.9769955572079528
### Sentence 272
0.9799464607522601
0.9706531397643543
0.9864673543544042
0.9901290904907953
0.989068763596671
### Sentence 433
0.5978782528724808
0.6479463705506462
0.6552618585097102
0.6578420292801008
0.6966191198533545
### Sentence 280
0.9758544889363375
0.974666412581097
0.990945038470355
0.993616677143357
0.9815185991200533
### Sentence 32
0.968823270826805
0.9693394630420499
0.9479158011878409
0.9556123098222221
0.9579891707839036
### Sentence 59
0.956292217428034
0.9631686589934609
0.9532053223387762
0.9651735838163983
0.9656509987332604
### Sentence 4
0.9118427917841943
0.9144463942896935
0.8932619508235685
0.8890958863400644
0.9058868815341303
### Sentence 408
0.9509812614747456
0.9470904373696872
0.9614831656217575
0.957337023956435
0.9427746385335922
### Sentence 228
0.98920507347861
0.9817938028379928
0.9911873104960419
0.9905563925587854
0.9940991457118544
### Sentence 248
0.9938732123956447
0.9864856106478993
0.9903200922942743
0.9904850881274153
0.980932882646235
### Sentence 344
0.9669061008580896
0.9745543363482453
0.9883498175199642
0.9764881418194882
0.9700170734594035
### Sentence 129
0.9767978438599543
0.9898634512316097
0.9804229140281677
0.9733208864927292
0.9855761365457014
### Sentence 57
0.9658974130948385
0.9822843684090509
0.9814625448650784
0.9824411273002625
0.9775357948409187
### Sentence 334
0.9804441210898486
0.967275929721919
0.9785659563812342
0.9758834784681146
0.9856699705123901
### Sentence 120
0.9943339069684346
0.9906070298618741
0.9847005923589071
0.9937428302235074
0.9894008252355787
### Sentence 16
0.954330857594808
0.9496442794799804
0.9562792281309763
0.9557019809881846
0.9526862879594167
### Sentence 274
0.9784812861826362
0.9678323977604145
0.9752213035414858
0.9760538535874065
0.9770790636539459
### Sentence 74
0.9832028677297193
0.9908654024434644
0.9898008912108666
0.9924898909968
0.9837260745292487
### Sentence 360
0.9520868442952632
0.9643795400857925
0.9641184270381927
0.9671080114319921
0.9508155375719071
### Sentence 431
0.6439864966445245
0.5884097148306094
0.6232643697697383
0.6406020221945185
0.6461017555915393
### Sentence 1
0.769328909260886
0.7564073545592171
0.7233327552676201
0.761176806475435
0.7236404876623835
### Sentence 229
0.983101563020186
0.9882023361596194
0.9932110458612442
0.9809257943521846
0.9935797805135901
### Sentence 432
0.8484542749144814
0.7950638952580366
0.7566285742954775
0.7904987267472527
0.7966520833698186
### Sentence 145
0.9917407132858453
0.9834091095037238
0.9770752579666847
0.9830296656420064
0.9882763984591462
### Sentence 231
0.984075930146944
0.9730433090811684
0.9860628829115913
0.988434150105431
0.9728115605456489
### Sentence 267
0.9769984794699628
0.9738954610150793
0.9739380712094514
0.9724960560384004
0.9723950907507021
### Sentence 100
0.9555266543132502
0.9847065995379192
0.9891904694278065
0.9914140526841326
0.985734174891216
### Sentence 320
0.9866741583460853
0.9901570933205741
0.9921840230623881
0.9887793404715401
0.9883837047077361
### Sentence 371
0.9855494485014961
0.9823510717777979
0.984283393337613
0.9814520733697074
0.9908277505920047
### Sentence 263
0.9769536207119623
0.9669281925473895
0.9801569368158068
0.9773027112796193
0.9836656075148356
### Sentence 164
0.9760407209396362
0.9616946790899549
0.9816151403245472
0.9848152030081976
0.9786548444202968
### Sentence 108
0.9886033433239635
0.9911252638188804
0.9725529478817452
0.9753302139479939
0.9830822174142047
### Sentence 326
0.9709565720774911
0.970699626613747
0.9488571683283556
0.9763313304971565
0.9628178118304773
### Sentence 301
0.9463700228267246
0.968142388926612
0.9815706968307495
0.9822429988119338
0.9878504355748494
### Sentence 350
0.9617165093394843
0.9770409830591895
0.975108034231446
0.9874333332885395
0.9896925796161998
### Sentence 363
0.9897598773241043
0.9884370595216752
0.9820858843624591
0.9810159780085087
0.9822141602635384
### Sentence 80
0.9813475921750069
0.9868641301989556
0.9936839997768402
0.9898562297224999
0.9695061281323433
### Sentence 384
0.9716083206409631
0.9702367976654408
0.9443668539440909
0.9674577789251194
0.9609305955642877
### Sentence 123
0.9631380756264147
0.9664749784152145
0.9790183215037637
0.985310848640359
0.9878407651963441
### Sentence 335
0.9758278226310556
0.9939857938072898
0.9785013049840927
0.9780282594940879
0.9640186818485911
### Sentence 158
0.9864413613496825
0.9789343025795249
0.9852354997812316
0.9844779704892358
0.9815765549970228
### Sentence 75
0.9589928925037384
0.9749575823545455
0.9741392496559355
0.9567468735906813
0.9724883611003557
### Sentence 68
0.9698365316158388
0.9895593887422143
0.9853149681556516
0.9803546754325309
0.9771884389039946
### Sentence 332
0.9721119533769969
0.9608716699408322
0.958902631591006
0.968887655473337
0.9711723555697174
### Sentence 394
0.9930750399827957
0.9889619067311287
0.985967592895031
0.9786079064011574
0.9750763177871704
### Sentence 348
0.9781359427032017
0.9902815506571815
0.9864105596428826
0.9816244074276516
0.9946130727018628
### Sentence 227
0.97913598716259
0.9548657909035683
0.9709250971674919
0.9741073213517666
0.9717219576239586
### Sentence 327
0.9796798534336544
0.9901928021794274
0.9831914823679697
0.965648231052217
0.9908404548962911
### Sentence 250
0.9829193426341545
0.9837603292814115
0.9805525105173994
0.9783599071386384
0.9777453570831113
### Sentence 14
0.9696499009927114
0.9630081633726756
0.9452963034311931
0.9373278975486755
0.9233947654565176
### Sentence 321
0.9898451500468783
0.9878365450435215
0.97954879866706
0.9792408545811971
0.9925091412332323
### Sentence 193
0.9520784457062565
0.967277700124785
0.9718699205753415
0.9686958055163539
0.9777423178040704
### Sentence 15
0.9581325511137645
0.9484501391649246
0.9583105852206548
0.9595313479502996
0.9631649951140085
### Sentence 121
0.9945633803925863
0.9831521220323516
0.9769907659146844
0.9839189139808097
0.9938621491920657
### Sentence 309
0.9667497701553065
0.9591532857265583
0.9663977312833764
0.955211968366923
0.9604955222024474
### Sentence 177
0.9775802577319352
0.9689303795280664
0.9680870635354001
0.9620763989894286
0.9528928645279097
### Sentence 28
0.9803911447525024
0.9765977380068406
0.9744199682836947
0.9715752795986508
0.9750710602687753
### Sentence 124
0.9923569629358691
0.9915008267690969
0.9899568114169809
0.991121421026629
0.9935375396595445
### Sentence 35
0.9787579956578045
0.9748795003425784
0.9781038092403878
0.9694577789888149
0.9712406529522524
### Sentence 61
0.9760835865004496
0.9746967930008065
0.9783339344642379
0.9741678017784249
0.964649825272235
### Sentence 373
0.9823936290211148
0.9704709258344438
0.9520399822129144
0.946042181385888
0.982117940319909
### Sentence 213
0.980059317085478
0.9700336496035258
0.9834573758973015
0.9640211598740683
0.9742155392964681
### Sentence 255
0.9730119187207449
0.9775699008078802
0.9819783419370651
0.9826302521285557
0.9786392350991567
### Sentence 423
0.8123338768879572
0.848841721812884
0.8355873823165894
0.851147748529911
0.8767949615915617
### Sentence 445
0.7646940389976782
0.7907652372823042
0.8409911253873039
0.8411927819252014
0.8549493673969718
### Sentence 148
0.9810588217916942
0.9755288575376783
0.9874777793884277
0.9659084507397243
0.9743086511180514
### Sentence 295
0.9404332646656604
0.9693126259815126
0.9612094811385586
0.9659203503813062
0.9664412201160476
### Sentence 427
0.8461852723901923
0.8546136346730319
0.8751749179579995
0.8777724287726663
0.7997122840447859
### Sentence 232
0.9743175471822421
0.9741172668006685
0.9760752426253425
0.9694973727067312
0.9799108213848537
### Sentence 242
0.9610024366113875
0.9638088749514686
0.9633573318521181
0.9493317794468668
0.958243477344513
### Sentence 437
0.7564039265825635
0.6852723083325795
0.7161256564514977
0.7677173415819804
0.6770851172152019
### Sentence 216
0.9774757533572441
0.9755118496196215
0.9800839174625485
0.9733970511791318
0.9752898181593695
### Sentence 79
0.9480704426072365
0.9654734529728113
0.9449421458466108
0.9704261810280556
0.9642990091165831
### Sentence 420
0.8636779636144638
0.9112373640139898
0.9164221435785294
0.8720203215877215
0.8784010261297226
### Sentence 45
0.9806625213135373
0.9717312793840062
0.9775228242982518
0.9648681093345989
0.9599695517258211
### Sentence 198
0.9890242318312327
0.9817227976662772
0.9775154420307705
0.9894327549707322
0.9863791707016173
### Sentence 118
0.9812592227350582
0.9678804508664391
0.9665366401049224
0.9625966484573755
0.9832943305373192
### Sentence 142
0.9795362381708055
0.9879771953537351
0.9826046270983559
0.9668859796864646
0.9821346998214722
### Sentence 133
0.9478410184383392
0.9581571146845818
0.961256636492908
0.9670169718563557
0.9472794745117425
### Sentence 98
0.989485071765052
0.9892231053776211
0.9736490706602733
0.9885996090041267
0.9883240077230665
### Sentence 11
0.9450696427975932
0.946759445051993
0.9123362994963123
0.9222487874569432
0.9749541686427209
### Sentence 144
0.978656432694859
0.9740548200077481
0.983851969242096
0.9757666912343766
0.9869087166256375
### Sentence 439
0.7895112961530686
0.7707195430994034
0.8626196712255478
0.7246224731206894
0.8144290626049042
### Sentence 441
0.6711144311861559
0.7766338586807251
0.6949486271901564
0.7798769040541216
0.7847957150502638
### Sentence 391
0.9743297877519027
0.9697405423807062
0.982495983009753
0.9693285673856735
0.9908580028492472
### Sentence 424
0.776301840133965
0.7834071413613856
0.832049910351634
0.8509574936702847
0.8308297902345657
### Sentence 389
0.9931491520669725
0.992857919798957
0.9838822510507371
0.98458890914917
0.9766608887248569
### Sentence 155
0.9659621254319236
0.9811277325664248
0.9884247864995684
0.9778353642849695
0.973178295862107
### Sentence 273
0.984601731910262
0.9727821627328562
0.9676680343095646
0.9751228724801263
0.9739111211410788
### Sentence 249
0.992916862631953
0.9813807357189267
0.9893582865249279
0.9891856354336406
0.9920672233714614
### Sentence 65
0.9819262180217477
0.9771040865155154
0.9837370126746422
0.9861525560534278
0.9800758167754772
### Sentence 56
0.9927080765366554
0.9947117760777473
0.9920886293053627
0.985071787238121
0.9815347269177437
### Sentence 398
0.9812364592438653
0.9716077929451352
0.9868481343700772
0.9909729744706836
0.9828166351431892
### Sentence 174
0.9658379299058155
0.9700504786080935
0.9746894152327017
0.9745222946459596
0.9670441184531559
### Sentence 9
0.7007476272005023
0.740181200686052
0.6356232823860465
0.6751332472671162
0.7311879272262255
### Sentence 170
0.9603446084399556
0.9523059127982273
0.9467210017664488
0.9589204708070949
0.966225371111271
### Sentence 235
0.9876951195976951
0.9846307601441037
0.9837809184735472
0.9928261150013317
0.9920638406818564
### Sentence 171
0.9677070168460288
0.9801885572875418
0.9803732386449489
0.9876793172301316
0.9673803652205119
### Sentence 297
0.9839741370894692
0.994559726931832
0.9725534360517155
0.9848421757871454
0.9858255914666436
### Sentence 400
0.84090250035127
0.9655461609363556
0.9536055386066437
0.9618229190508525
0.9453047712643942
### Sentence 179
0.979150456332025
0.993423152537573
0.9907598410333905
0.9672815331390926
0.9844083048048473
### Sentence 90
0.986096067484035
0.9775823320067206
0.9562978747972223
0.989144969818204
0.9915691544843275
### Sentence 191
0.9683554068855618
0.9766137735999149
0.9796007949372997
0.9744947274094042
0.9613792831483094
### Sentence 299
0.9718961371315851
0.9747543745570713
0.9759667767418756
0.9621916320588854
0.9571147226625019
### Sentence 117
0.9749545047922832
0.9798892358454262
0.9799478977191739
0.9747442581304689
0.976524746999508
### Sentence 152
0.977351525425911
0.9902269288897514
0.9734590850770474
0.9790611498057842
0.9928420573472977
### Sentence 136
0.9794639714739539
0.9605293338271704
0.971750564195893
0.9592014700174332
0.9514395818114281
### Sentence 30
0.9623813176793712
0.9697695111944562
0.9454010352492332
0.9676459786437807
0.9556612280153093
### Sentence 440
0.7976762413978576
0.7625882714986801
0.7711632221937179
0.7517148524522781
0.6982286661863327
### Sentence 296
0.9676794305443763
0.9605002960190177
0.9663515268824995
0.9627039830200375
0.9643675515428185
### Sentence 351
0.9739790383888327
0.9722007487131201
0.9765123776767565
0.9760151440682618
0.9672281631956929
### Sentence 298
0.9825978473476742
0.9754040137581204
0.9752558839061986
0.9692239975151808
0.9742844914612563
### Sentence 336
0.9803164260728019
0.9808289947963896
0.9709450907650448
0.9779549964836666
0.9644457428228288
### Sentence 376
0.9642692415250672
0.9800143665737576
0.9797067867385016
0.9838869359758166
0.9574942893452114
### Sentence 163
0.9438061350306799
0.9516044507712819
0.9670790406160577
0.9613921902207441
0.9450995691640433
### Sentence 347
0.9798292353749275
0.9907698795199394
0.9827224835753441
0.9758240088820458
0.9932621479034424
### Sentence 314
0.9775642163079717
0.979061800500621
0.9808757557817127
0.9943860380545907
0.9703077868275021
### Sentence 345
0.9665898609567772
0.9642196074128151
0.9701689733192325
0.9755829542197965
0.9754264270040122
### Sentence 34
0.9856506174518949
0.9801492918105352
0.9815107640765962
0.9862069061824253
0.9597698464280083
### Sentence 343
0.9670712608237599
0.9592323767584424
0.9598906729803529
0.9433569346749505
0.9741737911867541
### Sentence 226
0.9855723003061806
0.9673853734644448
0.9838688998687558
0.9783648078034564
0.9867419251581517
### Sentence 416
0.8941058789690336
0.8500833859046301
0.8594967971245447
0.8830985650420189
0.907476599017779
### Sentence 414
0.8852551920073373
0.8993717240435737
0.8922932254416602
0.872423563684736
0.9024976342916489
### Sentence 95
0.9740677672188457
0.9770791901320945
0.9720844655502133
0.9736983765189241
0.9647085848377972
### Sentence 339
0.9646832318533034
0.9805384775002798
0.9600094723559561
0.9834384180250622
0.977477069411959
### Sentence 402
0.9475816935300827
0.9320493255342756
0.9337324723601341
0.9391603501779693
0.9464249100003924
### Sentence 443
0.7784997173925725
0.7988885608388157
0.8329043748175226
0.840874829670278
0.8454545096653264
### Sentence 210
0.9853163316845894
0.9929291322827339
0.9902396917343139
0.9869621232151985
0.9545131742954254
### Sentence 207
0.9798189067259068
0.9742512477607261
0.9896771253609076
0.9808176872206897
0.9752557931876764
### Sentence 252
0.9660507537597833
0.9821736382883649
0.9643524971812271
0.984014114668203
0.9836994894715243
### Sentence 311
0.9945338106736904
0.984195467175507
0.9862136012170373
0.9822921127807803
0.9759454501838218
### Sentence 429
0.675686230753358
0.7291958881806667
0.7562377822125034
0.7031593219680045
0.7522593722202476
### Sentence 396
0.9857935652136802
0.9946985319256783
0.9932928740978241
0.9845745742321015
0.9880373388528824
### Sentence 73
0.9597058807584372
0.964582889594815
0.9751688661900434
0.9683690138838508
0.9688855700872161
### Sentence 258
0.9895739697274708
0.9815875405356997
0.984934253352029
0.9779211162101655
0.9740516124736696
### Sentence 51
0.9797037107788998
0.9704242802184561
0.9780253171920776
0.9795670405678127
0.9881250275217969
### Sentence 399
0.9396667809321962
0.9498065535364479
0.9720285103238863
0.9642735144187664
0.9330794883185419
### Sentence 315
0.9802830153041415
0.9741203351153268
0.9792221824328105
0.9848314073350695
0.9801146705945333
### Sentence 223
0.98102771945116
0.9757776689238664
0.9763604591532451
0.9697187404807021
0.973463377574595
### Sentence 151
0.9581848795330802
0.9859644687452982
0.9596965125826902
0.9891299508338751
0.9922865047011264
### Sentence 225
0.9827900066971779
0.9709753945469857
0.9649194218218327
0.9648089349269867
0.9636766344308854
### Sentence 413
0.8971207823072161
0.9072936688150678
0.9318414181470871
0.9259911349841526
0.9058818519115448
### Sentence 78
0.98860844373703
0.9877688065171242
0.9790566250681877
0.9857882916927337
0.9798249252140522
### Sentence 42
0.9456807569685307
0.9602253064513206
0.9558408661660823
0.941621505740014
0.9657228202982382
### Sentence 367
0.980786123941111
0.9727406314639158
0.9869022244630858
0.9870847560638605
0.9793667238812114
### Sentence 372
0.9699922395603997
0.9655662995009195
0.9611210007043112
0.9793096000239963
0.975215497825827
### Sentence 138
0.964489966804205
0.972174025898756
0.9725469472103341
0.9761716931365257
0.9732209198003592
### Sentence 237
0.9712650807097901
0.9739447111307189
0.9683197203070618
0.971684570922408
0.9608617192784021
### Sentence 289
0.9843533843062645
0.9839723761691603
0.9811071711917256
0.982199584328851
0.9794542040935782
### Sentence 300
0.9929492203962236
0.9836467007795969
0.9841800161770412
0.985519806543986
0.992104192574819
### Sentence 89
0.989573247730732
0.977791753411293
0.9734875455498695
0.9825058937072754
0.9799531117081642
### Sentence 325
0.9815526503053579
0.9794363101774995
0.9766550917517055
0.9600952768867667
0.9680851034142754
### Sentence 369
0.9832968448483667
0.9642996386040089
0.9708660515241845
0.9912390251492345
0.9762168332587841
### Sentence 18
0.9123156915108362
0.9410107036431631
0.9693154493967692
0.9470645268758138
0.9300772820909818
### Sentence 253
0.9726454821370897
0.9631950067622321
0.9694463092656362
0.9620527209980148
0.9579741236354623
### Sentence 288
0.9748116696164721
0.9588237899754729
0.9487226055491538
0.9747602535145623
0.9506382693403533
### Sentence 392
0.9585446192158593
0.9793184287018246
0.9777396387524075
0.9689430402384864
0.9673753043015798
### Sentence 265
0.9692609567286038
0.970455709390524
0.9724869944336938
0.9696581572657679
0.9575923384825994
### Sentence 388
0.9544247943907976
0.9626256123185157
0.9405248113907874
0.9455362048000098
0.9464325431734324
### Sentence 403
0.9577247151013079
0.9557886658043697
0.9293618644105976
0.9406371537981362
0.9304146694725958
### Sentence 338
0.9780516399277581
0.973482158448961
0.9758927325407664
0.9586828153994348
0.9540697852770488
### Sentence 333
0.9933241738213433
0.9881931755277845
0.991438729233212
0.9895542833540175
0.99002419312795
### Sentence 318
0.9862484308176263
0.9802235669867937
0.977662501640098
0.97501276398814
0.9780631370322649
### Sentence 246
0.9880235846652541
0.9826646918474242
0.9823306119719217
0.9868732732395793
0.9826420185177825
### Sentence 54
0.9615656401623379
0.9624977138909426
0.9664018001746048
0.9656542515890165
0.9586133430288597
### Sentence 278
0.9715856178885415
0.971755305926005
0.9672666773909614
0.9632311654942376
0.9751271403261593
### Sentence 358
0.9755269461207919
0.9802622768614028
0.9885103676054213
0.9798876808749305
0.9829474276966519
### Sentence 236
0.9770455956459045
0.9718881506811489
0.9866251403635199
0.9757714996283705
0.970988624475219
### Sentence 317
0.9728375219163441
0.9661606802117257
0.9846702303205218
0.9718132927304223
0.97440181743531
### Sentence 290
0.9921463277281785
0.9752827926379878
0.9851175503032964
0.9789347779460069
0.9674669133453835
### Sentence 219
0.9748866204605546
0.9757834222427634
0.9583245940333189
0.9706852865773578
0.9572556160910185
### Sentence 112
0.980546082962643
0.9817851714112542
0.9859949987043034
0.9806146438826214
0.9883022904396057
### Sentence 156
0.9572436001151801
0.9713940788060427
0.9682734262198209
0.9756565444171429
0.9569093370810151
### Sentence 87
0.9767536960896992
0.9940376466228849
0.9795668770869573
0.9718187139147804
0.9849345158962977
### Sentence 180
0.9693952798843384
0.9569444855675101
0.9413854759186506
0.9557956855744123
0.9655066084116697
### Sentence 169
0.972521407575142
0.9734871765462364
0.9672497089316205
0.9736523860838355
0.9694624921170677
### Sentence 256
0.9725060633250645
0.9757883690652394
0.9758032886754899
0.9671362503653481
0.9678667496357646
### Sentence 67
0.9863320723176002
0.9649988785386086
0.9673453345894814
0.9615483716130256
0.9810720592737198
### Sentence 201
0.9773511808542978
0.9833279308818635
0.9665314704179764
0.9857999980449677
0.9780543247858683
### Sentence 71
0.9897694417408535
0.9851869344711304
0.9850991155420031
0.9849453469117483
0.9610477203414554
### Sentence 302
0.9556117958965755
0.9856282600334713
0.9752143962042672
0.9826340093499139
0.9855637365863437
### Sentence 3
0.8671979847881529
0.8891272783279419
0.8542315357261234
0.8678240299224853
0.8540955086549123
### Sentence 106
0.982346697287126
0.9796523384072564
0.9713717177510262
0.9755401123653759
0.9718168702992526
### Sentence 257
0.9688440561294556
0.9710287462387767
0.968473345041275
0.9721616236936479
0.9745585498000894
### Sentence 47
0.9933101889632997
0.9857370938573565
0.97758416334788
0.9684772349539257
0.9852235246272314
### Sentence 110
0.9866390089656032
0.9752837364063707
0.9770028476798257
0.9950727529303972
0.9808499237825704
### Sentence 160
0.9872025435879117
0.9859057948702857
0.9840465613773891
0.9888995985190073
0.9879980257579258
### Sentence 417
0.875832791129748
0.8786311869819959
0.8735257262984911
0.8081789799034595
0.8433574525018533
### Sentence 355
0.9726540666333464
0.9718391504571882
0.9669750156097634
0.9705717348775198
0.9732528576670691
### Sentence 444
0.8630309477448463
0.8425086842228969
0.7987003276745478
0.829780509074529
0.8198101595044136
### Sentence 187
0.9869179200558436
0.9791357048920223
0.9769808692591531
0.9805409610271454
0.9900886757033212
### Sentence 99
0.9690788229306538
0.9583566572931078
0.955652223693
0.9572306806842487
0.9544283999337091
### Sentence 366
0.9596713195554912
0.9762279719114304
0.9620533473789692
0.9627926981076598
0.9734812989830971
### Sentence 195
0.9776340439206078
0.9561278926474708
0.9843352280911946
0.9852587225891295
0.9909770020416805
### Sentence 276
0.9810871822493417
0.9798975274676368
0.9734197230566115
0.9913782179355621
0.9771237557842618
### Sentence 128
0.9715194452640622
0.9607904581136482
0.9821146172146464
0.9686586579611135
0.9635987292195476
### Sentence 203
0.9847304565565926
0.9733472040721348
0.9603799482186636
0.9605165517755917
0.9737810918263027
### Sentence 97
0.9854675298783837
0.9670596451657575
0.9941612293080586
0.990683459654087
0.9811354148678664
### Sentence 189
0.9911611507768217
0.9887106146501459
0.9731704592704773
0.9838754197825557
0.987782236026681
### Sentence 353
0.9908929954875599
0.9748946353793144
0.9832411042668603
0.9893767481500452
0.9871208261359822
### Sentence 266
0.967837124385617
0.9750005264173854
0.9820691428401254
0.9728809957477179
0.9690045165744695
### Sentence 362
0.9672309246000855
0.9606649948413982
0.9676342500850211
0.9729153583216112
0.9747893266206564
### Sentence 153
0.9923836385661905
0.9826040200211785
0.9835291559045966
0.9906038140708749
0.9933728575706482
### Sentence 406
0.9373109309837736
0.9457332070531517
0.9449614872192514
0.9600749159681385
0.9231095365409193
### Sentence 137
0.974744758435658
0.974628481126967
0.9779028495152792
0.9655729709636598
0.9886742390337444
### Sentence 368
0.9933657795190811
0.9789439683610742
0.9720624929124658
0.9819467853416096
0.9899700446562334
### Sentence 24
0.501333927795792
0.557472835247658
0.5122859965937306
0.5192540186337968
0.545518146010168
### Sentence 190
0.9927510221799215
0.9721350336358661
0.9913092113676525
0.9809752759479341
0.971939107846646
### Sentence 199
0.9875436032690653
0.9850464346932202
0.9905411586528872
0.9763128939198285
0.978823581119863
### Sentence 352
0.9749920077102129
0.9933681626652562
0.9909131263577661
0.9636020383169485
0.9803401807019877
### Sentence 69
0.9852226204342313
0.9670905136399799
0.9881224513053894
0.9850854516029358
0.9849419289165073
### Sentence 244
0.9752808645367622
0.9633057329803705
0.9623382579535246
0.9763927936553956
0.9561597239226103
### Sentence 214
0.975309027277905
0.9706279117128124
0.9689163125079611
0.9792406442372695
0.9792247868102529
### Sentence 88
0.9829428046941757
0.9755324125289917
0.9859035516327078
0.9755336899649013
0.9741837179118936
### Sentence 12
0.963343781809653
0.9804217988444913
0.9637447249504828
0.9634535139606845
0.9501419682656566
### Sentence 328
0.9439761151754579
0.9725945342418759
0.9707081605528676
0.9255236134279606
0.9795985471370608
### Sentence 241
0.9911760077243899
0.9859893976188288
0.9705753617170381
0.9672262217940354
0.9891624116316075
### Sentence 101
0.9799567682798519
0.969921620086182
0.9745051770709282
0.9858866306238396
0.9810144970583361
### Sentence 114
0.9662079736590385
0.9839100480079651
0.9774471692740917
0.9745829723775387
0.9580312184989452
### Sentence 411
0.8879912839486048
0.8648464748492608
0.8770272915179913
0.8801770542676632
0.8514068848811663
### Sentence 150
0.9660758761896028
0.9581081754631466
0.9635877781444125
0.9327840560012394
0.9652297702100542
### Sentence 425
0.8289709054842228
0.829576511208604
0.7996591000658709
0.8348777388654104
0.7406970324312768
### Sentence 370
0.9763051554560661
0.9726758964359761
0.9820730462670326
0.9826118603348732
0.9890861824154854
### Sentence 183
0.984655696721304
0.9803979765801203
0.9535257929847354
0.9731627149241311
0.9893832731814611
### Sentence 422
0.7624322101473808
0.8942018002271652
0.8195698037743568
0.8734562372167906
0.85170645515124
### Sentence 44
0.9655544348927432
0.9634868121424387
0.9808217266271281
0.9813957914363506
0.9631273715302001
### Sentence 85
0.977417841553688
0.9726451586931943
0.9690432804636657
0.9758413370698691
0.9697921259328723
### Sentence 119
0.9797445148229599
0.9729091949760914
0.9768454924225807
0.9592016369104386
0.9824730724096298
### Sentence 188
0.9855147396645895
0.9834252726740953
0.9839717745780945
0.9809462617083293
0.97770094871521
### Sentence 238
0.9574934743344784
0.9638727616518736
0.970945344120264
0.9709170505404472
0.971287788450718
### Sentence 76
0.9723189715729204
0.9844109443731086
0.9784257307995198
0.9715789681257203
0.9780563337858333
### Sentence 438
0.7080992040309039
0.7243571403351697
0.6574408472938971
0.6963839043270458
0.7602958557280627
### Sentence 52
0.9683916201548917
0.9830533599569684
0.9744942142140298
0.9699943963260877
0.9665169504781564
### Sentence 86
0.977777521170321
0.9767657085543587
0.98491361169588
0.9647388827233088
0.9782897116882461
### Sentence 33
0.9620260184719449
0.985717351947512
0.9752210392838433
0.9802450097742534
0.9921500242891765
### Sentence 70
0.978125195140424
0.9783057220604109
0.9669544016537459
0.967607293439948
0.965227777219337
### Sentence 322
0.9828678694638339
0.9899921322410757
0.9846829162402586
0.9833245290951296
0.9877970882437446
### Sentence 421
0.8519134602763436
0.9052489237351851
0.8709268895062533
0.8748767592690208
0.8550176999785684
### Sentence 162
0.9830130130052567
0.9790213271975517
0.9740180663764477
0.9832738876342774
0.9721756674349308
### Sentence 293
0.9514510195429732
0.9582050264608569
0.9685461601106132
0.9585657199708427
0.975856948916505
### Sentence 415
0.85661842693121
0.793455048249318
0.7798283016070341
0.7448264199953812
0.8134430348873138
### Sentence 36
0.9922324058621429
0.9834759651228439
0.98066382075465
0.9903451190438382
0.9894507416459017
### Sentence 269
0.9768913880337117
0.9746951932130858
0.9864484543024108
0.9788166783576788
0.9802068388739298
### Sentence 130
0.9592975959181785
0.9626729995012283
0.9586414754390716
0.9436741136014462
0.9648732926696539
### Sentence 412
0.9534466587580167
0.9555354851942796
0.9291960917986356
0.9295158202831562
0.881515791782966
### Sentence 294
0.9945512576536699
0.9894112646579742
0.9769357178698886
0.9977312291210348
0.9897048771381378
### Sentence 306
0.9674793988466263
0.9759293518960476
0.9817460834980011
0.9832857042551041
0.9863117679953575
### Sentence 410
0.9284207801024119
0.9205653379360835
0.8892067462205887
0.9283547287185987
0.9309917867183686
### Sentence 337
0.9701341657444488
0.9776786045972691
0.9521731812247011
0.959751755692238
0.9713801422784495
### Sentence 380
0.9720902615123325
0.9827416314019097
0.9913196788893806
0.9521204743120405
0.9798900286356608
### Sentence 200
0.9356050543163134
0.966503386264262
0.9647900721301204
0.9686722548111625
0.9433660636777463
### Sentence 13
0.9626161147808207
0.9467378587558352
0.963305506212958
0.9391900783982771
0.9472099542617798
### Sentence 212
0.9532395005226135
0.9645496045434198
0.9458564852559289
0.9782426378061605
0.9724761511004248
### Sentence 202
0.9669769265970518
0.9770156020341918
0.9797037999297298
0.9743301244669182
0.9601797993446506
### Sentence 341
0.9881541975166487
0.9819634595642919
0.9860066758549731
0.9638337965892709
0.9817162363425546
### Sentence 378
0.9917097106212522
0.9932096411542195
0.993856677194921
0.983873105630642
0.9903986424934573
### Sentence 329
0.9819646064530719
0.9841522858901457
0.9904397875070572
0.9895138537341898
0.9736498804254965
### Sentence 105
0.9945623710751533
0.9898669555783272
0.9937911078333854
0.9917165026068687
0.9942581966519356
### Sentence 268
0.983250884215037
0.9870414601431953
0.9787507242626614
0.987549889087677
0.9817594673898485
### Sentence 10
0.9786631882190704
0.9744538386662801
0.9567501167456309
0.9613398333390554
0.9625886440277099
### Sentence 181
0.9563230574131012
0.9794814233169999
0.9660611086806585
0.9701243517703788
0.9626641547264054
### Sentence 115
0.9843761012667701
0.9821070021107083
0.9796430482750847
0.9847076904206049
0.9882085961954934
### Sentence 81
0.9805803935636174
0.9750388312068853
0.9869317249818281
0.9750922193581407
0.9806172332980416
### Sentence 46
0.9665574714541435
0.9913044735789299
0.9894023180007935
0.9805446125566959
0.9865710824728012
### Sentence 405
0.9491697138753431
0.9506656280879316
0.9569823125313068
0.9197385506383304
0.9576078386142336
### Sentence 208
0.9594268585954394
0.9747815426616442
0.9744877517223358
0.9589390215419588
0.979896448907398
### Sentence 215
0.9820125463397004
0.9754967058813849
0.9708958635496538
0.9654462531555531
0.9699307347452918
### Sentence 107
0.9909842239485847
0.9741164008776347
0.9889494750234816
0.9905383547147115
0.9780373970667521
### Sentence 172
0.984184019787367
0.9812121315057888
0.9807531930679498
0.9880888295728106
0.9925170582394267
### Sentence 55
0.9786612378226386
0.9877184404267205
0.9866957015461392
0.986177819304996
0.9871394872665405
### Sentence 83
0.9675872445106506
0.9430114280432462
0.9496112743392586
0.9705624142661691
0.9718263417482376
### Sentence 357
0.9745187938213349
0.9563225196467505
0.9855329778459337
0.9598336746295293
0.9816598335901896
### Sentence 262
0.9662358547476205
0.9741986827416853
0.9705980027263815
0.9696639762683348
0.9747095758264716
### Sentence 178
0.980099066098531
0.9759212447537317
0.9729576342635684
0.9543767839670181
0.9773075607087877
### Sentence 132
0.9828206673264503
0.9869702398777008
0.982360552251339
0.9736200891435146
0.9868542209267617
### Sentence 217
0.9795675398338408
0.9790434127762204
0.9838017310414996
0.979254697050367
0.9786557938371386
### Sentence 342
0.9706683097915216
0.9711947400461544
0.9840212721716274
0.9747468334707347
0.986763668331233
### Sentence 8
0.8756155934598711
0.8473452574676937
0.8968226909637451
0.850386083457205
0.9150644156667921
### Sentence 283
0.9555859789252281
0.9652082217591149
0.9720871519474756
0.9648102759605363
0.9713252236445745
### Sentence 436
0.6693673081696033
0.6679389182478189
0.692376384139061
0.7389467351138592
0.7378727249801159
### Sentence 418
0.852824387451013
0.9224526435136795
0.8587751338879267
0.8987269302209219
0.8533804913361868
### Sentence 64
0.975545963103121
0.9739794534715739
0.9856832880865444
0.9720011299306696
0.9786259254271333
### Sentence 354
0.9657223911547079
0.9746078260061217
0.9688825228410524
0.9681505495455207
0.9614987685912992
### Sentence 224
0.9732262349665858
0.9796974007473436
0.9847803614860358
0.9887177320413811
0.9838506759599198
### Sentence 254
0.9854679953220279
0.9900703208391056
0.9681085479813952
0.994019792523495
0.9925747291986332
### Sentence 442
0.7987338347981373
0.782402278855443
0.8376004863530397
0.8069735838992832
0.7524447863688692
### Sentence 23
0.8684578998945653
0.8703279169276357
0.8488035707447964
0.8489073973480397
0.8662558772350446
### Sentence 319
0.9707822756069463
0.954009064995661
0.9680503787609135
0.9765764416717901
0.9751769696793905
### Sentence 361
0.9894972249865532
0.9817798167467118
0.9871660798788071
0.9829957783222198
0.9883820340037346
### Sentence 186
0.9478027768342233
0.9594163192299808
0.9480808821574944
0.9633778483811312
0.9705442895249623
### Sentence 53
0.9712482635364976
0.9674449732830358
0.9588860891932665
0.9666108547081781
0.979878589164379
### Sentence 381
0.9582911593218645
0.9682800688204312
0.9684257457653681
0.968676555014792
0.9732780066274461
### Sentence 60
0.9907369722019542
0.9610664973204787
0.9943053058602593
0.9847733270038258
0.9857581975785169
