26
30
25
23
20
13
19
22
23
25
35
46
50
59
68
73
76
68
46
44
70
124
85
89
79
66
103
105
85
83
117
147
131
156
137
79
82
115
100
112
70
63
65
73
72
19
24
38
27
25
35
28
30
34
30
37
35
29
26
25
30
31
28
29
35
33
30
26
33
39
18
32
33
27
35
24
38
26
39
37
29
24
29
26
28
32
40
26
41
18
24
33
29
31
21
27
32
18
25
40
42
29
32
41
40
32
31
42
40
36
21
21
28
31
27
31
31
26
37
38
37
65
51
50
41
50
39
37
45
48
32
34
42
41
48
36
39
30
36
25
45
46
35
35
49
37
45
41
42
39
37
46
30
31
38
51
35
33
39
36
37
46
40
28
42
48
40
39
33
30
43
38
52
34
39
33
43
41
48
46
27
35
38
38
35
43
41
51
31
34
50
35
45
32
35
51
41
50
47
47
32
43
49
40
36
45
44
38
37
46
43
36
42
51
35
48
38
52
41
39
45
61
49
55
50
32
43
36
43
31
39
30
37
43
51
29
45
39
39
50
32
29
46
53
51
36
32
37
32
30
32
39
46
33
40
36
36
44
43
34
36
42
36
38
34
30
44
31
38
29
49
45
43
35
42
52
34
38
48
32
30
25
39
44
32
40
42
43
39
50
54
35
36
38
41
44
36
41
24
32
40
31
38
36
47
33
33
25
46
46
38
40
43
38
36
41
40
45
48
29
32
41
43
36
34
44
33
59
45
34
39
49
36
30
33
35
37
54
42
42
41
37
23
30
27
37
34
34
42
54
35
36
39
49
44
44
36
39
29
39
47
56
63
42
50
50
47
43
44
42
43
53
43
39
49
50
42
29
63
37
39
44
42
43
40
37
37
38
36
34
49
40
42
45
39
38
38
45
40
43
42
43
41
45
28
41
50
37
31
37
35
41
50
35
47
38
45
33
36
48
31
38
43
29
41
33
31
38
22
44
35
43
36
40
56
45
50
40
44
39
37
49
43
23
45
36
53
45
51
38
43
48
49
51
42
35
37
42
37
58
42
35
32
31
32
46
49
35
43
47
41
35
52
42
45
38
46
26
44
41
65
37
38
35
43
46
34
35
46
43
45
38
46
48
36
47
33
38
46
55
41
47
44
45
36
44
38
39
33
50
32
48
41
51
52
45
34
32
34
46
29
33
35
34
35
37
47
39
46
43
40
43
39
48
36
36
28
36
28
41
39
45
48
49
52
47
34
36
42
36
41
29
35
28
38
44
49
39
43
32
36
36
45
37
56
50
30
41
42
40
42
42
44
50
35
33
46
39
39
38
29
31
40
39
36
62
40
41
40
47
31
46
40
51
45
45
52
41
38
30
32
32
35
35
32
45
29
34
44
43
39
39
40
35
43
47
30
37
43
40
45
27
53
36
41
34
47
37
23
39
36
43
38
38
27
27
42
48
47
29
43
34
50
28
40
28
32
40
42
47
46
36
45
44
58
45
60
36
37
42
32
38
42
49
31
40
32
30
43
58
43
45
45
39
34
31
35
37
44
38
35
34
43
36
40
28
49
32
39
36
41
34
37
35
35
41
33
44
43
36
35
45
44
36
47
40
43
29
34
28
59
36
39
25
38
31
42
28
26
35
50
47
39
45
39
54
52
49
49
53
54
38
36
39
37
27
27
45
38
42
39
35
34
31
39
49
42
35
40
44
45
51
56
38
51
41
34
42
42
39
40
37
41
39
43
55
42
33
30
54
43
35
46
33
51
40
35
40
45
48
44
31
37
30
53
68
42
47
47
38
31
40
31
39
33
43
40
41
46
35
44
36
27
34
36
48
39
35
36
41
29
38
41
53
30
41
36
34
40
50
54
41
34
40
34
36
41
45
46
31
42
39
53
44
40
34
31
41
41
42
40
43
36
52
43
53
31
41
39
45
47
42
41
57
43
39
42
41
27
37
31
46
41
40
38
37
39
56
38
37
43
43
41
34
30
47
38
47
43
38
35
43
46
35
40
59
39
45
45
48
36
40
39
43
37
41
46
53
56
66
57
44
34
35
42
48
40
38
42
36
35
46
30
31
44
34
43
44
33
44
41
34
27
38
35
34
38
44
39
45
32
37
43
28
43
37
37
36
30
42
51
40
46
40
44
33
53
43
35
47
36
43
40
46
55
42
43
47
44
34
50
46
48
53
51
35
32
39
39
38
36
49
39
39
40
50
28
38
37
38
66
32
35
45
37
50
33
54
40
33
38
39
45
44
39
42
38
46
42
40
61
47
39
47
57
33
40
46
47
46
36
47
40
51
52
34
47
46
36
31
29
50
41
41
45
28
41
48
48
39
32
35
48
48
45
36
36
38
45
34
52
42
40
46
41
53
28
23
37
42
35
44
43
59
45
35
43
36
42
41
48
37
44
48
43
43
41
43
43
40
46
47
39
33
41
35
40
33
37
40
47
32
39
32
41
36
36
43
49
35
48
32
57
54
59
51
34
47
42
51
47
31
37
62
45
42
37
48
42
53
39
30
40
28
42
32
41
44
51
35
35
51
45
28
43
42
28
41
35
32
33
38
28
47
35
54
48
22
36
47
41
42
48
45
44
36
41
38
46
35
36
26
45
42
37
45
39
38
48
41
44
34
41
43
39
37
40
37
27
53
51
52
36
47
32
25
26
35
41
41
38
32
30
32
47
38
37
38
47
39
50
59
52
41
37
38
51
35
44
37
42
33
44
50
41
22
39
37
49
62
47
35
51
48
34
36
37
28
46
37
40
37
49
41
47
38
33
45
52
45
47
45
42
34
50
35
42
43
33
31
28
42
38
24
36
35
35
37
35
35
53
36
34
41
42
40
37
35
38
34
26
31
38
21
31
45
39
33
33
40
43
55
37
46
38
35
44
31
32
34
35
34
28
27
39
47
30
29
47
38
43
33
48
43
64
26
50
40
36
45
44
49
38
43
53
27
40
39
27
43
27
33
40
31
30
24
45
33
37
33
37
44
50
41
31
60
37
58
48
40
34
48
41
48
41
31
45
40
49
32
53
41
27
48
39
42
52
29
44
50
46
48
48
40
50
32
41
42
31
48
45
44
47
32
28
43
39
37
39
36
57
45
46
40
35
29
52
46
43
34
39
39
47
40
42
37
29
38
40
51
33
39
44
50
45
23
38
32
39
35
43
31
53
43
38
47
44
48
45
52
45
44
33
35
30
33
28
34
42
37
36
49
38
36
43
41
46
43
30
39
48
47
32
42
46
36
54
46
56
47
50
49
47
46
52
31
36
41
42
40
38
43
38
52
39
42
26
41
53
28
28
35
47
46
36
33
35
40
42
31
40
42
47
42
49
44
39
37
37
38
39
41
38
44
45
52
50
46
51
33
36
45
40
45
45
45
40
37
42
38
51
37
40
34
40
45
54
52
51
50
46
41
48
52
42
35
39
53
41
42
27
40
35
40
40
29
46
36
49
59
37
50
51
44
37
41
41
36
39
36
43
32
38
38
53
41
44
44
45
36
36
43
40
35
40
30
29
28
33
51
44
37
45
50
40
52
31
35
39
47
39
54
48
35
32
55
41
42
48
45
53
41
42
55
42
34
30
30
30
40
53
35
48
35
45
30
43
45
38
46
40
30
36
45
55
33
41
37
40
30
34
38
35
51
41
37
39
45
42
37
45
49
22
33
48
48
36
43
40
48
42
44
62
40
39
33
33
27
37
45
29
33
44
52
41
36
39
53
40
40
47
33
37
57
38
62
47
35
39
42
57
27
34
40
31
27
33
45
42
38
37
28
32
40
35
39
36
43
41
38
44
24
42
43
37
30
44
44
46
44
32
41
41
33
42
51
29
45
34
38
33
38
45
38
49
41
29
39
51
50
41
44
51
54
30
48
55
41
44
35
41
31
41
45
42
34
32
37
39
37
49
42
37
33
36
47
44
36
60
41
26
35
32
40
33
56
38
46
34
42
42
36
34
34
42
33
39
37
39
43
56
45
27
42
43
29
35
34
35
32
46
29
38
52
35
30
35
36
40
38
46
31
42
42
42
46
54
56
53
40
47
52
37
41
38
47
40
24
34
38
37
35
40
34
32
47
50
34
41
49
34
38
39
49
46
49
33
35
37
41
50
42
29
45
55
44
32
49
36
36
36
38
37
40
44
47
38
40
22
44
40
47
38
49
26
36
28
37
40
28
36
32
36
43
25
48
33
46
44
41
44
35
44
49
48
41
45
51
38
34
39
30
30
44
46
35
36
31
25
44
38
31
42
29
49
39
35
35
35
40
24
36
35
36
48
37
37
39
38
37
40
43
39
44
53
36
34
48
38
36
42
37
43
37
36
44
48
43
38
42
41
57
49
49
54
35
39
47
43
38
39
24
43
33
31
43
48
33
43
39
54
49
46
43
50
35
36
34
29
36
39
35
45
46
42
38
39
57
65
40
57
56
38
40
42
31
45
42
38
49
23
42
42
38
33
46
52
47
32
38
27
29
31
33
50
33
34
42
48
31
46
40
49
21
27
25
29
29
26
30
47
32
28
35
30
27
27
19
23
29
27
32
33
27
24
20
32
33
32
27
30
29
29
31
33
35
37
36
20
28
30
27
25
19
20
33
22
28
24
29
25
16
21
16
44
29
30
24
25
24
24
24
24
42
30
19
14
12
9
14
14
14
10
16
18
16
17
15
16
22
14
19
19
11
10
48
54
44
58
49
18
12
14
11
10
17
17
10
17
19
13
18
11
22
17
13
18
21
20
17
10
14
21
11
13
19
19
22
13
15
19
12
18
15
8
4
14
18
12
21
38
54
58
54
60
54
48
44
63
72
47
52
51
43
48
13
13
17
11
14
56
70
69
54
66
9
6
9
4
8
5
3
5
6
7
10
3
4
7
3
3
7
6
5
6
6
11
14
7
3
4
4
4
2
6
9
14
12
15
11
38
25
28
35
24
26
35
30
27
31
5
3
5
12
3
17
9
7
12
8
13
14
8
12
12
16
13
20
19
12
7
6
5
11
8
60
54
56
42
57
11
17
17
23
17
24
26
26
29
23
