28
28
25
24
21
13
20
22
23
24
35
47
52
62
71
79
77
69
49
45
71
125
91
93
81
69
104
108
87
83
119
149
132
160
142
88
82
121
99
113
72
67
69
75
76
18
24
35
26
25
35
28
30
34
31
38
35
29
26
26
30
31
28
29
32
33
32
26
33
38
18
30
33
27
35
26
38
26
40
37
29
24
29
26
28
32
43
26
42
18
25
34
29
32
21
27
32
18
26
37
43
30
32
42
40
32
32
42
40
36
24
19
28
31
27
31
32
27
35
39
43
65
53
51
41
49
39
36
45
47
34
36
43
40
47
40
40
31
36
25
46
47
35
34
49
37
50
44
42
41
37
48
31
30
41
52
36
34
39
39
37
47
42
31
43
47
41
37
32
29
45
39
54
35
47
33
43
44
48
47
26
36
39
40
35
43
41
51
33
34
52
36
45
33
36
51
43
52
47
49
32
43
49
40
36
46
44
38
37
47
43
36
42
52
35
50
40
52
41
39
45
64
49
55
50
32
44
36
44
34
39
30
38
43
53
30
45
43
42
53
35
31
47
53
54
35
34
38
32
30
30
40
47
36
40
37
36
46
43
37
36
42
37
38
37
30
47
32
37
36
49
46
43
35
43
51
35
40
48
34
31
26
39
46
33
45
44
44
40
51
52
35
39
38
41
48
36
41
26
35
44
33
39
36
47
33
32
25
47
47
39
40
44
38
38
44
40
45
49
32
33
42
43
36
36
46
35
62
43
35
41
51
38
31
34
36
37
54
43
43
41
40
23
30
27
38
37
34
42
54
38
38
39
49
45
44
41
43
32
40
48
57
63
45
55
50
49
44
45
43
43
57
44
39
49
51
44
30
64
38
39
49
43
41
42
41
40
38
38
33
50
40
42
48
44
39
40
44
38
44
41
44
40
45
28
40
50
39
32
39
36
44
52
36
48
37
47
32
39
48
30
36
44
28
42
34
33
39
22
46
33
43
37
40
56
45
50
41
45
41
37
48
44
23
47
37
54
45
51
38
44
48
51
52
43
35
38
43
37
58
44
35
31
31
31
45
50
34
46
47
40
36
52
42
49
39
44
26
43
41
65
38
41
36
44
44
37
39
48
45
46
40
48
51
42
48
33
39
46
57
42
47
46
44
36
44
41
39
33
50
32
49
41
52
54
46
34
32
32
47
30
35
37
35
36
39
47
38
47
46
41
41
44
51
35
38
31
38
28
45
40
50
48
51
52
49
34
39
42
36
41
30
32
28
38
44
49
41
44
33
37
36
45
37
59
51
30
43
41
38
43
42
44
52
35
33
50
39
41
38
31
34
40
41
37
62
40
42
40
48
31
47
40
52
44
47
51
42
39
29
34
34
35
35
31
46
33
34
44
44
39
40
42
34
43
48
30
39
45
42
46
28
53
36
42
35
47
38
23
39
39
44
40
38
27
29
43
50
47
31
46
35
53
28
40
30
31
41
42
49
46
37
44
45
58
45
61
37
38
42
30
38
42
51
32
42
34
29
45
58
44
47
49
38
35
31
35
37
42
38
36
36
41
37
41
31
56
33
40
36
41
36
38
33
36
41
34
44
43
39
36
46
45
40
49
40
43
30
36
28
60
39
39
28
38
33
42
30
28
36
50
50
40
45
39
54
52
51
51
54
55
30
34
39
38
27
26
48
38
42
39
37
34
33
44
50
44
38
41
47
47
51
56
39
52
43
34
42
42
41
42
38
42
39
44
53
42
32
31
57
46
36
46
34
52
42
38
41
49
48
44
30
37
30
57
68
42
47
47
37
32
41
30
41
35
44
40
44
48
35
44
37
26
32
37
48
41
35
34
41
29
35
42
53
30
41
38
37
41
48
55
44
34
38
33
37
42
46
46
32
44
39
53
44
41
35
32
41
44
43
42
43
38
56
43
52
31
44
40
45
47
42
41
57
43
38
43
42
29
36
31
47
43
42
37
35
42
58
41
36
44
43
42
34
32
47
36
48
47
40
38
44
46
36
40
59
39
44
45
49
36
41
40
44
38
43
47
54
56
66
57
45
41
37
46
45
41
41
38
38
35
46
28
32
45
35
45
42
33
45
40
34
27
39
36
38
41
44
41
45
35
39
47
32
43
38
39
36
31
43
51
46
48
42
45
34
55
44
35
49
36
43
41
46
56
44
43
48
43
34
51
49
50
56
50
36
32
40
39
38
37
51
37
39
41
49
27
38
37
41
66
32
33
43
38
52
33
57
42
33
38
39
46
45
39
43
37
45
43
39
66
48
41
48
60
33
38
47
47
49
35
48
40
52
54
35
47
47
36
31
30
48
41
43
46
28
43
48
46
40
33
35
49
48
46
40
37
40
46
34
55
42
42
48
40
54
27
25
37
43
36
46
43
61
44
37
42
35
46
45
55
42
44
48
45
47
42
43
44
40
45
47
39
34
42
31
38
33
37
42
47
32
39
32
40
36
36
41
49
36
55
33
55
55
59
51
34
48
44
51
47
31
38
64
45
42
41
48
43
53
37
30
42
27
42
32
40
44
52
35
35
54
45
28
44
40
28
41
35
32
33
38
28
46
33
55
51
22
37
49
45
43
49
47
46
36
41
39
48
37
37
27
47
45
36
47
41
38
49
41
46
35
42
43
37
37
40
36
27
54
52
53
37
47
33
25
27
37
43
41
38
33
30
35
47
39
36
40
48
39
51
59
52
42
38
38
53
35
44
39
43
35
47
50
44
24
39
39
49
66
47
35
51
49
37
36
41
29
46
37
41
39
49
41
51
38
35
48
50
46
49
45
43
34
53
33
43
45
31
32
30
42
39
25
41
35
35
38
35
34
54
37
35
41
43
42
38
37
39
34
26
31
38
20
32
45
42
34
33
40
43
54
38
50
38
36
46
33
32
34
38
34
29
28
39
47
32
29
47
39
42
33
49
48
63
26
50
41
38
45
44
49
38
44
55
26
41
41
28
44
29
34
43
30
32
25
45
34
37
32
39
45
51
42
32
61
37
60
48
40
34
50
41
49
44
31
46
40
51
36
55
41
27
49
40
43
53
32
50
51
45
51
50
40
51
32
41
44
32
52
43
46
46
31
29
43
40
37
39
36
57
45
48
40
37
30
53
46
46
36
41
40
51
42
43
37
31
39
40
53
33
40
45
49
49
23
40
32
39
36
44
32
53
45
40
49
45
46
46
52
45
44
33
37
33
35
30
34
43
38
36
49
38
36
44
42
46
46
33
39
48
48
34
42
47
34
55
46
59
48
51
49
48
46
53
32
34
41
42
40
38
44
40
53
44
44
30
41
56
28
29
37
46
48
37
33
36
41
44
33
40
45
47
42
49
46
39
39
40
37
40
43
38
47
45
51
52
47
53
33
37
44
41
46
45
46
40
38
43
38
53
38
41
37
41
46
53
53
49
49
46
42
48
54
48
36
39
53
41
44
27
41
35
41
41
29
47
37
49
61
38
50
52
45
37
41
43
37
39
36
45
34
38
41
53
42
44
43
45
37
38
44
43
37
39
31
28
29
33
53
46
41
46
54
40
52
33
35
39
49
42
55
48
35
34
56
40
42
45
46
53
41
42
56
43
34
32
33
31
40
53
37
49
38
43
30
43
46
39
44
41
30
36
44
55
34
44
43
41
32
35
38
35
53
42
38
39
44
43
38
47
50
24
36
48
49
37
44
41
53
42
46
63
40
38
34
34
28
38
46
36
36
44
53
45
38
40
51
40
42
47
34
38
57
41
68
49
36
39
44
57
29
35
40
32
27
33
45
42
40
38
28
32
41
38
42
34
44
41
38
44
25
43
43
37
32
41
44
46
45
30
42
42
34
42
51
30
45
34
38
34
42
46
38
49
40
30
40
52
50
41
44
50
53
31
48
59
43
45
35
44
32
40
46
41
33
36
37
40
39
49
47
37
34
37
48
42
36
62
44
29
35
37
42
37
56
39
49
34
43
41
39
34
37
43
33
41
37
38
43
57
45
27
42
46
29
35
34
35
32
48
29
40
52
34
30
34
39
40
38
46
32
41
44
43
48
54
59
53
40
48
51
38
43
40
48
42
25
35
39
40
36
41
33
33
48
50
35
44
53
34
40
39
50
46
51
36
35
37
42
50
43
31
47
56
43
32
49
38
39
36
40
37
39
45
50
38
40
22
47
39
47
39
48
27
36
28
40
41
28
34
31
39
43
27
51
33
46
44
39
46
35
45
50
50
41
46
50
41
33
39
30
31
48
47
36
40
33
25
43
40
29
41
29
51
40
35
36
38
40
24
37
36
37
52
38
37
39
39
40
40
52
39
44
54
37
35
49
40
36
41
37
41
39
36
44
50
45
40
43
41
58
50
51
58
35
39
47
44
38
39
28
45
34
31
44
48
34
43
39
54
49
48
45
52
35
36
36
31
35
39
36
45
47
43
41
41
59
66
42
57
55
38
40
42
31
45
44
41
51
23
43
39
38
35
48
52
48
31
38
28
29
34
36
48
36
36
42
50
32
49
43
50
21
27
25
30
30
26
31
47
32
30
38
33
27
26
17
25
29
27
33
34
27
24
22
33
34
32
27
30
29
29
32
32
35
38
37
20
28
31
26
25
19
20
34
22
28
24
29
26
16
21
16
44
29
22
22
21
26
26
24
24
42
32
19
14
12
9
15
14
13
10
16
18
16
17
15
16
22
14
19
19
13
10
51
54
44
66
55
18
13
14
12
10
17
17
10
17
19
14
18
12
24
18
13
18
21
21
18
9
13
22
12
13
19
19
22
13
15
19
12
18
15
8
5
14
17
12
22
39
54
59
55
62
56
47
43
65
73
47
54
53
43
48
13
13
17
11
15
57
73
70
56
65
9
6
10
4
8
5
3
5
6
7
11
3
4
7
4
3
7
6
8
8
7
11
14
7
4
4
4
4
2
8
9
14
12
15
12
38
28
27
35
24
26
37
30
27
31
5
3
5
12
4
17
10
8
12
8
14
16
8
13
12
18
13
22
19
13
5
6
5
12
8
64
56
57
43
59
11
17
17
23
17
25
26
26
29
24
