0.2828282828282828
0.2828282828282828
0.25252525252525254
0.24242424242424243
0.21212121212121213
0.13402061855670103
0.20618556701030927
0.2268041237113402
0.23711340206185566
0.24742268041237114
0.14767932489451477
0.19831223628691982
0.21940928270042195
0.2616033755274262
0.29957805907172996
0.2515923566878981
0.24522292993630573
0.2197452229299363
0.15605095541401273
0.14331210191082802
0.16099773242630386
0.2834467120181406
0.20634920634920634
0.2108843537414966
0.1836734693877551
0.14315352697095435
0.2157676348547718
0.22406639004149378
0.18049792531120332
0.17219917012448133
0.1523687580025608
0.19078104993597952
0.16901408450704225
0.20486555697823303
0.18181818181818182
0.2018348623853211
0.18807339449541285
0.2775229357798165
0.22706422018348624
0.2591743119266055
0.225
0.209375
0.215625
0.234375
0.2375
0.09473684210526316
0.12631578947368421
0.18421052631578946
0.1368421052631579
0.13157894736842105
0.20958083832335328
0.16766467065868262
0.17964071856287425
0.20359281437125748
0.18562874251497005
0.2159090909090909
0.19886363636363635
0.16477272727272727
0.14772727272727273
0.14772727272727273
0.1724137931034483
0.1781609195402299
0.16091954022988506
0.16666666666666666
0.1839080459770115
0.19879518072289157
0.1927710843373494
0.1566265060240964
0.19879518072289157
0.2289156626506024
0.10843373493975904
0.18072289156626506
0.19879518072289157
0.16265060240963855
0.21084337349397592
0.15568862275449102
0.2275449101796407
0.15568862275449102
0.23952095808383234
0.2215568862275449
0.17365269461077845
0.1437125748502994
0.17365269461077845
0.15568862275449102
0.16766467065868262
0.18823529411764706
0.2529411764705882
0.15294117647058825
0.24705882352941178
0.10588235294117647
0.14534883720930233
0.19767441860465115
0.1686046511627907
0.18604651162790697
0.12209302325581395
0.15976331360946747
0.1893491124260355
0.10650887573964497
0.15384615384615385
0.21893491124260356
0.23626373626373626
0.16483516483516483
0.17582417582417584
0.23076923076923078
0.21978021978021978
0.19875776397515527
0.19875776397515527
0.2608695652173913
0.2484472049689441
0.2236024844720497
0.13953488372093023
0.11046511627906977
0.16279069767441862
0.18023255813953487
0.1569767441860465
0.18235294117647058
0.18823529411764706
0.1588235294117647
0.20588235294117646
0.22941176470588234
0.1048780487804878
0.15853658536585366
0.12926829268292683
0.12439024390243902
0.1
0.15170278637770898
0.12074303405572756
0.11145510835913312
0.1393188854489164
0.14551083591331268
0.10897435897435898
0.11538461538461539
0.13782051282051283
0.1282051282051282
0.15064102564102563
0.1606425702811245
0.1606425702811245
0.12449799196787148
0.14457831325301204
0.10040160642570281
0.1625441696113074
0.16607773851590105
0.12367491166077739
0.12014134275618374
0.17314487632508835
0.14068441064638784
0.19011406844106463
0.16730038022813687
0.1596958174904943
0.155893536121673
0.13962264150943396
0.1811320754716981
0.1169811320754717
0.11320754716981132
0.15471698113207547
0.20392156862745098
0.1411764705882353
0.13333333333333333
0.15294117647058825
0.15294117647058825
0.1434108527131783
0.1821705426356589
0.16279069767441862
0.12015503875968993
0.16666666666666666
0.1865079365079365
0.1626984126984127
0.14682539682539683
0.12698412698412698
0.11507936507936507
0.17509727626459143
0.1517509727626459
0.21011673151750973
0.13618677042801555
0.1828793774319066
0.12840466926070038
0.16731517509727625
0.17120622568093385
0.1867704280155642
0.1828793774319066
0.10116731517509728
0.14007782101167315
0.1517509727626459
0.1556420233463035
0.13618677042801555
0.16666666666666666
0.15891472868217055
0.19767441860465115
0.12790697674418605
0.13178294573643412
0.18118466898954705
0.1254355400696864
0.156794425087108
0.11498257839721254
0.1254355400696864
0.20078740157480315
0.16929133858267717
0.2047244094488189
0.18503937007874016
0.19291338582677164
0.12121212121212122
0.16287878787878787
0.1856060606060606
0.15151515151515152
0.13636363636363635
0.1940928270042194
0.18565400843881857
0.16033755274261605
0.15611814345991562
0.19831223628691982
0.15412186379928317
0.12903225806451613
0.15053763440860216
0.1863799283154122
0.12544802867383512
0.18867924528301888
0.1509433962264151
0.19622641509433963
0.15471698113207547
0.1471698113207547
0.16423357664233576
0.23357664233576642
0.17883211678832117
0.20072992700729927
0.18248175182481752
0.11764705882352941
0.16176470588235295
0.1323529411764706
0.16176470588235295
0.125
0.16182572614107885
0.12448132780082988
0.15767634854771784
0.17842323651452283
0.21991701244813278
0.12096774193548387
0.1814516129032258
0.17338709677419356
0.1693548387096774
0.21370967741935484
0.13565891472868216
0.12015503875968993
0.1821705426356589
0.2054263565891473
0.20930232558139536
0.13618677042801555
0.13229571984435798
0.14785992217898833
0.1245136186770428
0.11673151750972763
0.12345679012345678
0.1646090534979424
0.1934156378600823
0.14814814814814814
0.1646090534979424
0.12937062937062938
0.1258741258741259
0.16083916083916083
0.15034965034965034
0.12937062937062938
0.13846153846153847
0.16153846153846155
0.1423076923076923
0.14615384615384616
0.1423076923076923
0.11278195488721804
0.17669172932330826
0.12030075187969924
0.13909774436090225
0.13533834586466165
0.1801470588235294
0.16911764705882354
0.15808823529411764
0.12867647058823528
0.15808823529411764
0.18411552346570398
0.1263537906137184
0.1444043321299639
0.17328519855595667
0.12274368231046931
0.12704918032786885
0.10655737704918032
0.1598360655737705
0.1885245901639344
0.13524590163934427
0.16363636363636364
0.16
0.16
0.14545454545454545
0.18545454545454546
0.203125
0.13671875
0.15234375
0.1484375
0.16015625
0.17266187050359713
0.12949640287769784
0.1474820143884892
0.09352517985611511
0.12589928057553956
0.16356877323420074
0.12267657992565056
0.1449814126394052
0.13382899628252787
0.17472118959107807
0.12313432835820895
0.11940298507462686
0.09328358208955224
0.17537313432835822
0.17537313432835822
0.15234375
0.15625
0.171875
0.1484375
0.1484375
0.16541353383458646
0.15037593984962405
0.16917293233082706
0.18421052631578946
0.12030075187969924
0.1213235294117647
0.15441176470588236
0.15808823529411764
0.1323529411764706
0.1323529411764706
0.16911764705882354
0.12867647058823528
0.22794117647058823
0.15808823529411764
0.12867647058823528
0.15708812260536398
0.19540229885057472
0.14559386973180077
0.11877394636015326
0.13026819923371646
0.145748987854251
0.14979757085020243
0.21862348178137653
0.17408906882591094
0.17408906882591094
0.16666666666666666
0.16260162601626016
0.09349593495934959
0.12195121951219512
0.10975609756097561
0.1412639405204461
0.137546468401487
0.12639405204460966
0.15613382899628253
0.20074349442379183
0.13286713286713286
0.13286713286713286
0.13636363636363635
0.17132867132867133
0.15734265734265734
0.17254901960784313
0.1607843137254902
0.16862745098039217
0.12549019607843137
0.1568627450980392
0.18823529411764706
0.2235294117647059
0.24705882352941178
0.17647058823529413
0.21568627450980393
0.18315018315018314
0.1794871794871795
0.16117216117216118
0.16483516483516483
0.1575091575091575
0.16602316602316602
0.22007722007722008
0.16988416988416988
0.15057915057915058
0.1891891891891892
0.18545454545454546
0.16
0.10909090909090909
0.23272727272727273
0.13818181818181818
0.1449814126394052
0.1821561338289963
0.15985130111524162
0.1524163568773234
0.15613382899628253
0.1524163568773234
0.14869888475836432
0.1412639405204461
0.1412639405204461
0.12267657992565056
0.2066115702479339
0.1652892561983471
0.17355371900826447
0.19834710743801653
0.18181818181818182
0.1449814126394052
0.14869888475836432
0.16356877323420074
0.1412639405204461
0.16356877323420074
0.1673469387755102
0.17959183673469387
0.16326530612244897
0.1836734693877551
0.11428571428571428
0.14814814814814814
0.18518518518518517
0.14444444444444443
0.11851851851851852
0.14444444444444443
0.12903225806451613
0.15770609318996415
0.1863799283154122
0.12903225806451613
0.17204301075268819
0.15352697095435686
0.1950207468879668
0.13278008298755187
0.16182572614107885
0.1991701244813278
0.11764705882352941
0.1411764705882353
0.17254901960784313
0.10980392156862745
0.16470588235294117
0.13765182186234817
0.13360323886639677
0.15789473684210525
0.08906882591093117
0.1862348178137652
0.12840466926070038
0.16731517509727625
0.14396887159533073
0.1556420233463035
0.2178988326848249
0.18218623481781376
0.20242914979757085
0.1659919028340081
0.18218623481781376
0.1659919028340081
0.13653136531365315
0.17712177121771217
0.16236162361623616
0.08487084870848709
0.17343173431734318
0.14979757085020243
0.21862348178137653
0.18218623481781376
0.20647773279352227
0.15384615384615385
0.17120622568093385
0.1867704280155642
0.19844357976653695
0.20233463035019456
0.16731517509727625
0.125
0.1357142857142857
0.15357142857142858
0.13214285714285715
0.20714285714285716
0.1774193548387097
0.14112903225806453
0.125
0.125
0.125
0.17716535433070865
0.1968503937007874
0.13385826771653545
0.18110236220472442
0.18503937007874016
0.14814814814814814
0.13333333333333333
0.1925925925925926
0.15555555555555556
0.1814814814814815
0.15354330708661418
0.1732283464566929
0.10236220472440945
0.16929133858267717
0.16141732283464566
0.241635687732342
0.1412639405204461
0.1524163568773234
0.13382899628252787
0.16356877323420074
0.1746031746031746
0.14682539682539683
0.15476190476190477
0.19047619047619047
0.17857142857142858
0.16606498194945848
0.1444043321299639
0.17328519855595667
0.18411552346570398
0.15162454873646208
0.17391304347826086
0.11956521739130435
0.14130434782608695
0.16666666666666666
0.20652173913043478
0.16733067729083664
0.18725099601593626
0.18326693227091634
0.1752988047808765
0.14342629482071714
0.16296296296296298
0.15185185185185185
0.14444444444444443
0.12222222222222222
0.18518518518518517
0.12075471698113208
0.18490566037735848
0.15471698113207547
0.19622641509433963
0.2037735849056604
0.1776061776061776
0.13127413127413126
0.12355212355212356
0.12355212355212356
0.18146718146718147
0.11627906976744186
0.13565891472868216
0.1434108527131783
0.13565891472868216
0.13953488372093023
0.16182572614107885
0.1950207468879668
0.15767634854771784
0.1950207468879668
0.1908713692946058
0.15073529411764705
0.15073529411764705
0.16176470588235295
0.1875
0.12867647058823528
0.1391941391941392
0.11355311355311355
0.1391941391941392
0.10256410256410256
0.16483516483516483
0.15873015873015872
0.1984126984126984
0.19047619047619047
0.20238095238095238
0.20634920634920634
0.1975806451612903
0.13709677419354838
0.15725806451612903
0.1693548387096774
0.14516129032258066
0.15355805243445692
0.11235955056179775
0.1198501872659176
0.10486891385767791
0.14232209737827714
0.171875
0.19140625
0.16015625
0.171875
0.12890625
0.13703703703703704
0.13333333333333333
0.16666666666666666
0.13703703703703704
0.21851851851851853
0.18545454545454546
0.10909090909090909
0.15636363636363637
0.14909090909090908
0.13818181818181818
0.17695473251028807
0.1728395061728395
0.18106995884773663
0.2139917695473251
0.1440329218106996
0.12790697674418605
0.1937984496124031
0.1511627906976744
0.15891472868217055
0.14728682170542637
0.12062256809338522
0.13229571984435798
0.1556420233463035
0.15953307392996108
0.14396887159533073
0.25
0.16129032258064516
0.1693548387096774
0.16129032258064516
0.1935483870967742
0.11654135338345864
0.17669172932330826
0.15037593984962405
0.19548872180451127
0.16541353383458646
0.1910569105691057
0.2073170731707317
0.17073170731707318
0.15853658536585366
0.11788617886178862
0.12408759124087591
0.12408759124087591
0.12773722627737227
0.12773722627737227
0.11313868613138686
0.18181818181818182
0.13043478260869565
0.13438735177865613
0.17391304347826086
0.17391304347826086
0.14444444444444443
0.14814814814814814
0.15555555555555556
0.1259259259259259
0.15925925925925927
0.16382252559726962
0.10238907849829351
0.13310580204778158
0.15358361774744028
0.14334470989761092
0.17293233082706766
0.10526315789473684
0.19924812030075187
0.13533834586466165
0.15789473684210525
0.12411347517730496
0.16666666666666666
0.1347517730496454
0.08156028368794327
0.13829787234042554
0.1566265060240964
0.17670682730923695
0.1606425702811245
0.15261044176706828
0.10843373493975904
0.11885245901639344
0.1762295081967213
0.20491803278688525
0.19262295081967212
0.12704918032786885
0.1678832116788321
0.12773722627737227
0.19343065693430658
0.10218978102189781
0.145985401459854
0.11070110701107011
0.11439114391143912
0.15129151291512916
0.15498154981549817
0.18081180811808117
0.18699186991869918
0.15040650406504066
0.17886178861788618
0.18292682926829268
0.23577235772357724
0.17045454545454544
0.23106060606060605
0.14015151515151514
0.14393939393939395
0.1590909090909091
0.125
0.15833333333333333
0.175
0.2125
0.13333333333333333
0.1700404858299595
0.13765182186234817
0.11740890688259109
0.18218623481781376
0.23481781376518218
0.17886178861788618
0.1910569105691057
0.1991869918699187
0.15447154471544716
0.14227642276422764
0.1225296442687747
0.1383399209486166
0.14624505928853754
0.16600790513833993
0.15019762845849802
0.1348314606741573
0.1348314606741573
0.15355805243445692
0.13857677902621723
0.15355805243445692
0.12156862745098039
0.2196078431372549
0.12941176470588237
0.1568627450980392
0.1411764705882353
0.1553030303030303
0.13636363636363635
0.14393939393939395
0.125
0.13636363636363635
0.16872427983539096
0.13991769547325103
0.18106995884773663
0.17695473251028807
0.16049382716049382
0.1469387755102041
0.18775510204081633
0.1836734693877551
0.16326530612244897
0.2
0.1520912547528517
0.1634980988593156
0.11406844106463879
0.13688212927756654
0.10646387832699619
0.23076923076923078
0.15
0.15
0.1076923076923077
0.14615384615384616
0.12595419847328243
0.16030534351145037
0.11450381679389313
0.10687022900763359
0.13740458015267176
0.18115942028985507
0.18115942028985507
0.14492753623188406
0.16304347826086957
0.14130434782608695
0.2037735849056604
0.19622641509433963
0.19245283018867926
0.19245283018867926
0.2037735849056604
0.2320675105485232
0.12658227848101267
0.14345991561181434
0.16455696202531644
0.16033755274261605
0.10424710424710425
0.10038610038610038
0.18532818532818532
0.14671814671814673
0.16216216216216217
0.15354330708661418
0.14566929133858267
0.13385826771653545
0.12992125984251968
0.1732283464566929
0.2074688796680498
0.1825726141078838
0.15767634854771784
0.17012448132780084
0.1950207468879668
0.16785714285714284
0.18214285714285713
0.2
0.1392857142857143
0.18571428571428572
0.16666666666666666
0.13178294573643412
0.16279069767441862
0.16279069767441862
0.15891472868217055
0.17647058823529413
0.15966386554621848
0.17647058823529413
0.1638655462184874
0.18487394957983194
0.19924812030075187
0.15789473684210525
0.12030075187969924
0.11654135338345864
0.21428571428571427
0.18110236220472442
0.14173228346456693
0.18110236220472442
0.13385826771653545
0.2047244094488189
0.1700404858299595
0.15384615384615385
0.1659919028340081
0.19838056680161945
0.19433198380566802
0.18181818181818182
0.12396694214876033
0.15289256198347106
0.12396694214876033
0.23553719008264462
0.27419354838709675
0.1693548387096774
0.18951612903225806
0.18951612903225806
0.14919354838709678
0.11851851851851852
0.15185185185185185
0.1111111111111111
0.15185185185185185
0.12962962962962962
0.17054263565891473
0.15503875968992248
0.17054263565891473
0.18604651162790697
0.13565891472868216
0.17959183673469387
0.1510204081632653
0.10612244897959183
0.1306122448979592
0.1510204081632653
0.183206106870229
0.15648854961832062
0.13358778625954199
0.1297709923664122
0.15648854961832062
0.12083333333333333
0.14583333333333334
0.175
0.22083333333333333
0.125
0.15073529411764705
0.13970588235294118
0.13602941176470587
0.15073529411764705
0.17647058823529413
0.2099236641221374
0.16793893129770993
0.1297709923664122
0.1450381679389313
0.12595419847328243
0.15040650406504066
0.17073170731707318
0.18699186991869918
0.18699186991869918
0.13008130081300814
0.17054263565891473
0.1511627906976744
0.2054263565891473
0.17054263565891473
0.15891472868217055
0.13565891472868216
0.12403100775193798
0.15891472868217055
0.17054263565891473
0.16666666666666666
0.15613382899628253
0.15985130111524162
0.1412639405204461
0.20817843866171004
0.15985130111524162
0.21311475409836064
0.12704918032786885
0.18032786885245902
0.16393442622950818
0.18442622950819673
0.17803030303030304
0.1590909090909091
0.1553030303030303
0.2159090909090909
0.16287878787878787
0.15702479338842976
0.17768595041322313
0.17355371900826447
0.11983471074380166
0.1487603305785124
0.11610486891385768
0.1760299625468165
0.16104868913857678
0.15730337078651685
0.13857677902621723
0.12589928057553956
0.1510791366906475
0.20863309352517986
0.1474820143884892
0.12949640287769784
0.16417910447761194
0.16044776119402984
0.15671641791044777
0.12686567164179105
0.11940298507462686
0.1709090909090909
0.13090909090909092
0.17454545454545456
0.1709090909090909
0.14545454545454545
0.14960629921259844
0.1732283464566929
0.18110236220472442
0.14173228346456693
0.15748031496062992
0.2041522491349481
0.13494809688581316
0.1522491349480969
0.15570934256055363
0.1695501730103806
0.13090909090909092
0.14909090909090908
0.14545454545454545
0.16
0.13818181818181818
0.1762295081967213
0.19262295081967212
0.22131147540983606
0.22950819672131148
0.27049180327868855
0.2345679012345679
0.18518518518518517
0.16872427983539096
0.1522633744855967
0.18930041152263374
0.16666666666666666
0.15185185185185185
0.15185185185185185
0.14074074074074075
0.14074074074074075
0.1388888888888889
0.18253968253968253
0.1111111111111111
0.12698412698412698
0.17857142857142858
0.13513513513513514
0.17374517374517376
0.16216216216216217
0.1274131274131274
0.17374517374517376
0.15873015873015872
0.1349206349206349
0.10714285714285714
0.15476190476190477
0.14285714285714285
0.13058419243986255
0.140893470790378
0.15120274914089346
0.140893470790378
0.15463917525773196
0.14
0.156
0.188
0.128
0.172
0.15447154471544716
0.15853658536585366
0.14634146341463414
0.12601626016260162
0.17479674796747968
0.20901639344262296
0.1885245901639344
0.19672131147540983
0.1721311475409836
0.18442622950819673
0.11846689895470383
0.1916376306620209
0.15331010452961671
0.12195121951219512
0.17073170731707318
0.1411764705882353
0.16862745098039217
0.1607843137254902
0.1803921568627451
0.2196078431372549
0.15331010452961671
0.14982578397212543
0.1672473867595819
0.14982578397212543
0.11846689895470383
0.18681318681318682
0.1794871794871795
0.18315018315018314
0.20512820512820512
0.18315018315018314
0.140625
0.125
0.15625
0.15234375
0.1484375
0.1434108527131783
0.19767441860465115
0.1434108527131783
0.1511627906976744
0.15891472868217055
0.19215686274509805
0.10588235294117647
0.14901960784313725
0.1450980392156863
0.1607843137254902
0.26720647773279355
0.12955465587044535
0.13360323886639677
0.17408906882591094
0.15384615384615385
0.1824561403508772
0.11578947368421053
0.2
0.14736842105263157
0.11578947368421053
0.1450381679389313
0.14885496183206107
0.17557251908396945
0.1717557251908397
0.14885496183206107
0.17063492063492064
0.14682539682539683
0.17857142857142858
0.17063492063492064
0.15476190476190477
0.23076923076923078
0.16783216783216784
0.14335664335664336
0.16783216783216784
0.2097902097902098
0.12890625
0.1484375
0.18359375
0.18359375
0.19140625
0.13257575757575757
0.18181818181818182
0.15151515151515152
0.19696969696969696
0.20454545454545456
0.13409961685823754
0.18007662835249041
0.18007662835249041
0.13793103448275862
0.11877394636015326
0.10416666666666667
0.16666666666666666
0.1423611111111111
0.14930555555555555
0.1597222222222222
0.112
0.172
0.192
0.184
0.16
0.13306451612903225
0.14112903225806453
0.1975806451612903
0.1935483870967742
0.18548387096774194
0.15503875968992248
0.1434108527131783
0.15503875968992248
0.17829457364341086
0.13178294573643412
0.22
0.168
0.168
0.192
0.16
0.19852941176470587
0.09926470588235294
0.09191176470588236
0.13602941176470587
0.15808823529411764
0.1506276150627615
0.19246861924686193
0.1799163179916318
0.25523012552301255
0.18410041841004185
0.14453125
0.1640625
0.13671875
0.1796875
0.17578125
0.20599250936329588
0.15730337078651685
0.1647940074906367
0.1797752808988764
0.16853932584269662
0.17153284671532848
0.15328467153284672
0.15693430656934307
0.16058394160583941
0.145985401459854
0.15734265734265734
0.16433566433566432
0.13636363636363635
0.11888111888111888
0.14685314685314685
0.11439114391143912
0.14022140221402213
0.12177121771217712
0.13653136531365315
0.15498154981549817
0.1828793774319066
0.1245136186770428
0.1517509727626459
0.1245136186770428
0.1556420233463035
0.14457831325301204
0.14457831325301204
0.1646586345381526
0.19678714859437751
0.14457831325301204
0.20833333333333334
0.125
0.20833333333333334
0.20833333333333334
0.22348484848484848
0.19245283018867926
0.12830188679245283
0.1811320754716981
0.1660377358490566
0.19245283018867926
0.17028985507246377
0.11231884057971014
0.13768115942028986
0.2318840579710145
0.16304347826086957
0.14736842105263157
0.14385964912280702
0.16842105263157894
0.15087719298245614
0.18596491228070175
0.13703703703703704
0.1111111111111111
0.15555555555555556
0.1
0.15555555555555556
0.12903225806451613
0.16129032258064516
0.1774193548387097
0.20967741935483872
0.14112903225806453
0.13409961685823754
0.20689655172413793
0.1724137931034483
0.10727969348659004
0.1685823754789272
0.16393442622950818
0.11475409836065574
0.1680327868852459
0.14344262295081966
0.13114754098360656
0.13524590163934427
0.1557377049180328
0.11475409836065574
0.1885245901639344
0.13524590163934427
0.22727272727272727
0.21074380165289255
0.09090909090909091
0.15289256198347106
0.2024793388429752
0.17307692307692307
0.16538461538461538
0.18846153846153846
0.18076923076923077
0.17692307692307693
0.13740458015267176
0.15648854961832062
0.14885496183206107
0.183206106870229
0.14122137404580154
0.1284722222222222
0.09375
0.16319444444444445
0.15625
0.125
0.18146718146718147
0.1583011583011583
0.14671814671814673
0.1891891891891892
0.1583011583011583
0.16370106761565836
0.12455516014234876
0.1494661921708185
0.15302491103202848
0.13167259786476868
0.137546468401487
0.14869888475836432
0.13382899628252787
0.10037174721189591
0.20074349442379183
0.20967741935483872
0.21370967741935484
0.14919354838709678
0.18951612903225806
0.13306451612903225
0.09433962264150944
0.1018867924528302
0.13962264150943396
0.16226415094339622
0.15471698113207547
0.14022140221402213
0.12177121771217712
0.11070110701107011
0.12915129151291513
0.17343173431734318
0.14885496183206107
0.13740458015267176
0.15267175572519084
0.183206106870229
0.14885496183206107
0.21074380165289255
0.24380165289256198
0.21487603305785125
0.17355371900826447
0.15702479338842976
0.14339622641509434
0.2
0.1320754716981132
0.1660377358490566
0.1471698113207547
0.14726027397260275
0.11986301369863013
0.16095890410958905
0.17123287671232876
0.1506849315068493
0.09523809523809523
0.15476190476190477
0.15476190476190477
0.19444444444444445
0.2619047619047619
0.16725978647686832
0.12455516014234876
0.18149466192170818
0.17437722419928825
0.13167259786476868
0.13333333333333333
0.15185185185185185
0.10740740740740741
0.17037037037037037
0.13703703703703704
0.1659919028340081
0.15789473684210525
0.19838056680161945
0.1659919028340081
0.20647773279352227
0.1444866920152091
0.13307984790874525
0.18250950570342206
0.19011406844106463
0.17490494296577946
0.18773946360153257
0.1724137931034483
0.16475095785440613
0.13026819923371646
0.20306513409961685
0.12222222222222222
0.15925925925925927
0.16666666666666666
0.11481481481481481
0.11851851851851852
0.11952191235059761
0.16733067729083664
0.1553784860557769
0.099601593625498
0.16334661354581673
0.13618677042801555
0.13618677042801555
0.14785992217898833
0.13618677042801555
0.13229571984435798
0.216
0.148
0.14
0.164
0.172
0.1721311475409836
0.1557377049180328
0.15163934426229508
0.1598360655737705
0.13934426229508196
0.10116731517509728
0.12062256809338522
0.14785992217898833
0.07782101167315175
0.1245136186770428
0.17647058823529413
0.16470588235294117
0.13333333333333333
0.12941176470588237
0.1568627450980392
0.16602316602316602
0.2084942084942085
0.14671814671814673
0.19305019305019305
0.14671814671814673
0.1422924901185771
0.18181818181818182
0.13043478260869565
0.12648221343873517
0.13438735177865613
0.1484375
0.1328125
0.11328125
0.109375
0.15234375
0.18359375
0.125
0.11328125
0.18359375
0.15234375
0.17142857142857143
0.1346938775510204
0.2
0.19591836734693877
0.2571428571428571
0.09774436090225563
0.18796992481203006
0.15413533834586465
0.14285714285714285
0.16917293233082706
0.1774193548387097
0.1975806451612903
0.1532258064516129
0.1774193548387097
0.2217741935483871
0.1092436974789916
0.1722689075630252
0.1722689075630252
0.11764705882352941
0.18487394957983194
0.1070110701107011
0.12546125461254612
0.15867158671586715
0.11070110701107011
0.11808118081180811
0.09578544061302682
0.1724137931034483
0.13026819923371646
0.1417624521072797
0.12260536398467432
0.15918367346938775
0.1836734693877551
0.20816326530612245
0.17142857142857143
0.1306122448979592
0.244
0.148
0.24
0.192
0.16
0.1259259259259259
0.18518518518518517
0.15185185185185185
0.1814814814814815
0.16296296296296298
0.10801393728222997
0.1602787456445993
0.13937282229965156
0.17770034843205576
0.1254355400696864
0.2037037037037037
0.15185185185185185
0.1
0.1814814814814815
0.14814814814814814
0.16287878787878787
0.20075757575757575
0.12121212121212122
0.1893939393939394
0.19318181818181818
0.17045454545454544
0.19318181818181818
0.1893939393939394
0.15151515151515152
0.19318181818181818
0.13168724279835392
0.16872427983539096
0.18106995884773663
0.13168724279835392
0.2139917695473251
0.16412213740458015
0.17557251908396945
0.17557251908396945
0.1183206106870229
0.11068702290076336
0.16287878787878787
0.15151515151515152
0.14015151515151514
0.14772727272727273
0.13636363636363635
0.2235294117647059
0.17647058823529413
0.18823529411764706
0.1568627450980392
0.1450980392156863
0.11904761904761904
0.21031746031746032
0.18253968253968253
0.18253968253968253
0.14285714285714285
0.1576923076923077
0.15384615384615385
0.19615384615384615
0.16153846153846155
0.16538461538461538
0.13261648745519714
0.1111111111111111
0.13978494623655913
0.14336917562724014
0.18996415770609318
0.12595419847328243
0.15267175572519084
0.1717557251908397
0.18702290076335878
0.18702290076335878
0.08070175438596491
0.14035087719298245
0.11228070175438597
0.1368421052631579
0.12631578947368421
0.17054263565891473
0.12403100775193798
0.2054263565891473
0.1744186046511628
0.15503875968992248
0.18846153846153846
0.17307692307692307
0.17692307692307693
0.17692307692307693
0.2
0.1744186046511628
0.17054263565891473
0.12790697674418605
0.1434108527131783
0.12790697674418605
0.1346153846153846
0.11538461538461539
0.13076923076923078
0.16538461538461538
0.14615384615384616
0.145748987854251
0.19838056680161945
0.15384615384615385
0.145748987854251
0.17813765182186234
0.16091954022988506
0.17624521072796934
0.17624521072796934
0.12643678160919541
0.14942528735632185
0.200836820083682
0.200836820083682
0.14225941422594143
0.17573221757322174
0.19665271966527198
0.1440677966101695
0.2330508474576271
0.19491525423728814
0.25
0.2033898305084746
0.19844357976653695
0.19066147859922178
0.1867704280155642
0.17898832684824903
0.20622568093385213
0.11940298507462686
0.12686567164179105
0.15298507462686567
0.15671641791044777
0.14925373134328357
0.15079365079365079
0.1746031746031746
0.15873015873015872
0.21031746031746032
0.1746031746031746
0.16793893129770993
0.11450381679389313
0.15648854961832062
0.21374045801526717
0.10687022900763359
0.10902255639097744
0.13909774436090225
0.17293233082706766
0.18045112781954886
0.13909774436090225
0.12840466926070038
0.14007782101167315
0.15953307392996108
0.17120622568093385
0.12840466926070038
0.1532567049808429
0.1724137931034483
0.18007662835249041
0.16091954022988506
0.18773946360153257
0.1796875
0.15234375
0.15234375
0.15625
0.14453125
0.16326530612244897
0.17551020408163265
0.15510204081632653
0.19183673469387755
0.1836734693877551
0.18681318681318682
0.19047619047619047
0.17216117216117216
0.19413919413919414
0.12087912087912088
0.1284722222222222
0.1527777777777778
0.1423611111111111
0.1597222222222222
0.15625
0.16370106761565836
0.1423487544483986
0.13523131672597866
0.15302491103202848
0.13523131672597866
0.2163265306122449
0.15510204081632653
0.1673469387755102
0.1510204081632653
0.1673469387755102
0.16666666666666666
0.19202898550724637
0.19202898550724637
0.17753623188405798
0.17753623188405798
0.18181818181818182
0.16600790513833993
0.18972332015810275
0.2134387351778656
0.18972332015810275
0.13043478260869565
0.14130434782608695
0.19202898550724637
0.14855072463768115
0.15942028985507245
0.11020408163265306
0.1673469387755102
0.14285714285714285
0.1673469387755102
0.1673469387755102
0.10902255639097744
0.17669172932330826
0.13909774436090225
0.18421052631578946
0.22932330827067668
0.1557377049180328
0.20491803278688525
0.21311475409836064
0.18442622950819673
0.15163934426229508
0.148014440433213
0.1552346570397112
0.13357400722021662
0.1407942238267148
0.1299638989169675
0.17045454545454544
0.12878787878787878
0.14393939393939395
0.1553030303030303
0.20075757575757575
0.15162454873646208
0.1588447653429603
0.1552346570397112
0.1624548736462094
0.13357400722021662
0.15637860082304528
0.18106995884773663
0.17695473251028807
0.1522633744855967
0.16049382716049382
0.12704918032786885
0.11475409836065574
0.11885245901639344
0.13524590163934427
0.21721311475409835
0.17829457364341086
0.15891472868217055
0.17829457364341086
0.20930232558139536
0.15503875968992248
0.19047619047619047
0.12087912087912088
0.1282051282051282
0.14285714285714285
0.1794871794871795
0.14482758620689656
0.1896551724137931
0.16551724137931034
0.1206896551724138
0.11724137931034483
0.20512820512820512
0.14652014652014653
0.15384615384615385
0.16483516483516483
0.1684981684981685
0.18996415770609318
0.14695340501792115
0.15053763440860216
0.2007168458781362
0.15412186379928317
0.1297709923664122
0.12213740458015267
0.12595419847328243
0.1183206106870229
0.15267175572519084
0.19557195571955718
0.13653136531365315
0.18081180811808117
0.14022140221402213
0.15867158671586715
0.1171875
0.16796875
0.1796875
0.15234375
0.171875
0.164
0.12
0.144
0.176
0.22
0.1223021582733813
0.15827338129496402
0.15467625899280577
0.1474820143884892
0.11510791366906475
0.12962962962962962
0.14074074074074075
0.12962962962962962
0.1962962962962963
0.15555555555555556
0.14022140221402213
0.14391143911439114
0.16236162361623616
0.15867158671586715
0.14022140221402213
0.19665271966527198
0.20920502092050208
0.100418410041841
0.1506276150627615
0.200836820083682
0.18773946360153257
0.1417624521072797
0.1685823754789272
0.15708812260536398
0.20306513409961685
0.15328467153284672
0.1678832116788321
0.22992700729927007
0.145985401459854
0.1386861313868613
0.1349206349206349
0.1349206349206349
0.1111111111111111
0.15079365079365079
0.18253968253968253
0.13284132841328414
0.13284132841328414
0.16236162361623616
0.19557195571955718
0.16605166051660517
0.1444866920152091
0.1520912547528517
0.19391634980988592
0.1520912547528517
0.1596958174904943
0.18007662835249041
0.13026819923371646
0.14559386973180077
0.21839080459770116
0.15708812260536398
0.23529411764705882
0.1695501730103806
0.1245674740484429
0.13494809688581316
0.1522491349480969
0.2235294117647059
0.11372549019607843
0.13725490196078433
0.1568627450980392
0.12549019607843137
0.1
0.12222222222222222
0.16666666666666666
0.15555555555555556
0.14814814814814814
0.14393939393939395
0.10606060606060606
0.12121212121212122
0.1553030303030303
0.14393939393939395
0.15272727272727274
0.12363636363636364
0.16
0.14909090909090908
0.13818181818181818
0.17120622568093385
0.09727626459143969
0.16731517509727625
0.16731517509727625
0.14396887159533073
0.12167300380228137
0.155893536121673
0.16730038022813687
0.17490494296577946
0.17110266159695817
0.10638297872340426
0.14893617021276595
0.14893617021276595
0.12056737588652482
0.14893617021276595
0.20238095238095238
0.11904761904761904
0.17857142857142858
0.1349206349206349
0.15079365079365079
0.136
0.168
0.184
0.152
0.196
0.13937282229965156
0.10452961672473868
0.13937282229965156
0.18118466898954705
0.17421602787456447
0.1553030303030303
0.16666666666666666
0.1893939393939394
0.20075757575757575
0.11742424242424243
0.17777777777777778
0.21851851851851853
0.15925925925925927
0.16666666666666666
0.12962962962962962
0.16296296296296298
0.11851851851851852
0.14814814814814814
0.17037037037037037
0.15185185185185185
0.12313432835820895
0.13432835820895522
0.13805970149253732
0.14925373134328357
0.1455223880597015
0.17625899280575538
0.16906474820143885
0.13309352517985612
0.1223021582733813
0.13309352517985612
0.19753086419753085
0.1728395061728395
0.14814814814814814
0.2551440329218107
0.18106995884773663
0.1124031007751938
0.13565891472868216
0.1434108527131783
0.16279069767441862
0.1434108527131783
0.23045267489711935
0.16049382716049382
0.20164609053497942
0.13991769547325103
0.17695473251028807
0.15708812260536398
0.14942528735632185
0.13026819923371646
0.1417624521072797
0.16475095785440613
0.11743772241992882
0.14590747330960854
0.13167259786476868
0.13523131672597866
0.15302491103202848
0.22178988326848248
0.17509727626459143
0.10505836575875487
0.16342412451361868
0.17898832684824903
0.1111111111111111
0.13409961685823754
0.13026819923371646
0.13409961685823754
0.12260536398467432
0.18823529411764706
0.11372549019607843
0.1568627450980392
0.20392156862745098
0.13333333333333333
0.11363636363636363
0.12878787878787878
0.14772727272727273
0.15151515151515152
0.14393939393939395
0.17829457364341086
0.12403100775193798
0.15891472868217055
0.17054263565891473
0.16666666666666666
0.17391304347826086
0.1956521739130435
0.213768115942029
0.19202898550724637
0.14492753623188406
0.17712177121771217
0.1881918819188192
0.14022140221402213
0.15867158671586715
0.14760147601476015
0.1867704280155642
0.16342412451361868
0.09727626459143969
0.13618677042801555
0.1517509727626459
0.16129032258064516
0.14516129032258066
0.16532258064516128
0.13306451612903225
0.13306451612903225
0.1991701244813278
0.2074688796680498
0.14522821576763487
0.1825726141078838
0.21991701244813278
0.13229571984435798
0.1556420233463035
0.1517509727626459
0.19455252918287938
0.17898832684824903
0.2170212765957447
0.15319148936170213
0.14893617021276595
0.1574468085106383
0.17872340425531916
0.1773049645390071
0.1524822695035461
0.1099290780141844
0.16666666666666666
0.19858156028368795
0.17551020408163265
0.1306122448979592
0.2
0.15510204081632653
0.15918367346938775
0.14342629482071714
0.1593625498007968
0.14741035856573706
0.1553784860557769
0.17928286852589642
0.18726591760299627
0.14232209737827714
0.149812734082397
0.08239700374531835
0.1760299625468165
0.1482889733840304
0.17870722433460076
0.1482889733840304
0.18250950570342206
0.10266159695817491
0.13953488372093023
0.10852713178294573
0.15503875968992248
0.15891472868217055
0.10852713178294573
0.13934426229508196
0.12704918032786885
0.1598360655737705
0.1762295081967213
0.11065573770491803
0.20647773279352227
0.13360323886639677
0.1862348178137652
0.17813765182186234
0.15789473684210525
0.17898832684824903
0.13618677042801555
0.17509727626459143
0.19455252918287938
0.19455252918287938
0.148014440433213
0.16606498194945848
0.18050541516245489
0.148014440433213
0.11913357400722022
0.1553784860557769
0.11952191235059761
0.12350597609561753
0.19123505976095617
0.18725099601593626
0.13432835820895522
0.14925373134328357
0.12313432835820895
0.09328358208955224
0.16044776119402984
0.1444043321299639
0.10469314079422383
0.148014440433213
0.10469314079422383
0.18411552346570398
0.15810276679841898
0.1383399209486166
0.1422924901185771
0.15019762845849802
0.15810276679841898
0.09795918367346938
0.1510204081632653
0.1469387755102041
0.1510204081632653
0.21224489795918366
0.14785992217898833
0.14396887159533073
0.1517509727626459
0.1517509727626459
0.1556420233463035
0.14492753623188406
0.18840579710144928
0.14130434782608695
0.15942028985507245
0.1956521739130435
0.1417624521072797
0.13409961685823754
0.18773946360153257
0.1532567049808429
0.13793103448275862
0.15413533834586465
0.13909774436090225
0.15413533834586465
0.14661654135338345
0.13533834586466165
0.15942028985507245
0.18115942028985507
0.16304347826086957
0.14492753623188406
0.15579710144927536
0.15185185185185185
0.21481481481481482
0.18518518518518517
0.18888888888888888
0.21481481481481482
0.12773722627737227
0.14233576642335766
0.17153284671532848
0.16058394160583941
0.1386861313868613
0.14942528735632185
0.10727969348659004
0.1724137931034483
0.13026819923371646
0.11877394636015326
0.17959183673469387
0.19591836734693877
0.13877551020408163
0.17551020408163265
0.15918367346938775
0.21862348178137653
0.19838056680161945
0.19433198380566802
0.18218623481781376
0.21052631578947367
0.12773722627737227
0.13138686131386862
0.13138686131386862
0.11313868613138686
0.12773722627737227
0.13732394366197184
0.1267605633802817
0.15845070422535212
0.16549295774647887
0.15140845070422534
0.13993174061433447
0.13993174061433447
0.20136518771331058
0.22525597269624573
0.14334470989761092
0.20802919708029197
0.20072992700729927
0.1386861313868613
0.145985401459854
0.15328467153284672
0.11923076923076924
0.17307692307692307
0.16923076923076924
0.1576923076923077
0.19615384615384615
0.09387755102040816
0.17551020408163265
0.15918367346938775
0.15510204081632653
0.14285714285714285
0.16551724137931034
0.1793103448275862
0.16551724137931034
0.10689655172413794
0.1310344827586207
0.11570247933884298
0.11983471074380166
0.14049586776859505
0.1487603305785124
0.19834710743801653
0.15254237288135594
0.15254237288135594
0.17796610169491525
0.211864406779661
0.13559322033898305
0.18631178707224336
0.1634980988593156
0.19011406844106463
0.07984790874524715
0.10266159695817491
0.15432098765432098
0.18518518518518517
0.18518518518518517
0.16049382716049382
0.19135802469135801
0.27485380116959063
0.1871345029239766
0.17543859649122806
0.2222222222222222
0.19298245614035087
0.15976331360946747
0.15384615384615385
0.10059171597633136
0.14792899408284024
0.17159763313609466
0.16770186335403728
0.20496894409937888
0.2111801242236025
0.16770186335403728
0.14906832298136646
0.13664596273291926
0.20496894409937888
0.2111801242236025
0.19875776397515527
0.16770186335403728
0.18518518518518517
0.17901234567901234
0.17901234567901234
0.19753086419753085
0.19753086419753085
0.21604938271604937
0.2345679012345679
0.22839506172839505
0.12345679012345678
0.1728395061728395
0.18787878787878787
0.15757575757575756
0.15151515151515152
0.11515151515151516
0.12121212121212122
0.2073170731707317
0.13414634146341464
0.17073170731707318
0.14634146341463414
0.17682926829268292
0.15950920245398773
0.09815950920245399
0.12883435582822086
0.09815950920245399
0.26993865030674846
0.16022099447513813
0.12154696132596685
0.12154696132596685
0.11602209944751381
0.143646408839779
0.14285714285714285
0.13186813186813187
0.13186813186813187
0.23076923076923078
0.17582417582417584
0.2714285714285714
0.2
0.17142857142857143
0.12857142857142856
0.21428571428571427
0.20588235294117646
0.19117647058823528
0.14705882352941177
0.23529411764705882
0.2647058823529412
0.21621621621621623
0.22972972972972974
0.20270270270270271
0.21621621621621623
0.2972972972972973
0.18666666666666668
0.25333333333333335
0.25333333333333335
0.17333333333333334
0.13333333333333333
0.18888888888888888
0.2
0.16296296296296298
0.24444444444444444
0.2037037037037037
0.26865671641791045
0.19402985074626866
0.208955223880597
0.1791044776119403
0.14925373134328357
0.2361111111111111
0.2361111111111111
0.1388888888888889
0.2361111111111111
0.2638888888888889
0.208955223880597
0.26865671641791045
0.1791044776119403
0.3582089552238806
0.26865671641791045
0.18309859154929578
0.2535211267605634
0.29577464788732394
0.29577464788732394
0.2535211267605634
0.13432835820895522
0.19402985074626866
0.3283582089552239
0.1791044776119403
0.19402985074626866
0.3114754098360656
0.3114754098360656
0.36065573770491804
0.21311475409836064
0.2459016393442623
0.30158730158730157
0.19047619047619047
0.2857142857142857
0.23809523809523808
0.12698412698412698
0.07575757575757576
0.21212121212121213
0.25757575757575757
0.18181818181818182
0.3333333333333333
0.13829787234042554
0.19148936170212766
0.20921985815602837
0.1950354609929078
0.2198581560283688
0.19718309859154928
0.16549295774647887
0.15140845070422534
0.22887323943661972
0.25704225352112675
0.16725978647686832
0.19217081850533807
0.18861209964412812
0.15302491103202848
0.1708185053380783
0.21666666666666667
0.21666666666666667
0.2833333333333333
0.18333333333333332
0.25
0.1972318339100346
0.25259515570934254
0.2422145328719723
0.19377162629757785
0.22491349480968859
0.1323529411764706
0.08823529411764706
0.14705882352941177
0.058823529411764705
0.11764705882352941
0.06097560975609756
0.036585365853658534
0.06097560975609756
0.07317073170731707
0.08536585365853659
0.13095238095238096
0.03571428571428571
0.047619047619047616
0.08333333333333333
0.047619047619047616
0.05172413793103448
0.1206896551724138
0.10344827586206896
0.13793103448275862
0.13793103448275862
0.08536585365853659
0.13414634146341464
0.17073170731707318
0.08536585365853659
0.04878048780487805
0.06557377049180328
0.06557377049180328
0.06557377049180328
0.03278688524590164
0.13114754098360656
0.140625
0.21875
0.1875
0.234375
0.1875
0.2814814814814815
0.2074074074074074
0.2
0.25925925925925924
0.17777777777777778
0.19402985074626866
0.27611940298507465
0.22388059701492538
0.20149253731343283
0.23134328358208955
0.07692307692307693
0.046153846153846156
0.07692307692307693
0.18461538461538463
0.06153846153846154
0.29310344827586204
0.1724137931034483
0.13793103448275862
0.20689655172413793
0.13793103448275862
0.22950819672131148
0.26229508196721313
0.13114754098360656
0.21311475409836064
0.19672131147540983
0.27692307692307694
0.2
0.3384615384615385
0.2923076923076923
0.2
0.07246376811594203
0.08695652173913043
0.07246376811594203
0.17391304347826086
0.11594202898550725
0.22377622377622378
0.1958041958041958
0.1993006993006993
0.15034965034965034
0.2062937062937063
0.16923076923076924
0.26153846153846155
0.26153846153846155
0.35384615384615387
0.26153846153846155
0.25252525252525254
0.26262626262626265
0.26262626262626265
0.29292929292929293
0.24242424242424243
