27
26
23
23
20
13
19
21
22
23
35
45
48
61
62
69
75
68
43
47
67
119
85
88
76
61
96
101
77
81
110
143
129
152
139
81
76
111
90
109
68
66
65
70
77
18
21
34
29
23
31
25
23
30
29
34
31
20
23
23
25
27
24
27
28
27
31
25
32
31
17
22
25
19
27
23
34
22
37
26
22
20
27
23
24
24
42
24
38
20
20
28
25
28
18
21
25
18
24
34
36
26
29
34
31
27
28
38
34
35
21
15
24
26
23
28
29
27
32
35
50
68
59
59
55
49
43
49
48
58
38
37
51
45
47
38
44
39
33
23
45
44
34
34
52
35
58
50
43
37
34
48
31
26
49
52
33
39
40
33
37
44
40
38
48
51
41
37
32
28
43
41
52
38
47
36
44
35
47
43
32
39
38
35
30
37
48
51
34
32
46
43
50
36
34
50
40
45
43
49
39
43
48
37
40
46
49
39
43
51
43
39
44
52
36
48
43
51
44
38
44
63
47
56
49
32
45
41
55
32
42
36
33
45
50
37
43
42
41
53
38
31
47
53
52
28
30
36
29
31
32
38
44
36
45
38
38
39
44
33
42
42
33
34
38
26
52
39
36
30
51
48
38
38
43
56
39
47
51
34
30
26
44
43
37
42
51
45
37
46
46
33
44
37
45
55
43
48
24
38
42
35
37
43
42
33
34
29
46
47
45
40
47
42
46
37
45
44
49
34
38
42
43
45
38
43
37
57
48
39
46
52
39
30
34
38
38
50
44
42
46
43
30
36
26
39
30
32
40
54
42
40
38
52
49
49
38
39
35
42
45
53
53
48
52
48
44
46
41
41
37
53
38
35
46
53
50
33
64
39
40
48
40
45
41
38
39
42
41
29
49
40
42
46
47
44
42
45
44
47
48
39
42
44
32
39
47
37
28
36
40
49
58
43
50
40
48
39
35
42
35
36
44
31
41
32
39
36
21
46
38
41
38
47
56
46
45
42
43
44
37
48
44
23
39
34
48
43
45
37
53
47
48
49
42
30
32
36
40
49
45
34
39
32
30
46
41
28
43
43
39
34
51
46
43
42
40
25
41
44
61
34
37
39
49
42
42
45
48
51
47
41
42
52
45
46
36
39
42
52
45
45
50
52
42
44
39
35
31
56
36
50
40
52
51
47
39
38
41
44
33
30
30
35
38
36
44
37
51
48
36
47
44
44
36
40
33
39
33
44
34
54
50
46
50
50
31
34
46
36
36
32
30
30
44
37
52
39
46
31
32
40
47
40
55
57
37
52
41
42
49
45
49
51
42
32
50
42
47
40
39
32
43
39
39
56
40
42
34
53
30
43
40
47
42
48
48
40
40
32
41
40
37
38
35
42
40
35
41
45
41
42
50
38
44
45
29
40
44
40
51
29
45
31
44
35
50
35
22
41
37
46
41
39
33
27
40
47
45
33
46
40
48
26
46
35
29
40
46
47
48
42
46
44
58
49
57
35
47
46
34
43
44
53
28
42
41
34
40
53
45
44
47
37
36
33
37
40
43
44
42
36
38
41
39
30
46
33
40
37
40
37
36
35
40
43
32
46
48
38
37
48
43
42
47
45
42
27
36
32
54
39
45
30
33
31
43
30
31
34
46
56
44
51
37
54
55
53
51
56
55
35
37
37
31
39
31
49
36
45
40
44
33
38
41
48
36
37
45
50
47
52
54
40
56
44
33
40
41
40
47
43
46
46
44
46
40
34
38
64
44
42
51
34
55
42
35
30
43
44
38
25
36
30
55
58
40
48
38
36
39
42
30
40
41
47
38
43
42
38
41
36
26
33
36
53
50
40
28
35
32
40
43
52
26
42
44
36
43
56
57
52
43
35
30
43
37
42
52
31
45
38
50
39
40
39
31
44
44
34
48
52
41
56
43
56
31
38
41
44
46
34
37
60
44
41
39
43
28
37
29
53
48
46
33
37
50
59
39
42
46
41
43
36
32
41
38
46
50
44
41
45
44
39
43
52
39
49
46
52
35
39
38
47
35
41
51
55
58
65
53
41
42
40
44
46
43
43
40
47
34
50
31
35
40
37
40
48
37
38
41
36
27
40
38
43
47
55
40
48
41
41
45
35
41
35
45
39
29
36
44
42
45
39
46
35
56
48
38
55
40
48
39
48
53
46
43
46
44
37
48
51
55
54
53
42
30
41
39
35
33
49
34
39
38
45
33
38
39
43
62
41
37
42
42
55
40
60
40
36
38
45
50
36
36
46
35
41
39
39
60
50
43
56
68
41
45
42
46
52
38
48
43
47
55
33
47
45
34
38
29
41
40
42
47
35
44
50
49
44
32
38
46
44
45
46
38
40
43
39
51
46
46
52
40
57
32
30
37
50
32
42
40
56
44
32
44
38
48
47
52
44
44
49
49
51
44
44
39
38
41
50
38
36
50
28
40
28
42
42
48
30
39
32
38
35
36
35
45
36
52
36
58
53
57
52
37
40
42
51
40
30
34
64
47
44
50
50
39
54
42
29
41
34
41
38
41
39
53
36
34
54
41
31
51
35
30
43
39
27
36
38
28
48
34
53
51
26
39
55
48
36
41
39
45
38
46
39
50
34
49
37
51
48
41
46
37
42
47
41
45
39
47
41
34
31
38
38
27
51
50
52
35
41
32
31
32
37
43
41
38
29
29
38
41
49
39
38
48
34
57
54
46
47
44
40
57
35
38
43
50
37
45
46
40
23
41
41
48
61
55
31
50
49
39
33
38
32
45
37
39
37
47
41
52
38
42
49
48
47
46
46
40
37
53
32
40
45
30
31
30
45
46
27
40
34
32
34
31
35
47
38
39
45
44
47
38
33
37
36
31
31
44
24
39
51
41
34
31
39
43
54
41
57
45
42
51
32
31
35
35
32
30
26
35
54
35
31
48
39
45
29
43
41
61
27
50
42
39
43
41
47
34
50
56
27
37
46
29
41
35
34
38
29
34
34
51
38
42
40
44
38
48
46
34
64
34
54
55
43
34
51
41
49
37
34
49
40
49
34
60
42
23
52
39
51
54
34
57
47
43
58
45
47
49
37
41
39
29
49
41
44
45
28
31
42
40
33
40
33
59
44
42
39
42
32
48
40
43
37
41
42
42
43
40
31
32
35
41
51
33
38
47
51
54
27
45
37
44
44
42
32
47
44
38
43
46
48
42
50
49
45
32
44
38
34
35
33
46
39
42
44
32
34
44
45
49
51
30
39
48
49
39
42
45
36
50
50
60
46
49
49
46
43
46
30
33
42
41
42
38
53
39
54
45
44
27
35
52
33
34
36
47
42
40
31
36
39
47
36
42
43
45
39
48
54
39
39
32
45
45
46
36
50
40
53
56
40
54
42
40
41
42
55
49
39
44
35
43
40
49
36
39
36
42
52
46
56
54
51
50
39
50
58
47
33
34
47
38
44
30
43
40
41
40
30
48
34
51
61
43
48
49
43
33
49
38
34
35
39
39
35
39
36
51
47
46
52
48
46
36
43
45
37
32
35
28
31
33
51
41
41
43
54
39
54
32
38
41
43
56
59
56
37
39
62
36
44
56
51
55
43
46
56
41
37
32
30
37
38
53
36
45
45
48
29
39
43
35
41
38
27
37
39
47
33
43
43
44
31
39
37
35
53
43
36
50
43
44
36
44
53
28
36
45
45
41
45
45
53
40
49
57
41
42
28
33
33
34
41
38
41
50
60
47
39
45
53
34
36
48
37
36
53
40
67
46
39
41
42
52
36
36
43
32
29
34
45
39
39
39
33
35
39
40
46
29
38
47
45
42
31
45
41
42
33
37
40
47
46
30
40
47
37
47
54
33
45
34
37
32
36
44
38
47
45
32
44
47
54
47
45
52
50
31
46
56
39
46
33
42
39
36
44
40
36
32
42
47
40
50
48
34
35
34
43
47
40
59
40
38
38
40
46
40
50
42
43
40
38
42
38
34
32
42
42
41
43
42
45
54
44
24
47
44
33
39
36
39
36
50
37
48
52
33
39
40
39
44
36
52
39
48
46
50
47
58
59
53
35
49
53
35
41
41
48
43
32
42
37
45
41
42
29
35
49
48
29
39
52
38
43
44
54
45
48
42
38
37
35
53
53
32
49
54
45
34
47
32
43
40
42
40
40
44
45
32
39
32
40
35
45
48
52
29
41
30
40
45
34
36
36
36
39
31
44
40
48
47
37
48
33
45
50
50
40
44
49
41
35
46
39
34
47
44
35
42
32
28
43
45
26
40
33
52
50
42
42
50
49
25
40
40
42
55
35
41
42
37
37
34
57
40
37
49
45
38
45
44
34
45
40
39
37
37
54
52
42
43
47
41
59
52
53
60
37
36
49
47
34
43
29
50
32
35
45
43
41
47
40
56
47
50
41
51
41
38
37
37
43
49
36
45
42
47
47
40
62
65
49
62
52
39
44
48
34
40
47
46
54
28
42
41
43
30
42
50
45
33
44
25
28
43
41
53
38
40
43
47
29
46
37
46
25
29
17
27
25
26
29
43
28
24
33
31
25
26
17
21
23
20
34
29
21
21
22
31
31
27
24
29
26
28
30
30
32
31
35
20
26
28
24
22
20
17
31
23
27
22
26
23
11
19
14
45
28
31
27
28
26
24
30
35
35
37
17
14
12
9
16
15
12
10
16
21
12
15
14
7
15
12
18
17
13
11
45
52
41
61
50
15
12
14
10
8
17
17
11
15
16
14
17
12
21
16
10
16
20
17
16
8
12
19
11
12
17
18
21
12
12
18
11
17
11
11
4
13
14
12
19
39
53
56
51
61
50
40
40
59
67
41
48
50
41
41
11
12
17
10
12
54
72
65
54
63
9
6
9
4
7
5
5
5
9
9
12
3
5
9
6
3
6
6
6
6
7
10
15
10
4
5
5
5
3
7
6
14
12
16
12
38
26
26
34
23
22
32
27
23
28
5
4
5
10
2
14
8
6
10
8
11
15
8
13
9
18
12
21
18
12
6
6
7
10
8
61
52
54
43
53
9
11
12
20
14
24
23
23
25
19
