0.2727272727272727
0.26262626262626265
0.23232323232323232
0.23232323232323232
0.20202020202020202
0.13402061855670103
0.1958762886597938
0.21649484536082475
0.2268041237113402
0.23711340206185566
0.14767932489451477
0.189873417721519
0.20253164556962025
0.25738396624472576
0.2616033755274262
0.2197452229299363
0.23885350318471338
0.21656050955414013
0.13694267515923567
0.14968152866242038
0.15192743764172337
0.2698412698412698
0.1927437641723356
0.19954648526077098
0.17233560090702948
0.12655601659751037
0.1991701244813278
0.2095435684647303
0.15975103734439833
0.16804979253112035
0.14084507042253522
0.18309859154929578
0.16517285531370038
0.1946222791293214
0.17797695262483995
0.18577981651376146
0.1743119266055046
0.2545871559633027
0.20642201834862386
0.25
0.2125
0.20625
0.203125
0.21875
0.240625
0.09473684210526316
0.11052631578947368
0.17894736842105263
0.15263157894736842
0.12105263157894737
0.18562874251497005
0.1497005988023952
0.1377245508982036
0.17964071856287425
0.17365269461077845
0.19318181818181818
0.17613636363636365
0.11363636363636363
0.13068181818181818
0.13068181818181818
0.14367816091954022
0.15517241379310345
0.13793103448275862
0.15517241379310345
0.16091954022988506
0.16265060240963855
0.18674698795180722
0.15060240963855423
0.1927710843373494
0.18674698795180722
0.10240963855421686
0.13253012048192772
0.15060240963855423
0.1144578313253012
0.16265060240963855
0.1377245508982036
0.20359281437125748
0.1317365269461078
0.2215568862275449
0.15568862275449102
0.1317365269461078
0.11976047904191617
0.16167664670658682
0.1377245508982036
0.1437125748502994
0.1411764705882353
0.24705882352941178
0.1411764705882353
0.2235294117647059
0.11764705882352941
0.11627906976744186
0.16279069767441862
0.14534883720930233
0.16279069767441862
0.10465116279069768
0.1242603550295858
0.14792899408284024
0.10650887573964497
0.14201183431952663
0.20118343195266272
0.1978021978021978
0.14285714285714285
0.15934065934065933
0.18681318681318682
0.17032967032967034
0.16770186335403728
0.17391304347826086
0.2360248447204969
0.2111801242236025
0.21739130434782608
0.12209302325581395
0.0872093023255814
0.13953488372093023
0.1511627906976744
0.13372093023255813
0.16470588235294117
0.17058823529411765
0.1588235294117647
0.18823529411764706
0.20588235294117646
0.12195121951219512
0.16585365853658537
0.14390243902439023
0.14390243902439023
0.13414634146341464
0.15170278637770898
0.13312693498452013
0.15170278637770898
0.14860681114551083
0.17956656346749225
0.12179487179487179
0.11858974358974358
0.16346153846153846
0.14423076923076922
0.15064102564102563
0.15261044176706828
0.17670682730923695
0.1566265060240964
0.13253012048192772
0.09236947791164658
0.15901060070671377
0.15547703180212014
0.12014134275618374
0.12014134275618374
0.18374558303886926
0.13307984790874525
0.22053231939163498
0.19011406844106463
0.1634980988593156
0.14068441064638784
0.12830188679245283
0.1811320754716981
0.1169811320754717
0.09811320754716982
0.18490566037735848
0.20392156862745098
0.12941176470588237
0.15294117647058825
0.1568627450980392
0.12941176470588237
0.1434108527131783
0.17054263565891473
0.15503875968992248
0.14728682170542637
0.18604651162790697
0.20238095238095238
0.1626984126984127
0.14682539682539683
0.12698412698412698
0.1111111111111111
0.16731517509727625
0.15953307392996108
0.20233463035019456
0.14785992217898833
0.1828793774319066
0.14007782101167315
0.17120622568093385
0.13618677042801555
0.1828793774319066
0.16731517509727625
0.1245136186770428
0.1517509727626459
0.14785992217898833
0.13618677042801555
0.11673151750972763
0.1434108527131783
0.18604651162790697
0.19767441860465115
0.13178294573643412
0.12403100775193798
0.1602787456445993
0.14982578397212543
0.17421602787456447
0.1254355400696864
0.11846689895470383
0.1968503937007874
0.15748031496062992
0.17716535433070865
0.16929133858267717
0.19291338582677164
0.14772727272727273
0.16287878787878787
0.18181818181818182
0.14015151515151514
0.15151515151515152
0.1940928270042194
0.20675105485232068
0.16455696202531644
0.18143459915611815
0.21518987341772153
0.15412186379928317
0.13978494623655913
0.15770609318996415
0.1863799283154122
0.12903225806451613
0.1811320754716981
0.16226415094339622
0.19245283018867926
0.1660377358490566
0.14339622641509434
0.16058394160583941
0.22992700729927007
0.17153284671532848
0.20437956204379562
0.17883211678832117
0.11764705882352941
0.16544117647058823
0.15073529411764705
0.20220588235294118
0.11764705882352941
0.17427385892116182
0.14937759336099585
0.13692946058091288
0.18672199170124482
0.2074688796680498
0.14919354838709678
0.17338709677419356
0.1693548387096774
0.16532258064516128
0.21370967741935484
0.14728682170542637
0.12015503875968993
0.1821705426356589
0.2054263565891473
0.20155038759689922
0.10894941634241245
0.11673151750972763
0.14007782101167315
0.11284046692607004
0.12062256809338522
0.13168724279835392
0.15637860082304528
0.18106995884773663
0.14814814814814814
0.18518518518518517
0.13286713286713286
0.13286713286713286
0.13636363636363635
0.15384615384615385
0.11538461538461539
0.16153846153846155
0.16153846153846155
0.12692307692307692
0.13076923076923078
0.14615384615384616
0.09774436090225563
0.19548872180451127
0.14661654135338345
0.13533834586466165
0.11278195488721804
0.1875
0.17647058823529413
0.13970588235294118
0.13970588235294118
0.15808823529411764
0.20216606498194944
0.1407942238267148
0.16967509025270758
0.18411552346570398
0.12274368231046931
0.12295081967213115
0.10655737704918032
0.18032786885245902
0.1762295081967213
0.15163934426229508
0.15272727272727274
0.18545454545454546
0.16363636363636364
0.13454545454545455
0.16727272727272727
0.1796875
0.12890625
0.171875
0.14453125
0.17578125
0.19784172661870503
0.15467625899280577
0.17266187050359713
0.08633093525179857
0.1366906474820144
0.15613382899628253
0.13011152416356878
0.137546468401487
0.15985130111524162
0.15613382899628253
0.12313432835820895
0.12686567164179105
0.10820895522388059
0.17164179104477612
0.17537313432835822
0.17578125
0.15625
0.18359375
0.1640625
0.1796875
0.13909774436090225
0.16917293233082706
0.16541353383458646
0.18421052631578946
0.12781954887218044
0.13970588235294118
0.15441176470588236
0.15808823529411764
0.16544117647058823
0.13970588235294118
0.15808823529411764
0.13602941176470587
0.20955882352941177
0.17647058823529413
0.14338235294117646
0.17624521072796934
0.19923371647509577
0.14942528735632185
0.11494252873563218
0.13026819923371646
0.15384615384615385
0.15384615384615385
0.20242914979757085
0.17813765182186234
0.1700404858299595
0.18699186991869918
0.17479674796747968
0.12195121951219512
0.14634146341463414
0.10569105691056911
0.1449814126394052
0.11152416356877323
0.11895910780669144
0.14869888475836432
0.20074349442379183
0.14685314685314685
0.13986013986013987
0.13286713286713286
0.18181818181818182
0.17132867132867133
0.19215686274509805
0.14901960784313725
0.15294117647058825
0.13725490196078433
0.16470588235294117
0.17647058823529413
0.20784313725490197
0.20784313725490197
0.18823529411764706
0.20392156862745098
0.17582417582417584
0.16117216117216118
0.1684981684981685
0.15018315018315018
0.15018315018315018
0.14285714285714285
0.20463320463320464
0.14671814671814673
0.13513513513513514
0.1776061776061776
0.19272727272727272
0.18181818181818182
0.12
0.23272727272727273
0.14181818181818182
0.14869888475836432
0.17843866171003717
0.14869888475836432
0.16728624535315986
0.1524163568773234
0.1412639405204461
0.1449814126394052
0.15613382899628253
0.1524163568773234
0.10780669144981413
0.2024793388429752
0.1652892561983471
0.17355371900826447
0.19008264462809918
0.19421487603305784
0.16356877323420074
0.15613382899628253
0.16728624535315986
0.16356877323420074
0.17472118959107807
0.19591836734693877
0.15918367346938775
0.17142857142857143
0.17959183673469387
0.1306122448979592
0.14444444444444443
0.17407407407407408
0.13703703703703704
0.1037037037037037
0.13333333333333333
0.14336917562724014
0.17562724014336917
0.2078853046594982
0.15412186379928317
0.17921146953405018
0.16597510373443983
0.1991701244813278
0.16182572614107885
0.14522821576763487
0.17427385892116182
0.13725490196078433
0.1411764705882353
0.17254901960784313
0.12156862745098039
0.1607843137254902
0.12955465587044535
0.15789473684210525
0.145748987854251
0.08502024291497975
0.1862348178137652
0.14785992217898833
0.15953307392996108
0.14785992217898833
0.1828793774319066
0.2178988326848249
0.1862348178137652
0.18218623481781376
0.1700404858299595
0.17408906882591094
0.17813765182186234
0.13653136531365315
0.17712177121771217
0.16236162361623616
0.08487084870848709
0.14391143911439114
0.13765182186234817
0.19433198380566802
0.17408906882591094
0.18218623481781376
0.14979757085020243
0.20622568093385213
0.1828793774319066
0.1867704280155642
0.19066147859922178
0.16342412451361868
0.10714285714285714
0.11428571428571428
0.12857142857142856
0.14285714285714285
0.175
0.1814516129032258
0.13709677419354838
0.15725806451612903
0.12903225806451613
0.12096774193548387
0.18110236220472442
0.16141732283464566
0.11023622047244094
0.16929133858267717
0.16929133858267717
0.14444444444444443
0.1259259259259259
0.18888888888888888
0.17037037037037037
0.15925925925925927
0.16535433070866143
0.15748031496062992
0.0984251968503937
0.16141732283464566
0.1732283464566929
0.22676579925650558
0.12639405204460966
0.137546468401487
0.1449814126394052
0.1821561338289963
0.16666666666666666
0.16666666666666666
0.17857142857142858
0.19047619047619047
0.20238095238095238
0.16967509025270758
0.148014440433213
0.15162454873646208
0.18772563176895307
0.1624548736462094
0.16666666666666666
0.13043478260869565
0.14130434782608695
0.15217391304347827
0.18840579710144928
0.17928286852589642
0.17928286852589642
0.199203187250996
0.20717131474103587
0.16733067729083664
0.16296296296296298
0.14444444444444443
0.12962962962962962
0.11481481481481481
0.2074074074074074
0.13584905660377358
0.18867924528301888
0.1509433962264151
0.19622641509433963
0.19245283018867926
0.18146718146718147
0.15057915057915058
0.14671814671814673
0.1583011583011583
0.16988416988416988
0.12790697674418605
0.11627906976744186
0.11627906976744186
0.13565891472868216
0.14728682170542637
0.14937759336099585
0.1825726141078838
0.15352697095435686
0.21161825726141079
0.1991701244813278
0.1323529411764706
0.17279411764705882
0.16176470588235295
0.16176470588235295
0.1323529411764706
0.14652014652014653
0.12087912087912088
0.14285714285714285
0.12087912087912088
0.16117216117216118
0.1349206349206349
0.21428571428571427
0.1984126984126984
0.18253968253968253
0.1984126984126984
0.20161290322580644
0.125
0.13709677419354838
0.18548387096774194
0.14516129032258066
0.1348314606741573
0.1198501872659176
0.11235955056179775
0.11235955056179775
0.1647940074906367
0.14453125
0.203125
0.15234375
0.1796875
0.12109375
0.11851851851851852
0.14814814814814814
0.17407407407407408
0.14814814814814814
0.2037037037037037
0.20727272727272728
0.13454545454545455
0.1890909090909091
0.14909090909090908
0.15272727272727274
0.20164609053497942
0.18518518518518517
0.20164609053497942
0.20987654320987653
0.1728395061728395
0.12403100775193798
0.1937984496124031
0.16279069767441862
0.1821705426356589
0.15503875968992248
0.1517509727626459
0.1245136186770428
0.16731517509727625
0.1517509727626459
0.1517509727626459
0.22580645161290322
0.16129032258064516
0.1693548387096774
0.13709677419354838
0.21370967741935484
0.11278195488721804
0.16165413533834586
0.15037593984962405
0.17669172932330826
0.15789473684210525
0.1951219512195122
0.1951219512195122
0.16260162601626016
0.16260162601626016
0.13008130081300814
0.14963503649635038
0.145985401459854
0.13503649635036497
0.1386861313868613
0.12773722627737227
0.16600790513833993
0.15810276679841898
0.1383399209486166
0.16205533596837945
0.17786561264822134
0.15185185185185185
0.15555555555555556
0.18518518518518517
0.14074074074074075
0.16296296296296298
0.15358361774744028
0.09897610921501707
0.13651877133105803
0.15017064846416384
0.13651877133105803
0.19172932330827067
0.10902255639097744
0.16917293233082706
0.11654135338345864
0.16541353383458646
0.12411347517730496
0.1773049645390071
0.12411347517730496
0.07801418439716312
0.1453900709219858
0.14859437751004015
0.18473895582329317
0.1646586345381526
0.1566265060240964
0.13253012048192772
0.11065573770491803
0.16393442622950818
0.19262295081967212
0.18442622950819673
0.13524590163934427
0.1678832116788321
0.145985401459854
0.17518248175182483
0.0948905109489051
0.1678832116788321
0.12915129151291513
0.1070110701107011
0.14760147601476015
0.16974169741697417
0.17343173431734318
0.1951219512195122
0.17073170731707318
0.18699186991869918
0.17886178861788618
0.23577235772357724
0.1856060606060606
0.2159090909090909
0.13257575757575757
0.17803030303030304
0.17424242424242425
0.14166666666666666
0.17916666666666667
0.18333333333333332
0.22083333333333333
0.11666666666666667
0.1700404858299595
0.1659919028340081
0.13765182186234817
0.16194331983805668
0.2145748987854251
0.18292682926829268
0.17886178861788618
0.1910569105691057
0.15040650406504066
0.14634146341463414
0.13043478260869565
0.14624505928853754
0.15810276679841898
0.16996047430830039
0.17391304347826086
0.15730337078651685
0.1348314606741573
0.14232209737827714
0.15355805243445692
0.14606741573033707
0.11764705882352941
0.1803921568627451
0.12941176470588237
0.1568627450980392
0.1450980392156863
0.15151515151515152
0.14015151515151514
0.13636363636363635
0.13257575757575757
0.15151515151515152
0.17695473251028807
0.13168724279835392
0.18930041152263374
0.19753086419753085
0.15637860082304528
0.1510204081632653
0.19591836734693877
0.17551020408163265
0.17142857142857143
0.19183673469387755
0.17110266159695817
0.1596958174904943
0.10266159695817491
0.13688212927756654
0.12167300380228137
0.2076923076923077
0.15
0.17307692307692307
0.11538461538461539
0.12692307692307692
0.1183206106870229
0.16412213740458015
0.11450381679389313
0.1183206106870229
0.1297709923664122
0.16666666666666666
0.2028985507246377
0.15942028985507245
0.18478260869565216
0.13405797101449277
0.2037735849056604
0.20754716981132076
0.2
0.19245283018867926
0.21132075471698114
0.2320675105485232
0.14767932489451477
0.15611814345991562
0.15611814345991562
0.1308016877637131
0.15057915057915058
0.11969111969111969
0.1891891891891892
0.138996138996139
0.17374517374517376
0.15748031496062992
0.1732283464566929
0.12992125984251968
0.14960629921259844
0.16141732283464566
0.1991701244813278
0.14937759336099585
0.15352697095435686
0.18672199170124482
0.2074688796680498
0.16785714285714284
0.18571428571428572
0.19285714285714287
0.14285714285714285
0.2
0.17054263565891473
0.12790697674418605
0.15503875968992248
0.15891472868217055
0.15503875968992248
0.19747899159663865
0.18067226890756302
0.19327731092436976
0.19327731092436976
0.18487394957983194
0.17293233082706766
0.15037593984962405
0.12781954887218044
0.14285714285714285
0.24060150375939848
0.1732283464566929
0.16535433070866143
0.20078740157480315
0.13385826771653545
0.21653543307086615
0.1700404858299595
0.1417004048582996
0.1214574898785425
0.17408906882591094
0.17813765182186234
0.15702479338842976
0.10330578512396695
0.1487603305785124
0.12396694214876033
0.22727272727272727
0.23387096774193547
0.16129032258064516
0.1935483870967742
0.1532258064516129
0.14516129032258066
0.14444444444444443
0.15555555555555556
0.1111111111111111
0.14814814814814814
0.15185185185185185
0.1821705426356589
0.14728682170542637
0.16666666666666666
0.16279069767441862
0.14728682170542637
0.1673469387755102
0.1469387755102041
0.10612244897959183
0.1346938775510204
0.1469387755102041
0.20229007633587787
0.19083969465648856
0.15267175572519084
0.10687022900763359
0.13358778625954199
0.13333333333333333
0.16666666666666666
0.17916666666666667
0.21666666666666667
0.10833333333333334
0.15441176470588236
0.16176470588235295
0.1323529411764706
0.15808823529411764
0.20588235294117646
0.21755725190839695
0.1984732824427481
0.16412213740458015
0.13358778625954199
0.11450381679389313
0.17479674796747968
0.15040650406504066
0.17073170731707318
0.21138211382113822
0.12601626016260162
0.1744186046511628
0.14728682170542637
0.1937984496124031
0.1511627906976744
0.15503875968992248
0.1511627906976744
0.12015503875968993
0.17054263565891473
0.17054263565891473
0.13178294573643412
0.17843866171003717
0.19330855018587362
0.1524163568773234
0.20817843866171004
0.15985130111524162
0.22950819672131148
0.12704918032786885
0.1557377049180328
0.1680327868852459
0.18032786885245902
0.17424242424242425
0.12878787878787878
0.14015151515151514
0.22727272727272727
0.16666666666666666
0.16942148760330578
0.16115702479338842
0.17768595041322313
0.11570247933884298
0.15289256198347106
0.10861423220973783
0.19850187265917604
0.1797752808988764
0.17228464419475656
0.12359550561797752
0.13309352517985612
0.17985611510791366
0.21223021582733814
0.14028776978417265
0.1510791366906475
0.17164179104477612
0.15298507462686567
0.16044776119402984
0.13432835820895522
0.11940298507462686
0.14909090909090908
0.13818181818181818
0.16727272727272727
0.18181818181818182
0.16
0.16141732283464566
0.17716535433070865
0.1732283464566929
0.15354330708661418
0.16929133858267717
0.17993079584775087
0.13494809688581316
0.1695501730103806
0.15916955017301038
0.17993079584775087
0.12727272727272726
0.14181818181818182
0.13818181818181818
0.1709090909090909
0.12727272727272726
0.1680327868852459
0.20901639344262296
0.22540983606557377
0.23770491803278687
0.26639344262295084
0.21810699588477367
0.16872427983539096
0.1728395061728395
0.1646090534979424
0.18106995884773663
0.17037037037037037
0.15925925925925927
0.15925925925925927
0.14814814814814814
0.17407407407407408
0.1349206349206349
0.1984126984126984
0.12301587301587301
0.1388888888888889
0.15873015873015872
0.14285714285714285
0.15444015444015444
0.18532818532818532
0.14285714285714285
0.14671814671814673
0.1626984126984127
0.14285714285714285
0.10714285714285714
0.15873015873015872
0.15079365079365079
0.14776632302405499
0.16151202749140894
0.18900343642611683
0.13745704467353953
0.16494845360824742
0.164
0.164
0.18
0.14
0.164
0.14227642276422764
0.18292682926829268
0.15853658536585366
0.11788617886178862
0.14634146341463414
0.18032786885245902
0.1721311475409836
0.18442622950819673
0.1598360655737705
0.1885245901639344
0.12195121951219512
0.1951219512195122
0.1672473867595819
0.13240418118466898
0.1916376306620209
0.1568627450980392
0.18823529411764706
0.15294117647058825
0.18823529411764706
0.20784313725490197
0.1602787456445993
0.14982578397212543
0.1602787456445993
0.15331010452961671
0.1289198606271777
0.17582417582417584
0.18681318681318682
0.20146520146520147
0.1978021978021978
0.19413919413919414
0.1640625
0.1171875
0.16015625
0.15234375
0.13671875
0.12790697674418605
0.18992248062015504
0.13178294573643412
0.1511627906976744
0.14728682170542637
0.17647058823529413
0.12941176470588237
0.14901960784313725
0.15294117647058825
0.16862745098039217
0.25101214574898784
0.1659919028340081
0.14979757085020243
0.1700404858299595
0.1700404858299595
0.19298245614035087
0.14035087719298245
0.21052631578947367
0.14035087719298245
0.12631578947368421
0.1450381679389313
0.1717557251908397
0.19083969465648856
0.13740458015267176
0.13740458015267176
0.18253968253968253
0.1388888888888889
0.1626984126984127
0.15476190476190477
0.15476190476190477
0.2097902097902098
0.17482517482517482
0.15034965034965034
0.1958041958041958
0.23776223776223776
0.16015625
0.17578125
0.1640625
0.1796875
0.203125
0.14393939393939395
0.18181818181818182
0.16287878787878787
0.17803030303030304
0.20833333333333334
0.12643678160919541
0.18007662835249041
0.1724137931034483
0.13026819923371646
0.14559386973180077
0.10069444444444445
0.1423611111111111
0.1388888888888889
0.14583333333333334
0.16319444444444445
0.14
0.176
0.2
0.196
0.176
0.12903225806451613
0.1532258064516129
0.18548387096774194
0.1774193548387097
0.1814516129032258
0.17829457364341086
0.14728682170542637
0.15503875968992248
0.16666666666666666
0.1511627906976744
0.204
0.184
0.184
0.208
0.16
0.20955882352941177
0.11764705882352941
0.11029411764705882
0.13602941176470587
0.18382352941176472
0.13389121338912133
0.17573221757322174
0.16736401673640167
0.23430962343096234
0.18410041841004185
0.125
0.171875
0.1484375
0.1875
0.18359375
0.1947565543071161
0.1647940074906367
0.1647940074906367
0.18352059925093633
0.18352059925093633
0.18613138686131386
0.16058394160583941
0.16058394160583941
0.14233576642335766
0.1386861313868613
0.14335664335664336
0.17482517482517482
0.13286713286713286
0.1258741258741259
0.17482517482517482
0.1033210332103321
0.14760147601476015
0.1033210332103321
0.15498154981549817
0.15498154981549817
0.1867704280155642
0.11673151750972763
0.1517509727626459
0.1245136186770428
0.14785992217898833
0.14056224899598393
0.14457831325301204
0.14056224899598393
0.18072289156626506
0.14457831325301204
0.19696969696969696
0.13636363636363635
0.2196969696969697
0.20075757575757575
0.2159090909090909
0.19622641509433963
0.13962264150943396
0.1509433962264151
0.15849056603773584
0.19245283018867926
0.14492753623188406
0.10869565217391304
0.12318840579710146
0.2318840579710145
0.17028985507246377
0.1543859649122807
0.17543859649122806
0.17543859649122806
0.1368421052631579
0.18947368421052632
0.15555555555555556
0.10740740740740741
0.15185185185185185
0.1259259259259259
0.15185185185185185
0.1532258064516129
0.16532258064516128
0.15725806451612903
0.21370967741935484
0.14516129032258066
0.13026819923371646
0.20689655172413793
0.15708812260536398
0.11877394636015326
0.19540229885057472
0.14344262295081966
0.12295081967213115
0.1762295081967213
0.1598360655737705
0.11065573770491803
0.14754098360655737
0.1557377049180328
0.11475409836065574
0.19672131147540983
0.13934426229508196
0.2190082644628099
0.21074380165289255
0.10743801652892562
0.16115702479338842
0.22727272727272727
0.18461538461538463
0.13846153846153847
0.1576923076923077
0.15
0.17307692307692307
0.1450381679389313
0.17557251908396945
0.14885496183206107
0.19083969465648856
0.1297709923664122
0.1701388888888889
0.1284722222222222
0.17708333333333334
0.16666666666666666
0.1423611111111111
0.1776061776061776
0.14285714285714285
0.16216216216216217
0.18146718146718147
0.1583011583011583
0.1601423487544484
0.1387900355871886
0.16725978647686832
0.14590747330960854
0.12099644128113879
0.11524163568773234
0.1412639405204461
0.1412639405204461
0.10037174721189591
0.1895910780669145
0.20161290322580644
0.20967741935483872
0.14112903225806453
0.16532258064516128
0.12903225806451613
0.1169811320754717
0.12075471698113208
0.13962264150943396
0.16226415094339622
0.15471698113207547
0.14022140221402213
0.1070110701107011
0.1070110701107011
0.14022140221402213
0.15129151291512916
0.18702290076335878
0.14885496183206107
0.1450381679389313
0.183206106870229
0.1297709923664122
0.23553719008264462
0.2231404958677686
0.19008264462809918
0.19421487603305784
0.18181818181818182
0.1509433962264151
0.21509433962264152
0.1320754716981132
0.14339622641509434
0.16226415094339622
0.17123287671232876
0.1267123287671233
0.1541095890410959
0.15753424657534246
0.136986301369863
0.09126984126984126
0.1626984126984127
0.1626984126984127
0.19047619047619047
0.24206349206349206
0.19572953736654805
0.1103202846975089
0.17793594306049823
0.17437722419928825
0.1387900355871886
0.12222222222222222
0.14074074074074075
0.11851851851851852
0.16666666666666666
0.13703703703703704
0.15789473684210525
0.14979757085020243
0.1902834008097166
0.1659919028340081
0.21052631578947367
0.1444866920152091
0.1596958174904943
0.18631178707224336
0.18250950570342206
0.17870722433460076
0.17624521072796934
0.17624521072796934
0.1532567049808429
0.1417624521072797
0.20306513409961685
0.11851851851851852
0.14814814814814814
0.16666666666666666
0.1111111111111111
0.11481481481481481
0.11952191235059761
0.17928286852589642
0.18326693227091634
0.10756972111553785
0.1593625498007968
0.13229571984435798
0.1245136186770428
0.13229571984435798
0.12062256809338522
0.13618677042801555
0.188
0.152
0.156
0.18
0.176
0.19262295081967212
0.1557377049180328
0.13524590163934427
0.15163934426229508
0.14754098360655737
0.12062256809338522
0.12062256809338522
0.17120622568093385
0.0933852140077821
0.1517509727626459
0.2
0.1607843137254902
0.13333333333333333
0.12156862745098039
0.15294117647058825
0.16602316602316602
0.2084942084942085
0.1583011583011583
0.22007722007722008
0.17374517374517376
0.16600790513833993
0.2015810276679842
0.12648221343873517
0.1225296442687747
0.1383399209486166
0.13671875
0.125
0.1171875
0.1015625
0.13671875
0.2109375
0.13671875
0.12109375
0.1875
0.15234375
0.1836734693877551
0.11836734693877551
0.17551020408163265
0.1673469387755102
0.24897959183673468
0.10150375939849623
0.18796992481203006
0.15789473684210525
0.14661654135338345
0.16165413533834586
0.16532258064516128
0.18951612903225806
0.13709677419354838
0.20161290322580644
0.22580645161290322
0.1134453781512605
0.15546218487394958
0.19327731092436976
0.12184873949579832
0.1722689075630252
0.12915129151291513
0.12546125461254612
0.14022140221402213
0.1070110701107011
0.12546125461254612
0.13026819923371646
0.19540229885057472
0.14559386973180077
0.16091954022988506
0.1532567049808429
0.17959183673469387
0.15510204081632653
0.19591836734693877
0.18775510204081633
0.13877551020408163
0.256
0.136
0.216
0.22
0.172
0.1259259259259259
0.18888888888888888
0.15185185185185185
0.1814814814814815
0.13703703703703704
0.11846689895470383
0.17073170731707318
0.13937282229965156
0.17073170731707318
0.11846689895470383
0.2222222222222222
0.15555555555555556
0.08518518518518518
0.1925925925925926
0.14444444444444443
0.19318181818181818
0.20454545454545456
0.12878787878787878
0.2159090909090909
0.17803030303030304
0.16287878787878787
0.2196969696969697
0.17045454545454544
0.17803030303030304
0.1856060606060606
0.1522633744855967
0.16872427983539096
0.16049382716049382
0.11934156378600823
0.20164609053497942
0.15648854961832062
0.16793893129770993
0.1717557251908397
0.10687022900763359
0.1183206106870229
0.1590909090909091
0.15151515151515152
0.125
0.15151515151515152
0.125
0.23137254901960785
0.17254901960784313
0.16470588235294117
0.15294117647058825
0.16470588235294117
0.12698412698412698
0.19047619047619047
0.15873015873015872
0.17063492063492064
0.14682539682539683
0.1576923076923077
0.16153846153846155
0.16153846153846155
0.16538461538461538
0.15384615384615385
0.1111111111111111
0.11469534050179211
0.12544802867383512
0.14695340501792115
0.1827956989247312
0.12595419847328243
0.1450381679389313
0.17938931297709923
0.1946564885496183
0.20610687022900764
0.09473684210526316
0.15789473684210525
0.12982456140350876
0.1543859649122807
0.1543859649122807
0.16279069767441862
0.12403100775193798
0.1821705426356589
0.17054263565891473
0.14728682170542637
0.16538461538461538
0.17692307692307693
0.18461538461538463
0.16153846153846155
0.19230769230769232
0.18992248062015504
0.1744186046511628
0.12403100775193798
0.17054263565891473
0.14728682170542637
0.13076923076923078
0.1346153846153846
0.12692307692307692
0.17692307692307693
0.15
0.1700404858299595
0.17813765182186234
0.12955465587044535
0.13765182186234817
0.17813765182186234
0.1724137931034483
0.18773946360153257
0.19540229885057472
0.11494252873563218
0.14942528735632185
0.200836820083682
0.20502092050209206
0.16317991631799164
0.17573221757322174
0.18828451882845187
0.15254237288135594
0.211864406779661
0.211864406779661
0.2542372881355932
0.19491525423728814
0.19066147859922178
0.19066147859922178
0.17898832684824903
0.16731517509727625
0.17898832684824903
0.11194029850746269
0.12313432835820895
0.15671641791044777
0.15298507462686567
0.15671641791044777
0.15079365079365079
0.21031746031746032
0.15476190476190477
0.21428571428571427
0.17857142857142858
0.16793893129770993
0.10305343511450382
0.13358778625954199
0.1984732824427481
0.12595419847328243
0.12781954887218044
0.13533834586466165
0.17669172932330826
0.15789473684210525
0.15037593984962405
0.12062256809338522
0.14007782101167315
0.1517509727626459
0.1828793774319066
0.14007782101167315
0.16091954022988506
0.16475095785440613
0.1724137931034483
0.14942528735632185
0.1839080459770115
0.2109375
0.15234375
0.15234375
0.125
0.17578125
0.1836734693877551
0.18775510204081633
0.1469387755102041
0.20408163265306123
0.16326530612244897
0.19413919413919414
0.20512820512820512
0.14652014652014653
0.1978021978021978
0.15384615384615385
0.1388888888888889
0.1423611111111111
0.14583333333333334
0.1909722222222222
0.1701388888888889
0.1387900355871886
0.15658362989323843
0.12455516014234876
0.15302491103202848
0.1423487544483986
0.2
0.1469387755102041
0.15918367346938775
0.1469387755102041
0.17142857142857143
0.18840579710144928
0.16666666666666666
0.2028985507246377
0.1956521739130435
0.18478260869565216
0.1976284584980237
0.1541501976284585
0.1976284584980237
0.22924901185770752
0.1857707509881423
0.11956521739130435
0.12318840579710146
0.17028985507246377
0.13768115942028986
0.15942028985507245
0.12244897959183673
0.17551020408163265
0.16326530612244897
0.1673469387755102
0.16326530612244897
0.11278195488721804
0.18045112781954886
0.12781954887218044
0.19172932330827067
0.22932330827067668
0.1762295081967213
0.19672131147540983
0.20081967213114754
0.1762295081967213
0.13524590163934427
0.17689530685920576
0.1371841155234657
0.12274368231046931
0.1263537906137184
0.1407942238267148
0.14772727272727273
0.13257575757575757
0.14772727272727273
0.13636363636363635
0.19318181818181818
0.16967509025270758
0.16606498194945848
0.18772563176895307
0.17328519855595667
0.16606498194945848
0.14814814814814814
0.17695473251028807
0.18518518518518517
0.1522633744855967
0.13168724279835392
0.14344262295081966
0.11475409836065574
0.12704918032786885
0.13524590163934427
0.20901639344262296
0.15891472868217055
0.15891472868217055
0.16666666666666666
0.20930232558139536
0.1511627906976744
0.1978021978021978
0.11721611721611722
0.1391941391941392
0.15018315018315018
0.1575091575091575
0.19310344827586207
0.20344827586206896
0.19310344827586207
0.12758620689655173
0.13448275862068965
0.2271062271062271
0.13186813186813187
0.16117216117216118
0.20512820512820512
0.18681318681318682
0.1971326164874552
0.15412186379928317
0.16487455197132617
0.2007168458781362
0.14695340501792115
0.14122137404580154
0.12213740458015267
0.11450381679389313
0.14122137404580154
0.1450381679389313
0.19557195571955718
0.13284132841328414
0.16605166051660517
0.16605166051660517
0.17712177121771217
0.11328125
0.15234375
0.16796875
0.13671875
0.16015625
0.152
0.108
0.148
0.156
0.188
0.11870503597122302
0.15467625899280577
0.15467625899280577
0.15827338129496402
0.11151079136690648
0.14444444444444443
0.13703703703703704
0.12962962962962962
0.1962962962962963
0.15925925925925927
0.13284132841328414
0.18450184501845018
0.15867158671586715
0.16236162361623616
0.13284132841328414
0.18410041841004185
0.2217573221757322
0.11715481171548117
0.1506276150627615
0.18828451882845187
0.1724137931034483
0.15708812260536398
0.1724137931034483
0.1724137931034483
0.20306513409961685
0.145985401459854
0.17883211678832117
0.20802919708029197
0.14963503649635038
0.15328467153284672
0.1111111111111111
0.13095238095238096
0.13095238095238096
0.1349206349206349
0.1626984126984127
0.14022140221402213
0.15129151291512916
0.18450184501845018
0.22140221402214022
0.17343173431734318
0.1482889733840304
0.17110266159695817
0.20152091254752852
0.12927756653992395
0.13688212927756654
0.1839080459770115
0.1417624521072797
0.13793103448275862
0.20306513409961685
0.1532567049808429
0.23183391003460208
0.15916955017301038
0.13494809688581316
0.14186851211072665
0.1453287197231834
0.20392156862745098
0.1411764705882353
0.1411764705882353
0.16862745098039217
0.12549019607843137
0.10740740740740741
0.1259259259259259
0.16666666666666666
0.14444444444444443
0.14444444444444443
0.14772727272727273
0.125
0.13257575757575757
0.14772727272727273
0.15151515151515152
0.16727272727272727
0.10545454545454545
0.13818181818181818
0.1709090909090909
0.16363636363636364
0.16342412451361868
0.12062256809338522
0.17509727626459143
0.15953307392996108
0.16342412451361868
0.12547528517110265
0.14068441064638784
0.1520912547528517
0.17870722433460076
0.17490494296577946
0.10638297872340426
0.14184397163120568
0.16666666666666666
0.13120567375886524
0.16666666666666666
0.21428571428571427
0.13095238095238096
0.17857142857142858
0.1349206349206349
0.14682539682539683
0.128
0.144
0.176
0.152
0.188
0.156794425087108
0.11149825783972125
0.15331010452961671
0.16376306620209058
0.18815331010452963
0.17803030303030304
0.17045454545454544
0.19696969696969696
0.1893939393939394
0.11742424242424243
0.17037037037037037
0.2074074074074074
0.14444444444444443
0.17037037037037037
0.12222222222222222
0.15555555555555556
0.14444444444444443
0.13333333333333333
0.16296296296296298
0.14814814814814814
0.13432835820895522
0.11940298507462686
0.15671641791044777
0.17537313432835822
0.14925373134328357
0.17985611510791366
0.17266187050359713
0.1223021582733813
0.12589928057553956
0.1223021582733813
0.17695473251028807
0.1934156378600823
0.1646090534979424
0.24279835390946503
0.1646090534979424
0.14728682170542637
0.14728682170542637
0.15503875968992248
0.17829457364341086
0.15503875968992248
0.205761316872428
0.1728395061728395
0.17695473251028807
0.1646090534979424
0.15637860082304528
0.16091954022988506
0.14559386973180077
0.13026819923371646
0.12260536398467432
0.16091954022988506
0.1494661921708185
0.14590747330960854
0.15302491103202848
0.1494661921708185
0.1601423487544484
0.21011673151750973
0.17120622568093385
0.0933852140077821
0.1828793774319066
0.17120622568093385
0.12643678160919541
0.14942528735632185
0.13793103448275862
0.14942528735632185
0.13793103448275862
0.19607843137254902
0.1450980392156863
0.18823529411764706
0.20392156862745098
0.12941176470588237
0.14772727272727273
0.15151515151515152
0.14772727272727273
0.16666666666666666
0.13636363636363635
0.20155038759689922
0.1511627906976744
0.18604651162790697
0.17829457364341086
0.1937984496124031
0.17028985507246377
0.21014492753623187
0.213768115942029
0.19202898550724637
0.12681159420289856
0.18081180811808117
0.19557195571955718
0.12915129151291513
0.15129151291512916
0.15129151291512916
0.1867704280155642
0.16731517509727625
0.1245136186770428
0.16342412451361868
0.14396887159533073
0.1814516129032258
0.16532258064516128
0.1693548387096774
0.11693548387096774
0.14112903225806453
0.2033195020746888
0.1991701244813278
0.12033195020746888
0.16182572614107885
0.2157676348547718
0.14785992217898833
0.16731517509727625
0.17120622568093385
0.21011673151750973
0.17509727626459143
0.20425531914893616
0.17872340425531916
0.16170212765957448
0.1574468085106383
0.14893617021276595
0.1879432624113475
0.1879432624113475
0.11347517730496454
0.17375886524822695
0.19148936170212766
0.1836734693877551
0.13877551020408163
0.19183673469387755
0.1306122448979592
0.17551020408163265
0.1593625498007968
0.16733067729083664
0.1593625498007968
0.1593625498007968
0.1752988047808765
0.16853932584269662
0.1198501872659176
0.14606741573033707
0.1198501872659176
0.149812734082397
0.13307984790874525
0.17110266159695817
0.18250950570342206
0.19771863117870722
0.11026615969581749
0.15891472868217055
0.11627906976744186
0.15503875968992248
0.1744186046511628
0.13178294573643412
0.14754098360655737
0.14754098360655737
0.14754098360655737
0.1598360655737705
0.12704918032786885
0.17813765182186234
0.16194331983805668
0.19433198380566802
0.1902834008097166
0.14979757085020243
0.1867704280155642
0.12840466926070038
0.17509727626459143
0.19455252918287938
0.19455252918287938
0.1444043321299639
0.1588447653429603
0.17689530685920576
0.148014440433213
0.1263537906137184
0.18326693227091634
0.1553784860557769
0.13545816733067728
0.18725099601593626
0.1752988047808765
0.13059701492537312
0.15671641791044777
0.11940298507462686
0.1044776119402985
0.16044776119402984
0.1624548736462094
0.09386281588447654
0.1444043321299639
0.11913357400722022
0.18772563176895307
0.1976284584980237
0.16600790513833993
0.16600790513833993
0.1976284584980237
0.19367588932806323
0.10204081632653061
0.16326530612244897
0.16326530612244897
0.17142857142857143
0.22448979591836735
0.13618677042801555
0.15953307392996108
0.16342412451361868
0.14396887159533073
0.14396887159533073
0.12318840579710146
0.20652173913043478
0.14492753623188406
0.13405797101449277
0.17753623188405798
0.1724137931034483
0.14559386973180077
0.1724137931034483
0.1685823754789272
0.13026819923371646
0.16917293233082706
0.15037593984962405
0.14661654135338345
0.13909774436090225
0.13909774436090225
0.1956521739130435
0.18840579710144928
0.15217391304347827
0.15579710144927536
0.17028985507246377
0.15185185185185185
0.21851851851851853
0.1925925925925926
0.1962962962962963
0.2222222222222222
0.13503649635036497
0.13138686131386862
0.17883211678832117
0.17153284671532848
0.12408759124087591
0.16475095785440613
0.1111111111111111
0.19157088122605365
0.12260536398467432
0.13409961685823754
0.1836734693877551
0.17551020408163265
0.1673469387755102
0.19183673469387755
0.16326530612244897
0.22672064777327935
0.1902834008097166
0.20242914979757085
0.1659919028340081
0.20647773279352227
0.14963503649635038
0.1386861313868613
0.13503649635036497
0.13503649635036497
0.15693430656934307
0.17253521126760563
0.1267605633802817
0.15845070422535212
0.14788732394366197
0.16549295774647887
0.16040955631399317
0.13651877133105803
0.21160409556313994
0.22184300341296928
0.16723549488054607
0.22627737226277372
0.1897810218978102
0.14233576642335766
0.16058394160583941
0.17518248175182483
0.13076923076923078
0.15384615384615385
0.18076923076923077
0.17692307692307693
0.2076923076923077
0.11428571428571428
0.17142857142857143
0.1673469387755102
0.17551020408163265
0.12244897959183673
0.14482758620689656
0.1724137931034483
0.15517241379310345
0.11379310344827587
0.15172413793103448
0.10330578512396695
0.11570247933884298
0.17768595041322313
0.16942148760330578
0.2190082644628099
0.16101694915254236
0.1694915254237288
0.18220338983050846
0.19915254237288135
0.1228813559322034
0.17490494296577946
0.14068441064638784
0.17490494296577946
0.09505703422053231
0.11026615969581749
0.10493827160493827
0.16666666666666666
0.15432098765432098
0.16049382716049382
0.17901234567901234
0.25146198830409355
0.16374269005847952
0.14035087719298245
0.19298245614035087
0.18128654970760233
0.14792899408284024
0.15384615384615385
0.10059171597633136
0.1242603550295858
0.13609467455621302
0.12422360248447205
0.2111801242236025
0.18012422360248448
0.13043478260869565
0.13043478260869565
0.13664596273291926
0.19254658385093168
0.19254658385093168
0.16770186335403728
0.14906832298136646
0.17901234567901234
0.16049382716049382
0.1728395061728395
0.18518518518518517
0.18518518518518517
0.19753086419753085
0.19135802469135801
0.21604938271604937
0.12345679012345678
0.16049382716049382
0.1696969696969697
0.14545454545454545
0.13333333333333333
0.12121212121212122
0.10303030303030303
0.18902439024390244
0.1402439024390244
0.16463414634146342
0.13414634146341464
0.15853658536585366
0.1411042944785276
0.06748466257668712
0.1165644171779141
0.08588957055214724
0.27607361963190186
0.15469613259668508
0.1712707182320442
0.14917127071823205
0.15469613259668508
0.143646408839779
0.13186813186813187
0.16483516483516483
0.19230769230769232
0.19230769230769232
0.2032967032967033
0.24285714285714285
0.2
0.17142857142857143
0.12857142857142856
0.22857142857142856
0.22058823529411764
0.17647058823529413
0.14705882352941177
0.23529411764705882
0.3088235294117647
0.16216216216216217
0.20270270270270271
0.1891891891891892
0.0945945945945946
0.20270270270270271
0.16
0.24
0.22666666666666666
0.17333333333333334
0.14666666666666667
0.16666666666666666
0.1925925925925926
0.15185185185185185
0.22592592592592592
0.18518518518518517
0.22388059701492538
0.1791044776119403
0.208955223880597
0.14925373134328357
0.11940298507462686
0.2361111111111111
0.2361111111111111
0.1527777777777778
0.20833333333333334
0.2222222222222222
0.208955223880597
0.2537313432835821
0.1791044776119403
0.31343283582089554
0.23880597014925373
0.14084507042253522
0.22535211267605634
0.28169014084507044
0.23943661971830985
0.22535211267605634
0.11940298507462686
0.1791044776119403
0.2835820895522388
0.16417910447761194
0.1791044776119403
0.2786885245901639
0.29508196721311475
0.3442622950819672
0.19672131147540983
0.19672131147540983
0.2857142857142857
0.1746031746031746
0.2698412698412698
0.1746031746031746
0.1746031746031746
0.06060606060606061
0.19696969696969696
0.21212121212121213
0.18181818181818182
0.2878787878787879
0.13829787234042554
0.1879432624113475
0.19858156028368795
0.18085106382978725
0.21631205673758866
0.176056338028169
0.14084507042253522
0.14084507042253522
0.20774647887323944
0.23591549295774647
0.14590747330960854
0.1708185053380783
0.17793594306049823
0.14590747330960854
0.14590747330960854
0.18333333333333332
0.2
0.2833333333333333
0.16666666666666666
0.2
0.18685121107266436
0.2491349480968858
0.22491349480968859
0.18685121107266436
0.2179930795847751
0.1323529411764706
0.08823529411764706
0.1323529411764706
0.058823529411764705
0.10294117647058823
0.06097560975609756
0.06097560975609756
0.06097560975609756
0.10975609756097561
0.10975609756097561
0.14285714285714285
0.03571428571428571
0.05952380952380952
0.10714285714285714
0.07142857142857142
0.05172413793103448
0.10344827586206896
0.10344827586206896
0.10344827586206896
0.10344827586206896
0.08536585365853659
0.12195121951219512
0.18292682926829268
0.12195121951219512
0.04878048780487805
0.08196721311475409
0.08196721311475409
0.08196721311475409
0.04918032786885246
0.11475409836065574
0.09375
0.21875
0.1875
0.25
0.1875
0.2814814814814815
0.1925925925925926
0.1925925925925926
0.2518518518518518
0.17037037037037037
0.16417910447761194
0.23880597014925373
0.20149253731343283
0.17164179104477612
0.208955223880597
0.07692307692307693
0.06153846153846154
0.07692307692307693
0.15384615384615385
0.03076923076923077
0.2413793103448276
0.13793103448275862
0.10344827586206896
0.1724137931034483
0.13793103448275862
0.18032786885245902
0.2459016393442623
0.13114754098360656
0.21311475409836064
0.14754098360655737
0.27692307692307694
0.18461538461538463
0.3230769230769231
0.27692307692307694
0.18461538461538463
0.08695652173913043
0.08695652173913043
0.10144927536231885
0.14492753623188406
0.11594202898550725
0.21328671328671328
0.18181818181818182
0.1888111888111888
0.15034965034965034
0.1853146853146853
0.13846153846153847
0.16923076923076924
0.18461538461538463
0.3076923076923077
0.2153846153846154
0.24242424242424243
0.23232323232323232
0.23232323232323232
0.25252525252525254
0.1919191919191919
