### Sentence 121
0.3902103726456805
0.39292690166976396
0.35674807229420036
0.4180720341959741
0.34120173911314183
### Sentence 190
0.4902955192540373
0.4278199446520635
0.5007262498894263
0.33019902486176717
0.42822771920778213
### Sentence 162
0.4058917664922774
0.40136971542378885
0.3878913632594049
0.3462740726710763
0.5340706099290401
### Sentence 360
0.3595765090547502
0.383537536568474
0.44552116057602686
0.4674937856383622
0.36557724406011405
### Sentence 377
0.3878973846709946
0.39874273661251475
0.4163268762754231
0.4369893776616309
0.3223251590459812
### Sentence 391
0.43528900696369616
0.4235200498091138
0.4146935539320111
0.38671563720614044
0.394157076537933
### Sentence 397
0.39664141859393565
0.39322851863689723
0.4227572355419397
0.44523554025217893
0.4421555774984881
### Sentence 379
0.42621781035911205
0.45718614646601813
0.41692096246189847
0.44903376022743624
0.42651958702955134
### Sentence 203
0.471289077951085
0.39521055491197676
0.49713340519173516
0.5241383487092597
0.4557077455378714
### Sentence 49
0.4611739168342735
0.5030345318927651
0.4868796264664048
0.5058621373027563
0.5345413561555601
### Sentence 420
0.4466873885442813
0.3033840910842021
0.22337123999993005
0.309834157427152
0.388554139683644
### Sentence 341
0.4247784571236242
0.45572707178476063
0.40328698516215966
0.3871916973477472
0.33825440607641055
### Sentence 355
0.45836976737996865
0.3812034176879151
0.4355156424097977
0.4760170182603043
0.4280489826098431
### Sentence 54
0.42761984856968577
0.43641372494907543
0.4273493444674056
0.5494374681306495
0.41116053486158227
### Sentence 288
0.4334564837737985
0.46639936075856286
0.4267823286354542
0.4764385251771836
0.4722528308519118
### Sentence 347
0.41721172742545604
0.350483489735052
0.40249572722241284
0.2987116417847574
0.3890864238142967
### Sentence 233
0.4830937120555477
0.4474578112448481
0.5146116307428614
0.48048872754655103
0.4269618182866411
### Sentence 18
0.5071671299636364
0.4850262887775898
0.45296920811136565
0.48771037720143795
0.49789647025366623
### Sentence 354
0.3659318163423095
0.40911266539336705
0.3725104817166561
0.34511977793058246
0.3326194830147958
### Sentence 191
0.37842989678535127
0.43231912904783437
0.41802647547877353
0.42780364175205643
0.42853324673057575
### Sentence 77
0.4756487851793116
0.455358322117139
0.4326053452095948
0.4599160086363554
0.4952811192382466
### Sentence 412
0.5049095784242337
0.3274409662072475
0.5053280847003827
0.5273592414764258
0.37972265539261013
### Sentence 245
0.40379281537163825
0.41209520989408094
0.3647159212047145
0.3546257686047327
0.35765280947089195
### Sentence 262
0.42077544949610124
0.5252602575346828
0.46009944328530267
0.4623205892064355
0.47653321955691685
### Sentence 208
0.394961325407383
0.44319791515313445
0.4156170171641168
0.3970460948046474
0.41041259476471514
### Sentence 418
0.3564002936085065
0.2862403889497121
0.3600803930312395
0.2859811255087455
0.3164987191557884
### Sentence 437
0.31277517043054104
0.2926318280044056
0.2642037414369129
0.34518308635978473
0.27904313270534786
### Sentence 147
0.4262189152872279
0.44964300991878625
0.40245234683555153
0.42410816802155404
0.449954841285944
### Sentence 170
0.46376900099824336
0.500088032075139
0.4764743980973266
0.4285482748649841
0.44684054737174234
### Sentence 81
0.42488680805333634
0.4130370406941934
0.5013317162044008
0.502364060756835
0.4835165499032221
### Sentence 300
0.4000574868349802
0.4290700362374385
0.4640034262002224
0.45149728246698423
0.4399129855668261
### Sentence 198
0.37085141782604514
0.4078196211097141
0.36018869028027567
0.38869707596798736
0.42433740180872737
### Sentence 399
0.503862641623308
0.43921931447653934
0.49040890639198237
0.41137649941033333
0.4187469781729682
### Sentence 400
0.32242420663436255
0.41345317487915356
0.4601315692067146
0.38235228434205054
0.4715637803077698
### Sentence 408
0.5173089198901185
0.462947365162628
0.4836001976260117
0.46489445332969936
0.3516343229649855
### Sentence 242
0.38467909238404696
0.46879398946960765
0.3660879068904453
0.4170589692269762
0.43255657884809706
### Sentence 283
0.4488143943183656
0.4072176187875725
0.46411567808328463
0.3790480007550546
0.3679476675932251
### Sentence 312
0.40252313866864803
0.5339489076719728
0.4368585826352585
0.4016195430615267
0.3906478963272516
### Sentence 232
0.43150179154343077
0.4444146756910615
0.4188007521132628
0.44372598876555763
0.47468094592913984
### Sentence 28
0.3868314457004485
0.4007311409501278
0.40701710177666467
0.437291514330908
0.36326317521541013
### Sentence 352
0.3670452400868715
0.4745912294574948
0.5086651963593308
0.4199395242125489
0.4387543323817988
### Sentence 47
0.4053750694285901
0.45455708851416904
0.3851378605301891
0.3937093303317115
0.3881443394569769
### Sentence 334
0.5379408759657632
0.48687846890904685
0.5178261621516537
0.41620862306180323
0.39441408060321753
### Sentence 82
0.49558639489114287
0.3544171917355723
0.39574360388020674
0.37486582228706944
0.4085705716576841
### Sentence 362
0.5004258982750566
0.4373612742448702
0.4300692194293058
0.40621537710864875
0.4671052633676418
### Sentence 256
0.42429599900996046
0.49065973955605713
0.5072921857326513
0.5166399242977301
0.47126108532150585
### Sentence 381
0.4126190896633835
0.3636822212664854
0.46077850620661465
0.42008181498385966
0.45399919444961206
### Sentence 199
0.3778303955204603
0.4199751804741781
0.47285699898876793
0.4358956707050888
0.41013808500748583
### Sentence 254
0.3769852397746818
0.364201438288356
0.40452244843161383
0.34175530474546345
0.4673941424766252
### Sentence 204
0.49670295563081035
0.45207954943180084
0.45934700002164947
0.4876174251144023
0.4232396770511632
### Sentence 42
0.4232260153036226
0.41969205828552897
0.37395679379220714
0.37830936021584255
0.3906377502055627
### Sentence 380
0.45623322443829645
0.41884001750085087
0.43755951824908457
0.478930134119259
0.4498753834929731
### Sentence 46
0.45211978452280166
0.4298909600824118
0.43615262089297174
0.3509660935029387
0.37413690460380167
### Sentence 273
0.46658534080136654
0.45991283479731443
0.42755166259269384
0.3970276996666609
0.4725341432143089
### Sentence 193
0.43327634539022003
0.4770011514165374
0.4366436045356961
0.4652965074881565
0.4484394221718228
### Sentence 284
0.4611324375894453
0.4615188360746418
0.5297141456533045
0.4996018793788694
0.4521290689063746
### Sentence 111
0.42232274446029994
0.40761490460745126
0.41208303979662964
0.4505474477529872
0.4758425871733316
### Sentence 389
0.5091360037111574
0.4400330784006251
0.5366162536148396
0.5195554591715336
0.48712036489612526
### Sentence 7
0.3066475288179077
0.3118519459652608
0.27872057009457807
0.31959964756350046
0.28984746326249644
### Sentence 56
0.46135996682569386
0.45649674013257024
0.3916013898327947
0.3467224469408393
0.4139040844514966
### Sentence 378
0.565045797879376
0.4074224323579451
0.3944542976323424
0.41890378664361266
0.42458004022880297
### Sentence 429
0.371051115703515
0.49945703419772064
0.39242665605111554
0.5463190512223677
0.47763498838652263
### Sentence 16
0.4528651411334674
0.48033294367293516
0.5355775667975347
0.4766692011306683
0.5398781655045847
### Sentence 316
0.4124318115268993
0.4850175128138455
0.4014114732652326
0.36408627263947646
0.43276940527456725
### Sentence 151
0.46320495771807296
0.4341845050627409
0.4261589796217375
0.4451317903260852
0.45315830435517224
### Sentence 390
0.41272055013510195
0.4462477397578566
0.46391940683774324
0.44143875753102096
0.3882919234102187
### Sentence 45
0.42745972238481045
0.45166769678789104
0.3748010355894538
0.37625824444165284
0.41225402243435383
### Sentence 184
0.36643755835730857
0.4519664133194743
0.5001742435482944
0.39473432629573635
0.3888139168663723
### Sentence 74
0.42926293724151543
0.4005787644730231
0.44847514192292165
0.4548046069089757
0.4612642857570981
### Sentence 127
0.5097698256373405
0.4360976916737854
0.4514274275396019
0.34291191548109057
0.32526759495958685
### Sentence 338
0.5079067775048316
0.4225367126779424
0.5100141650376221
0.44085270538926125
0.3841765225295805
### Sentence 281
0.4001647102442093
0.4073345782008113
0.38593062204195233
0.3524205136998761
0.4067708269761103
### Sentence 392
0.3666863275484906
0.4437938535379039
0.5250186558398936
0.43782421555370094
0.5014703765511512
### Sentence 280
0.5416187699037519
0.44141036221249536
0.48960723219947383
0.45394621857187967
0.4366735539674251
### Sentence 59
0.41473619131879375
0.47885726049373095
0.409652779979462
0.46242936819114466
0.3589549377899278
### Sentence 376
0.39724443877736726
0.49096622657444744
0.4296648980014854
0.503136259317398
0.4215717597554127
### Sentence 331
0.3741499819013331
0.4233036861633477
0.5060183594468981
0.45548829152856185
0.4120380891203556
### Sentence 58
0.40296054743452087
0.4643987864255905
0.3924449639328356
0.452896763526258
0.36899599510555464
### Sentence 297
0.4185620292343877
0.4292728690938516
0.5221992516043511
0.4206192437559366
0.3807131905447353
### Sentence 119
0.39842991568148134
0.41446858977433293
0.4389034963212907
0.4860656964126974
0.42656879853457214
### Sentence 243
0.5009810048672888
0.5293570211364164
0.4661502046717538
0.4524000180264314
0.42860271889302465
### Sentence 88
0.47458137334747746
0.3697491460479796
0.41693183360621333
0.5212006836452268
0.45249687537381594
### Sentence 251
0.3836832591332495
0.3918951405212283
0.5373226908384823
0.3997703405562788
0.4152999986894429
### Sentence 382
0.40888909666344175
0.41396007097737736
0.4333362771241471
0.5190277994978566
0.47424921237452083
### Sentence 78
0.36551734171807765
0.4389770136214793
0.4220925376750529
0.3696401850320399
0.4460913334041834
### Sentence 83
0.4232678127475083
0.33324446538463237
0.3926789073739201
0.43577042799443005
0.42672789953649043
### Sentence 207
0.3767968981367786
0.37508700115651616
0.3951058370038504
0.4251855737416119
0.47192236399505194
### Sentence 192
0.46431961812906797
0.3551944623701274
0.4616668497522672
0.4532303792114059
0.4319136075468527
### Sentence 20
0.47997756861150265
0.4203500002040528
0.45696613380277995
0.3682419741526246
0.3924297718331218
### Sentence 146
0.3502703868201934
0.38212066227570174
0.4160637702792883
0.3478203369304538
0.37699946193024514
### Sentence 441
0.33729835565794597
0.23454719883474437
0.3472074660133909
0.2664486224001104
0.35702118798243726
### Sentence 31
0.36812312799018054
0.41154720323781174
0.4158463745067517
0.4420012001036888
0.4412805691716217
### Sentence 373
0.44837979624668756
0.4962999988761213
0.4121657701416148
0.4622805035776562
0.4779204809003406
### Sentence 158
0.4339023711116508
0.4632003147068412
0.5120963948064072
0.44723198411249837
0.4126560493090818
### Sentence 182
0.4560105488413856
0.42160322705638553
0.45474783668205854
0.43193290205228896
0.36330584228216184
### Sentence 282
0.38752494051697706
0.38163647055625916
0.42149010726383757
0.4231194800120734
0.3304248024665174
### Sentence 403
0.40943214798281935
0.4176627122636499
0.44395119208714057
0.46974189399645244
0.45982305577089044
### Sentence 250
0.3903421335058605
0.4627141284688217
0.42722281254827976
0.45838562435493235
0.3779904602504358
### Sentence 106
0.43230538899925625
0.441442426124757
0.4482527221976356
0.41981136007234454
0.4005823756822131
### Sentence 415
0.32286788900502217
0.3266600066742215
0.323042793581501
0.3150815530083118
0.343751357581753
### Sentence 211
0.4619414293488791
0.3679500972895428
0.40306377831066764
0.377876244052205
0.37553164718109505
### Sentence 393
0.47069137006304984
0.43994691257559976
0.36414715049918306
0.3960956854009351
0.33039833419024944
### Sentence 101
0.44164012550094794
0.4541655438410681
0.41824761370933333
0.47454367430750716
0.3817478637535905
### Sentence 90
0.4505200829616813
0.3962085966973804
0.3950882082328547
0.44907969808162645
0.4582430979366912
### Sentence 271
0.39852163540880853
0.393355655052313
0.35961810490343626
0.4281584248855347
0.34134337599048525
### Sentence 222
0.5170751688794957
0.4249296634561486
0.4369065755771266
0.49843485785855185
0.49010869012110764
### Sentence 5
0.3881946662154335
0.35071114705732237
0.2657422100408719
0.3448578576485698
0.3574390400487643
### Sentence 266
0.5263086733492938
0.40070023616267875
0.37023937956176023
0.36377975497056136
0.5045762812210755
### Sentence 186
0.4269022167910163
0.4447852084413171
0.46807211069617327
0.4564133727605023
0.4367490467138407
### Sentence 148
0.47248852842797834
0.40091054753533434
0.4425174788172756
0.40181471150191056
0.37382484866040094
### Sentence 36
0.4775968209602112
0.43506052271398
0.46681054014452666
0.47066156145964944
0.44111792162753816
### Sentence 40
0.4147232258248897
0.43205716123893145
0.37344806231114835
0.45183832311470595
0.4280456060632354
### Sentence 277
0.5492958940565587
0.47854761795865164
0.401212827116251
0.4170888476073742
0.3986318932018346
### Sentence 159
0.4141982435816672
0.3861904260361703
0.37390906404612995
0.45537041840938536
0.48312360111896585
### Sentence 313
0.3810287424673637
0.451722623159488
0.46688222719563377
0.41317105748587185
0.4612728897275196
### Sentence 115
0.411223414841862
0.38184177933172103
0.43811455918919473
0.38517107211408164
0.4081346325221516
### Sentence 299
0.45564607683983116
0.47231346836520566
0.4433991982291142
0.4677637767460611
0.4365503271834718
### Sentence 438
0.4271202864633365
0.5266057936982675
0.5260269492864609
0.43303334221921186
0.4708272435448386
### Sentence 181
0.3966287647720513
0.42682297768201244
0.4276908461957477
0.42661737273772093
0.3760145190063604
### Sentence 445
0.31721577223609476
0.3860837988117162
0.46527031463954377
0.40169161733459025
0.46030624692930894
### Sentence 432
0.6031603244217959
0.4481884694912217
0.686330949718302
0.39924135330048477
0.4609690308570862
### Sentence 319
0.4446525430170501
0.3859979589356155
0.3457056393778724
0.40124682564197517
0.42925425710883447
### Sentence 410
0.3529394827783108
0.4100879583507776
0.40199952212472756
0.30433761154611905
0.3111481111186246
### Sentence 305
0.4799771285192533
0.4445911302146586
0.4758112152869051
0.40182057865472004
0.3813469949008405
### Sentence 357
0.39736905093822217
0.39269797336310147
0.3966515643729104
0.39478608816862104
0.4697700107263194
### Sentence 187
0.4305631544973169
0.39660925995780244
0.4489175221838412
0.50497965816231
0.43704812901671086
### Sentence 136
0.3961826606060971
0.4889567077837207
0.4908517801880159
0.4159257520752197
0.4510022843129594
### Sentence 26
0.4824267508426927
0.5054136591981042
0.4658904503328058
0.45370574838499417
0.44968656487411485
### Sentence 166
0.38950627809390426
0.36918375689891125
0.3615491771238989
0.420305075085101
0.40815361886329593
### Sentence 157
0.3585245383326851
0.40574570115478265
0.4364741926658012
0.4363591874439624
0.4322363617164748
### Sentence 161
0.3462186025152373
0.49335946086360966
0.45147883788097737
0.4776530579425568
0.4660291608509629
### Sentence 110
0.4244022552183894
0.479865844686364
0.4688365115502546
0.48603505008788994
0.47727738831971966
### Sentence 6
0.3753579132766886
0.365213382019746
0.3603698819706386
0.3347211669199169
0.32954612581313336
### Sentence 210
0.3932154186535627
0.3746879174839705
0.33669225361663846
0.32505889441818
0.3324701169971377
### Sentence 274
0.3416590086388879
0.39711228848957436
0.3825446249599137
0.3775800305713968
0.3394513894553955
### Sentence 73
0.41085648214952514
0.4441446657292545
0.45700605552304874
0.41506389454430476
0.38468419963663275
### Sentence 318
0.39457899349373443
0.4532548276664213
0.44988366285728854
0.39065405938687714
0.41623088804095293
### Sentence 112
0.41916201839392836
0.42059301237829705
0.4500616536560384
0.458908434914933
0.36739503033459187
### Sentence 292
0.43835740285210834
0.4385442707774251
0.4379141274406466
0.4532696971626476
0.3832006941354552
### Sentence 351
0.3823446127910005
0.47588796549193235
0.4836839248790689
0.4304607584870056
0.4595855916445346
### Sentence 372
0.41954942405434503
0.44926384587528273
0.47951577801723033
0.4727765121940701
0.4058130557116653
### Sentence 344
0.4092323216934537
0.4516257442274066
0.4801035756895015
0.41069093394244827
0.4705439592863238
### Sentence 218
0.3375292689583841
0.4949068833319914
0.38721512703202843
0.36467580031603575
0.4271446879332264
### Sentence 2
0.4797521034255624
0.3661610995020185
0.3314524633011648
0.24544450691235917
0.2617955582482474
### Sentence 63
0.4830539196475663
0.47445555389012123
0.47244239471514116
0.41901854891330004
0.44436420855874365
### Sentence 264
0.42217605793848634
0.44550516791641714
0.39455082432832567
0.3879834607010707
0.43765301229432224
### Sentence 134
0.4366262757019805
0.46483939959268483
0.4053974623481433
0.475995251376714
0.4083662783460958
### Sentence 179
0.5122488716262437
0.4003137596772008
0.3444175657239698
0.37167715724735034
0.37515492515549775
### Sentence 345
0.44469580212502147
0.43776138945990667
0.45354188517244026
0.42312952541661536
0.38000820664985274
### Sentence 24
0.430352528512046
0.4301519699502682
0.3897675839185283
0.39270983585089014
0.461852780016868
### Sentence 122
0.45793405060910364
0.48241203786297276
0.39979740960354154
0.4794977407225154
0.44876306250014086
### Sentence 361
0.42099119038321076
0.37495335657149553
0.4263612241484225
0.4071930210106075
0.38592409293632957
### Sentence 70
0.3870402545992123
0.45134745983649854
0.42675452938546304
0.3658779804675799
0.48553802348349406
### Sentence 189
0.49740247315038805
0.39204607920154283
0.3620053049095947
0.46060977062291425
0.4102318429833521
### Sentence 383
0.41172606332434547
0.4277543900741471
0.4901097581618362
0.3850513503783279
0.4426513279477755
### Sentence 364
0.44768799886935284
0.4690039219127761
0.49740146410961944
0.41152865774929526
0.4272210008982155
### Sentence 120
0.516254762498041
0.4457111068897777
0.5205906849768427
0.45177225288417605
0.4382994313413898
### Sentence 180
0.3720991502632387
0.39294062396511437
0.37265028096735475
0.46177978366613387
0.3902169427135959
### Sentence 13
0.4618743064588514
0.3421285497345801
0.497589862809099
0.4656386397907446
0.46671296701092146
### Sentence 140
0.4825075561317002
0.3749315753215697
0.4816137402341133
0.4638551564705444
0.47430425021433975
### Sentence 240
0.40023602120092383
0.48570689291733765
0.44779461057876924
0.45334853316940693
0.5396691093464261
### Sentence 22
0.40835407202442486
0.5373982531639437
0.510950722421209
0.4995852426936229
0.5039228619386752
### Sentence 291
0.4721246518108041
0.5284949299381223
0.48577963690771614
0.37880057166871983
0.5214331425553145
### Sentence 98
0.39894217455552683
0.4267623473579685
0.4274552548925082
0.4268839495463504
0.41615162210332024
### Sentence 406
0.4527003117676439
0.5096252791198164
0.5125153938244129
0.5245109434271681
0.5605156339448074
### Sentence 108
0.39657444588658286
0.3712132877511222
0.39663443341851234
0.3862914757394209
0.35519878402715777
### Sentence 268
0.4182458971109655
0.46257097992218205
0.5530679017305374
0.3706148140132427
0.5081881440348095
### Sentence 416
0.306115984916687
0.42743380398799974
0.27944179469098646
0.3912632577121258
0.6112374390165011
### Sentence 221
0.49559770445541845
0.41825393202674127
0.4505744859495241
0.4601067307445666
0.41328934397872374
### Sentence 0
0.2944574810564518
0.33263004130373397
0.3266049874946475
0.3735489493856827
0.29095988664776085
### Sentence 359
0.3774513287381047
0.475108811454404
0.45394864891256603
0.4359614056690286
0.48029953857795116
### Sentence 93
0.3343253476155359
0.49665907363212386
0.5463919595403727
0.4678245217994202
0.3768307966028535
### Sentence 33
0.3270413911945763
0.38710939748922274
0.4244915523034121
0.47994715179361047
0.49730687679368113
### Sentence 102
0.49979545081814014
0.42214382907678916
0.4277978923258393
0.3788980813913567
0.43379020159197756
### Sentence 23
0.35914838741211075
0.3909534494965695
0.37740276667934197
0.3636282929577507
0.45763144083321095
### Sentence 8
0.2567635219958093
0.3290133350839218
0.3106948535165025
0.25632171979587937
0.29701168793771004
### Sentence 125
0.433808015121354
0.3958841467069255
0.46855318607348534
0.536665799592932
0.41355523756808704
### Sentence 215
0.5123631003161155
0.3573144509262124
0.45333651747814446
0.3938710350369991
0.4730605281412948
### Sentence 404
0.391170731954405
0.44082002194020253
0.4601000230117091
0.41398916880054204
0.4231727014070955
### Sentence 109
0.3958215903854225
0.4430083802378759
0.423876991858933
0.43494685898285085
0.3822021734355608
### Sentence 386
0.4898273256975551
0.5019351213217474
0.34852411433361297
0.5153507555640021
0.49722154299880184
### Sentence 149
0.37477525025606157
0.38967155222781
0.3989381042076275
0.3915726180188358
0.3637295647989959
### Sentence 185
0.40914390418354585
0.41016558096136735
0.3811921916254189
0.4778096088329735
0.39909817104268336
### Sentence 68
0.402866652144528
0.44833671201656505
0.47768761026786594
0.49195322585178586
0.43151487357823587
### Sentence 371
0.38718582145936253
0.46082169340834733
0.39296635382232215
0.43528277586613384
0.5252293112377325
### Sentence 25
0.44327928708358244
0.42377241159027274
0.4541358592158014
0.4546078738502481
0.3700634311884642
### Sentence 87
0.4695436925228153
0.4008907994499341
0.42573207839658217
0.4169607430341698
0.4384276646943319
### Sentence 269
0.3818562890208045
0.37744504092044606
0.46106966571925684
0.35846218059575835
0.380952617630016
### Sentence 76
0.457547178881806
0.34764302985439466
0.3981022517694983
0.38884193580164467
0.3979179639975692
### Sentence 419
0.3499729571243127
0.36668712133541703
0.302333094800512
0.3869067095220089
0.4817589409649372
### Sentence 395
0.48274764529955777
0.4463060044977085
0.4301932039670646
0.4864429240317448
0.5272266526261101
### Sentence 353
0.5293486415493217
0.4316297963007607
0.5350758838043972
0.4028940218585459
0.4094856165518815
### Sentence 75
0.45330131676875884
0.441677885916498
0.5066558839546309
0.36251498939883375
0.46310691100855667
### Sentence 330
0.43139115339794826
0.4796803900105662
0.47880818198846525
0.41766242457683694
0.41075807164401507
### Sentence 194
0.4562502136930477
0.40000014682841856
0.4270997272241254
0.40697869624899224
0.4809724901218054
### Sentence 65
0.3899609657914139
0.48997763539989325
0.33634391067235536
0.3528676897633907
0.45260324632359106
### Sentence 298
0.4732348401423382
0.46703996618642757
0.49870588611204014
0.4161580777524606
0.4176217724123727
### Sentence 38
0.4297739780386505
0.41559562224732793
0.45289352143426304
0.49668775535310095
0.49585988024330657
### Sentence 311
0.4542796020282478
0.4042489386913253
0.4454400868768372
0.4109474633672706
0.29071823993652335
### Sentence 304
0.5331877962027382
0.4267731804866344
0.39557643993416935
0.39015529663642734
0.48821272807786376
### Sentence 154
0.39823387417851425
0.4420486538693672
0.34212881971786663
0.3979371730692503
0.3906589415287826
### Sentence 430
0.5381450423827538
0.5455647305800364
0.533457698730322
0.41167104760041606
0.47526119420161617
### Sentence 10
0.45698462973038356
0.5114554967731237
0.46226201554139457
0.3626181686917941
0.41737149727220335
### Sentence 205
0.42431250526569786
0.40699277091771363
0.4049338675686158
0.3327775954036042
0.4283980954438448
### Sentence 3
0.2955477652450403
0.38096328067282836
0.3457251017447561
0.3606040939481722
0.3340989011857245
### Sentence 213
0.4223520973490344
0.39490736573934554
0.5213402870628568
0.423304704328378
0.4193545582393805
### Sentence 315
0.4152495984815889
0.4353248655796051
0.48651420432660314
0.45644859845439595
0.39825230422947144
### Sentence 259
0.45177538727605066
0.4179416871521362
0.43166880864043566
0.447875865323599
0.43464629893559353
### Sentence 214
0.464067991822958
0.4369966305549378
0.44850770825439173
0.42329749788926996
0.3633305202440723
### Sentence 375
0.4640367276627909
0.4715217102149671
0.5272940310903571
0.5319751475683667
0.4793710605326024
### Sentence 421
0.3040946535766125
0.3375972184267911
0.35238518769090826
0.45940727469595993
0.3535106994888999
### Sentence 128
0.4378800262198892
0.4052230552878491
0.4374418700936922
0.4677194868929164
0.3923175708325796
### Sentence 84
0.41039075928607155
0.41448584101384595
0.3347503670458017
0.47802742127151715
0.4584470326524405
### Sentence 224
0.4621077862806445
0.44854252153011254
0.47219799840173055
0.45992324319343236
0.4549814981603345
### Sentence 107
0.43633312434992855
0.41659738895379833
0.46237791892555025
0.49008380191193684
0.4143354759241144
### Sentence 200
0.45166606893358024
0.4611022379046873
0.45219929457601643
0.3677967335907337
0.35637930088231096
### Sentence 131
0.3316524103727369
0.4333642594782369
0.4854193379703377
0.31132104709034875
0.42521831881077515
### Sentence 270
0.41407815070259707
0.3974985984305656
0.46012457538136214
0.43155926383685234
0.4296652681172587
### Sentence 336
0.36482121848634314
0.43286571625087944
0.35694851517854703
0.4717101389985709
0.4690081374719739
### Sentence 12
0.4759501531239479
0.44869741605174157
0.4797467816200468
0.46911796795264366
0.40689599574092894
### Sentence 394
0.4487846167758107
0.4313464473001659
0.448439275752753
0.3488566762767732
0.4589619796723127
### Sentence 365
0.4350844552474363
0.49634255326929544
0.48405023398143904
0.5396367821044156
0.4398523099897873
### Sentence 171
0.45698855372100344
0.39069540998557717
0.4173377641453976
0.46115871196294705
0.4567124959672006
### Sentence 114
0.3354130051564425
0.4014186704531312
0.4026902695186436
0.3983116372663062
0.43545181667432187
### Sentence 99
0.44996809727615783
0.41203497615125445
0.45916133949326143
0.4301878129442533
0.4643269468926721
### Sentence 425
0.319840907300936
0.3570031742224606
0.39752134667118877
0.33173261037686974
0.3050568786154433
### Sentence 431
0.4913524704483839
0.3856305772295365
0.42013948181500804
0.46880773168343765
0.48688379417245203
### Sentence 144
0.4805085255040063
0.3546106948620743
0.36712390459142624
0.4264682827103469
0.4031877769778172
### Sentence 433
0.544933739476479
0.4941953079631695
0.35901754464094454
0.412950343810595
0.46013568570980656
### Sentence 118
0.4655498514078896
0.4702068479223685
0.4185692220926285
0.38948686122801685
0.43051170120650734
### Sentence 55
0.4534108070863618
0.4724040342701806
0.4384730737656355
0.4286464783466525
0.44797904052668147
### Sentence 230
0.42661272500020764
0.4482419099969169
0.42256416495268545
0.38630390492681826
0.4800981235897375
### Sentence 442
0.5603740115960439
0.5321448153505722
0.6271721919377645
0.37606625258922577
0.49600358431537944
### Sentence 61
0.5191959313709628
0.48023918285881256
0.5031028836542233
0.41923638848079875
0.47363313245163724
### Sentence 342
0.38030413165688515
0.44394578657705674
0.4430160764604807
0.34583731067620893
0.44357312758537853
### Sentence 278
0.4348935994896151
0.4299983128550507
0.38909786930751233
0.42697089205362965
0.35242466444504406
### Sentence 320
0.4775534840744166
0.4967798309489375
0.4885662089855898
0.45711167409483877
0.44477850526926066
### Sentence 176
0.4605965070160372
0.40000415065636236
0.36316000053747777
0.4304432432788114
0.45321536316935507
### Sentence 411
0.2561440244317055
0.3708359667888054
0.464349165558815
0.56065399486285
0.35923804027529865
### Sentence 150
0.44995914784570534
0.39263198644750646
0.42911628716521794
0.3930140447699361
0.4426690656070908
### Sentence 302
0.3545608196762346
0.47645538336863474
0.4649661025475888
0.3995459131630404
0.39127817328664516
### Sentence 402
0.5094959671343011
0.4002897467996393
0.4673545131725924
0.49143549809897585
0.46207860617765356
### Sentence 422
0.31218932506938774
0.3522585835307836
0.28703197961052257
0.3207366115724047
0.35416034050285816
### Sentence 29
0.37307270720254543
0.3454968297724114
0.35166706283425175
0.43606395231083384
0.4575303206355636
### Sentence 327
0.439889883356435
0.41829861736013774
0.395465750690727
0.38086034712337313
0.4091741934063889
### Sentence 64
0.4278109109198505
0.4400272918018428
0.4939301307736473
0.4775720927864313
0.48145219565115194
### Sentence 229
0.4365793379362334
0.42269579685208475
0.4321219233626669
0.41444208388301457
0.5093321103856645
### Sentence 314
0.3852138445591149
0.4055004698912735
0.4590072250601066
0.47980325596164103
0.46266257147426193
### Sentence 293
0.4521623402379635
0.41014286871181754
0.432050824256205
0.3293708562850952
0.41454410846004397
### Sentence 165
0.4219628208112426
0.37871516087069745
0.46236122363224263
0.4098063904973792
0.45551022005880754
### Sentence 366
0.3713795189047232
0.44090025341138245
0.37874742443673315
0.3175838301423937
0.3669490922009572
### Sentence 244
0.37754901582375167
0.4368464288301766
0.359304275282193
0.3553941678022966
0.3945479106158018
### Sentence 328
0.43965543434023857
0.34402748037043007
0.3280369171569514
0.345122852579279
0.3594160609726989
### Sentence 424
0.3928322523832321
0.3973778378218412
0.317026469251141
0.3349881326081231
0.29389812459121456
### Sentence 216
0.4792365494162537
0.45183976185183194
0.470352889580089
0.5198352459038413
0.5037908497331447
### Sentence 86
0.42054241469928194
0.40644308104224147
0.4222023727904473
0.36217737774409
0.4241396646137305
### Sentence 92
0.3634835856671377
0.38627305990312155
0.41252001656628234
0.41063134640273524
0.4603177835119934
### Sentence 53
0.43287305292933315
0.3833203760170659
0.40170586298674693
0.4561459144880605
0.5340798249113546
### Sentence 97
0.4519176287803708
0.43903743634681874
0.4101602732226616
0.29745656061099796
0.4329221500310956
### Sentence 436
0.260611769836396
0.20259258896112442
0.3422610106761567
0.238355596200563
0.3654477406293154
### Sentence 226
0.480675581978952
0.4421357338021441
0.4097226191221214
0.4702693437475984
0.41966817582525856
### Sentence 66
0.37591353338211775
0.4286061759691599
0.5603981720673483
0.5243986630162527
0.4237872019063595
### Sentence 289
0.44935603396490564
0.4317680201818084
0.4130249204503935
0.42959569671819375
0.42918966736557873
### Sentence 444
0.4839180527875821
0.43925270934899646
0.48058582718173665
0.3725589814906319
0.33765705736974877
### Sentence 79
0.40399384446615394
0.4325709408149123
0.4262124385771363
0.4489284016538498
0.4281402305201736
### Sentence 236
0.4676782778379592
0.5376433675516058
0.489202203546566
0.43408534066243604
0.47371746887537564
### Sentence 152
0.3806888203136623
0.45966302659362557
0.43575049387291076
0.3982721344102174
0.38856900911778214
### Sentence 308
0.4507394945465548
0.369085542142911
0.41233733905002823
0.4087513875389515
0.3651268912674209
### Sentence 94
0.3924152231707541
0.37634820997888263
0.37850031785147137
0.33784420391934555
0.40532783332259154
### Sentence 290
0.4596522616722235
0.33016703752573673
0.4756087298255141
0.36121490116162996
0.41605582765144544
### Sentence 265
0.3358497599242028
0.48590473811392015
0.38303006776585813
0.3910859440248914
0.45374896708966755
### Sentence 143
0.44631191675381904
0.3667545047249984
0.48454598358578305
0.4658181100914424
0.4840717193755237
### Sentence 301
0.46269212149911454
0.4788251187652349
0.44742351841802397
0.39918947441296443
0.4169541296238701
### Sentence 103
0.33554667914502845
0.451163764609847
0.48430997709375484
0.40787637216407197
0.4462211087541005
### Sentence 60
0.4393412991723215
0.42636506809768354
0.43527876221659506
0.44513060089031403
0.4934729132377966
### Sentence 141
0.4484784691053074
0.3673496582047191
0.45891460733011713
0.4933069214051546
0.4465721874216268
### Sentence 206
0.4820330315047786
0.4067922508610146
0.37117821002556456
0.401825295849925
0.43107697052792426
### Sentence 133
0.4660741674248129
0.3913025378715247
0.4335399496369064
0.42580605172552166
0.38416453821118923
### Sentence 57
0.514466808239619
0.455303171194262
0.5082014697707362
0.45371309514674873
0.4495571035063929
### Sentence 34
0.38661112498846795
0.39499172142573763
0.37404230347878875
0.4414197432675532
0.4105514356245597
### Sentence 434
0.5108095571398735
0.5423478037118912
0.565517957508564
0.5688249737024307
0.510256503522396
### Sentence 324
0.500145108345896
0.36711720083840194
0.4015032337512821
0.43576676860684527
0.38877687249332665
### Sentence 15
0.4421848252415657
0.40443705034752686
0.46249844978253046
0.38222947977483274
0.42330119088292123
### Sentence 212
0.45911555546660754
0.3262963508104169
0.4023330893724897
0.5336287782045601
0.46515447022609935
### Sentence 428
0.24201217349618673
0.23658702892716973
0.23802773072384298
0.36970979599282144
0.2424046024447307
### Sentence 178
0.5208458188507292
0.5128432888123724
0.45371782179507947
0.455236324083267
0.4295742995623085
### Sentence 130
0.5032029318390414
0.396003817114979
0.3963490464026108
0.4437174128368497
0.374477685848251
### Sentence 172
0.4218980279252973
0.358872678910577
0.37605256491968797
0.3549824644443254
0.4546372256306715
### Sentence 339
0.4752752664498985
0.48231338674113866
0.3813029790208453
0.4046971175287451
0.43494578699270886
### Sentence 287
0.4469028417952359
0.37696211924776435
0.35950987385585903
0.3641877160407603
0.4032327021472156
### Sentence 227
0.4012845703866333
0.37491802852600814
0.4505989420227706
0.4542630512267351
0.3522705478128046
### Sentence 443
0.3327346097041921
0.2981681379137515
0.404774579946406
0.38799186674423697
0.36679577127825924
### Sentence 156
0.33814255374018104
0.4804417106322944
0.41132545229047535
0.47859548749402164
0.4245204493170604
### Sentence 177
0.46994232499729033
0.47441708608328
0.44164577316816733
0.44951753654395754
0.45605786669108533
### Sentence 307
0.3929569873958826
0.5137014277693298
0.5399759029348691
0.5093093746238284
0.45944481152627203
### Sentence 385
0.4074575236481097
0.47426189821627407
0.44137074568619333
0.439822226183282
0.5324959258238474
### Sentence 343
0.41245683538185995
0.3145630702722904
0.49174928353276365
0.413210014184547
0.46504132155069083
### Sentence 71
0.3594927213908661
0.40660491873998017
0.4235162737202786
0.5243280938649106
0.4606381445857031
### Sentence 309
0.4218903836620928
0.48970681313035447
0.47637399779849277
0.47161353858381366
0.3938341912986754
### Sentence 100
0.41120595466799853
0.4114209011923976
0.42500268249976925
0.3142845256526659
0.43568686105129195
### Sentence 435
0.343615284697576
0.2305276288904927
0.3361434421756051
0.22002799673513931
0.33353977311741223
### Sentence 35
0.43517854827933194
0.41350688117488127
0.4866989993649285
0.4417473671094673
0.4824367409526575
### Sentence 255
0.4547975479425596
0.46381227805146147
0.47029650969696896
0.45241988734120414
0.4659111346339896
### Sentence 167
0.4262322475050771
0.5091107193120691
0.3971329986572612
0.4527458104759801
0.38494987538907416
### Sentence 363
0.3715672474587336
0.43071948959259315
0.48632491831667723
0.4522937185596675
0.4192081581801176
### Sentence 238
0.3477121645119041
0.339281010418199
0.4637089018709958
0.4194950494915247
0.41859155222773553
### Sentence 41
0.39167164959944784
0.35834076814353466
0.418744107382372
0.37817452969029547
0.4014021190814674
### Sentence 285
0.4057833592153408
0.4913305961103602
0.5139131647619334
0.43129665226760233
0.43585756412622606
### Sentence 317
0.38541960574331735
0.46577541441434905
0.4359499781082074
0.4121124022418544
0.443939623888582
### Sentence 4
0.3736615055691331
0.2552931755818727
0.3196320940530108
0.321199138378424
0.3226389657525766
### Sentence 348
0.416983559550274
0.5254330047894091
0.42849509859280216
0.3678796515561685
0.3687656368350699
### Sentence 39
0.4013381609466018
0.38816815632872465
0.4154525860780623
0.46312571030746147
0.3846896909540746
### Sentence 124
0.33971146320880846
0.4410408622650213
0.4311696619315203
0.4926944306271887
0.42330821488745685
### Sentence 137
0.5039986708157119
0.42108756649707046
0.48854738225539523
0.4102807318836096
0.48300530291384175
### Sentence 142
0.3901472818217285
0.4246517755978164
0.43126144712524755
0.4767493327547397
0.4130039701371321
### Sentence 195
0.4382793894924578
0.452825963763254
0.43270524879474015
0.4032938514969179
0.40188710599960314
### Sentence 132
0.4533892873674631
0.32666782606393097
0.3768325190292671
0.30800353763625027
0.426493588835001
### Sentence 96
0.4209823473250832
0.443661367533919
0.4710486695614897
0.47350613827901805
0.38325335750017653
### Sentence 414
0.3515295311808586
0.352515021605151
0.38716091747794834
0.41323612577148844
0.39238653145730495
### Sentence 19
0.4708803589145342
0.4263669307033221
0.49095538233717284
0.4774981526037057
0.3508064289887746
### Sentence 153
0.3485118520700119
0.38960635754152795
0.41313346225598996
0.43772974466397
0.3279131624466655
### Sentence 44
0.3901342741798523
0.3180008479042065
0.40129554366996123
0.32086826193817825
0.39319021337080834
### Sentence 349
0.4183759007486515
0.3971114338142797
0.4337195564992726
0.3904737925156951
0.4424019822850823
### Sentence 370
0.3889044829440536
0.3589768158271909
0.4805502592236735
0.424267738382332
0.4838408471085131
### Sentence 169
0.3500360319300032
0.40156415018548325
0.38138067935843295
0.4154033559578948
0.37237691679378837
### Sentence 219
0.4342526359927602
0.4812807149881887
0.44926067970173306
0.4314051486854983
0.42454491685642753
### Sentence 257
0.39185223998945384
0.4479748833747137
0.5288681547556605
0.4775053742563441
0.5140109195240906
### Sentence 286
0.4353278687223792
0.36839463650248944
0.49633231954649093
0.4593853631056845
0.4562123421579599
### Sentence 346
0.3900584170531312
0.36347589833365584
0.4777800936505876
0.4217304409566251
0.4533581309740178
### Sentence 401
0.42396290780355533
0.43959842522939047
0.5227796806022524
0.47062392806013426
0.3946582895393173
### Sentence 329
0.4815237568268044
0.4008529268374497
0.3874715536578812
0.43585456086491997
0.46403657812201843
### Sentence 427
0.40384369411251764
0.2621412141756578
0.4603350812738592
0.45373978127132764
0.4450200789354064
### Sentence 369
0.4005032611880885
0.5568469992383968
0.4457989209006692
0.3658389100848242
0.41522621553997663
### Sentence 231
0.39033090469560455
0.41002005338668823
0.4453916129256998
0.4216694969994326
0.38525422460710007
### Sentence 104
0.4283753265404985
0.5106616963942846
0.5095015333167144
0.4980962736576441
0.45603798099216963
### Sentence 80
0.4340934719424695
0.4697816513944417
0.4002990104490891
0.4358521900139749
0.41150959031656387
### Sentence 407
0.4844310912968857
0.4879372213035822
0.5295740605465004
0.4082241981689419
0.5566327046336872
### Sentence 69
0.48065622308188016
0.5602497286680672
0.5577644039359357
0.4234534545077218
0.3899567856142918
### Sentence 173
0.4465036693494767
0.3857737118999163
0.43731665023499067
0.45215296132696997
0.4999392177495692
### Sentence 1
0.4010171650775841
0.3407768794734563
0.39152253000065684
0.37344794001962456
0.28466508544183206
### Sentence 72
0.4060548020799349
0.4248593901227251
0.4190338137900321
0.4125965232875698
0.409909314422005
### Sentence 303
0.4521764308628109
0.5113731623730726
0.4751467492431402
0.43404920243968564
0.4454435939176215
### Sentence 413
0.5153284115450723
0.4947311867560659
0.4901730258549963
0.5233204758593014
0.45516932383179665
### Sentence 196
0.32658247135113927
0.4261893464718014
0.4181510438211262
0.42418313373345884
0.4245790604501963
### Sentence 85
0.49701669653877617
0.4063447525724769
0.391728344373405
0.454607623256743
0.35727535726036874
### Sentence 188
0.4179512916541681
0.44197294424946715
0.3935517879975278
0.4372373374133575
0.41065773422398216
### Sentence 333
0.5192913028928968
0.4823010479203529
0.48071140315797595
0.426304079612924
0.5289567295668853
### Sentence 374
0.3401611890280392
0.39182358471358697
0.4711230074668803
0.416319320796103
0.3796152953149342
### Sentence 30
0.4344535396833505
0.4211756790145522
0.5538542579770798
0.5278469725911107
0.37644673759184244
### Sentence 398
0.4057166085888942
0.4470190367816637
0.3409270867705345
0.4317263700954971
0.5125612905692487
### Sentence 246
0.44745196237467055
0.4691097334157242
0.4795923603828563
0.47396751103359597
0.40030174546463543
### Sentence 105
0.4306811578106135
0.3474674789002165
0.4044711156748235
0.35292815826833246
0.43744976227171717
### Sentence 276
0.445423712244346
0.3775376163068272
0.3466736074714434
0.4232141371106818
0.344343956083148
### Sentence 260
0.4111582970746407
0.400737292292278
0.38415139568288154
0.4419924316959024
0.324671108497125
### Sentence 27
0.5164603543068681
0.49565792163567884
0.4850487701949619
0.44273024750873446
0.5517685838221085
### Sentence 117
0.48814840024200884
0.3607848781024719
0.3173569772483372
0.4087353390073631
0.4242942102435159
### Sentence 272
0.40430362806433723
0.41159910846146797
0.42840845568016883
0.44238513246888206
0.4339997667287077
### Sentence 252
0.4509428482242795
0.4296251520254584
0.42207443341612816
0.5164978431407795
0.4274966480686914
### Sentence 326
0.43828494563190773
0.42282666968689725
0.43266254396770487
0.5507381049577486
0.40112809955396433
### Sentence 113
0.36716187374873294
0.5085007634427813
0.39815741080480316
0.4245883727239238
0.42933165381352106
### Sentence 306
0.44101812238804994
0.31788455485366285
0.321998621954117
0.3824778607260669
0.471285151084885
### Sentence 43
0.40387177895104814
0.39237611182034016
0.41127477257057676
0.4011069623276938
0.4042857146367084
### Sentence 139
0.4032912010826716
0.44789859934187515
0.4107055022131379
0.37186212519683487
0.4368830020425887
### Sentence 234
0.4260754082351923
0.3205147764713662
0.4386587116140418
0.4500500278138533
0.42385234452057174
### Sentence 237
0.3607491370030614
0.4711054325926789
0.4136258595904639
0.40443792835224507
0.42878815536062387
### Sentence 249
0.5088480148074586
0.43593271583491977
0.5290709248808927
0.48264571640987036
0.4475881591937396
### Sentence 126
0.4095462437364317
0.4353100193132247
0.4538373226477277
0.44586157452847275
0.5052558888370792
### Sentence 423
0.47806908935308456
0.3816782670716445
0.4442256564895312
0.37979782931506634
0.24199394943813482
### Sentence 155
0.412142043401088
0.4331296519154594
0.4208251954544158
0.456729906832888
0.4401998407251778
### Sentence 123
0.471549958648646
0.48270362379211607
0.45719541330902796
0.3710607153100326
0.5233441753636884
### Sentence 409
0.35552940107882025
0.4568537114614931
0.44582932082315285
0.381152128148824
0.49734223653407145
### Sentence 258
0.42796761267596767
0.3999507323439632
0.4094880251657395
0.44905410840043
0.41111214237198945
### Sentence 175
0.42544467882676557
0.42779901098798623
0.4389891778542237
0.43277013627812266
0.380704887422987
### Sentence 367
0.41060042476584746
0.4736126905610395
0.45933834796901357
0.5010685406105463
0.46876396273457727
### Sentence 48
0.4548343447968364
0.4510876154083581
0.37400780822194757
0.3499245815688655
0.36410519507314476
### Sentence 296
0.42824287959374485
0.40000480357557533
0.4287079625762999
0.3400468971580267
0.4408106948249042
### Sentence 295
0.4280053250314224
0.4702791345327915
0.4145115248504139
0.39711183841739384
0.4036641616562736
### Sentence 247
0.4591465576721186
0.39521029574627226
0.3730429076504978
0.48207247494296596
0.5133894239128991
### Sentence 332
0.4599043026611936
0.4235867229858186
0.46708296078098255
0.39218555776992947
0.4550807746808703
### Sentence 50
0.5034578692167997
0.3374084536335431
0.4278269301634282
0.4251264502294362
0.44745048028416934
### Sentence 32
0.3877983286340789
0.3790103183014364
0.41495687664463754
0.34963319977609125
0.3783449153075131
### Sentence 11
0.37341712892896706
0.42377024600582736
0.47935841629101383
0.4522057163619226
0.4423323757345638
### Sentence 220
0.3934925470702266
0.5192705294731158
0.4008248104946688
0.3563559202745885
0.346543605317658
### Sentence 37
0.4418952004717929
0.4165564622463925
0.40950337886100724
0.4909952516179709
0.45803850179626826
### Sentence 14
0.46183003261685374
0.5040563121438026
0.4949978167191148
0.5753637528046965
0.4573010541498661
### Sentence 396
0.49170847050845623
0.4639820456504822
0.42514319939073175
0.4337912142975256
0.3442119946703315
### Sentence 340
0.4411160505672054
0.3984074756139662
0.3610393469471757
0.45179414449305066
0.36593145313786296
### Sentence 358
0.4423151379658116
0.43066412405007415
0.5417997803952959
0.49758865990572504
0.4510586799018913
### Sentence 417
0.2909968427071969
0.2757973972087105
0.38372816890478134
0.31608977913856506
0.2892142192771037
### Sentence 350
0.4474634016779336
0.43479150821539486
0.4670721966434609
0.48535279176113283
0.44638734801926394
### Sentence 163
0.3977350850784501
0.39103474736560223
0.4690741702134526
0.386048688791519
0.329860549181873
### Sentence 405
0.45734952993947886
0.4155479619472191
0.37015468126227113
0.5027300350624939
0.5100427451061791
### Sentence 325
0.4764149460772222
0.3892406038939953
0.48031888650306925
0.5072652200575579
0.39468026198235084
### Sentence 116
0.48442546121212976
0.4551983971235364
0.385758803724203
0.4066512862783532
0.5011124812759632
### Sentence 322
0.37594877437434415
0.4192270415898582
0.5140493386848406
0.40462072456086223
0.3901344244791703
### Sentence 310
0.3743072893470526
0.4246938789729029
0.40316760875284674
0.37295814477838574
0.45484845265746116
### Sentence 263
0.4274608800963809
0.4174970244556399
0.3825692843723421
0.5088332265759596
0.40850729976470274
### Sentence 95
0.460812956117457
0.42124946697092636
0.4825011084719402
0.3645821197367296
0.3325769592576274
### Sentence 91
0.5333894516030947
0.5763620486689939
0.5274944111704827
0.4588614345424705
0.49998303022649554
### Sentence 67
0.4519356414908543
0.5043740850873292
0.43122381684370337
0.3688070110511035
0.38823906995821744
### Sentence 261
0.5187425208510831
0.4420671921223402
0.3866157586686313
0.48902937285602094
0.4691987516125664
### Sentence 275
0.4730121178020324
0.49495922022366096
0.47618064570373725
0.47738540662629975
0.47524450435524895
### Sentence 323
0.45121626521265784
0.43989881925111596
0.42604746329489834
0.4572092006199582
0.4548949024878269
### Sentence 160
0.3919553770461962
0.4745248586294197
0.47217153456239475
0.477773411997727
0.4962918873698938
### Sentence 145
0.4378554389898687
0.42447473862489987
0.42438523748586343
0.33680044082101696
0.38205314579224864
### Sentence 62
0.4056046127918221
0.41805468561748665
0.39061508376506116
0.45403782189601943
0.3735744085639626
### Sentence 217
0.5047355148763883
0.4366598558124332
0.4965009064901443
0.4309189296549275
0.419195258723838
### Sentence 426
0.4651397351175547
0.3743024534545839
0.3661613451316953
0.428502156957984
0.3860736330971122
### Sentence 337
0.4881018646667863
0.45847763064815555
0.38135453907036504
0.39340476091777865
0.44088652654182775
### Sentence 197
0.3293816628663436
0.4716151749674717
0.4915235260622981
0.5013110992377219
0.4302079531404635
### Sentence 223
0.3724354736325217
0.3746199320729186
0.4430789218806639
0.38959348592452886
0.4287996959940689
### Sentence 387
0.38493589030113073
0.44180724360048773
0.3979192550294101
0.3461672072298825
0.3370218903757632
### Sentence 21
0.5172049761084574
0.3888047795210566
0.3551370904647878
0.4317666774815215
0.3968766475029822
### Sentence 248
0.3475127063873338
0.5224603628966866
0.4755935230542247
0.4610865878440985
0.3625855890397982
### Sentence 168
0.34145939038243406
0.4045793332679327
0.5125526691418748
0.3603111834503537
0.34973714258088623
### Sentence 388
0.4341898594982922
0.42192266940837725
0.36295231933472677
0.4871016032411717
0.3875905555672944
### Sentence 335
0.43057221036658366
0.48746874793009326
0.4484000494068658
0.3560254667165943
0.4292054757983847
### Sentence 440
0.31090672835707667
0.1802853448316455
0.21769320033490658
0.34547735173255206
0.37817261964082716
### Sentence 321
0.5043972022417519
0.4207425168818898
0.4260525263225039
0.4555766293985976
0.49914570055488083
### Sentence 17
0.5450745381725332
0.3065886029507965
0.41395338978618385
0.4551462470243374
0.4595783603688081
### Sentence 164
0.38231570592948366
0.3060383240559271
0.41539525311617626
0.393444861063645
0.43903920160872595
### Sentence 174
0.4853612544882873
0.4194323103451593
0.45210962617685174
0.4349899399517612
0.4441125934350897
### Sentence 356
0.328596530157293
0.441922546494319
0.4339684961840164
0.38859948957728785
0.3865020065460094
### Sentence 368
0.4748760065995157
0.4377471175552769
0.4395042633299123
0.3511803050483154
0.544017153030092
### Sentence 439
0.28620351031422614
0.4969634545966983
0.4223867118358612
0.23510640636086463
0.5128749161958694
### Sentence 279
0.516547769125875
0.42534390994874033
0.46737723109190876
0.4513048326353664
0.42705905947672285
### Sentence 225
0.4724842599593103
0.4536872522905469
0.38376538259908555
0.42239298755303023
0.41032173912972214
### Sentence 202
0.3650526461992846
0.39840453611903415
0.46190890513880306
0.43067436743267745
0.41723081200968387
### Sentence 135
0.4093969299324921
0.5097600869124844
0.3830242200444142
0.4334612500499047
0.41283765078211826
### Sentence 228
0.3298947459714877
0.4181032300341961
0.37216046980993694
0.46479675271223453
0.440763870124207
### Sentence 384
0.41804342205787814
0.316134161532445
0.30489148816830197
0.34679640413716784
0.383055875316089
### Sentence 129
0.3764812821861018
0.5168539705601606
0.4632794237272306
0.4093534064225175
0.46070347006686707
### Sentence 209
0.4671240605413914
0.4704048987891939
0.43591599311265683
0.4892976623649398
0.4726709614197413
### Sentence 239
0.39604437486691907
0.4126786179840565
0.4524647982113741
0.4370398200857876
0.38367838840084995
### Sentence 241
0.4660811047637608
0.4911166307993415
0.4195635654940838
0.4486066966158588
0.353837606996843
### Sentence 52
0.3668727194446893
0.3649611423412959
0.49380923135738286
0.4956456395309596
0.3973017138916822
### Sentence 9
0.4371144249470848
0.44923606729417137
0.48063184411236737
0.41082964854484255
0.43248376515552855
### Sentence 138
0.4060736492189557
0.45408268745035624
0.46133250569881395
0.4606285820346932
0.42365274820909943
### Sentence 267
0.4904353094651647
0.4005443992741082
0.4716530748359535
0.4506720924426032
0.4541571858015073
### Sentence 183
0.48787640789080233
0.4574447087500067
0.3965974534373908
0.42231404235852615
0.39513089117549716
### Sentence 51
0.5313170575739249
0.3839801283067335
0.47124659626380255
0.48642674914520717
0.4416581802272602
### Sentence 201
0.37708931873064666
0.41995791124091264
0.4396520360772099
0.42499333770856973
0.387756585941783
### Sentence 253
0.40732125840371564
0.47441009609472184
0.5126624355713526
0.4728475314165865
0.4567388960027269
### Sentence 294
0.5039505518295548
0.3946165632964535
0.37804213852028956
0.46776908018033614
0.5097628035159274
### Sentence 235
0.43794206563722005
0.40143872319128027
0.43781983632255683
0.37218228266151115
0.4670420169660991
### Sentence 89
0.47762780748307704
0.42432702466030603
0.4046530670952052
0.38932736311107874
0.43217749558389185
