0.7676767676767676
0.494949494949495
0.5858585858585859
0.6363636363636364
0.6262626262626263
0.5154639175257731
0.5154639175257731
0.6185567010309279
0.6597938144329897
0.5773195876288659
0.5443037974683544
0.5232067510548524
0.5738396624472574
0.5864978902953587
0.620253164556962
0.4968152866242038
0.5191082802547771
0.5955414012738853
0.5923566878980892
0.5955414012738853
0.5419501133786848
0.6281179138321995
0.6417233560090703
0.5873015873015873
0.5419501133786848
0.58298755186722
0.6016597510373444
0.6452282157676349
0.5643153526970954
0.5975103734439834
0.5787451984635084
0.5352112676056338
0.5172855313700384
0.5556978233034571
0.5057618437900128
0.6077981651376146
0.5779816513761468
0.5963302752293578
0.6376146788990825
0.5802752293577982
0.584375
0.496875
0.484375
0.534375
0.55
0.5210526315789473
0.46842105263157896
0.4631578947368421
0.43157894736842106
0.531578947368421
0.49101796407185627
0.46107784431137727
0.5149700598802395
0.5029940119760479
0.46107784431137727
0.5056818181818182
0.4715909090909091
0.5056818181818182
0.4147727272727273
0.42045454545454547
0.4367816091954023
0.39655172413793105
0.45977011494252873
0.39655172413793105
0.4540229885057471
0.45180722891566266
0.463855421686747
0.5240963855421686
0.42771084337349397
0.4819277108433735
0.46987951807228917
0.45180722891566266
0.4819277108433735
0.4457831325301205
0.5120481927710844
0.46706586826347307
0.47305389221556887
0.41317365269461076
0.47904191616766467
0.5029940119760479
0.5149700598802395
0.4550898203592814
0.4311377245508982
0.49700598802395207
0.49101796407185627
0.5176470588235295
0.5470588235294118
0.4588235294117647
0.5294117647058824
0.4470588235294118
0.4476744186046512
0.5058139534883721
0.43023255813953487
0.436046511627907
0.43023255813953487
0.4378698224852071
0.4556213017751479
0.4378698224852071
0.47928994082840237
0.514792899408284
0.45604395604395603
0.46703296703296704
0.5
0.521978021978022
0.5054945054945055
0.515527950310559
0.45962732919254656
0.5341614906832298
0.4782608695652174
0.484472049689441
0.5348837209302325
0.45348837209302323
0.45348837209302323
0.4418604651162791
0.5058139534883721
0.34705882352941175
0.45294117647058824
0.4470588235294118
0.4117647058823529
0.4294117647058823
0.3121951219512195
0.34146341463414637
0.33902439024390246
0.32926829268292684
0.3048780487804878
0.29721362229102166
0.32507739938080493
0.35294117647058826
0.34055727554179566
0.30959752321981426
0.358974358974359
0.3525641025641026
0.41025641025641024
0.40705128205128205
0.40705128205128205
0.4578313253012048
0.37349397590361444
0.40963855421686746
0.4578313253012048
0.42971887550200805
0.36042402826855124
0.3957597173144876
0.38162544169611307
0.44876325088339225
0.42402826855123676
0.4372623574144487
0.4448669201520912
0.4752851711026616
0.4296577946768061
0.4600760456273764
0.3886792452830189
0.4377358490566038
0.4188679245283019
0.41132075471698115
0.47547169811320755
0.49019607843137253
0.4745098039215686
0.4392156862745098
0.43137254901960786
0.47058823529411764
0.47674418604651164
0.4728682170542636
0.45348837209302323
0.4108527131782946
0.43023255813953487
0.44841269841269843
0.4603174603174603
0.4166666666666667
0.4087301587301587
0.4087301587301587
0.43190661478599224
0.377431906614786
0.46303501945525294
0.43190661478599224
0.4708171206225681
0.38910505836575876
0.45525291828793774
0.4046692607003891
0.4280155642023346
0.4785992217898833
0.4163424124513619
0.4708171206225681
0.4085603112840467
0.42023346303501946
0.3968871595330739
0.46124031007751937
0.4573643410852713
0.45348837209302323
0.4108527131782946
0.40310077519379844
0.4250871080139373
0.4146341463414634
0.3693379790940767
0.40069686411149824
0.4250871080139373
0.484251968503937
0.421259842519685
0.4921259842519685
0.5118110236220472
0.4763779527559055
0.4621212121212121
0.42045454545454547
0.4772727272727273
0.4356060606060606
0.4053030303030303
0.4641350210970464
0.4472573839662447
0.5147679324894515
0.4810126582278481
0.4978902953586498
0.4157706093189964
0.4910394265232975
0.43727598566308246
0.43727598566308246
0.4121863799283154
0.47547169811320755
0.42641509433962266
0.44150943396226416
0.4490566037735849
0.4075471698113208
0.38321167883211676
0.4233576642335766
0.45255474452554745
0.44525547445255476
0.4708029197080292
0.44485294117647056
0.4485294117647059
0.4264705882352941
0.4411764705882353
0.40441176470588236
0.46473029045643155
0.44398340248962653
0.48132780082987553
0.37344398340248963
0.47717842323651455
0.42338709677419356
0.4112903225806452
0.43548387096774194
0.4274193548387097
0.4838709677419355
0.3682170542635659
0.42248062015503873
0.4418604651162791
0.43410852713178294
0.4418604651162791
0.42412451361867703
0.39299610894941633
0.42023346303501946
0.42023346303501946
0.4085603112840467
0.39094650205761317
0.43621399176954734
0.48148148148148145
0.4691358024691358
0.4609053497942387
0.3776223776223776
0.35664335664335667
0.3916083916083916
0.4020979020979021
0.4020979020979021
0.4653846153846154
0.49615384615384617
0.4423076923076923
0.4461538461538462
0.5153846153846153
0.40225563909774437
0.39473684210526316
0.4398496240601504
0.44360902255639095
0.41353383458646614
0.41544117647058826
0.4485294117647059
0.4411764705882353
0.4264705882352941
0.43014705882352944
0.38267148014440433
0.37184115523465705
0.3971119133574007
0.37545126353790614
0.37545126353790614
0.4672131147540984
0.430327868852459
0.4344262295081967
0.4385245901639344
0.430327868852459
0.4690909090909091
0.3927272727272727
0.44
0.4254545454545455
0.41454545454545455
0.484375
0.36328125
0.37109375
0.44140625
0.39453125
0.381294964028777
0.38489208633093525
0.43884892086330934
0.3920863309352518
0.39928057553956836
0.4052044609665427
0.39776951672862454
0.46096654275092935
0.36059479553903345
0.44981412639405205
0.44776119402985076
0.417910447761194
0.376865671641791
0.44402985074626866
0.41044776119402987
0.41796875
0.40625
0.48046875
0.4921875
0.4609375
0.4699248120300752
0.44360902255639095
0.424812030075188
0.5
0.39849624060150374
0.39338235294117646
0.45588235294117646
0.3897058823529412
0.3897058823529412
0.41911764705882354
0.45955882352941174
0.3639705882352941
0.5220588235294118
0.48161764705882354
0.39338235294117646
0.4482758620689655
0.421455938697318
0.44061302681992337
0.4559386973180077
0.4942528735632184
0.4493927125506073
0.4251012145748988
0.4939271255060729
0.5101214574898786
0.44534412955465585
0.4349593495934959
0.4796747967479675
0.4349593495934959
0.44308943089430897
0.45121951219512196
0.45724907063197023
0.3903345724907063
0.3903345724907063
0.4423791821561338
0.483271375464684
0.36013986013986016
0.3741258741258741
0.4195804195804196
0.3951048951048951
0.42657342657342656
0.4117647058823529
0.45098039215686275
0.49411764705882355
0.4470588235294118
0.4666666666666667
0.4470588235294118
0.4666666666666667
0.47843137254901963
0.4823529411764706
0.5098039215686274
0.4432234432234432
0.46886446886446886
0.4065934065934066
0.41025641025641024
0.43223443223443225
0.4671814671814672
0.4362934362934363
0.42857142857142855
0.41312741312741313
0.4362934362934363
0.4727272727272727
0.41818181818181815
0.4109090909090909
0.43636363636363634
0.4254545454545455
0.483271375464684
0.4349442379182156
0.44609665427509293
0.3903345724907063
0.46096654275092935
0.39776951672862454
0.4052044609665427
0.44981412639405205
0.39776951672862454
0.3680297397769517
0.49586776859504134
0.4669421487603306
0.4256198347107438
0.44214876033057854
0.4793388429752066
0.36059479553903345
0.38661710037174724
0.41263940520446096
0.35315985130111527
0.3903345724907063
0.5061224489795918
0.47346938775510206
0.43673469387755104
0.5183673469387755
0.4530612244897959
0.4074074074074074
0.4185185185185185
0.37777777777777777
0.34074074074074073
0.4444444444444444
0.4157706093189964
0.4014336917562724
0.4014336917562724
0.4157706093189964
0.43727598566308246
0.47717842323651455
0.5020746887966805
0.45228215767634855
0.44813278008298757
0.4605809128630705
0.4470588235294118
0.40784313725490196
0.4588235294117647
0.4627450980392157
0.4745098039215686
0.43724696356275305
0.5222672064777328
0.4291497975708502
0.38866396761133604
0.44534412955465585
0.4396887159533074
0.42023346303501946
0.40077821011673154
0.377431906614786
0.5136186770428015
0.5101214574898786
0.4898785425101215
0.4048582995951417
0.46558704453441296
0.41700404858299595
0.4132841328413284
0.3948339483394834
0.41697416974169743
0.45018450184501846
0.42066420664206644
0.41700404858299595
0.4939271255060729
0.48582995951417
0.4331983805668016
0.4048582995951417
0.4474708171206226
0.45136186770428016
0.44357976653696496
0.45136186770428016
0.39299610894941633
0.3964285714285714
0.4107142857142857
0.39285714285714285
0.4357142857142857
0.425
0.43548387096774194
0.4596774193548387
0.41935483870967744
0.4475806451612903
0.4879032258064516
0.41732283464566927
0.4921259842519685
0.3858267716535433
0.3937007874015748
0.44881889763779526
0.45555555555555555
0.362962962962963
0.42962962962962964
0.45925925925925926
0.42592592592592593
0.4251968503937008
0.4881889763779528
0.41732283464566927
0.4448818897637795
0.43700787401574803
0.5130111524163569
0.3940520446096654
0.38661710037174724
0.45353159851301117
0.43866171003717475
0.4444444444444444
0.40476190476190477
0.44841269841269843
0.5317460317460317
0.4603174603174603
0.37545126353790614
0.4368231046931408
0.4620938628158845
0.41155234657039713
0.4548736462093863
0.43478260869565216
0.40942028985507245
0.37681159420289856
0.3695652173913043
0.4384057971014493
0.5537848605577689
0.5258964143426295
0.5418326693227091
0.40239043824701193
0.40239043824701193
0.4222222222222222
0.43333333333333335
0.45925925925925926
0.42962962962962964
0.4888888888888889
0.39622641509433965
0.4226415094339623
0.4037735849056604
0.47924528301886793
0.4226415094339623
0.4749034749034749
0.3861003861003861
0.39768339768339767
0.3436293436293436
0.3861003861003861
0.4496124031007752
0.42248062015503873
0.43023255813953487
0.4883720930232558
0.4186046511627907
0.48132780082987553
0.48132780082987553
0.46473029045643155
0.4979253112033195
0.4896265560165975
0.40808823529411764
0.4264705882352941
0.3897058823529412
0.4375
0.3897058823529412
0.39194139194139194
0.3992673992673993
0.34798534798534797
0.38095238095238093
0.4468864468864469
0.40476190476190477
0.3968253968253968
0.45634920634920634
0.4523809523809524
0.4365079365079365
0.4717741935483871
0.42338709677419356
0.4596774193548387
0.41935483870967744
0.4274193548387097
0.43820224719101125
0.41198501872659177
0.40074906367041196
0.41198501872659177
0.41198501872659177
0.4453125
0.43359375
0.4375
0.47265625
0.453125
0.3962962962962963
0.3888888888888889
0.42962962962962964
0.43333333333333335
0.3851851851851852
0.38545454545454544
0.4072727272727273
0.43636363636363634
0.4290909090909091
0.3927272727272727
0.48148148148148145
0.48148148148148145
0.43621399176954734
0.4567901234567901
0.5102880658436214
0.43023255813953487
0.43410852713178294
0.4496124031007752
0.43023255813953487
0.4418604651162791
0.4046692607003891
0.42412451361867703
0.4046692607003891
0.41245136186770426
0.38910505836575876
0.5685483870967742
0.4112903225806452
0.41935483870967744
0.43951612903225806
0.4314516129032258
0.38721804511278196
0.4548872180451128
0.47368421052631576
0.40225563909774437
0.43609022556390975
0.47560975609756095
0.4715447154471545
0.45934959349593496
0.46747967479674796
0.44715447154471544
0.35036496350364965
0.38321167883211676
0.3613138686131387
0.4197080291970803
0.46715328467153283
0.43873517786561267
0.4031620553359684
0.47035573122529645
0.4426877470355731
0.42292490118577075
0.3925925925925926
0.3814814814814815
0.4111111111111111
0.44814814814814813
0.4111111111111111
0.447098976109215
0.3924914675767918
0.40955631399317405
0.39590443686006827
0.34812286689419797
0.45112781954887216
0.40601503759398494
0.4774436090225564
0.44360902255639095
0.45864661654135336
0.46099290780141844
0.425531914893617
0.40425531914893614
0.39361702127659576
0.3900709219858156
0.41365461847389556
0.4979919678714859
0.46184738955823296
0.42168674698795183
0.37751004016064255
0.4959016393442623
0.5040983606557377
0.5
0.4959016393442623
0.38934426229508196
0.42700729927007297
0.4306569343065693
0.4416058394160584
0.41605839416058393
0.4051094890510949
0.39114391143911437
0.42066420664206644
0.3985239852398524
0.4095940959409594
0.39114391143911437
0.483739837398374
0.43902439024390244
0.46747967479674796
0.5365853658536586
0.516260162601626
0.4431818181818182
0.4393939393939394
0.45075757575757575
0.3522727272727273
0.4621212121212121
0.475
0.4125
0.475
0.44583333333333336
0.37916666666666665
0.46558704453441296
0.4251012145748988
0.4493927125506073
0.4493927125506073
0.5101214574898786
0.5
0.3983739837398374
0.42276422764227645
0.4186991869918699
0.4349593495934959
0.43478260869565216
0.4505928853754941
0.43478260869565216
0.45849802371541504
0.41106719367588934
0.41947565543071164
0.3857677902621723
0.449438202247191
0.4344569288389513
0.4344569288389513
0.3764705882352941
0.4470588235294118
0.42745098039215684
0.44313725490196076
0.4392156862745098
0.39015151515151514
0.4015151515151515
0.4090909090909091
0.35984848484848486
0.3333333333333333
0.4897119341563786
0.4609053497942387
0.4732510288065844
0.4444444444444444
0.4156378600823045
0.4530612244897959
0.47346938775510206
0.46122448979591835
0.3877551020408163
0.5306122448979592
0.42585551330798477
0.34220532319391633
0.376425855513308
0.4068441064638783
0.38783269961977185
0.49615384615384617
0.38461538461538464
0.4576923076923077
0.46923076923076923
0.4461538461538462
0.41603053435114506
0.42748091603053434
0.4198473282442748
0.366412213740458
0.41603053435114506
0.4528985507246377
0.38405797101449274
0.41304347826086957
0.3695652173913043
0.37681159420289856
0.4037735849056604
0.42641509433962266
0.44150943396226416
0.4037735849056604
0.41132075471698115
0.4641350210970464
0.4936708860759494
0.45147679324894513
0.4978902953586498
0.4219409282700422
0.42084942084942084
0.4555984555984556
0.4247104247104247
0.46332046332046334
0.4247104247104247
0.4330708661417323
0.38188976377952755
0.43700787401574803
0.46062992125984253
0.4448818897637795
0.47717842323651455
0.4896265560165975
0.46473029045643155
0.4066390041493776
0.42738589211618255
0.4607142857142857
0.42857142857142855
0.42142857142857143
0.4035714285714286
0.40714285714285714
0.38372093023255816
0.4108527131782946
0.4418604651162791
0.5
0.44573643410852715
0.453781512605042
0.4495798319327731
0.4117647058823529
0.453781512605042
0.42857142857142855
0.42105263157894735
0.4398496240601504
0.41353383458646614
0.4398496240601504
0.45112781954887216
0.42913385826771655
0.4881889763779528
0.4409448818897638
0.4566929133858268
0.4094488188976378
0.4493927125506073
0.4777327935222672
0.4777327935222672
0.4008097165991903
0.44534412955465585
0.4256198347107438
0.45454545454545453
0.44214876033057854
0.4256198347107438
0.44214876033057854
0.46774193548387094
0.4596774193548387
0.4032258064516129
0.4032258064516129
0.43951612903225806
0.4148148148148148
0.4222222222222222
0.4148148148148148
0.34074074074074073
0.37407407407407406
0.5387596899224806
0.4806201550387597
0.4108527131782946
0.4108527131782946
0.3992248062015504
0.40408163265306124
0.5102040816326531
0.4857142857142857
0.42448979591836733
0.3877551020408163
0.4389312977099237
0.44274809160305345
0.36259541984732824
0.42366412213740456
0.4083969465648855
0.4666666666666667
0.4583333333333333
0.475
0.4625
0.49583333333333335
0.4411764705882353
0.4007352941176471
0.4411764705882353
0.41544117647058826
0.47794117647058826
0.4732824427480916
0.4198473282442748
0.40076335877862596
0.5
0.42366412213740456
0.42276422764227645
0.45934959349593496
0.491869918699187
0.44308943089430897
0.4959349593495935
0.46511627906976744
0.5
0.4496124031007752
0.44573643410852715
0.4263565891472868
0.3682170542635659
0.42248062015503873
0.3953488372093023
0.375968992248062
0.3953488372093023
0.4349442379182156
0.3903345724907063
0.44981412639405205
0.44981412639405205
0.45724907063197023
0.5737704918032787
0.4098360655737705
0.4713114754098361
0.4344262295081967
0.5
0.4772727272727273
0.4810606060606061
0.4962121212121212
0.45454545454545453
0.42424242424242425
0.4462809917355372
0.4214876033057851
0.4834710743801653
0.39669421487603307
0.45454545454545453
0.48314606741573035
0.3707865168539326
0.44569288389513106
0.45318352059925093
0.4419475655430712
0.42805755395683454
0.4316546762589928
0.4352517985611511
0.45323741007194246
0.460431654676259
0.39925373134328357
0.40298507462686567
0.35447761194029853
0.40298507462686567
0.35447761194029853
0.4036363636363636
0.4218181818181818
0.44727272727272727
0.4690909090909091
0.4109090909090909
0.41732283464566927
0.452755905511811
0.4645669291338583
0.4094488188976378
0.42913385826771655
0.4602076124567474
0.3391003460207612
0.3875432525951557
0.3944636678200692
0.3633217993079585
0.3890909090909091
0.44727272727272727
0.3927272727272727
0.4254545454545455
0.4290909090909091
0.45491803278688525
0.39344262295081966
0.4385245901639344
0.5
0.4262295081967213
0.5102880658436214
0.4074074074074074
0.4773662551440329
0.4444444444444444
0.49382716049382713
0.44074074074074077
0.42962962962962964
0.4074074074074074
0.48148148148148145
0.44074074074074077
0.44841269841269843
0.42063492063492064
0.4801587301587302
0.48412698412698413
0.45634920634920634
0.3938223938223938
0.5212355212355212
0.416988416988417
0.47104247104247104
0.4247104247104247
0.5317460317460317
0.3888888888888889
0.376984126984127
0.4126984126984127
0.42857142857142855
0.41580756013745707
0.39862542955326463
0.39862542955326463
0.4020618556701031
0.4329896907216495
0.428
0.44
0.46
0.424
0.448
0.4878048780487805
0.4024390243902439
0.42276422764227645
0.4146341463414634
0.5040650406504065
0.4672131147540984
0.48360655737704916
0.3975409836065574
0.47540983606557374
0.45901639344262296
0.37282229965156793
0.45993031358885017
0.43205574912891986
0.4250871080139373
0.3832752613240418
0.42745098039215684
0.3843137254901961
0.4392156862745098
0.42745098039215684
0.42745098039215684
0.46689895470383275
0.47038327526132406
0.43205574912891986
0.43902439024390244
0.41114982578397213
0.46153846153846156
0.40293040293040294
0.43223443223443225
0.4358974358974359
0.41025641025641024
0.4296875
0.40625
0.3984375
0.4609375
0.46484375
0.43023255813953487
0.4573643410852713
0.4573643410852713
0.4573643410852713
0.43023255813953487
0.43137254901960786
0.4117647058823529
0.43529411764705883
0.39215686274509803
0.38823529411764707
0.5182186234817814
0.4089068825910931
0.41295546558704455
0.5263157894736842
0.41295546558704455
0.45614035087719296
0.4
0.4245614035087719
0.40350877192982454
0.4
0.4312977099236641
0.4122137404580153
0.4618320610687023
0.4389312977099237
0.48854961832061067
0.44047619047619047
0.4603174603174603
0.45634920634920634
0.49206349206349204
0.49603174603174605
0.4405594405594406
0.4195804195804196
0.4160839160839161
0.3916083916083916
0.4125874125874126
0.453125
0.40234375
0.48828125
0.3984375
0.44140625
0.3787878787878788
0.42803030303030304
0.4318181818181818
0.42045454545454547
0.4053030303030303
0.44061302681992337
0.45977011494252873
0.4674329501915709
0.40229885057471265
0.3793103448275862
0.3368055555555556
0.4166666666666667
0.4166666666666667
0.4201388888888889
0.3819444444444444
0.44
0.468
0.508
0.468
0.548
0.3870967741935484
0.4637096774193548
0.43951612903225806
0.4435483870967742
0.4435483870967742
0.43023255813953487
0.4186046511627907
0.49612403100775193
0.4496124031007752
0.46511627906976744
0.42
0.424
0.368
0.432
0.424
0.39705882352941174
0.39338235294117646
0.38235294117647056
0.4227941176470588
0.36764705882352944
0.4602510460251046
0.48535564853556484
0.48535564853556484
0.5062761506276151
0.5104602510460251
0.4609375
0.42578125
0.42578125
0.42578125
0.41796875
0.43820224719101125
0.41947565543071164
0.4232209737827715
0.41947565543071164
0.43820224719101125
0.3613138686131387
0.38686131386861317
0.4124087591240876
0.33941605839416056
0.39416058394160586
0.4160839160839161
0.4195804195804196
0.40559440559440557
0.3881118881118881
0.4125874125874126
0.42435424354243545
0.42435424354243545
0.46863468634686345
0.42066420664206644
0.4280442804428044
0.4085603112840467
0.48638132295719844
0.48249027237354086
0.4085603112840467
0.42023346303501946
0.44176706827309237
0.4578313253012048
0.42971887550200805
0.4899598393574297
0.5140562248995983
0.4696969696969697
0.38636363636363635
0.4166666666666667
0.4128787878787879
0.4962121212121212
0.45660377358490567
0.4377358490566038
0.4641509433962264
0.43018867924528303
0.49433962264150944
0.40942028985507245
0.3804347826086957
0.43478260869565216
0.4311594202898551
0.42391304347826086
0.38596491228070173
0.3192982456140351
0.40350877192982454
0.3508771929824561
0.4
0.40370370370370373
0.3851851851851852
0.362962962962963
0.40370370370370373
0.43333333333333335
0.43951612903225806
0.3951612903225806
0.4475806451612903
0.5
0.40725806451612906
0.40229885057471265
0.421455938697318
0.44061302681992337
0.3946360153256705
0.3946360153256705
0.44672131147540983
0.4426229508196721
0.46311475409836067
0.4180327868852459
0.47540983606557374
0.4262295081967213
0.45081967213114754
0.4426229508196721
0.45491803278688525
0.4098360655737705
0.4669421487603306
0.45867768595041325
0.4132231404958678
0.4297520661157025
0.4090909090909091
0.38461538461538464
0.49230769230769234
0.5153846153846153
0.4346153846153846
0.4269230769230769
0.38549618320610685
0.4312977099236641
0.3893129770992366
0.4312977099236641
0.42366412213740456
0.3715277777777778
0.3958333333333333
0.5069444444444444
0.4513888888888889
0.3784722222222222
0.416988416988417
0.4942084942084942
0.4362934362934363
0.43243243243243246
0.5212355212355212
0.3736654804270463
0.3914590747330961
0.4306049822064057
0.4092526690391459
0.4412811387900356
0.4163568773234201
0.4200743494423792
0.4275092936802974
0.39776951672862454
0.4052044609665427
0.5483870967741935
0.5201612903225806
0.4314516129032258
0.4596774193548387
0.4475806451612903
0.4339622641509434
0.4075471698113208
0.41509433962264153
0.4490566037735849
0.4226415094339623
0.45018450184501846
0.3985239852398524
0.3837638376383764
0.35793357933579334
0.44649446494464945
0.3931297709923664
0.4198473282442748
0.3969465648854962
0.40076335877862596
0.3931297709923664
0.5082644628099173
0.43388429752066116
0.47520661157024796
0.5785123966942148
0.45867768595041325
0.4490566037735849
0.4075471698113208
0.4490566037735849
0.47924528301886793
0.46037735849056605
0.3801369863013699
0.4246575342465753
0.4006849315068493
0.4657534246575342
0.3972602739726027
0.43253968253968256
0.4365079365079365
0.4246031746031746
0.4444444444444444
0.4880952380952381
0.4306049822064057
0.3914590747330961
0.41637010676156583
0.4412811387900356
0.41637010676156583
0.44814814814814813
0.42962962962962964
0.4074074074074074
0.45185185185185184
0.3592592592592593
0.4534412955465587
0.4574898785425101
0.46558704453441296
0.42105263157894735
0.4493927125506073
0.4600760456273764
0.4600760456273764
0.4866920152091255
0.4600760456273764
0.4220532319391635
0.3716475095785441
0.3793103448275862
0.41762452107279696
0.4329501915708812
0.45977011494252873
0.42962962962962964
0.3851851851851852
0.36666666666666664
0.40370370370370373
0.4148148148148148
0.40239043824701193
0.42231075697211157
0.47410358565737054
0.42231075697211157
0.3784860557768924
0.4396887159533074
0.46303501945525294
0.38910505836575876
0.32684824902723736
0.48249027237354086
0.508
0.444
0.472
0.496
0.504
0.45081967213114754
0.5163934426229508
0.45491803278688525
0.4426229508196721
0.4344262295081967
0.40077821011673154
0.4708171206225681
0.48638132295719844
0.38132295719844356
0.42023346303501946
0.49411764705882355
0.40784313725490196
0.39215686274509803
0.43137254901960786
0.44313725490196076
0.44787644787644787
0.4826254826254826
0.47104247104247104
0.43243243243243246
0.44787644787644787
0.4624505928853755
0.48616600790513836
0.4308300395256917
0.44664031620553357
0.4189723320158103
0.48828125
0.40625
0.44921875
0.4765625
0.44140625
0.41796875
0.4609375
0.40234375
0.4453125
0.42578125
0.37551020408163266
0.45714285714285713
0.49795918367346936
0.4448979591836735
0.4775510204081633
0.40601503759398494
0.4699248120300752
0.38721804511278196
0.36466165413533835
0.44360902255639095
0.5
0.4274193548387097
0.532258064516129
0.38306451612903225
0.49193548387096775
0.4369747899159664
0.48739495798319327
0.4831932773109244
0.5252100840336135
0.49159663865546216
0.36531365313653136
0.3948339483394834
0.4575645756457565
0.3874538745387454
0.36900369003690037
0.39846743295019155
0.41379310344827586
0.4329501915708812
0.4444444444444444
0.39080459770114945
0.4122448979591837
0.47346938775510206
0.40816326530612246
0.46530612244897956
0.4163265306122449
0.504
0.456
0.472
0.416
0.452
0.37407407407407406
0.42592592592592593
0.43333333333333335
0.48518518518518516
0.4148148148148148
0.39372822299651566
0.4181184668989547
0.4146341463414634
0.41114982578397213
0.3867595818815331
0.43333333333333335
0.3962962962962963
0.45185185185185184
0.45925925925925926
0.43333333333333335
0.4583333333333333
0.49242424242424243
0.4734848484848485
0.44696969696969696
0.4659090909090909
0.42424242424242425
0.42424242424242425
0.4356060606060606
0.42045454545454547
0.5
0.40329218106995884
0.51440329218107
0.4403292181069959
0.40329218106995884
0.4773662551440329
0.4312977099236641
0.46564885496183206
0.4198473282442748
0.41603053435114506
0.3969465648854962
0.3939393939393939
0.3977272727272727
0.39015151515151514
0.4356060606060606
0.3977272727272727
0.47058823529411764
0.4235294117647059
0.4588235294117647
0.43529411764705883
0.4117647058823529
0.47619047619047616
0.4603174603174603
0.4722222222222222
0.48412698412698413
0.3968253968253968
0.4
0.4346153846153846
0.4346153846153846
0.4230769230769231
0.40384615384615385
0.4265232974910394
0.3548387096774194
0.4121863799283154
0.3942652329749104
0.4229390681003584
0.41603053435114506
0.45038167938931295
0.4541984732824427
0.44274809160305345
0.4770992366412214
0.38596491228070173
0.37543859649122807
0.36140350877192984
0.4
0.3719298245614035
0.4418604651162791
0.4186046511627907
0.4806201550387597
0.45348837209302323
0.4186046511627907
0.46153846153846156
0.46153846153846156
0.43846153846153846
0.43846153846153846
0.46923076923076923
0.5736434108527132
0.4883720930232558
0.5
0.46511627906976744
0.4806201550387597
0.46153846153846156
0.41923076923076924
0.4423076923076923
0.4269230769230769
0.4153846153846154
0.44534412955465585
0.44534412955465585
0.44534412955465585
0.42105263157894735
0.4574898785425101
0.4521072796934866
0.367816091954023
0.367816091954023
0.42911877394636017
0.4061302681992337
0.4602510460251046
0.4602510460251046
0.4309623430962343
0.4435146443514644
0.4476987447698745
0.4406779661016949
0.5254237288135594
0.538135593220339
0.5550847457627118
0.5084745762711864
0.4474708171206226
0.41245136186770426
0.4474708171206226
0.48638132295719844
0.4785992217898833
0.4552238805970149
0.3843283582089552
0.4626865671641791
0.41044776119402987
0.40298507462686567
0.44047619047619047
0.4603174603174603
0.4722222222222222
0.43253968253968256
0.42857142857142855
0.4580152671755725
0.3969465648854962
0.42748091603053434
0.4541984732824427
0.3473282442748092
0.41729323308270677
0.3684210526315789
0.4774436090225564
0.39849624060150374
0.3684210526315789
0.45136186770428016
0.4474708171206226
0.5019455252918288
0.490272373540856
0.42412451361867703
0.3793103448275862
0.4099616858237548
0.4061302681992337
0.3946360153256705
0.4367816091954023
0.4921875
0.43359375
0.48046875
0.50390625
0.4140625
0.46122448979591835
0.4489795918367347
0.49387755102040815
0.46938775510204084
0.47346938775510206
0.39194139194139194
0.3956043956043956
0.4432234432234432
0.3956043956043956
0.4249084249084249
0.3958333333333333
0.4270833333333333
0.3923611111111111
0.4270833333333333
0.4097222222222222
0.41637010676156583
0.4377224199288256
0.35231316725978645
0.39501779359430605
0.42704626334519574
0.4204081632653061
0.46122448979591835
0.47346938775510206
0.4530612244897959
0.42448979591836733
0.37681159420289856
0.45652173913043476
0.4311594202898551
0.38405797101449274
0.40942028985507245
0.5098814229249012
0.4268774703557312
0.4505928853754941
0.45454545454545453
0.4505928853754941
0.42028985507246375
0.36231884057971014
0.39492753623188404
0.48188405797101447
0.45652173913043476
0.4326530612244898
0.45714285714285713
0.46938775510204084
0.4897959183673469
0.44081632653061226
0.34962406015037595
0.462406015037594
0.48872180451127817
0.38345864661654133
0.40977443609022557
0.430327868852459
0.4918032786885246
0.4385245901639344
0.3975409836065574
0.4344262295081967
0.4043321299638989
0.41155234657039713
0.5234657039711191
0.4404332129963899
0.3971119133574007
0.4318181818181818
0.4431818181818182
0.45075757575757575
0.45454545454545453
0.49242424242424243
0.4007220216606498
0.3935018050541516
0.4187725631768953
0.4368231046931408
0.4404332129963899
0.49382716049382713
0.37448559670781895
0.43209876543209874
0.5020576131687243
0.448559670781893
0.4139344262295082
0.4672131147540984
0.36885245901639346
0.45901639344262296
0.4344262295081967
0.49224806201550386
0.43410852713178294
0.5038759689922481
0.437984496124031
0.42248062015503873
0.4908424908424908
0.39194139194139194
0.4139194139194139
0.4065934065934066
0.4139194139194139
0.4
0.3793103448275862
0.43448275862068964
0.4
0.41724137931034483
0.4358974358974359
0.3992673992673993
0.4139194139194139
0.3992673992673993
0.3956043956043956
0.48028673835125446
0.43010752688172044
0.4336917562724014
0.48028673835125446
0.44802867383512546
0.4122137404580153
0.4389312977099237
0.4312977099236641
0.4351145038167939
0.4618320610687023
0.41697416974169743
0.47232472324723246
0.45387453874538747
0.46494464944649444
0.3948339483394834
0.4140625
0.44140625
0.484375
0.4453125
0.46484375
0.468
0.496
0.452
0.452
0.456
0.39928057553956836
0.420863309352518
0.42805755395683454
0.4136690647482014
0.41007194244604317
0.3851851851851852
0.3814814814814815
0.3888888888888889
0.3925925925925926
0.3888888888888889
0.42066420664206644
0.44649446494464945
0.39114391143911437
0.42435424354243545
0.43911439114391143
0.5104602510460251
0.4686192468619247
0.41422594142259417
0.5062761506276151
0.4686192468619247
0.4482758620689655
0.421455938697318
0.39846743295019155
0.4482758620689655
0.46360153256704983
0.4197080291970803
0.39416058394160586
0.4233576642335766
0.4197080291970803
0.4124087591240876
0.4246031746031746
0.38095238095238093
0.43253968253968256
0.503968253968254
0.44047619047619047
0.36162361623616235
0.39114391143911437
0.44280442804428044
0.46494464944649444
0.4575645756457565
0.42585551330798477
0.4144486692015209
0.41825095057034223
0.4220532319391635
0.42585551330798477
0.421455938697318
0.367816091954023
0.4061302681992337
0.4444444444444444
0.3946360153256705
0.44982698961937717
0.43944636678200694
0.3737024221453287
0.4290657439446367
0.44982698961937717
0.44313725490196076
0.38823529411764707
0.403921568627451
0.3803921568627451
0.40784313725490196
0.4
0.3888888888888889
0.4444444444444444
0.4444444444444444
0.34444444444444444
0.4393939393939394
0.38636363636363635
0.4166666666666667
0.4090909090909091
0.4053030303030303
0.39636363636363636
0.3709090909090909
0.37454545454545457
0.3781818181818182
0.41818181818181815
0.490272373540856
0.4396887159533074
0.4591439688715953
0.45136186770428016
0.4980544747081712
0.4144486692015209
0.43346007604562736
0.46387832699619774
0.39543726235741444
0.3726235741444867
0.39361702127659576
0.4078014184397163
0.40425531914893614
0.41843971631205673
0.425531914893617
0.4365079365079365
0.4126984126984127
0.4722222222222222
0.4166666666666667
0.4246031746031746
0.448
0.46
0.428
0.42
0.42
0.4076655052264808
0.3867595818815331
0.39372822299651566
0.4076655052264808
0.41114982578397213
0.4393939393939394
0.4393939393939394
0.4166666666666667
0.4053030303030303
0.39015151515151514
0.45925925925925926
0.48518518518518516
0.43703703703703706
0.44814814814814813
0.4111111111111111
0.46296296296296297
0.4111111111111111
0.44814814814814813
0.4703703703703704
0.48518518518518516
0.3843283582089552
0.4626865671641791
0.41044776119402987
0.417910447761194
0.3917910447761194
0.4028776978417266
0.46402877697841727
0.41007194244604317
0.39568345323741005
0.4316546762589928
0.588477366255144
0.43621399176954734
0.5020576131687243
0.5349794238683128
0.4691358024691358
0.38372093023255816
0.39147286821705424
0.43410852713178294
0.44573643410852715
0.41472868217054265
0.4691358024691358
0.43621399176954734
0.46502057613168724
0.4279835390946502
0.4691358024691358
0.4099616858237548
0.4329501915708812
0.47126436781609193
0.41379310344827586
0.421455938697318
0.398576512455516
0.38434163701067614
0.3879003558718861
0.3807829181494662
0.39501779359430605
0.4785992217898833
0.4708171206225681
0.42023346303501946
0.46303501945525294
0.41245136186770426
0.41762452107279696
0.42528735632183906
0.4061302681992337
0.39080459770114945
0.45977011494252873
0.5098039215686274
0.45098039215686275
0.4666666666666667
0.47843137254901963
0.47843137254901963
0.42045454545454547
0.4318181818181818
0.375
0.4128787878787879
0.42803030303030304
0.4263565891472868
0.40310077519379844
0.43023255813953487
0.43023255813953487
0.45348837209302323
0.4057971014492754
0.4528985507246377
0.42391304347826086
0.4746376811594203
0.427536231884058
0.4317343173431734
0.4280442804428044
0.4317343173431734
0.4059040590405904
0.36162361623616235
0.4396887159533074
0.4046692607003891
0.49416342412451364
0.49416342412451364
0.48638132295719844
0.4637096774193548
0.43548387096774194
0.5080645161290323
0.4717741935483871
0.4475806451612903
0.4730290456431535
0.3941908713692946
0.46887966804979253
0.4979253112033195
0.48132780082987553
0.42412451361867703
0.4085603112840467
0.3968871595330739
0.490272373540856
0.4085603112840467
0.44680851063829785
0.4765957446808511
0.451063829787234
0.4127659574468085
0.44680851063829785
0.42907801418439717
0.42907801418439717
0.425531914893617
0.41843971631205673
0.4574468085106383
0.42448979591836733
0.4204081632653061
0.4489795918367347
0.42857142857142855
0.37551020408163266
0.4103585657370518
0.4860557768924303
0.3745019920318725
0.5179282868525896
0.4103585657370518
0.4307116104868914
0.4157303370786517
0.3970037453183521
0.36704119850187267
0.4344569288389513
0.44106463878326996
0.4144486692015209
0.41064638783269963
0.4600760456273764
0.38783269961977185
0.41472868217054265
0.375968992248062
0.4573643410852713
0.4186046511627907
0.49224806201550386
0.4180327868852459
0.38934426229508196
0.5778688524590164
0.46311475409836067
0.4344262295081967
0.46153846153846156
0.4574898785425101
0.5101214574898786
0.46963562753036436
0.4574898785425101
0.4163424124513619
0.45525291828793774
0.47470817120622566
0.45136186770428016
0.5252918287937743
0.41155234657039713
0.4187725631768953
0.4404332129963899
0.36823104693140796
0.41155234657039713
0.50199203187251
0.38645418326693226
0.44223107569721115
0.42231075697211157
0.4820717131474104
0.40298507462686567
0.40671641791044777
0.4253731343283582
0.3619402985074627
0.4552238805970149
0.40794223826714804
0.4693140794223827
0.4368231046931408
0.4332129963898917
0.4332129963898917
0.40711462450592883
0.40711462450592883
0.3794466403162055
0.3952569169960474
0.45849802371541504
0.4163265306122449
0.42448979591836733
0.4448979591836735
0.42857142857142855
0.45714285714285713
0.45136186770428016
0.4357976653696498
0.42412451361867703
0.47470817120622566
0.44357976653696496
0.40942028985507245
0.39492753623188404
0.41304347826086957
0.47101449275362317
0.43478260869565216
0.41379310344827586
0.4061302681992337
0.4482758620689655
0.36398467432950193
0.41762452107279696
0.42105263157894735
0.41729323308270677
0.42105263157894735
0.40601503759398494
0.40601503759398494
0.4057971014492754
0.37318840579710144
0.39855072463768115
0.42028985507246375
0.4673913043478261
0.4
0.44074074074074077
0.4703703703703704
0.5185185185185185
0.48148148148148145
0.39416058394160586
0.40875912408759124
0.4197080291970803
0.5072992700729927
0.40875912408759124
0.4061302681992337
0.421455938697318
0.4521072796934866
0.4329501915708812
0.3831417624521073
0.49795918367346936
0.46530612244897956
0.4775510204081633
0.47346938775510206
0.4448979591836735
0.4534412955465587
0.46558704453441296
0.4939271255060729
0.4493927125506073
0.4979757085020243
0.40145985401459855
0.4197080291970803
0.4343065693430657
0.4197080291970803
0.3795620437956204
0.3415492957746479
0.397887323943662
0.426056338028169
0.397887323943662
0.40492957746478875
0.43686006825938567
0.39590443686006827
0.4641638225255973
0.39590443686006827
0.3924914675767918
0.3978102189781022
0.38321167883211676
0.4124087591240876
0.4124087591240876
0.36496350364963503
0.39615384615384613
0.4461538461538462
0.4230769230769231
0.4230769230769231
0.41923076923076924
0.4530612244897959
0.5387755102040817
0.4448979591836735
0.4530612244897959
0.46122448979591835
0.4206896551724138
0.3896551724137931
0.4689655172413793
0.4413793103448276
0.3758620689655172
0.45867768595041325
0.4214876033057851
0.4214876033057851
0.4214876033057851
0.4834710743801653
0.4957627118644068
0.5
0.5296610169491526
0.4703389830508475
0.461864406779661
0.43346007604562736
0.4714828897338403
0.4714828897338403
0.38022813688212925
0.4448669201520912
0.4876543209876543
0.5
0.5246913580246914
0.5308641975308642
0.49382716049382713
0.4444444444444444
0.4853801169590643
0.43859649122807015
0.4678362573099415
0.47953216374269003
0.4911242603550296
0.46745562130177515
0.4556213017751479
0.46745562130177515
0.4911242603550296
0.5217391304347826
0.5403726708074534
0.5900621118012422
0.5031055900621118
0.4409937888198758
0.45962732919254656
0.5217391304347826
0.5093167701863354
0.5652173913043478
0.546583850931677
0.5123456790123457
0.4691358024691358
0.5246913580246914
0.5370370370370371
0.5308641975308642
0.46296296296296297
0.5061728395061729
0.5185185185185185
0.5
0.4444444444444444
0.45454545454545453
0.49696969696969695
0.47878787878787876
0.42424242424242425
0.4121212121212121
0.5426829268292683
0.4878048780487805
0.4878048780487805
0.4695121951219512
0.524390243902439
0.5214723926380368
0.49693251533742333
0.5337423312883436
0.5030674846625767
0.5276073619631901
0.425414364640884
0.4585635359116022
0.39779005524861877
0.46408839779005523
0.4419889502762431
0.3901098901098901
0.4340659340659341
0.43956043956043955
0.5384615384615384
0.44505494505494503
0.3
0.38571428571428573
0.35714285714285715
0.3142857142857143
0.38571428571428573
0.35294117647058826
0.35294117647058826
0.3382352941176471
0.4117647058823529
0.4264705882352941
0.7162162162162162
0.3918918918918919
0.44594594594594594
0.43243243243243246
0.581081081081081
0.3466666666666667
0.4533333333333333
0.4
0.44
0.38666666666666666
0.5185185185185185
0.5740740740740741
0.5703703703703704
0.5703703703703704
0.5851851851851851
0.47761194029850745
0.47761194029850745
0.5522388059701493
0.373134328358209
0.417910447761194
0.4722222222222222
0.5555555555555556
0.4583333333333333
0.5416666666666666
0.4722222222222222
0.4626865671641791
0.582089552238806
0.47761194029850745
0.6567164179104478
0.5223880597014925
0.5070422535211268
0.4647887323943662
0.5352112676056338
0.5774647887323944
0.5633802816901409
0.47761194029850745
0.47761194029850745
0.6268656716417911
0.47761194029850745
0.43283582089552236
0.4426229508196721
0.5245901639344263
0.5737704918032787
0.5737704918032787
0.5737704918032787
0.5396825396825397
0.4444444444444444
0.49206349206349204
0.49206349206349204
0.38095238095238093
0.42424242424242425
0.5606060606060606
0.45454545454545453
0.5
0.4696969696969697
0.5319148936170213
0.5425531914893617
0.624113475177305
0.5602836879432624
0.5354609929078015
0.5176056338028169
0.5704225352112676
0.5528169014084507
0.5246478873239436
0.5422535211267606
0.597864768683274
0.5480427046263345
0.5800711743772242
0.5195729537366548
0.5124555160142349
0.5
0.7666666666666667
0.5833333333333334
0.5333333333333333
0.45
0.5536332179930796
0.5051903114186851
0.5570934256055363
0.5363321799307958
0.532871972318339
0.3382352941176471
0.3382352941176471
0.38235294117647056
0.35294117647058826
0.4411764705882353
0.4268292682926829
0.3902439024390244
0.35365853658536583
0.43902439024390244
0.4146341463414634
0.44047619047619047
0.4166666666666667
0.30952380952380953
0.40476190476190477
0.27380952380952384
0.3275862068965517
0.5172413793103449
0.3620689655172414
0.3103448275862069
0.3793103448275862
0.4146341463414634
0.4634146341463415
0.524390243902439
0.524390243902439
0.3902439024390244
0.4262295081967213
0.4426229508196721
0.4098360655737705
0.5081967213114754
0.4098360655737705
0.4375
0.484375
0.453125
0.484375
0.40625
0.5777777777777777
0.5259259259259259
0.48148148148148145
0.5555555555555556
0.4074074074074074
0.5074626865671642
0.6194029850746269
0.5746268656716418
0.4925373134328358
0.5298507462686567
0.3384615384615385
0.27692307692307694
0.26153846153846155
0.3230769230769231
0.27692307692307694
0.46551724137931033
0.4827586206896552
0.4482758620689655
0.39655172413793105
0.46551724137931033
0.47540983606557374
0.45901639344262296
0.4918032786885246
0.47540983606557374
0.4098360655737705
0.49230769230769234
0.5692307692307692
0.6615384615384615
0.49230769230769234
0.5230769230769231
0.4782608695652174
0.4057971014492754
0.34782608695652173
0.37681159420289856
0.4057971014492754
0.5874125874125874
0.5594405594405595
0.5594405594405595
0.5594405594405595
0.5699300699300699
0.4307692307692308
0.4307692307692308
0.5384615384615384
0.5846153846153846
0.5846153846153846
0.5151515151515151
0.5252525252525253
0.5454545454545454
0.5757575757575758
0.5252525252525253
