76
49
58
63
62
50
50
60
64
56
129
124
136
139
147
156
163
187
186
187
239
277
283
259
239
281
290
311
272
288
452
418
404
434
395
265
252
260
278
253
187
159
155
171
176
99
89
88
82
101
82
77
86
84
77
89
83
89
73
74
76
69
80
69
79
75
77
87
71
80
78
75
80
74
85
78
79
69
80
84
86
76
72
83
82
88
93
78
90
76
77
87
74
75
74
74
77
74
81
87
83
85
91
95
92
83
74
86
77
78
92
78
78
76
87
59
77
76
70
73
128
140
139
135
125
96
105
114
110
100
112
110
128
127
127
114
93
102
114
107
102
112
108
127
120
115
117
125
113
121
103
116
111
109
126
125
121
112
110
120
123
122
117
106
111
113
116
105
103
103
111
97
119
111
121
100
117
104
110
123
107
121
105
108
102
119
118
117
106
104
122
119
106
115
122
123
107
125
130
121
122
111
126
115
107
110
106
122
114
118
116
137
122
122
115
126
113
117
119
108
105
116
124
122
129
121
122
116
120
110
112
107
116
90
115
105
102
108
106
120
95
109
114
112
114
109
101
108
108
105
95
106
117
114
112
108
102
112
115
115
121
129
115
116
134
107
105
117
118
110
113
122
120
116
117
106
103
110
104
104
114
105
106
107
105
129
108
121
117
114
124
93
95
113
101
106
107
122
109
111
109
107
124
97
121
120
112
101
119
110
107
104
123
126
118
125
118
113
133
106
107
124
106
106
114
125
99
142
131
107
117
110
115
119
129
111
105
122
126
110
107
118
107
109
111
123
105
105
119
130
103
107
120
113
122
105
115
126
114
119
114
119
122
123
130
121
128
111
112
118
121
113
111
107
113
130
115
113
120
117
130
117
120
105
124
107
109
121
107
99
120
113
103
107
116
97
104
111
95
105
124
116
107
127
111
110
113
102
92
120
116
112
112
116
122
115
121
109
108
111
114
104
117
118
121
108
129
106
96
110
113
108
103
97
132
126
121
100
115
103
112
107
113
122
114
103
122
120
107
100
115
116
114
116
101
111
115
110
122
119
108
114
104
111
121
106
125
98
100
114
123
98
116
124
115
108
124
106
113
111
138
106
104
122
118
112
102
113
134
116
104
121
128
114
126
120
113
104
102
121
139
132
136
101
101
114
117
124
116
132
105
112
107
127
112
123
100
103
89
100
116
109
111
126
108
116
116
112
120
118
111
116
106
119
106
107
109
95
104
122
102
100
115
114
110
117
105
114
104
106
117
110
107
110
110
114
111
112
121
116
107
105
116
117
104
106
112
120
118
108
117
117
106
111
124
111
112
116
111
114
104
109
104
106
100
141
102
104
109
107
103
121
126
107
116
117
116
113
115
110
96
105
99
115
128
111
102
119
112
107
106
103
111
121
111
131
115
120
116
102
120
108
127
118
122
130
120
114
111
110
103
124
115
105
94
121
123
122
121
95
117
118
121
114
111
106
114
108
111
106
119
108
115
132
127
117
116
119
93
122
114
99
114
107
91
115
105
111
111
126
123
98
104
103
107
110
114
110
116
104
112
103
120
116
116
96
114
109
113
112
103
106
108
95
88
119
112
115
108
101
111
116
113
95
130
112
90
99
107
102
129
100
119
122
116
109
112
110
96
109
125
106
114
102
104
107
113
117
107
109
110
117
107
118
100
109
118
110
120
110
110
97
111
117
113
115
118
112
98
103
129
120
118
113
114
99
106
114
129
115
108
107
98
108
102
112
117
110
117
120
109
124
112
116
104
111
118
118
99
110
103
110
107
103
107
116
114
100
100
109
112
114
112
92
101
139
124
106
106
103
99
125
119
104
95
115
116
95
111
107
112
110
114
111
119
120
109
120
113
130
124
110
105
131
111
104
113
121
109
122
120
129
116
115
110
95
109
102
97
102
117
105
121
121
123
140
100
115
106
122
126
127
131
120
112
108
102
117
96
110
129
99
119
121
118
119
120
121
126
128
107
108
95
108
95
111
116
123
129
113
106
115
118
104
109
133
98
112
114
105
107
123
108
117
118
111
96
107
122
104
124
99
116
108
120
119
116
110
130
119
113
106
121
122
115
102
135
108
122
110
134
98
95
104
108
121
116
116
117
126
107
110
115
106
112
120
99
104
102
124
114
118
97
116
112
107
132
124
122
110
109
98
112
109
109
134
135
124
126
118
126
110
118
119
112
110
104
102
118
119
111
118
118
118
111
110
105
111
100
99
128
101
102
130
102
130
114
121
115
114
113
108
121
115
128
111
116
115
124
125
126
120
119
112
118
116
103
125
102
113
100
113
114
111
107
115
120
122
105
99
97
120
120
121
110
110
117
127
117
137
96
115
109
110
110
111
108
128
116
120
105
106
92
108
106
108
107
104
115
100
110
116
116
121
122
118
109
109
109
107
117
112
113
112
117
99
106
113
93
108
119
120
116
111
118
115
115
127
114
116
105
125
124
105
108
110
114
107
122
128
124
102
110
109
131
121
116
123
114
131
113
105
120
119
117
110
91
115
100
114
109
104
98
109
117
109
98
111
124
101
105
110
115
103
103
109
108
113
102
116
104
110
108
111
100
113
111
100
104
99
100
128
134
113
111
101
113
102
113
111
107
114
146
130
109
108
128
113
112
135
105
110
121
115
124
112
113
115
107
109
136
129
107
114
111
115
108
110
119
112
122
108
104
97
121
103
110
104
105
103
123
105
115
140
111
119
108
119
127
122
111
124
117
136
116
109
110
107
112
123
121
110
117
124
117
121
116
110
122
97
112
113
115
104
111
121
121
128
121
111
97
99
109
113
120
116
104
99
109
112
101
106
119
106
95
113
119
100
84
124
127
111
118
124
126
110
126
111
108
106
103
121
125
98
108
126
104
100
110
113
116
125
122
112
116
117
123
109
113
106
125
104
115
122
113
107
118
103
114
109
92
112
122
109
117
108
125
103
97
118
124
106
132
95
122
104
116
115
125
117
99
107
124
105
100
104
108
113
116
102
101
116
100
114
102
126
114
118
104
113
101
115
117
131
112
113
120
119
118
111
117
107
122
124
117
121
130
125
118
123
112
112
115
111
132
98
125
107
98
116
113
122
110
109
104
104
105
103
115
105
120
108
117
111
105
120
116
119
122
100
104
113
113
110
105
119
99
115
110
118
109
118
119
116
125
110
107
103
114
106
114
108
124
117
108
120
120
114
114
122
148
126
129
120
124
120
109
115
111
108
110
110
110
104
113
118
96
96
112
106
110
110
103
106
107
104
124
127
131
120
115
106
115
125
123
122
103
124
110
108
111
116
119
109
108
120
104
112
119
91
111
98
127
106
98
116
115
129
126
109
99
107
106
103
114
126
111
123
129
106
113
110
121
115
116
107
108
121
108
116
114
123
113
123
118
117
123
99
111
120
103
113
116
111
104
104
126
119
106
113
129
108
114
115
114
116
100
109
133
126
106
112
115
120
108
93
123
130
102
109
105
120
107
97
106
112
114
145
122
110
114
117
119
120
130
111
109
116
121
122
120
91
105
122
109
101
114
90
112
106
127
112
130
113
109
134
107
113
111
113
116
110
126
116
121
119
109
113
109
108
134
120
121
134
125
108
115
113
114
121
113
128
123
126
107
106
113
124
114
119
117
124
113
113
114
111
117
119
115
114
104
103
105
106
105
114
121
106
115
119
122
112
99
121
112
117
110
104
117
121
115
108
116
115
113
107
96
109
127
111
98
106
120
126
124
112
109
110
111
112
110
96
106
116
103
130
127
108
124
130
113
99
103
97
104
108
105
120
120
93
116
102
110
108
107
109
102
103
104
115
126
113
118
116
128
109
114
122
104
98
111
115
114
118
120
110
104
119
105
107
112
115
107
105
105
117
111
113
117
118
116
116
110
107
103
124
131
118
121
111
125
111
121
127
131
103
124
110
112
105
112
129
114
110
120
143
106
122
130
114
99
101
112
115
107
114
106
113
104
114
107
113
123
108
110
112
108
109
107
111
123
121
108
119
106
109
111
106
102
120
130
115
119
122
122
111
114
99
109
113
110
104
111
111
117
112
125
117
131
118
117
116
117
110
98
113
104
127
127
125
115
108
126
117
111
114
95
113
120
116
109
105
102
126
105
105
112
106
97
105
121
121
120
118
129
104
103
110
105
92
103
122
94
130
103
115
111
106
98
116
116
109
108
121
102
107
97
118
108
127
102
95
141
113
106
114
113
126
116
113
107
117
122
116
135
114
116
122
102
114
126
97
111
106
121
108
109
114
97
122
113
130
121
120
120
103
103
96
100
116
102
104
109
105
112
116
112
109
122
114
113
109
114
130
120
108
106
117
95
109
112
111
112
108
108
112
103
110
116
129
108
119
127
140
130
108
112
115
139
112
106
110
118
113
100
122
114
117
116
109
112
115
122
111
123
110
115
119
115
104
97
113
121
113
115
128
116
136
116
115
109
105
113
113
100
103
116
110
110
109
111
132
109
111
113
122
113
136
128
109
111
102
102
102
117
117
118
125
111
109
114
124
124
100
117
79
81
85
86
80
76
83
75
80
82
83
79
77
79
83
84
87
95
81
71
74
84
82
91
88
83
76
85
87
86
75
82
84
81
72
75
82
79
70
68
89
80
80
77
86
85
81
87
82
86
77
83
72
84
80
71
79
80
98
81
21
27
25
22
27
24
24
23
28
29
53
29
33
32
43
26
34
30
33
29
140
155
154
154
158
32
32
37
25
28
34
40
33
39
34
31
39
32
44
35
36
33
38
41
40
32
32
42
32
29
27
32
35
35
35
34
28
31
31
24
28
37
30
33
31
150
153
176
158
151
147
162
157
149
154
168
154
163
146
144
30
46
35
32
27
160
146
161
155
154
23
23
26
24
30
35
32
29
36
34
37
35
26
34
23
19
30
21
18
22
34
38
43
43
32
26
27
25
31
25
28
31
29
31
26
78
71
65
75
55
68
83
77
66
71
22
18
17
21
18
27
28
26
23
27
29
28
30
29
25
32
37
43
32
34
33
28
24
26
28
168
160
160
160
163
28
28
35
38
38
51
52
54
57
52
