74
48
57
61
61
49
49
59
63
55
125
127
127
136
144
154
158
179
183
189
232
275
274
256
232
275
288
307
265
282
440
415
404
431
390
256
249
253
269
250
179
160
152
171
178
113
121
122
121
124
95
96
103
102
95
108
100
104
92
95
99
99
104
95
103
96
98
111
92
101
93
92
97
89
99
95
93
86
93
97
101
96
91
100
100
105
110
93
112
93
96
107
93
93
91
92
95
91
99
107
103
104
105
117
107
104
94
101
95
98
109
89
97
96
104
96
106
108
101
105
310
326
314
315
310
234
238
237
242
223
226
236
245
255
231
146
136
147
155
145
166
177
167
182
184
163
173
179
166
171
147
164
158
156
173
160
157
152
155
159
160
156
154
146
157
151
155
150
146
151
155
144
153
153
153
148
158
143
150
150
154
157
144
152
148
160
161
155
151
149
174
187
178
183
179
164
153
163
171
163
169
158
170
161
158
142
147
155
143
148
168
185
177
175
177
171
166
167
177
167
160
169
174
167
172
178
179
171
184
168
146
149
148
131
148
140
142
145
138
165
147
158
151
156
166
152
147
152
155
155
135
144
148
152
158
171
171
170
176
176
167
174
155
156
168
153
158
168
166
155
161
175
170
170
167
165
165
174
171
167
147
142
146
133
145
182
163
174
169
172
165
139
148
161
149
170
172
175
163
167
165
156
169
160
171
171
165
154
165
164
139
146
162
161
159
172
167
164
182
158
167
173
166
163
167
165
154
175
179
166
160
160
167
166
175
151
142
156
163
143
136
148
149
152
150
174
155
154
172
175
174
168
181
175
185
154
159
166
170
162
146
149
152
162
160
179
179
163
171
174
165
166
160
162
163
185
169
173
178
169
173
166
168
161
173
162
163
174
158
155
158
153
142
147
157
151
149
155
152
156
163
150
144
159
151
165
167
153
150
172
180
176
176
179
184
150
144
137
137
133
153
145
148
156
160
143
171
142
137
155
170
152
150
148
176
171
161
142
150
145
163
157
159
171
168
138
159
150
137
137
167
160
164
165
147
167
169
168
181
171
144
148
144
146
151
149
163
141
146
150
181
157
163
179
168
152
156
143
152
149
190
157
148
175
167
156
148
163
179
162
159
172
175
169
167
172
175
162
156
167
175
167
178
145
146
165
163
173
165
180
157
152
160
169
165
168
146
148
142
143
156
150
152
167
152
145
144
148
157
156
167
173
164
173
169
169
165
156
161
172
140
152
161
160
154
158
142
149
148
142
159
159
163
164
169
155
157
152
159
154
160
163
172
162
159
166
167
182
178
169
153
149
138
149
153
157
156
163
159
158
158
150
152
147
148
172
140
144
145
151
148
173
170
156
161
151
143
143
153
147
162
162
157
170
172
149
150
154
151
147
164
156
168
179
166
185
172
180
174
177
155
165
167
162
170
183
182
176
169
176
142
165
155
140
139
153
159
155
150
131
166
174
171
163
167
168
170
162
165
162
154
144
149
157
157
163
162
157
143
162
146
140
150
143
127
150
145
150
148
160
164
134
135
146
142
149
152
148
152
151
159
157
166
165
163
137
148
153
154
154
154
156
156
149
144
153
146
148
144
141
152
149
149
136
167
161
140
149
155
160
168
147
170
162
154
151
161
161
146
160
181
168
167
164
160
157
163
166
156
158
145
143
139
147
130
165
163
156
164
160
158
146
148
166
153
136
145
133
136
140
187
170
172
173
175
149
152
151
168
156
146
147
130
149
139
166
163
163
172
173
149
166
150
158
151
149
157
152
134
143
134
136
139
137
139
146
149
143
136
151
170
163
159
149
155
169
163
148
148
150
138
162
156
149
138
172
168
153
158
155
145
145
147
144
145
169
161
174
165
180
171
161
156
172
154
145
149
154
152
155
162
169
151
159
149
151
162
155
148
148
165
167
177
161
175
169
137
149
145
149
165
171
168
171
161
144
142
157
136
150
181
156
166
168
170
176
176
173
179
193
165
156
149
159
148
167
173
179
176
167
151
156
154
152
151
186
163
180
181
169
171
168
159
168
164
148
136
146
154
145
150
128
150
144
142
164
164
160
173
177
151
150
156
159
147
150
179
152
164
152
174
144
141
155
148
187
175
186
182
182
145
146
144
140
150
158
143
147
144
155
146
150
133
153
144
171
189
181
184
173
155
151
156
154
156
193
196
181
184
182
174
161
170
168
166
149
142
148
161
155
147
161
166
159
160
151
152
149
146
151
160
143
145
165
145
191
173
181
178
176
159
155
170
159
164
156
156
154
152
163
185
182
184
180
187
162
146
160
146
159
152
156
169
153
154
153
157
167
157
159
166
180
181
182
180
153
155
159
152
174
140
148
143
142
142
160
155
165
162
164
142
144
136
146
142
164
163
163
174
154
137
147
145
149
142
162
156
158
149
151
176
163
170
171
176
157
174
164
151
163
176
180
184
184
187
164
167
179
174
168
156
165
168
148
154
156
157
141
154
169
165
145
154
149
164
171
165
168
158
172
167
162
162
169
171
173
166
181
164
171
165
155
153
163
166
145
136
145
158
138
149
159
155
154
152
145
143
149
134
142
146
148
142
141
137
150
147
138
142
141
152
175
174
154
158
151
168
155
168
160
176
176
208
186
170
152
177
161
157
187
167
169
179
175
183
165
167
174
156
163
174
159
141
149
152
167
162
157
162
161
173
162
162
155
172
162
159
148
154
149
157
135
143
174
149
162
159
165
177
174
180
190
180
195
181
158
149
157
151
161
184
172
172
183
172
174
168
171
179
159
145
147
145
146
149
165
170
171
167
157
149
151
159
163
162
166
156
154
163
170
140
149
166
149
137
162
163
152
135
168
156
150
161
159
158
154
162
147
144
138
149
159
174
147
153
170
146
143
146
158
163
174
173
158
164
156
163
144
158
156
170
139
147
167
157
153
160
146
150
152
136
152
160
145
152
162
172
153
151
162
160
147
161
139
154
135
146
136
154
144
161
167
172
164
156
155
154
156
160
156
144
151
136
150
140
160
147
145
141
150
151
164
167
179
159
173
187
173
177
169
174
164
172
177
172
175
166
173
172
170
158
163
157
158
170
136
161
143
132
146
165
166
150
154
155
158
157
152
155
153
157
144
159
154
148
154
157
161
165
145
148
161
158
157
149
176
160
176
174
175
157
163
158
162
172
179
176
172
180
172
158
159
163
164
155
153
164
152
148
164
184
167
161
162
161
166
151
158
151
152
154
147
143
143
151
163
153
150
161
151
142
143
143
133
132
141
155
158
158
146
153
148
156
162
152
170
161
166
160
164
155
155
157
143
147
164
150
160
164
146
163
149
171
156
154
154
155
174
163
152
152
155
155
150
163
165
152
163
169
150
142
146
152
148
145
166
164
178
168
169
174
182
173
191
179
173
182
163
173
181
143
151
155
147
142
166
174
178
168
166
175
147
157
158
156
174
155
160
179
178
143
149
145
157
147
149
170
166
153
155
141
151
138
135
137
164
169
196
181
169
155
162
166
160
165
164
170
172
181
175
144
133
144
154
142
140
146
130
146
137
167
153
166
152
152
177
161
167
163
167
188
177
196
181
181
177
166
170
168
166
188
174
172
180
176
155
162
156
159
162
173
180
172
172
163
150
149
162
152
160
152
161
150
146
152
175
172
177
179
168
164
161
157
162
162
164
178
162
164
173
150
145
130
149
140
170
157
155
161
162
161
168
166
172
170
147
141
156
165
153
152
166
165
182
172
162
155
162
155
161
157
149
154
154
150
190
187
179
184
188
151
139
152
139
148
156
163
173
163
150
167
157
163
157
163
166
159
160
158
171
162
162
159
160
178
161
162
167
153
153
171
172
181
182
178
152
147
152
146
146
144
155
154
153
151
177
174
171
171
176
166
168
159
153
155
176
174
166
173
159
177
167
177
178
177
156
165
166
169
154
171
176
164
167
173
174
143
156
155
148
148
147
164
157
149
147
148
140
148
148
149
163
171
153
156
177
170
182
173
175
166
157
150
162
156
164
153
151
143
165
169
161
163
159
155
167
159
151
161
160
161
153
154
161
170
160
184
171
174
168
174
166
167
162
162
147
146
170
169
166
148
145
161
153
143
146
124
147
149
151
153
154
150
161
156
144
141
134
127
139
185
184
185
174
188
145
143
149
141
141
142
164
136
164
143
157
158
160
156
158
162
161
157
162
152
158
144
154
157
182
136
140
171
148
148
147
155
166
154
148
149
152
160
155
166
170
171
178
161
173
164
145
157
150
162
166
164
169
153
173
165
178
171
176
170
150
157
145
148
161
143
143
151
143
149
164
167
166
163
156
167
173
166
177
179
153
156
158
147
154
160
162
162
158
158
166
157
157
168
180
165
159
171
185
175
174
171
173
195
170
165
161
169
164
155
155
148
152
149
143
146
143
154
142
154
168
169
174
171
169
164
180
185
173
172
201
178
185
185
182
167
164
176
174
168
152
163
159
156
158
156
170
154
150
146
187
175
196
185
171
144
137
147
139
153
150
150
158
144
138
158
162
165
145
156
93
97
101
104
99
90
102
94
98
102
103
103
101
105
109
105
107
113
101
94
93
101
97
103
107
101
91
97
101
102
96
96
101
96
92
95
100
97
89
84
108
98
99
96
105
101
97
103
98
102
113
111
109
117
116
111
118
118
125
120
36
39
37
36
42
39
39
38
43
43
68
41
45
38
47
42
47
40
43
39
133
148
145
151
154
30
31
35
23
29
33
38
30
37
34
30
37
31
43
32
34
31
37
36
37
30
31
40
29
27
27
31
35
32
35
33
25
30
28
25
28
34
26
30
26
148
149
172
154
150
144
158
153
143
148
166
150
157
145
142
30
44
36
30
25
151
144
157
153
153
37
36
39
39
42
54
51
54
55
53
56
56
46
50
47
25
33
26
23
25
48
48
52
55
46
36
37
36
37
35
27
31
29
30
24
77
70
68
75
55
66
80
72
61
67
35
33
33
34
33
25
27
26
22
26
26
26
30
28
26
32
36
42
30
32
33
34
32
30
32
168
155
156
160
162
27
27
31
36
37
51
51
54
54
50
