0.7474747474747475
0.48484848484848486
0.5757575757575758
0.6161616161616161
0.6161616161616161
0.5051546391752577
0.5051546391752577
0.6082474226804123
0.6494845360824743
0.5670103092783505
0.5274261603375527
0.5358649789029536
0.5358649789029536
0.5738396624472574
0.6075949367088608
0.49044585987261147
0.5031847133757962
0.5700636942675159
0.5828025477707006
0.6019108280254777
0.5260770975056689
0.6235827664399093
0.6213151927437641
0.5804988662131519
0.5260770975056689
0.5705394190871369
0.5975103734439834
0.6369294605809128
0.549792531120332
0.5850622406639004
0.5633802816901409
0.5313700384122919
0.5172855313700384
0.5518565941101152
0.499359795134443
0.5871559633027523
0.5711009174311926
0.5802752293577982
0.6169724770642202
0.573394495412844
0.559375
0.5
0.475
0.534375
0.55625
0.5947368421052631
0.6368421052631579
0.6421052631578947
0.6368421052631579
0.6526315789473685
0.5688622754491018
0.5748502994011976
0.6167664670658682
0.6107784431137725
0.5688622754491018
0.6136363636363636
0.5681818181818182
0.5909090909090909
0.5227272727272727
0.5397727272727273
0.5689655172413793
0.5689655172413793
0.5977011494252874
0.5459770114942529
0.5919540229885057
0.5783132530120482
0.5903614457831325
0.6686746987951807
0.5542168674698795
0.608433734939759
0.5602409638554217
0.5542168674698795
0.5843373493975904
0.536144578313253
0.5963855421686747
0.5688622754491018
0.5568862275449101
0.5149700598802395
0.5568862275449101
0.5808383233532934
0.6047904191616766
0.5748502994011976
0.5449101796407185
0.5988023952095808
0.5988023952095808
0.6176470588235294
0.6470588235294118
0.5470588235294118
0.6588235294117647
0.5470588235294118
0.5581395348837209
0.622093023255814
0.5406976744186046
0.5406976744186046
0.5290697674418605
0.5443786982248521
0.5621301775147929
0.5384615384615384
0.5857988165680473
0.6331360946745562
0.5659340659340659
0.5714285714285714
0.5769230769230769
0.6428571428571429
0.5879120879120879
0.6459627329192547
0.5838509316770186
0.6273291925465838
0.5900621118012422
0.6086956521739131
0.6337209302325582
0.5174418604651163
0.563953488372093
0.5581395348837209
0.6046511627906976
0.5647058823529412
0.6235294117647059
0.6352941176470588
0.5941176470588235
0.6176470588235294
0.7560975609756098
0.7951219512195122
0.7658536585365854
0.7682926829268293
0.7560975609756098
0.7244582043343654
0.7368421052631579
0.7337461300309598
0.7492260061919505
0.6904024767801857
0.7243589743589743
0.7564102564102564
0.7852564102564102
0.8173076923076923
0.7403846153846154
0.5863453815261044
0.5461847389558233
0.5903614457831325
0.6224899598393574
0.5823293172690763
0.5865724381625441
0.6254416961130742
0.5901060070671378
0.6431095406360424
0.6501766784452296
0.6197718631178707
0.6577946768060836
0.6806083650190115
0.6311787072243346
0.6501901140684411
0.5547169811320755
0.6188679245283019
0.5962264150943396
0.5886792452830188
0.6528301886792452
0.6274509803921569
0.615686274509804
0.596078431372549
0.6078431372549019
0.6235294117647059
0.6201550387596899
0.6046511627906976
0.5968992248062015
0.5658914728682171
0.6085271317829457
0.5992063492063492
0.6150793650793651
0.5952380952380952
0.5793650793650794
0.5992063492063492
0.603112840466926
0.5603112840466926
0.5953307392996109
0.5953307392996109
0.5953307392996109
0.5758754863813229
0.6147859922178989
0.556420233463035
0.5836575875486382
0.5836575875486382
0.5992217898832685
0.6108949416342413
0.5603112840466926
0.5914396887159533
0.5758754863813229
0.6201550387596899
0.624031007751938
0.6007751937984496
0.5852713178294574
0.5775193798449613
0.6062717770034843
0.6515679442508711
0.6202090592334495
0.6376306620209059
0.6236933797909407
0.6456692913385826
0.6023622047244095
0.6417322834645669
0.6732283464566929
0.6417322834645669
0.6401515151515151
0.5984848484848485
0.6439393939393939
0.6098484848484849
0.5984848484848485
0.5991561181434599
0.620253164556962
0.6540084388185654
0.6033755274261603
0.6244725738396625
0.6021505376344086
0.6630824372759857
0.6344086021505376
0.6272401433691757
0.6344086021505376
0.6452830188679245
0.6264150943396226
0.630188679245283
0.6679245283018868
0.630188679245283
0.583941605839416
0.6167883211678832
0.635036496350365
0.6094890510948905
0.6277372262773723
0.6544117647058824
0.6580882352941176
0.6286764705882353
0.6764705882352942
0.6176470588235294
0.6058091286307054
0.6182572614107884
0.6141078838174274
0.5435684647302904
0.6141078838174274
0.5645161290322581
0.5725806451612904
0.5846774193548387
0.5564516129032258
0.6653225806451613
0.5697674418604651
0.6124031007751938
0.5852713178294574
0.6046511627906976
0.6434108527131783
0.5914396887159533
0.5719844357976653
0.5914396887159533
0.603112840466926
0.603112840466926
0.5555555555555556
0.5925925925925926
0.6090534979423868
0.6255144032921811
0.6502057613168725
0.5979020979020979
0.5979020979020979
0.5944055944055944
0.6153846153846154
0.6153846153846154
0.6423076923076924
0.6692307692307692
0.5961538461538461
0.6
0.6461538461538462
0.575187969924812
0.5939849624060151
0.631578947368421
0.6240601503759399
0.5827067669172933
0.5919117647058824
0.6433823529411765
0.625
0.625
0.6139705882352942
0.5956678700361011
0.5956678700361011
0.628158844765343
0.6173285198555957
0.6028880866425993
0.6024590163934426
0.5819672131147541
0.5983606557377049
0.5450819672131147
0.5942622950819673
0.6618181818181819
0.5927272727272728
0.6327272727272727
0.6145454545454545
0.6254545454545455
0.64453125
0.54296875
0.578125
0.62890625
0.58203125
0.6115107913669064
0.6187050359712231
0.6294964028776978
0.5863309352517986
0.6007194244604317
0.6133828996282528
0.5799256505576208
0.6282527881040892
0.5947955390334573
0.6356877323420075
0.6380597014925373
0.6156716417910447
0.5746268656716418
0.6156716417910447
0.6119402985074627
0.54296875
0.5703125
0.6328125
0.62890625
0.62109375
0.6466165413533834
0.6278195488721805
0.6165413533834586
0.6842105263157895
0.5939849624060151
0.6139705882352942
0.6360294117647058
0.6102941176470589
0.5992647058823529
0.6139705882352942
0.6066176470588235
0.5661764705882353
0.6433823529411765
0.6580882352941176
0.6102941176470589
0.6130268199233716
0.6130268199233716
0.6398467432950191
0.6360153256704981
0.6704980842911877
0.611336032388664
0.5748987854251012
0.631578947368421
0.659919028340081
0.5789473684210527
0.5528455284552846
0.6016260162601627
0.6056910569105691
0.6178861788617886
0.6097560975609756
0.6468401486988847
0.5762081784386617
0.5724907063197026
0.6394052044609665
0.6505576208178439
0.6083916083916084
0.5874125874125874
0.6328671328671329
0.6118881118881119
0.6468531468531469
0.6039215686274509
0.6235294117647059
0.6509803921568628
0.6666666666666666
0.6352941176470588
0.5725490196078431
0.5843137254901961
0.596078431372549
0.6352941176470588
0.6274509803921569
0.6556776556776557
0.6556776556776557
0.5970695970695971
0.6263736263736264
0.6373626373626373
0.637065637065637
0.640926640926641
0.6177606177606177
0.6254826254826255
0.6293436293436293
0.6727272727272727
0.6145454545454545
0.6290909090909091
0.6472727272727272
0.6145454545454545
0.6431226765799256
0.6171003717472119
0.6245353159851301
0.5985130111524164
0.6431226765799256
0.6022304832713755
0.6059479553903345
0.6468401486988847
0.587360594795539
0.5762081784386617
0.6528925619834711
0.6322314049586777
0.5867768595041323
0.6074380165289256
0.6487603305785123
0.5613382899628253
0.5539033457249071
0.5762081784386617
0.5650557620817844
0.5799256505576208
0.6653061224489796
0.6122448979591837
0.5877551020408164
0.6489795918367347
0.6163265306122448
0.6111111111111112
0.6185185185185185
0.5666666666666667
0.5555555555555556
0.6370370370370371
0.6451612903225806
0.6308243727598566
0.6308243727598566
0.6415770609318996
0.6594982078853047
0.6224066390041494
0.5975103734439834
0.5684647302904564
0.5684647302904564
0.5518672199170125
0.6
0.5686274509803921
0.5803921568627451
0.611764705882353
0.6274509803921569
0.5789473684210527
0.6923076923076923
0.5748987854251012
0.5546558704453441
0.6275303643724697
0.6614785992217899
0.5914396887159533
0.5836575875486382
0.5758754863813229
0.6848249027237354
0.6923076923076923
0.6518218623481782
0.5748987854251012
0.6072874493927125
0.5870445344129555
0.6014760147601476
0.5793357933579336
0.5867158671586716
0.6309963099630996
0.6199261992619927
0.5587044534412956
0.6437246963562753
0.6072874493927125
0.5546558704453441
0.5546558704453441
0.6498054474708171
0.622568093385214
0.6381322957198443
0.642023346303502
0.5719844357976653
0.5964285714285714
0.6035714285714285
0.6
0.6464285714285715
0.6107142857142858
0.5806451612903226
0.5967741935483871
0.5806451612903226
0.5887096774193549
0.6088709677419355
0.5866141732283464
0.6417322834645669
0.5551181102362205
0.5748031496062992
0.5905511811023622
0.6703703703703704
0.5814814814814815
0.6037037037037037
0.662962962962963
0.6222222222222222
0.5984251968503937
0.6141732283464567
0.562992125984252
0.5984251968503937
0.5866141732283464
0.7063197026022305
0.5836431226765799
0.550185873605948
0.6505576208178439
0.620817843866171
0.6190476190476191
0.5873015873015873
0.6468253968253969
0.7103174603174603
0.6428571428571429
0.5740072202166066
0.6209386281588448
0.631768953068592
0.6101083032490975
0.6028880866425993
0.6231884057971014
0.6340579710144928
0.5869565217391305
0.5652173913043478
0.605072463768116
0.6972111553784861
0.6653386454183267
0.7091633466135459
0.5776892430278885
0.5816733067729084
0.6111111111111112
0.6037037037037037
0.6407407407407407
0.6111111111111112
0.6666666666666666
0.5924528301886792
0.5735849056603773
0.6037735849056604
0.6377358490566037
0.6226415094339622
0.6486486486486487
0.5637065637065637
0.5714285714285714
0.5482625482625483
0.5521235521235521
0.6046511627906976
0.5813953488372093
0.5891472868217055
0.6472868217054264
0.5891472868217055
0.6016597510373444
0.5975103734439834
0.6141078838174274
0.6514522821576764
0.6473029045643154
0.6139705882352942
0.6360294117647058
0.6029411764705882
0.6360294117647058
0.6213235294117647
0.6190476190476191
0.6043956043956044
0.5714285714285714
0.5897435897435898
0.63003663003663
0.5555555555555556
0.6031746031746031
0.6388888888888888
0.6349206349206349
0.6111111111111112
0.6370967741935484
0.5725806451612904
0.6008064516129032
0.5967741935483871
0.5725806451612904
0.5955056179775281
0.5955056179775281
0.6104868913857678
0.6142322097378277
0.6329588014981273
0.60546875
0.61328125
0.59375
0.62109375
0.6015625
0.5925925925925926
0.6037037037037037
0.6370370370370371
0.6
0.5888888888888889
0.6036363636363636
0.6072727272727273
0.6618181818181819
0.6472727272727272
0.6145454545454545
0.6296296296296297
0.6131687242798354
0.5679012345679012
0.6131687242798354
0.6296296296296297
0.6085271317829457
0.6046511627906976
0.6317829457364341
0.6162790697674418
0.6124031007751938
0.6147859922178989
0.5836575875486382
0.5914396887159533
0.5719844357976653
0.5758754863813229
0.6935483870967742
0.5645161290322581
0.5806451612903226
0.5846774193548387
0.6088709677419355
0.556390977443609
0.650375939849624
0.6390977443609023
0.5864661654135338
0.6052631578947368
0.6138211382113821
0.5813008130081301
0.5813008130081301
0.6219512195121951
0.5975609756097561
0.5912408759124088
0.5912408759124088
0.572992700729927
0.6204379562043796
0.6277372262773723
0.5889328063241107
0.5928853754940712
0.6086956521739131
0.5968379446640316
0.5810276679841897
0.6074074074074074
0.5777777777777777
0.6222222222222222
0.662962962962963
0.6148148148148148
0.6313993174061433
0.5870307167235495
0.6143344709897611
0.5938566552901023
0.6040955631399317
0.5827067669172933
0.6203007518796992
0.6278195488721805
0.6090225563909775
0.6390977443609023
0.648936170212766
0.6453900709219859
0.624113475177305
0.599290780141844
0.624113475177305
0.570281124497992
0.6626506024096386
0.6224899598393574
0.5622489959839357
0.5582329317269076
0.6270491803278688
0.6516393442622951
0.6352459016393442
0.6147540983606558
0.5368852459016393
0.6058394160583942
0.635036496350365
0.6240875912408759
0.5948905109489051
0.6094890510948905
0.6199261992619927
0.6273062730627307
0.5977859778597786
0.6088560885608856
0.5977859778597786
0.6260162601626016
0.5853658536585366
0.6056910569105691
0.6382113821138211
0.6382113821138211
0.6174242424242424
0.6136363636363636
0.5946969696969697
0.5416666666666666
0.6136363636363636
0.6083333333333333
0.5833333333333334
0.625
0.5958333333333333
0.5291666666666667
0.6072874493927125
0.5870445344129555
0.6072874493927125
0.5991902834008097
0.6477732793522267
0.6666666666666666
0.5447154471544715
0.5487804878048781
0.5934959349593496
0.5772357723577236
0.5889328063241107
0.6007905138339921
0.5849802371541502
0.6007905138339921
0.5968379446640316
0.5955056179775281
0.5880149812734082
0.6217228464419475
0.6179775280898876
0.6104868913857678
0.5372549019607843
0.5803921568627451
0.6
0.6039215686274509
0.6039215686274509
0.5833333333333334
0.5909090909090909
0.5909090909090909
0.5643939393939394
0.5454545454545454
0.6296296296296297
0.6008230452674898
0.6090534979423868
0.5925925925925926
0.5802469135802469
0.6204081632653061
0.6081632653061224
0.6081632653061224
0.5551020408163265
0.6816326530612244
0.6121673003802282
0.532319391634981
0.5665399239543726
0.5893536121673004
0.6083650190114068
0.6461538461538462
0.5653846153846154
0.6538461538461539
0.6230769230769231
0.5923076923076923
0.5763358778625954
0.6145038167938931
0.6145038167938931
0.5572519083969466
0.6106870229007634
0.6557971014492754
0.6086956521739131
0.605072463768116
0.5942028985507246
0.5797101449275363
0.5924528301886792
0.6150943396226415
0.6264150943396226
0.5886792452830188
0.5962264150943396
0.6118143459915611
0.6033755274261603
0.5864978902953587
0.620253164556962
0.5485232067510548
0.637065637065637
0.6293436293436293
0.6023166023166023
0.6332046332046332
0.6177606177606177
0.6220472440944882
0.5748031496062992
0.5826771653543307
0.6535433070866141
0.6023622047244095
0.5643153526970954
0.6016597510373444
0.5518672199170125
0.5643153526970954
0.5809128630705395
0.6678571428571428
0.6071428571428571
0.6142857142857143
0.6178571428571429
0.625
0.5775193798449613
0.5891472868217055
0.5852713178294574
0.6511627906976745
0.6046511627906976
0.6134453781512605
0.6176470588235294
0.5462184873949579
0.6260504201680672
0.5840336134453782
0.6240601503759399
0.6127819548872181
0.6127819548872181
0.6466165413533834
0.650375939849624
0.5866141732283464
0.6535433070866141
0.5905511811023622
0.6220472440944882
0.594488188976378
0.6032388663967612
0.6356275303643725
0.6153846153846154
0.5425101214574899
0.5789473684210527
0.5537190082644629
0.5619834710743802
0.5743801652892562
0.5661157024793388
0.5743801652892562
0.5887096774193549
0.6008064516129032
0.5766129032258065
0.5483870967741935
0.6088709677419355
0.6296296296296297
0.6037037037037037
0.5888888888888889
0.5518518518518518
0.5740740740740741
0.6550387596899225
0.6317829457364341
0.5736434108527132
0.5736434108527132
0.5813953488372093
0.563265306122449
0.6612244897959184
0.636734693877551
0.6081632653061224
0.563265306122449
0.6564885496183206
0.6412213740458015
0.583969465648855
0.6030534351145038
0.5916030534351145
0.6041666666666666
0.6041666666666666
0.6125
0.6
0.6041666666666666
0.6213235294117647
0.5919117647058824
0.6397058823529411
0.6066176470588235
0.6617647058823529
0.6526717557251909
0.6145038167938931
0.5954198473282443
0.6564885496183206
0.5877862595419847
0.5894308943089431
0.6056910569105691
0.6260162601626016
0.6178861788617886
0.6300813008130082
0.627906976744186
0.6550387596899225
0.5852713178294574
0.6162790697674418
0.5775193798449613
0.5852713178294574
0.627906976744186
0.6007751937984496
0.5736434108527132
0.5736434108527132
0.6133828996282528
0.620817843866171
0.6579925650557621
0.5985130111524164
0.6505576208178439
0.6926229508196722
0.5614754098360656
0.610655737704918
0.5942622950819673
0.610655737704918
0.625
0.6477272727272727
0.6363636363636364
0.6477272727272727
0.6098484848484849
0.5950413223140496
0.5867768595041323
0.6487603305785123
0.5619834710743802
0.6198347107438017
0.6779026217228464
0.5842696629213483
0.6217228464419475
0.6292134831460674
0.6367041198501873
0.6330935251798561
0.6330935251798561
0.6223021582733813
0.6438848920863309
0.6942446043165468
0.6156716417910447
0.582089552238806
0.5559701492537313
0.5932835820895522
0.5522388059701493
0.6072727272727273
0.6290909090909091
0.6509090909090909
0.64
0.6072727272727273
0.594488188976378
0.6141732283464567
0.6062992125984252
0.5984251968503937
0.594488188976378
0.643598615916955
0.5640138408304498
0.6228373702422145
0.6262975778546713
0.5847750865051903
0.6218181818181818
0.610909090909091
0.5781818181818181
0.610909090909091
0.5963636363636363
0.6065573770491803
0.5573770491803278
0.5983606557377049
0.6311475409836066
0.5942622950819673
0.6172839506172839
0.5267489711934157
0.6172839506172839
0.5925925925925926
0.5843621399176955
0.6074074074074074
0.6074074074074074
0.5925925925925926
0.6407407407407407
0.6555555555555556
0.5992063492063492
0.5952380952380952
0.6190476190476191
0.6309523809523809
0.5833333333333334
0.5791505791505791
0.6911196911196911
0.5868725868725869
0.6332046332046332
0.5868725868725869
0.6904761904761905
0.5714285714285714
0.5595238095238095
0.6150793650793651
0.5873015873015873
0.6426116838487973
0.6013745704467354
0.6391752577319587
0.6254295532646048
0.6254295532646048
0.58
0.584
0.576
0.56
0.6
0.6422764227642277
0.5813008130081301
0.5975609756097561
0.5853658536585366
0.6300813008130082
0.5983606557377049
0.6147540983606558
0.5450819672131147
0.6270491803278688
0.5901639344262295
0.5958188153310104
0.6585365853658537
0.6306620209059234
0.6411149825783972
0.6027874564459931
0.6078431372549019
0.592156862745098
0.611764705882353
0.6039215686274509
0.611764705882353
0.6724738675958188
0.6829268292682927
0.6306620209059234
0.6411149825783972
0.6341463414634146
0.6373626373626373
0.5897435897435898
0.6227106227106227
0.6153846153846154
0.608058608058608
0.58203125
0.5546875
0.578125
0.62890625
0.60546875
0.5697674418604651
0.624031007751938
0.6434108527131783
0.6162790697674418
0.6201550387596899
0.592156862745098
0.596078431372549
0.5843137254901961
0.5725490196078431
0.592156862745098
0.6477732793522267
0.5789473684210527
0.5870445344129555
0.6680161943319838
0.5870445344129555
0.6701754385964912
0.6070175438596491
0.6350877192982456
0.624561403508772
0.6175438596491228
0.6068702290076335
0.5916030534351145
0.648854961832061
0.6068702290076335
0.6259541984732825
0.6190476190476191
0.6190476190476191
0.6111111111111112
0.6031746031746031
0.6468253968253969
0.6468531468531469
0.6363636363636364
0.6433566433566433
0.6293706293706294
0.6538461538461539
0.6328125
0.5703125
0.625
0.5703125
0.62109375
0.5757575757575758
0.5909090909090909
0.6401515151515151
0.5795454545454546
0.5833333333333334
0.5862068965517241
0.6015325670498084
0.6398467432950191
0.6015325670498084
0.6091954022988506
0.5763888888888888
0.625
0.6284722222222222
0.6319444444444444
0.625
0.612
0.62
0.636
0.608
0.696
0.5645161290322581
0.5967741935483871
0.5766129032258065
0.5725806451612904
0.5725806451612904
0.6201550387596899
0.6007751937984496
0.6395348837209303
0.627906976744186
0.6356589147286822
0.568
0.576
0.544
0.584
0.568
0.6029411764705882
0.5992647058823529
0.5992647058823529
0.6397058823529411
0.5661764705882353
0.5732217573221757
0.6150627615062761
0.606694560669456
0.6234309623430963
0.5941422594142259
0.6328125
0.609375
0.6171875
0.58203125
0.58984375
0.6591760299625468
0.6104868913857678
0.6367041198501873
0.6404494382022472
0.6591760299625468
0.572992700729927
0.635036496350365
0.5985401459854015
0.551094890510949
0.5948905109489051
0.6153846153846154
0.6293706293706294
0.6433566433566433
0.6433566433566433
0.6538461538461539
0.6051660516605166
0.6162361623616236
0.6605166051660517
0.6420664206642066
0.6199261992619927
0.6070038910505836
0.642023346303502
0.6536964980544747
0.5758754863813229
0.5992217898832685
0.6265060240963856
0.6305220883534136
0.5662650602409639
0.6184738955823293
0.678714859437751
0.625
0.5492424242424242
0.5833333333333334
0.5643939393939394
0.6212121212121212
0.6452830188679245
0.6226415094339622
0.6339622641509434
0.5962264150943396
0.6490566037735849
0.605072463768116
0.5869565217391305
0.5869565217391305
0.6123188405797102
0.6195652173913043
0.6070175438596491
0.5824561403508772
0.6350877192982456
0.5754385964912281
0.6
0.6111111111111112
0.5740740740740741
0.5666666666666667
0.6037037037037037
0.6148148148148148
0.5846774193548387
0.5483870967741935
0.5846774193548387
0.6370967741935484
0.5564516129032258
0.5708812260536399
0.6091954022988506
0.5938697318007663
0.5900383141762452
0.5823754789272031
0.5942622950819673
0.5860655737704918
0.610655737704918
0.5491803278688525
0.5819672131147541
0.5983606557377049
0.6065573770491803
0.5819672131147541
0.5778688524590164
0.5614754098360656
0.6198347107438017
0.6074380165289256
0.5702479338842975
0.5867768595041323
0.5826446280991735
0.5846153846153846
0.6730769230769231
0.6692307692307692
0.5923076923076923
0.6076923076923076
0.5763358778625954
0.6412213740458015
0.5916030534351145
0.6412213740458015
0.6106870229007634
0.6111111111111112
0.6111111111111112
0.7222222222222222
0.6458333333333334
0.5902777777777778
0.5868725868725869
0.6833976833976834
0.6216216216216216
0.6061776061776062
0.722007722007722
0.594306049822064
0.6014234875444839
0.6370106761565836
0.6227758007117438
0.6512455516014235
0.6133828996282528
0.620817843866171
0.6468401486988847
0.5799256505576208
0.6059479553903345
0.7016129032258065
0.6411290322580645
0.5685483870967742
0.6008064516129032
0.6129032258064516
0.630188679245283
0.6113207547169811
0.5924528301886792
0.6113207547169811
0.6075471698113207
0.6383763837638377
0.5977859778597786
0.5977859778597786
0.5719557195571956
0.6346863468634686
0.6183206106870229
0.6068702290076335
0.5648854961832062
0.5877862595419847
0.5687022900763359
0.6487603305785123
0.5578512396694215
0.5909090909090909
0.71900826446281
0.6157024793388429
0.6113207547169811
0.6
0.6226415094339622
0.6679245283018868
0.6566037735849056
0.6164383561643836
0.6506849315068494
0.6164383561643836
0.6678082191780822
0.6198630136986302
0.626984126984127
0.5912698412698413
0.623015873015873
0.5992063492063492
0.6388888888888888
0.6548042704626335
0.6120996441281139
0.6120996441281139
0.6512455516014235
0.6120996441281139
0.6444444444444445
0.6222222222222222
0.6333333333333333
0.662962962962963
0.5888888888888889
0.5870445344129555
0.5951417004048583
0.5870445344129555
0.5910931174089069
0.6032388663967612
0.6273764258555133
0.6463878326996197
0.6501901140684411
0.6349809885931559
0.596958174904943
0.5708812260536399
0.578544061302682
0.6091954022988506
0.6245210727969349
0.6206896551724138
0.6148148148148148
0.5777777777777777
0.5703703703703704
0.6037037037037037
0.6296296296296297
0.5577689243027888
0.5936254980079682
0.6613545816733067
0.5936254980079682
0.545816733067729
0.6303501945525292
0.6342412451361867
0.5914396887159533
0.5252918287937743
0.6536964980544747
0.624
0.6
0.644
0.636
0.632
0.6311475409836066
0.6639344262295082
0.6024590163934426
0.5901639344262295
0.5655737704918032
0.5797665369649806
0.6186770428015564
0.6770428015564203
0.5719844357976653
0.5953307392996109
0.6666666666666666
0.5725490196078431
0.5607843137254902
0.5725490196078431
0.6196078431372549
0.6293436293436293
0.6718146718146718
0.667953667953668
0.61003861003861
0.6332046332046332
0.616600790513834
0.6442687747035574
0.5691699604743083
0.6245059288537549
0.616600790513834
0.6640625
0.54296875
0.57421875
0.65234375
0.61328125
0.59765625
0.625
0.5703125
0.5859375
0.59375
0.5551020408163265
0.6204081632653061
0.6530612244897959
0.5918367346938775
0.6204081632653061
0.6090225563909775
0.6466165413533834
0.575187969924812
0.5676691729323309
0.6090225563909775
0.6451612903225806
0.592741935483871
0.6491935483870968
0.5604838709677419
0.6209677419354839
0.5672268907563025
0.6134453781512605
0.5714285714285714
0.6470588235294118
0.6050420168067226
0.5940959409594095
0.6162361623616236
0.6346863468634686
0.6051660516605166
0.5756457564575646
0.5938697318007663
0.5900383141762452
0.5977011494252874
0.6130268199233716
0.5977011494252874
0.5877551020408164
0.6163265306122448
0.5551020408163265
0.6122448979591837
0.5714285714285714
0.64
0.588
0.58
0.564
0.6
0.5592592592592592
0.6074074074074074
0.6185185185185185
0.662962962962963
0.5888888888888889
0.6027874564459931
0.6515679442508711
0.6027874564459931
0.6167247386759582
0.5888501742160279
0.6444444444444445
0.6074074074074074
0.6370370370370371
0.6555555555555556
0.6370370370370371
0.6628787878787878
0.6287878787878788
0.6553030303030303
0.6515151515151515
0.6439393939393939
0.5984848484848485
0.6174242424242424
0.5946969696969697
0.5984848484848485
0.6439393939393939
0.5596707818930041
0.6625514403292181
0.588477366255144
0.5432098765432098
0.6008230452674898
0.6297709923664122
0.6335877862595419
0.5725190839694656
0.5877862595419847
0.5916030534351145
0.5984848484848485
0.5946969696969697
0.5757575757575758
0.5871212121212122
0.5795454545454546
0.615686274509804
0.5647058823529412
0.6235294117647059
0.6039215686274509
0.5803921568627451
0.6111111111111112
0.623015873015873
0.6388888888888888
0.6547619047619048
0.5753968253968254
0.5692307692307692
0.6192307692307693
0.6076923076923076
0.6038461538461538
0.573076923076923
0.6308243727598566
0.5734767025089605
0.6308243727598566
0.6236559139784946
0.6272401433691757
0.5992366412213741
0.6221374045801527
0.6030534351145038
0.6183206106870229
0.6564885496183206
0.6280701754385964
0.6175438596491228
0.6035087719298246
0.631578947368421
0.6035087719298246
0.6124031007751938
0.6162790697674418
0.6317829457364341
0.6356589147286822
0.6007751937984496
0.5884615384615385
0.6307692307692307
0.5846153846153846
0.5692307692307692
0.6307692307692307
0.7131782945736435
0.6472868217054264
0.624031007751938
0.627906976744186
0.624031007751938
0.6384615384615384
0.5807692307692308
0.6076923076923076
0.5807692307692308
0.5846153846153846
0.6234817813765182
0.5951417004048583
0.5789473684210527
0.5789473684210527
0.611336032388664
0.6245210727969349
0.5862068965517241
0.5747126436781609
0.6168582375478927
0.578544061302682
0.5941422594142259
0.5983263598326359
0.5983263598326359
0.5564853556485355
0.5523012552301255
0.597457627118644
0.6567796610169492
0.6694915254237288
0.6694915254237288
0.6186440677966102
0.5953307392996109
0.5758754863813229
0.6070038910505836
0.6303501945525292
0.5914396887159533
0.6343283582089553
0.6007462686567164
0.6194029850746269
0.5970149253731343
0.6119402985074627
0.6150793650793651
0.6150793650793651
0.623015873015873
0.5674603174603174
0.5833333333333334
0.6259541984732825
0.5725190839694656
0.6106870229007634
0.6259541984732825
0.5572519083969466
0.6127819548872181
0.5601503759398496
0.6428571428571429
0.5864661654135338
0.5789473684210527
0.5992217898832685
0.603112840466926
0.6770428015564203
0.6342412451361867
0.5914396887159533
0.5823754789272031
0.5938697318007663
0.5938697318007663
0.5747126436781609
0.6245210727969349
0.64453125
0.59375
0.63671875
0.66015625
0.5859375
0.5795918367346938
0.5959183673469388
0.6204081632653061
0.6040816326530613
0.5918367346938775
0.608058608058608
0.6007326007326007
0.652014652014652
0.6153846153846154
0.6190476190476191
0.6041666666666666
0.6319444444444444
0.6006944444444444
0.6631944444444444
0.6215277777777778
0.6156583629893239
0.6476868327402135
0.5800711743772242
0.6156583629893239
0.6441281138790036
0.5836734693877551
0.6163265306122448
0.6326530612244898
0.6
0.5795918367346938
0.6014492753623188
0.6304347826086957
0.644927536231884
0.6086956521739131
0.6014492753623188
0.691699604743083
0.5810276679841897
0.6205533596837944
0.6245059288537549
0.616600790513834
0.6304347826086957
0.5615942028985508
0.5797101449275363
0.6485507246376812
0.644927536231884
0.5836734693877551
0.6081632653061224
0.5918367346938775
0.6408163265306123
0.6
0.5601503759398496
0.6390977443609023
0.6240601503759399
0.575187969924812
0.5827067669172933
0.5778688524590164
0.6188524590163934
0.5655737704918032
0.5532786885245902
0.5614754098360656
0.592057761732852
0.6101083032490975
0.7075812274368231
0.6534296028880866
0.6101083032490975
0.5871212121212122
0.6136363636363636
0.6287878787878788
0.6060606060606061
0.625
0.592057761732852
0.6137184115523465
0.6209386281588448
0.6534296028880866
0.631768953068592
0.5925925925925926
0.5473251028806584
0.5925925925925926
0.6337448559670782
0.5843621399176955
0.5737704918032787
0.5983606557377049
0.5327868852459017
0.5983606557377049
0.5614754098360656
0.6472868217054264
0.5930232558139535
0.6434108527131783
0.5891472868217055
0.5891472868217055
0.6483516483516484
0.5897435897435898
0.6117216117216118
0.5970695970695971
0.6117216117216118
0.6482758620689655
0.6103448275862069
0.6758620689655173
0.6241379310344828
0.6241379310344828
0.6483516483516484
0.608058608058608
0.6227106227106227
0.6153846153846154
0.608058608058608
0.6738351254480287
0.6236559139784946
0.6164874551971327
0.6451612903225806
0.6308243727598566
0.5916030534351145
0.6183206106870229
0.5954198473282443
0.6068702290076335
0.6183206106870229
0.6383763837638377
0.6642066420664207
0.6346863468634686
0.6346863468634686
0.6014760147601476
0.5859375
0.58203125
0.6328125
0.59375
0.625
0.608
0.644
0.6
0.584
0.608
0.6294964028776978
0.6187050359712231
0.6366906474820144
0.6438848920863309
0.60431654676259
0.6074074074074074
0.5962962962962963
0.5814814814814815
0.6
0.6
0.6051660516605166
0.6568265682656826
0.5977859778597786
0.6051660516605166
0.6383763837638377
0.6276150627615062
0.606694560669456
0.5439330543933054
0.6234309623430963
0.5857740585774058
0.6513409961685823
0.6015325670498084
0.5938697318007663
0.6168582375478927
0.6206896551724138
0.5875912408759124
0.6131386861313869
0.6058394160583942
0.6277372262773723
0.6204379562043796
0.5833333333333334
0.5595238095238095
0.6190476190476191
0.6547619047619048
0.6071428571428571
0.5608856088560885
0.6125461254612546
0.6088560885608856
0.6715867158671587
0.6346863468634686
0.6159695817490495
0.5893536121673004
0.6159695817490495
0.5893536121673004
0.6121673003802282
0.6015325670498084
0.5708812260536399
0.5900383141762452
0.5900383141762452
0.5747126436781609
0.657439446366782
0.6470588235294118
0.6193771626297578
0.6366782006920415
0.6505190311418685
0.592156862745098
0.5450980392156862
0.596078431372549
0.5450980392156862
0.5803921568627451
0.5777777777777777
0.6037037037037037
0.6407407407407407
0.6037037037037037
0.5555555555555556
0.6325757575757576
0.5946969696969697
0.6174242424242424
0.5946969696969697
0.6174242424242424
0.6036363636363636
0.5781818181818181
0.5818181818181818
0.5745454545454546
0.6218181818181818
0.6303501945525292
0.6303501945525292
0.6186770428015564
0.622568093385214
0.6926070038910506
0.6121673003802282
0.6159695817490495
0.6349809885931559
0.5817490494296578
0.5817490494296578
0.6063829787234043
0.6099290780141844
0.6418439716312057
0.6453900709219859
0.6312056737588653
0.6031746031746031
0.5833333333333334
0.6031746031746031
0.5793650793650794
0.5793650793650794
0.576
0.62
0.616
0.612
0.604
0.6167247386759582
0.6062717770034843
0.5958188153310104
0.5958188153310104
0.6132404181184669
0.6287878787878788
0.6363636363636364
0.6022727272727273
0.5795454545454546
0.5871212121212122
0.6518518518518519
0.6444444444444445
0.6148148148148148
0.6407407407407407
0.5888888888888889
0.6555555555555556
0.6185185185185185
0.6555555555555556
0.6592592592592592
0.6555555555555556
0.582089552238806
0.6156716417910447
0.6194029850746269
0.6305970149253731
0.5746268656716418
0.6151079136690647
0.6330935251798561
0.5899280575539568
0.6007194244604317
0.6223021582733813
0.7160493827160493
0.588477366255144
0.6419753086419753
0.6378600823045267
0.6090534979423868
0.5736434108527132
0.5697674418604651
0.6356589147286822
0.6085271317829457
0.5775193798449613
0.6049382716049383
0.6090534979423868
0.5761316872427984
0.6090534979423868
0.6090534979423868
0.5708812260536399
0.6245210727969349
0.6551724137931034
0.5862068965517241
0.5977011494252874
0.6298932384341637
0.604982206405694
0.6476868327402135
0.6156583629893239
0.6227758007117438
0.6459143968871596
0.6108949416342413
0.5836575875486382
0.6303501945525292
0.6070038910505836
0.6283524904214559
0.5862068965517241
0.578544061302682
0.5478927203065134
0.632183908045977
0.6627450980392157
0.6313725490196078
0.6392156862745098
0.6235294117647059
0.6078431372549019
0.6325757575757576
0.6022727272727273
0.571969696969697
0.6098484848484849
0.6060606060606061
0.624031007751938
0.5930232558139535
0.5968992248062015
0.624031007751938
0.6589147286821705
0.5797101449275363
0.6666666666666666
0.6195652173913043
0.6304347826086957
0.6086956521739131
0.6420664206642066
0.6125461254612546
0.6162361623616236
0.5977859778597786
0.5977859778597786
0.5719844357976653
0.5680933852140078
0.6614785992217899
0.6575875486381323
0.6459143968871596
0.5967741935483871
0.5846774193548387
0.6491935483870968
0.6169354838709677
0.5766129032258065
0.6058091286307054
0.5145228215767634
0.6099585062240664
0.6182572614107884
0.6265560165975104
0.5953307392996109
0.5992217898832685
0.5836575875486382
0.6264591439688716
0.6070038910505836
0.6127659574468085
0.6
0.5702127659574469
0.5404255319148936
0.5914893617021276
0.6560283687943262
0.6524822695035462
0.6560283687943262
0.6170212765957447
0.6666666666666666
0.5918367346938775
0.5836734693877551
0.6081632653061224
0.5755102040816327
0.5755102040816327
0.5657370517928287
0.6533864541832669
0.5418326693227091
0.6533864541832669
0.5697211155378487
0.5880149812734082
0.5917602996254682
0.599250936329588
0.5842696629213483
0.5917602996254682
0.6159695817490495
0.6121673003802282
0.596958174904943
0.6159695817490495
0.5779467680608364
0.6124031007751938
0.5581395348837209
0.5968992248062015
0.6085271317829457
0.7054263565891473
0.5573770491803278
0.5737704918032787
0.7008196721311475
0.6065573770491803
0.6065573770491803
0.5951417004048583
0.6275303643724697
0.6720647773279352
0.6234817813765182
0.5991902834008097
0.5797665369649806
0.5914396887159533
0.622568093385214
0.603112840466926
0.6459143968871596
0.6137184115523465
0.6173285198555957
0.6425992779783394
0.5812274368231047
0.6245487364620939
0.6533864541832669
0.5776892430278885
0.6254980079681275
0.5976095617529881
0.6454183266932271
0.6194029850746269
0.6119402985074627
0.6305970149253731
0.5708955223880597
0.6455223880597015
0.5956678700361011
0.6425992779783394
0.6173285198555957
0.6353790613718412
0.6137184115523465
0.5928853754940712
0.6205533596837944
0.5731225296442688
0.5849802371541502
0.6363636363636364
0.5836734693877551
0.5836734693877551
0.6163265306122448
0.5836734693877551
0.6081632653061224
0.6381322957198443
0.6498054474708171
0.6459143968871596
0.6342412451361867
0.6070038910505836
0.605072463768116
0.6268115942028986
0.6014492753623188
0.6413043478260869
0.6485507246376812
0.5862068965517241
0.5977011494252874
0.6053639846743295
0.5632183908045977
0.5900383141762452
0.6015037593984962
0.6090225563909775
0.6090225563909775
0.5939849624060151
0.5939849624060151
0.6014492753623188
0.5688405797101449
0.5688405797101449
0.6086956521739131
0.6521739130434783
0.6111111111111112
0.5888888888888889
0.6333333333333333
0.6851851851851852
0.6481481481481481
0.635036496350365
0.6240875912408759
0.6313868613138686
0.7116788321167883
0.6204379562043796
0.632183908045977
0.6168582375478927
0.6475095785440613
0.6283524904214559
0.5938697318007663
0.6326530612244898
0.6040816326530613
0.6204081632653061
0.6081632653061224
0.5836734693877551
0.5910931174089069
0.5789473684210527
0.6234817813765182
0.5748987854251012
0.6234817813765182
0.6131386861313869
0.6167883211678832
0.635036496350365
0.6240875912408759
0.6167883211678832
0.5774647887323944
0.6338028169014085
0.6514084507042254
0.6091549295774648
0.6056338028169014
0.6860068259385665
0.6075085324232082
0.6313993174061433
0.6313993174061433
0.621160409556314
0.6094890510948905
0.5985401459854015
0.6423357664233577
0.635036496350365
0.6131386861313869
0.5846153846153846
0.6269230769230769
0.6115384615384616
0.6
0.6076923076923076
0.636734693877551
0.6938775510204082
0.6285714285714286
0.6122448979591837
0.5959183673469388
0.6448275862068965
0.603448275862069
0.6758620689655173
0.6379310344827587
0.5896551724137931
0.5950413223140496
0.5661157024793388
0.6074380165289256
0.5743801652892562
0.6322314049586777
0.635593220338983
0.635593220338983
0.6694915254237288
0.6101694915254238
0.5847457627118644
0.6007604562737643
0.6159695817490495
0.6273764258555133
0.5513307984790875
0.5931558935361216
0.5740740740740741
0.5987654320987654
0.6234567901234568
0.6419753086419753
0.6111111111111112
0.5263157894736842
0.5964912280701754
0.5497076023391813
0.5730994152046783
0.5964912280701754
0.6094674556213018
0.6094674556213018
0.5976331360946746
0.621301775147929
0.6449704142011834
0.6521739130434783
0.6645962732919255
0.7018633540372671
0.6273291925465838
0.5838509316770186
0.577639751552795
0.6273291925465838
0.6024844720496895
0.639751552795031
0.6645962732919255
0.6234567901234568
0.5617283950617284
0.5987654320987654
0.6234567901234568
0.6296296296296297
0.5925925925925926
0.5925925925925926
0.6234567901234568
0.5925925925925926
0.5679012345679012
0.5757575757575758
0.6060606060606061
0.5878787878787879
0.5393939393939394
0.509090909090909
0.6585365853658537
0.5975609756097561
0.6036585365853658
0.5853658536585366
0.6402439024390244
0.6196319018404908
0.5950920245398773
0.6319018404907976
0.6012269938650306
0.6257668711656442
0.6243093922651933
0.6132596685082873
0.6022099447513812
0.6464088397790055
0.6408839779005525
0.6098901098901099
0.6483516483516484
0.6483516483516484
0.6868131868131868
0.6593406593406593
0.5142857142857142
0.5571428571428572
0.5285714285714286
0.5142857142857142
0.6
0.5735294117647058
0.5735294117647058
0.5588235294117647
0.6323529411764706
0.6323529411764706
0.918918918918919
0.5540540540540541
0.6081081081081081
0.5135135135135135
0.6351351351351351
0.56
0.6266666666666667
0.5333333333333333
0.5733333333333334
0.52
0.4925925925925926
0.5481481481481482
0.5370370370370371
0.5592592592592592
0.5703703703703704
0.44776119402985076
0.4626865671641791
0.5223880597014925
0.34328358208955223
0.43283582089552236
0.4583333333333333
0.5277777777777778
0.4166666666666667
0.5138888888888888
0.4722222222222222
0.44776119402985076
0.5522388059701493
0.4626865671641791
0.6417910447761194
0.47761194029850745
0.4788732394366197
0.43661971830985913
0.5211267605633803
0.5070422535211268
0.5211267605633803
0.44776119402985076
0.4626865671641791
0.5970149253731343
0.43283582089552236
0.40298507462686567
0.4426229508196721
0.5081967213114754
0.5737704918032787
0.5245901639344263
0.5737704918032787
0.5238095238095238
0.3968253968253968
0.47619047619047616
0.4444444444444444
0.3968253968253968
0.42424242424242425
0.5151515151515151
0.3939393939393939
0.45454545454545453
0.3939393939393939
0.524822695035461
0.5283687943262412
0.6099290780141844
0.5460992907801419
0.5319148936170213
0.5070422535211268
0.5563380281690141
0.5387323943661971
0.5035211267605634
0.5211267605633803
0.5907473309608541
0.5338078291814946
0.5587188612099644
0.5160142348754448
0.505338078291815
0.5
0.7333333333333333
0.6
0.5
0.4166666666666667
0.5224913494809689
0.4982698961937716
0.5432525951557093
0.5294117647058824
0.5294117647058824
0.5441176470588235
0.5294117647058824
0.5735294117647058
0.5735294117647058
0.6176470588235294
0.6585365853658537
0.6219512195121951
0.6585365853658537
0.6707317073170732
0.6463414634146342
0.6666666666666666
0.6666666666666666
0.5476190476190477
0.5952380952380952
0.5595238095238095
0.43103448275862066
0.5689655172413793
0.4482758620689655
0.39655172413793105
0.43103448275862066
0.5853658536585366
0.5853658536585366
0.6341463414634146
0.6707317073170732
0.5609756097560976
0.5901639344262295
0.6065573770491803
0.5901639344262295
0.6065573770491803
0.5737704918032787
0.421875
0.484375
0.453125
0.46875
0.375
0.5703703703703704
0.5185185185185185
0.5037037037037037
0.5555555555555556
0.4074074074074074
0.4925373134328358
0.5970149253731343
0.5373134328358209
0.4552238805970149
0.5
0.5384615384615384
0.5076923076923077
0.5076923076923077
0.5230769230769231
0.5076923076923077
0.43103448275862066
0.46551724137931033
0.4482758620689655
0.3793103448275862
0.4482758620689655
0.4262295081967213
0.4262295081967213
0.4918032786885246
0.45901639344262296
0.4262295081967213
0.49230769230769234
0.5538461538461539
0.6461538461538462
0.46153846153846156
0.49230769230769234
0.4782608695652174
0.4927536231884058
0.463768115942029
0.43478260869565216
0.463768115942029
0.5874125874125874
0.541958041958042
0.5454545454545454
0.5594405594405595
0.5664335664335665
0.4153846153846154
0.4153846153846154
0.47692307692307695
0.5538461538461539
0.5692307692307692
0.5151515151515151
0.5151515151515151
0.5454545454545454
0.5454545454545454
0.5050505050505051
