### Sentence 110
0.17303725351635757
0.14959958777500454
0.1879517936900471
0.16635425734163312
0.20415853728902433
### Sentence 277
0.25053087993011625
0.20252155260718716
0.15949506100510885
0.17254190448188922
0.1789584387469499
### Sentence 382
0.11059080072163244
0.15018977723709392
0.17278625032956962
0.2253431440182619
0.18547666860385437
### Sentence 310
0.13290954156692653
0.13672225901800822
0.15457832022087406
0.17494876243775592
0.20152535530504526
### Sentence 280
0.20179768602479922
0.18763653680608858
0.2246684428267444
0.21719426759814295
0.17606958139158035
### Sentence 60
0.21125748725943738
0.15409269398326897
0.15782909301084788
0.24426180574333378
0.20568078657517272
### Sentence 140
0.1695305761447991
0.1323609170458996
0.20238009988795316
0.1680617412250212
0.18148395508722703
### Sentence 367
0.154630072840172
0.14869356017184548
0.15398763652729985
0.1882811014753997
0.180567425169585
### Sentence 150
0.23482443554031843
0.20792907125265733
0.25808912449825805
0.18336696455163376
0.22945468318465273
### Sentence 187
0.20573108775066212
0.18685084556728593
0.21945593165376526
0.19278042618451505
0.19072595486004357
### Sentence 268
0.1600584262701149
0.16849751772459504
0.2093482088703684
0.14724019328697713
0.24348641399581497
### Sentence 129
0.15642315867693737
0.1972303348940577
0.22335593272300622
0.16815445791299535
0.26705288389878845
### Sentence 78
0.1594374559086499
0.1645150838223926
0.15308454997789112
0.14214305899154117
0.1417053889290542
### Sentence 373
0.1528040862686947
0.20136796133600948
0.17941941931020627
0.20462465878540242
0.20198145711326607
### Sentence 163
0.15828169947869172
0.12292637917151521
0.1770347708501767
0.11386271459955831
0.12373695585061503
### Sentence 17
0.2439374502619086
0.10927368387774482
0.1981357402384979
0.19615344385628083
0.19538784983955207
### Sentence 213
0.21992134871611815
0.15986298604599777
0.20124500350233546
0.16275166270257602
0.17200962850984544
### Sentence 244
0.18891749127580473
0.18128658261149935
0.15965846750307106
0.14353238699016113
0.15994679987965993
### Sentence 71
0.11890259061845221
0.1424613729637014
0.16988271349860642
0.22539211890589006
0.23932027536772768
### Sentence 417
0.05051195934912237
0.0796740532155717
0.11101898620920493
0.05578308728408768
0.06412757314212471
### Sentence 325
0.22180251197438816
0.18027358091919685
0.18229178097796678
0.1743376517252972
0.17345585999133767
### Sentence 211
0.19030936583132274
0.2047781018552818
0.1952789984167338
0.15769080047531525
0.16540403012757407
### Sentence 437
0.06272987184718841
0.030708565827218
0.01760305256162554
0.006278947877727333
0.03499017679318791
### Sentence 234
0.15483373597975245
0.1230235889881112
0.13745596296784243
0.1986651039499946
0.14467152906548733
### Sentence 274
0.12410108612028871
0.184161494562825
0.15032924288170776
0.1014735384796471
0.14282026498601982
### Sentence 203
0.12404140642814175
0.14601073055275865
0.20656701363270086
0.13077486168763772
0.1976978239455684
### Sentence 190
0.23384981522425075
0.16717882025892727
0.1314045428890169
0.11908535824565984
0.20988561959785798
### Sentence 435
0.01230802290634993
0.04889701420496864
0.021366590519444614
0.01591627636868504
0.03582864718705241
### Sentence 252
0.18516099640868366
0.18426102247769804
0.15454193157934748
0.22353409622830317
0.17116913174084064
### Sentence 438
0.08988604485570445
0.0862960058713737
0.11471833877984382
0.06817498944325538
0.09796983087868821
### Sentence 257
0.1676500990244503
0.10053081605961019
0.19753965258631895
0.2224740888980448
0.24186227907268906
### Sentence 324
0.22813180469235222
0.14995392145429212
0.1555153430088489
0.15810026694295654
0.10547625556596885
### Sentence 73
0.23195595909899122
0.2506551371489576
0.13524299844863014
0.17424738332331335
0.20050957385411633
### Sentence 355
0.21967144430750488
0.18349593754285906
0.16211289542451315
0.2167549266070167
0.15906414960635354
### Sentence 136
0.2042340273700325
0.15413734425522702
0.22488213453837755
0.21131751495666745
0.23083966673565615
### Sentence 84
0.11355174727397659
0.11440514891290933
0.12869225926075506
0.1328465744865328
0.22546537399617325
### Sentence 404
0.11945459027484397
0.21216229950786045
0.19904046340005652
0.1838060768576989
0.1537682583636806
### Sentence 339
0.23159242576617287
0.16934236080547707
0.13604522821883322
0.14388639123166103
0.1795931843490386
### Sentence 223
0.13969085477948834
0.12722392721727946
0.19252268577887638
0.1424408181390942
0.16897764925015718
### Sentence 439
0.01579324136095625
0.08018623581637051
0.0784041249276537
0.03156339097920702
0.11182895407965879
### Sentence 149
0.2090986151566785
0.1427255423677421
0.16769524895180984
0.16427068789571417
0.1501083423911422
### Sentence 378
0.17043062406782278
0.1274861822732786
0.15127735226420205
0.18135536662373952
0.22108343704560277
### Sentence 155
0.17382497460261973
0.1641855803207615
0.21387330761103324
0.20056068255923884
0.24346128378168397
### Sentence 362
0.20528324117783958
0.18181666160336074
0.17281084648449094
0.21032458112331529
0.1519062982916709
### Sentence 50
0.16765685644065012
0.11790650744283249
0.16831933897390083
0.13503758960318715
0.18522661382007982
### Sentence 81
0.16688885312333904
0.20318201905446667
0.25631132014863556
0.19271699018133273
0.17617822414936032
### Sentence 281
0.18198704097857984
0.17701692051837384
0.12815401705091226
0.15090137029769002
0.15331373673237758
### Sentence 65
0.13509420807760664
0.15733855493331889
0.12265724404729664
0.15570534229699276
0.1744768835229157
### Sentence 16
0.2474627170856749
0.17936695964415297
0.2520657858470576
0.2059095482944845
0.2663039179507329
### Sentence 427
0.03676540833482407
0.01986318824256986
0.04678228296599725
0.06158706723500152
0.04400923793553275
### Sentence 249
0.22356961226832822
0.1818419246202836
0.20123793318977648
0.21868266605442505
0.21917541047871283
### Sentence 205
0.20420264433044838
0.1765707500772388
0.1956617961862159
0.13474977775518168
0.1786284742625812
### Sentence 434
0.0040405945162361265
0.017423991584937022
0.03591195974841761
0.07537982517566419
0.004131679863986038
### Sentence 77
0.1960338632112119
0.2226737185988654
0.1907427721803242
0.17107999715783692
0.2451198118645258
### Sentence 160
0.18977790707366982
0.24318383350329015
0.24057938548400526
0.2251978060955863
0.211386585139337
### Sentence 97
0.17922804997919403
0.1889399195703744
0.23156589502935207
0.11286635820465733
0.17366080220125524
### Sentence 423
0.09660675052323937
0.07210330069086676
0.060912307420090954
0.08355742580863279
0.02671839142739903
### Sentence 361
0.14935098471011196
0.19779473489470645
0.17194439242100906
0.16341996454588886
0.15797204306927243
### Sentence 353
0.17073577208331414
0.21146496775002668
0.2376366687984812
0.17092353285138592
0.14544102458699634
### Sentence 233
0.17492493070376536
0.15745293439384103
0.20913595043427466
0.20490698934005974
0.1900413978467581
### Sentence 76
0.17089280122283362
0.1425909885125643
0.1446238357426485
0.13729915084170177
0.14097769162496146
### Sentence 56
0.132156762844319
0.18186944517722417
0.12702092287740455
0.20242398267299092
0.20653917906549232
### Sentence 322
0.1674268591094845
0.22045782997860852
0.2175694902048707
0.2179002894827425
0.15755518588388892
### Sentence 334
0.2212132534941828
0.1830277800633668
0.2063509205360342
0.15031527629892527
0.1483573235534309
### Sentence 299
0.21440343970821105
0.21341457751906978
0.16470849004612406
0.1493196559932541
0.19209846313633241
### Sentence 40
0.1136450576072007
0.174670351674331
0.14344298237287667
0.182692968892672
0.1744070153158979
### Sentence 137
0.17750509380336274
0.14171752707895374
0.19592578811121303
0.15420560066334496
0.18909972087400156
### Sentence 170
0.15346414263864883
0.14104969972281117
0.2413160641771847
0.18883564260185706
0.18337363412203728
### Sentence 214
0.1728332632440259
0.1627406681914488
0.19880829173422584
0.1852877167833925
0.16777705274551308
### Sentence 262
0.17255019026227186
0.23150962220835253
0.18010893503437148
0.17535912482047672
0.21931513237485262
### Sentence 405
0.19035749564844068
0.19188837315653634
0.13271949718755843
0.21148759525731395
0.1814586928726993
### Sentence 431
0.07714793394424611
0.04255808095081884
0.11302991710962931
0.15811663724680144
0.09753663900744362
### Sentence 375
0.14592147276545184
0.18247882084587114
0.18593527620714478
0.22994022665874325
0.2085550901568294
### Sentence 389
0.17014992025255274
0.21507591427038983
0.2125218698500725
0.18815480218719088
0.26623260678140803
### Sentence 416
0.057950321691304076
0.06812335038976501
0.04369970801923012
0.06996243619557663
0.18514646090677953
### Sentence 12
0.14874873393520546
0.13475382208807493
0.1847226186074179
0.15159635598985668
0.1706832200274425
### Sentence 228
0.15649548747753103
0.18497387314998284
0.21366864981491368
0.2279453026741848
0.18705673899589825
### Sentence 117
0.23640985881917295
0.1251293527960225
0.12670431647683505
0.15870513248957457
0.13120506843192623
### Sentence 215
0.17884212015378756
0.12094550338863198
0.11710930080362573
0.13547105127114203
0.15915158398476292
### Sentence 311
0.16787639275405813
0.12134552133351952
0.2062359991352822
0.18170204188375083
0.10238199016264105
### Sentence 295
0.14768885502949325
0.16159706237173416
0.18392337586923055
0.1453044566243327
0.17398790586772125
### Sentence 418
0.08651727982919792
0.05370069878796221
0.1125331774338631
0.05566554100499161
0.03952157666092431
### Sentence 226
0.20206671501755435
0.16712018003410375
0.13783415790593995
0.2247477813206135
0.19571842122387287
### Sentence 290
0.19285165295161727
0.1408428762086126
0.18988652813252865
0.1608757111763761
0.14997177147764804
### Sentence 142
0.14177381758459676
0.1911403256487278
0.12274752418552645
0.20537261258015485
0.13860434931613005
### Sentence 202
0.17118825436522167
0.210863898388024
0.15727848651806045
0.2308709267191857
0.2387181810854335
### Sentence 37
0.165198603099654
0.1939808271847172
0.15757321296959528
0.12700724593779972
0.1560763053748795
### Sentence 225
0.20250894346654835
0.18566572580469057
0.1490103719535202
0.10313447732489436
0.11411342750817041
### Sentence 23
0.1576806869118165
0.20235750792551402
0.1412104713947412
0.1693236870713313
0.24099259141999832
### Sentence 2
0.06621068932151478
0.06000664258327971
0.05767207640292403
0.05502220868277823
0.03794965216374851
### Sentence 412
0.31550674465911427
0.15004953289714143
0.32153521231986393
0.398858657038685
0.19273957060711558
### Sentence 93
0.13246380375678857
0.2203842894930059
0.2893032907795176
0.18249508821879812
0.16990342381390633
### Sentence 288
0.18729558743226296
0.24636373299357017
0.21838445065168222
0.23705340109204426
0.2292604119429826
### Sentence 109
0.1989655781971534
0.18538126244312442
0.1664102534022809
0.21463715545874892
0.15398233976210193
### Sentence 377
0.17311357810771597
0.08528522712287119
0.14566542568485213
0.1834107432354293
0.10834105813152449
### Sentence 395
0.1556313383701223
0.17613421920381514
0.1426080582721694
0.21931740720357873
0.2021369365823868
### Sentence 62
0.1532732196748767
0.1445167990729198
0.127028971783264
0.15281332660229527
0.09625640859898292
### Sentence 44
0.14994899613360532
0.10952183065136828
0.15698847586585885
0.1047738160993804
0.1409549002196645
### Sentence 318
0.1710438762963507
0.20741080664395004
0.1710655217669159
0.14009384387957516
0.1835703617211384
### Sentence 157
0.2392286777291001
0.23234340772599182
0.18302304114381762
0.20343282433956228
0.175506331378133
### Sentence 86
0.16712455086555988
0.16941775689591076
0.1862571849861412
0.15354840001271416
0.18915821289205723
### Sentence 43
0.19606907691570374
0.14113714289962073
0.17938140379683284
0.16679437322380075
0.17146476185279808
### Sentence 29
0.14366948336424912
0.15922918324965116
0.15644153234566688
0.21074636921098788
0.22230451529404827
### Sentence 287
0.19698005713070638
0.16272492195168917
0.13768192193150033
0.12000821426843207
0.16538688261164197
### Sentence 112
0.2074979391911338
0.1486365703468218
0.1906972417462792
0.19061368262779818
0.23750970511278896
### Sentence 300
0.18115652158492507
0.15977796455389764
0.1934591048919817
0.18233547075156517
0.22781103747279333
### Sentence 201
0.10029320658544102
0.14513470131799294
0.20749055438599806
0.19307541796297656
0.1599366562695034
### Sentence 164
0.12659762561366406
0.1069364015891359
0.1490138566812649
0.17090296950212802
0.17240496788047263
### Sentence 245
0.12356870254274353
0.1504247933335901
0.1423094973061762
0.1299485361006737
0.10413766056572961
### Sentence 387
0.16097355565333016
0.18207432725935663
0.13929616207928158
0.1505092629740325
0.185838199472149
### Sentence 243
0.24472385089512885
0.21382223315586302
0.1671039098616441
0.15797164003918615
0.16358078673351026
### Sentence 340
0.13681557779969802
0.19880852736334548
0.12805889065562528
0.14645584712270537
0.17743835883095135
### Sentence 61
0.19615426255970492
0.22114662701219504
0.20364057764517443
0.1902145024830652
0.2388199216178931
### Sentence 351
0.1477166279099179
0.1859094758518222
0.23529390784414586
0.1681708700014577
0.23162998910913385
### Sentence 374
0.11649525255722139
0.13483664646499158
0.1470274918791442
0.12291462885258826
0.15116724375212412
### Sentence 320
0.2507114352151135
0.20655229544947706
0.22147033167341623
0.24739246932616138
0.22941445160033594
### Sentence 336
0.10626238207446317
0.15481927391628436
0.13507010153519944
0.21955126261724678
0.2115747229709631
### Sentence 309
0.17961136563862362
0.19639585489257588
0.19781796436896049
0.17987298218117817
0.15539165097678317
### Sentence 115
0.1776276663988928
0.15796853119766432
0.1949814979127817
0.19276090833069606
0.1487929323521049
### Sentence 174
0.22456492587009935
0.1715578972998581
0.17029023016604763
0.15806874003175875
0.19593151116927626
### Sentence 409
0.11794805449577779
0.1274877378383827
0.10162523612469489
0.11938719446148022
0.11286220405914858
### Sentence 271
0.0790929203862121
0.16804659135247607
0.13166648290539035
0.17409654968940788
0.12457566747231458
### Sentence 396
0.1711648980949831
0.10160495994565814
0.19202496152507834
0.11396884984601222
0.12412264224609068
### Sentence 422
0.04561667235745939
0.14741076270203735
0.1049362943301313
0.10814124170123285
0.10738211133588445
### Sentence 95
0.17406817729788912
0.187795985464617
0.16866459324173083
0.15581424135373226
0.15775589437422904
### Sentence 69
0.16081899431450664
0.2360850375349068
0.2020756203932432
0.1449518970408306
0.14967076516781433
### Sentence 390
0.20959171659676243
0.21936910909303495
0.1993613187177147
0.17542528006918692
0.18856067141120067
### Sentence 372
0.1591649577611032
0.20532828622776672
0.22081421009506474
0.1922396362306008
0.21260551421761856
### Sentence 105
0.1605647109579931
0.1808727948741789
0.17705309549185047
0.10068840711075806
0.18654242938418486
### Sentence 182
0.1832241272011521
0.17632667002485466
0.19272521655306438
0.13803337025999274
0.12776129035505082
### Sentence 8
0.026998037672504145
0.054929302096816734
0.06003233856245948
0.03888604317205236
0.029135525754857224
### Sentence 106
0.18079649796414146
0.1782963822296513
0.21818193508034261
0.21314037624237434
0.21655067659366106
### Sentence 410
0.1119736652285621
0.11095895252893105
0.15405050625612352
0.12838494400387646
0.08159917234342423
### Sentence 59
0.1966724880814475
0.20633402394937203
0.13253177227694687
0.20348477925032551
0.15850393999192638
### Sentence 267
0.14355400417200972
0.19232421687236376
0.1755890435053884
0.20807153926564928
0.21225944934616606
### Sentence 331
0.1446126540876604
0.21019175572370138
0.2134123130043793
0.1558087765220863
0.14367053447076958
### Sentence 156
0.17322990288052795
0.2608215714329554
0.13208004003477844
0.18977363515562268
0.16586303230960317
### Sentence 283
0.15317064466262953
0.1511620784523323
0.20714463290442595
0.1475675208248677
0.17254326260364022
### Sentence 442
0.12340292685557887
0.02505124758632177
0.1257815541307826
0.01508414078951209
0.0976300332460955
### Sentence 154
0.1253304156896247
0.1531346608267685
0.11545292775538273
0.14359028981359084
0.14197459592013795
### Sentence 32
0.15171785031025195
0.20730666423451197
0.16586631240933936
0.15220857134931667
0.13511335801521485
### Sentence 158
0.12226120791693569
0.16539578131839802
0.21184910016655814
0.18000873024457664
0.13443243491942897
### Sentence 421
0.0454540565975261
0.04982188258707703
0.07732905483972997
0.0852112694013866
0.059992129408519744
### Sentence 383
0.18829611571848442
0.15362779465423904
0.19245879020426163
0.1808390905643685
0.20298828061844681
### Sentence 392
0.17387490337639255
0.17191842157649898
0.2266899564087869
0.2255644951202188
0.17489092728303296
### Sentence 313
0.1640900138938085
0.1966483638819306
0.15179357146937275
0.1785840656345164
0.24132751879077396
### Sentence 402
0.25801135947434906
0.16164637025855613
0.1800284742489034
0.2583802209514898
0.24557955995873043
### Sentence 181
0.15777241831873645
0.1892806840217538
0.21559024956573175
0.14690932139558857
0.1576897028487288
### Sentence 365
0.204558093118714
0.24713236862259338
0.2465728733869122
0.3217546981311521
0.1718085487182091
### Sentence 247
0.18484677990132295
0.20129668831105116
0.2064624828538008
0.1898126109391323
0.1680955064077421
### Sentence 133
0.19790344013443495
0.17082479816725615
0.17207316018456628
0.16960468166315423
0.12182068724226362
### Sentence 42
0.16633648276824617
0.17466286113126372
0.20276738707870418
0.16806004531678126
0.15199191585198824
### Sentence 143
0.2199217019436319
0.17299907187004243
0.19090056196780536
0.18652733173739364
0.23951140648614808
### Sentence 391
0.20086325680175487
0.14556301659371385
0.13460530929401
0.17992206399534566
0.1655475156336294
### Sentence 196
0.1758699243253542
0.11775522278368658
0.18818512596391432
0.14210258708657536
0.14871397159766359
### Sentence 272
0.15432679029024565
0.16193157049904836
0.19938078853773206
0.1418994084607257
0.17177182724161696
### Sentence 430
0.06795395863306254
0.12281677409928994
0.07533138253962636
0.08212776825619358
0.030556252079850126
### Sentence 259
0.12683824032517377
0.19691806935167272
0.18096276523943686
0.12765197852504778
0.13098020460572765
### Sentence 240
0.19039031789403074
0.18797977561441162
0.21218875249558183
0.18991247222942545
0.2112963338196099
### Sentence 285
0.15969012486993467
0.24192999138831492
0.27324836962297866
0.1793253439939112
0.16677186361550553
### Sentence 52
0.1330297793571836
0.15769761843284083
0.24350119794103942
0.17957698985516932
0.11855113462560221
### Sentence 220
0.1920007168746978
0.24553053490059823
0.14519478933865623
0.18006319127694026
0.12206764797242732
### Sentence 352
0.22032570141026142
0.1776405051955613
0.19766140172777982
0.17117052083238365
0.20955657523133656
### Sentence 193
0.17506511519825974
0.21828896167501405
0.21574441696850144
0.21887902749719917
0.18749092541373266
### Sentence 312
0.19476186261967565
0.19315148389636477
0.173370231015661
0.20482248398760222
0.15253162241773494
### Sentence 323
0.15859414190517074
0.12821552567090716
0.2176638841087962
0.1650314768984188
0.13305105830359298
### Sentence 436
0.03158584016023208
0.01726757946073881
0.07292022030861049
0.02978480717245278
0.03923785304190541
### Sentence 242
0.1665577247679636
0.19409618967061573
0.15631457661448775
0.16459169276198599
0.14377863285310816
### Sentence 166
0.1310797740567473
0.11547350232138712
0.1349027716877747
0.12820351587216064
0.13051149026351716
### Sentence 120
0.22844170648659176
0.20684107671371446
0.24902295819061163
0.20041621823404057
0.20447367721818407
### Sentence 279
0.2006913259160177
0.1541746572632133
0.195351824308608
0.19793193478732524
0.1680580160213754
### Sentence 218
0.13108245100356988
0.1708576856111693
0.16621722537155717
0.1453070165735555
0.21144705459729077
### Sentence 135
0.20729848800275263
0.20643831550966657
0.14445062183199525
0.24760774763588875
0.21675258406967007
### Sentence 91
0.16805969735177054
0.2452056713404654
0.15576956494034827
0.18471431350122008
0.23616592523901134
### Sentence 22
0.21045759632989386
0.28186843334010514
0.2307592889709442
0.16442663360760218
0.16583846356726478
### Sentence 151
0.20301556475831972
0.1695829856655608
0.20326479300719277
0.20677802291338226
0.21042600810151785
### Sentence 102
0.23608862039020703
0.20517979969273567
0.23019148187174732
0.19442947931625537
0.20675551879001575
### Sentence 64
0.20633570020809966
0.2077530902052265
0.2377145145138796
0.142817175364084
0.21089501509013464
### Sentence 28
0.20511597420928812
0.19398268157339002
0.17182828782697523
0.20924720564047786
0.15148368279284816
### Sentence 246
0.20982228444430195
0.1935271145032723
0.2059113756021869
0.21142829104879823
0.18269455977241475
### Sentence 366
0.18676347474354849
0.1783255515437765
0.15747835599912555
0.13575827134282142
0.19674366072819277
### Sentence 45
0.1723901426513577
0.17697581181749397
0.20606908030041202
0.1725696790653262
0.1971005489339701
### Sentence 273
0.22223561654939186
0.18725224767260693
0.1853459997957583
0.18769271374686364
0.1732997196051578
### Sentence 343
0.18244108135016232
0.12956343837734888
0.13162891386343295
0.14633510842533
0.12594548936639466
### Sentence 171
0.2247321854014099
0.15239589381180052
0.1705000403199085
0.16964287436554454
0.14690883089558962
### Sentence 342
0.1763026997905234
0.2346169553202018
0.24929679289470344
0.20349549306057196
0.21626551861305215
### Sentence 33
0.09813679981865005
0.16468573680343618
0.15604493911105427
0.16391208805207216
0.18322759534283758
### Sentence 31
0.18722565398921243
0.18958023077376873
0.20579118627337095
0.2062259285792727
0.2631345266486737
### Sentence 356
0.17402468525847828
0.17112418612402552
0.18010766795530547
0.2179198434477376
0.11048859321445281
### Sentence 284
0.19359389725425885
0.2766759936811052
0.2563336435566959
0.21735076634514744
0.2651845733680991
### Sentence 276
0.12343865350923136
0.1534185143572783
0.17079072509482324
0.16226731356715382
0.12941524074803748
### Sentence 35
0.20526296817115677
0.14872304608845832
0.21282113481362572
0.2098386326163366
0.2181226870372327
### Sentence 26
0.22720110318030715
0.24498927108475127
0.255017052623299
0.2115193903009795
0.235346780969461
### Sentence 265
0.10254589020736404
0.19149397576025093
0.13296448634257058
0.16413168127811467
0.1660751590594157
### Sentence 359
0.21728011981729178
0.19973451278159632
0.14144824574610113
0.1782599959187603
0.22761734697352215
### Sentence 315
0.21990663692039783
0.17328542266535787
0.23308309582855213
0.20340285720683693
0.24176932311977495
### Sentence 20
0.15397385428495652
0.210768360257588
0.24194117838160517
0.15053534932800489
0.19357242926516585
### Sentence 256
0.18342940085727064
0.18715614211282552
0.12173673736698731
0.2139619277499665
0.15526795968799365
### Sentence 294
0.2060665414310126
0.17631252602212252
0.14251905146661586
0.21092528402696387
0.21108445976034326
### Sentence 74
0.18159449443061723
0.18239523401655072
0.24126332442668766
0.2026802071249551
0.20043271169038826
### Sentence 266
0.21811932460991565
0.1771115924337051
0.14896825475390363
0.15543769759456794
0.17007709050728084
### Sentence 381
0.15213490124281157
0.12798449069784523
0.1481305194323636
0.15490735595101443
0.12598471256897678
### Sentence 393
0.19628682475858308
0.17613179570669044
0.17606851537211504
0.16415657058227168
0.14150908139117338
### Sentence 180
0.15705632749237503
0.1776813943728647
0.15217134407615981
0.13571824879463792
0.17522924153429548
### Sentence 90
0.22014272320964354
0.19043584097557528
0.20180651093055568
0.21531567741915114
0.20334556895379485
### Sentence 168
0.11160963553463225
0.17212182018000208
0.21955792694518228
0.15298646453708145
0.12149115437439496
### Sentence 384
0.17365250660170842
0.130221322004125
0.07493346472767545
0.09845205863061403
0.13719208688823478
### Sentence 406
0.23329645159417534
0.2326726066392947
0.21295333429335836
0.1463567263798819
0.17367549071455854
### Sentence 139
0.19453414378755993
0.17491560237642312
0.18370948515942007
0.13152255637691346
0.2035347458455088
### Sentence 125
0.1675282487917497
0.13421809922439173
0.22298923860551156
0.20889800077076157
0.1716616117050791
### Sentence 165
0.1527297861711532
0.16689223242344312
0.20839046512645773
0.17604145596096935
0.1663275442972124
### Sentence 188
0.1641420671614231
0.16631214342057332
0.17656730646662047
0.2008852520907599
0.16005432957802013
### Sentence 153
0.16718610371425402
0.1443283090323562
0.15404968254464893
0.21071079309178883
0.2069311534487068
### Sentence 96
0.20468678943139826
0.1815109221702331
0.203870945648672
0.20181296693856499
0.12444016688453906
### Sentence 264
0.17496353379164784
0.20584495720245516
0.13634610208738102
0.191605896673222
0.24510335732766814
### Sentence 144
0.20002174697951366
0.13314085784581503
0.14507181697672372
0.1873415935877939
0.17513872083649182
### Sentence 116
0.1978092719268211
0.17807286781312667
0.19520998006775886
0.1741472626157474
0.24447523399335597
### Sentence 200
0.2237109569253367
0.20069610601068436
0.18835269092238666
0.17493684196363954
0.12378953988918039
### Sentence 248
0.17792355684240763
0.21389228909095095
0.20549897490416236
0.15403347085265656
0.15534986250872299
### Sentence 357
0.19155077974858953
0.1680852378756559
0.16394369013539078
0.18751516079425695
0.21594935869848356
### Sentence 298
0.2084932916465782
0.24382767167655248
0.16881212890496777
0.18913013269169723
0.16051869676848024
### Sentence 103
0.15584049360746002
0.18894911180066998
0.21781620989991618
0.21308729759678638
0.2096385593622576
### Sentence 92
0.11350226000074025
0.15890857336331174
0.1714092759075751
0.12795582018733714
0.17805665388253591
### Sentence 258
0.2066853709466916
0.1841434422494355
0.20195238275667335
0.26292514774190784
0.23307577746463648
### Sentence 199
0.17304773542739685
0.14794078125163923
0.18550177150297917
0.16533507344845969
0.15603433048627408
### Sentence 224
0.16083843188243405
0.1989752255607428
0.21237077955642486
0.18794262951833296
0.18305612485086845
### Sentence 219
0.23770406791442902
0.21966087551516614
0.21904083514022085
0.1857911167250665
0.14759316252313376
### Sentence 79
0.11726213452527437
0.1772552264013352
0.1688433085208044
0.172542627146505
0.16771412500925523
### Sentence 128
0.18504181194843922
0.15168546652948042
0.17377010867582188
0.2048093805205927
0.15060765567325018
### Sentence 239
0.14082515231047274
0.21075308788931288
0.19179585716481237
0.1672868626806327
0.1131933375345186
### Sentence 302
0.09249939244162093
0.18866857782800847
0.22333787310799105
0.13436891960813183
0.16095327368632778
### Sentence 335
0.16432497368416527
0.22658000452022756
0.21540648259375592
0.11865412692885179
0.21359345863060347
### Sentence 304
0.17393181061101523
0.13997766540529288
0.14836612854613135
0.183843115338281
0.10348638927747746
### Sentence 99
0.17819606152208756
0.1923984489684058
0.2246429668664914
0.2314002990406754
0.1418301461202553
### Sentence 230
0.17975655911093236
0.1719326181916982
0.22544464031287434
0.15762425755235196
0.2234328490790987
### Sentence 46
0.15840456817957707
0.18177196127975317
0.17245128195601322
0.11553021621874462
0.21943327552505237
### Sentence 147
0.18130189548756845
0.12975692811702721
0.11935451335695807
0.18891405019160226
0.14616305135014565
### Sentence 321
0.21920765995351887
0.18149010832989362
0.1880473242146094
0.2140100001267917
0.21327699873924083
### Sentence 85
0.21262667428172985
0.18933765647354114
0.11121571228646547
0.13169093111285463
0.1441078851214211
### Sentence 83
0.13506543837888565
0.11442694191290506
0.1526330761905823
0.14636171470883352
0.18605172728041258
### Sentence 138
0.2108530094392192
0.17855734601514547
0.20086136865735912
0.23563140899712978
0.16100531269228774
### Sentence 122
0.1981060363408054
0.2333307601145367
0.16508216769777573
0.2624069832619979
0.19338054888944042
### Sentence 222
0.23029578873001588
0.1408150330309092
0.17235026119542146
0.16780636146921407
0.15869918978487588
### Sentence 179
0.2794684473774679
0.18797671829106036
0.13432323768766755
0.1948474915289733
0.22037136276526156
### Sentence 238
0.1343404160442963
0.13381236033900962
0.18239820113260147
0.14894708657808747
0.13356986964381687
### Sentence 235
0.14014531649598982
0.11230689102918995
0.1759149218933662
0.1258580845064819
0.22439528878202045
### Sentence 159
0.1674356444727645
0.13952051664779908
0.17775129114658667
0.11714201656284781
0.16702284600003298
### Sentence 231
0.19129255059976963
0.15198895514420263
0.11274394258976483
0.18887497783370516
0.14200264303456805
### Sentence 326
0.1899930403555133
0.1645488424129786
0.18693969051231668
0.21783748020435187
0.18224345760794092
### Sentence 407
0.242661000967269
0.2055549232614615
0.26191729614542375
0.21765826567175087
0.22940514183137076
### Sentence 269
0.14289814667073425
0.1424354290591568
0.20694920590192004
0.19317475293090297
0.17272943575927555
### Sentence 433
0.07779675220557491
0.06408438115308042
0.07670366005359883
0.04257298645157269
0.0660913515570656
### Sentence 426
0.006763005650848202
0.01872145914805317
0.03097952991102561
0.033369347440433364
0.01617253855875047
### Sentence 348
0.12767219329173873
0.1839662450132158
0.1820350943472983
0.12712542864220808
0.10155955405546957
### Sentence 329
0.187781761045513
0.18548981716479698
0.17595291214716308
0.21047741168694226
0.20205815869693533
### Sentence 270
0.143955968254223
0.14030708204115833
0.22994280633121822
0.149957570078711
0.211095667050415
### Sentence 307
0.18065902633410952
0.2421507832234866
0.22437827630875387
0.22006293069588334
0.1877845043191666
### Sentence 21
0.2178629760971245
0.19790227462560836
0.1767750501223646
0.23483369061813
0.1275855128353469
### Sentence 293
0.12889941031141908
0.17443877357089724
0.15225254782260722
0.1165345052441516
0.1701417498876594
### Sentence 306
0.18165214019202675
0.16164994199616262
0.15984229376276518
0.19432509297514491
0.19747660545845938
### Sentence 11
0.22297917045106896
0.17777211694764974
0.1461981556766849
0.16198692054303288
0.17856342006684636
### Sentence 108
0.17000669051727327
0.11348677212290872
0.09597391307041123
0.17777278838647675
0.15840497899562783
### Sentence 401
0.1593131302523813
0.2062009677860003
0.22916581154504215
0.21311709530534712
0.1544615941035192
### Sentence 210
0.14904186434746708
0.16507214271217216
0.17940523899360605
0.14629820872050753
0.149203160304637
### Sentence 413
0.2747501115248159
0.25760679730482494
0.21406688538717386
0.3329030070633826
0.22812760013255567
### Sentence 216
0.2415408656002433
0.1958937644533906
0.17740460826032337
0.1760983931832962
0.22716519837111565
### Sentence 358
0.18341168713398834
0.16577668942510598
0.23185464397304803
0.22087795190976237
0.23101004617592338
### Sentence 57
0.19777245144903063
0.17456041578192083
0.21616681355495954
0.2330122774646626
0.1895683277171163
### Sentence 67
0.17859069413926512
0.22672883101673258
0.1621199188252829
0.14312098346306348
0.16012591647700242
### Sentence 186
0.11771209372987128
0.20761921916891585
0.20107525059662795
0.2264112101553832
0.18902459646644604
### Sentence 206
0.17881583068505463
0.17474285825553004
0.20471934404131403
0.17063546009307018
0.17848780647981927
### Sentence 217
0.183739785532876
0.19198515152317083
0.2268728796386546
0.16422303325904614
0.17852858293398488
### Sentence 338
0.1807866955347137
0.2002027620974555
0.2083559784640535
0.18957954619659784
0.13633329876327424
### Sentence 303
0.1943004282910273
0.23547081960846272
0.2123070761610092
0.1909825029902847
0.16466382315590888
### Sentence 420
0.15158375992540155
0.09081588196527997
0.05908296207594913
0.12240694925047145
0.08361464696336557
### Sentence 1
0.08248200364328673
0.036429554819595825
0.034137822509907455
0.055390506615621636
0.04220505575777848
### Sentence 130
0.21086751966396902
0.18611181467133536
0.11321955258591013
0.20344214701036875
0.1553038716422718
### Sentence 141
0.19095037359338532
0.2004982243449759
0.18423525855656506
0.22673819663170136
0.21318926607594715
### Sentence 18
0.2461647048631568
0.17718372553948716
0.19891608552960188
0.26311736602931907
0.2705374906551352
### Sentence 172
0.12297208938487252
0.13267620953582462
0.1639606410280496
0.1406470384819968
0.14651936960506015
### Sentence 152
0.17818398220625067
0.1957860608964486
0.18608085370678468
0.2031288961878192
0.16107164711521837
### Sentence 75
0.19108142019191168
0.17994104753572715
0.15554442093918933
0.14682160975874747
0.22634647197150287
### Sentence 344
0.16508469224975478
0.16268939142613464
0.22615071847585158
0.18071063324314615
0.1731333062282336
### Sentence 440
0.07412462245265458
0.039704174090974896
0.07072879958304974
0.03208040083599435
0.035037434272365484
### Sentence 118
0.2282625118892606
0.21748432503223994
0.11617753771171611
0.15833538184983287
0.17345615651542562
### Sentence 364
0.1746669062061173
0.17665900416448488
0.21498540796125296
0.1665311173905227
0.2163639616100551
### Sentence 178
0.21520279667310396
0.250615194551058
0.14844459083438116
0.1670006417569464
0.17479616312092897
### Sentence 429
0.1299719570157759
0.06785798111356477
0.06736724733125422
0.10908857808653755
0.016574953589097295
### Sentence 10
0.13298731614310022
0.20433680640879173
0.18800415173940893
0.15803187729912124
0.18632331551542813
### Sentence 376
0.14802957507632383
0.15408105984332893
0.20779697690710391
0.2119666121132907
0.1741725715015608
### Sentence 237
0.14132579707100304
0.203543805787358
0.2245785279859046
0.1989795563643516
0.1904649988263749
### Sentence 341
0.20955048999178336
0.17111208890105428
0.17715693731769216
0.13863600321149616
0.12382624064836144
### Sentence 49
0.19414988335601785
0.20531100601207464
0.1848493143704198
0.17696638668703196
0.21237902892088534
### Sentence 5
0.009529239306940286
0.025802670712987082
0.02106694671582929
0.017262987291713276
0.010197936169279954
### Sentence 94
0.13715664948129527
0.1546369956534971
0.1372001531531916
0.12283834226476455
0.12948447518090792
### Sentence 54
0.1783592689312583
0.18999158390124193
0.15722325831862785
0.24785538132161847
0.16412988268116976
### Sentence 275
0.2067473926480622
0.22336573309480437
0.23965544523161442
0.18551624750082277
0.2110763177271846
### Sentence 132
0.1372508182875259
0.17816669716930125
0.19231816270671634
0.13159971646731822
0.1611801947530816
### Sentence 148
0.20279196816008524
0.14678973323865216
0.2185216400049547
0.14566921713908948
0.11227984664896166
### Sentence 58
0.22290955049176875
0.20307399474296137
0.1941543375901793
0.21478713774840688
0.13187417708617497
### Sentence 398
0.14065050769980522
0.17333797428292394
0.14378110177297296
0.15598593554339227
0.17917356849394953
### Sentence 55
0.21729553720908582
0.19769703434305472
0.1995046006528529
0.1854329886976509
0.21646337728442966
### Sentence 145
0.19865311138819297
0.18931977276263343
0.21192262728166264
0.12018729781200263
0.16239307528766747
### Sentence 63
0.16724875206870343
0.17616911925117298
0.20909403538053037
0.1590211827421844
0.20039877960944394
### Sentence 209
0.19914326857628817
0.16475479107288954
0.1253084249026373
0.2541363397380684
0.23883968609532696
### Sentence 297
0.15803688487132855
0.21495205692698888
0.21634479335747053
0.19286968507296354
0.14575369670002747
### Sentence 161
0.15356821825107336
0.24142456588396516
0.17427748317258518
0.23830438101771403
0.23529544438174396
### Sentence 51
0.1981074180309315
0.16257445677310126
0.20150118987202453
0.18943104078861941
0.20758858328262844
### Sentence 345
0.2135261946932048
0.1960986357340883
0.19953233221784725
0.17836525905376743
0.18213999594605657
### Sentence 428
0.03892460199231366
0.02423058239048006
0.02109100985725884
0.023295357320279535
0.01039718950729864
### Sentence 100
0.1831450003880161
0.13890949862663157
0.13655127946478968
0.11976525943892728
0.1385623218603815
### Sentence 253
0.16875385718049535
0.19685696727111623
0.1640571965574541
0.2180063720746468
0.11770860242163181
### Sentence 162
0.12157626554810412
0.15172090208127753
0.14198513784071848
0.15960113633912595
0.20786577686688182
### Sentence 385
0.17280875455229897
0.141696604556125
0.16478970704551618
0.1555686838640635
0.20927044276846296
### Sentence 221
0.23309925577581178
0.18924061391806452
0.17569110274179928
0.2243642189588115
0.21458889773661513
### Sentence 124
0.12895690386666678
0.14620433161555468
0.1543117245683983
0.17186656370713863
0.1473316383201376
### Sentence 34
0.17452988629969898
0.16447709251546494
0.1701781121435212
0.18782181272241538
0.12994947161922865
### Sentence 425
0.02626711387143743
0.020211269837546886
0.03230838033589118
0.019135742866583958
0.02942242622388166
### Sentence 229
0.14097119690231044
0.16067745602139302
0.13022830706900765
0.20337729706988006
0.1874048330806963
### Sentence 72
0.16980590504364038
0.14039714469828088
0.2120780730728985
0.1864260317639246
0.14727554535174317
### Sentence 131
0.1016123911596107
0.19179734528621065
0.19743141097465278
0.07191022905027479
0.13732312587759019
### Sentence 301
0.19738246959257782
0.2670471950981566
0.2247133755996008
0.16649834050736784
0.16780248337427664
### Sentence 47
0.15892977727524857
0.18581522500303843
0.16345540901042194
0.17032060741916194
0.2226434992231263
### Sentence 400
0.18307822523536707
0.17623510685267307
0.16574640155612666
0.19343121119485043
0.23283997035238688
### Sentence 369
0.1446289728816591
0.2469035246180399
0.1789760137966958
0.15980628958702076
0.15291450799168557
### Sentence 13
0.19333395742381124
0.1734709485152917
0.18407657022786278
0.20647594671979033
0.21854113090148256
### Sentence 68
0.14816219991791976
0.16590535985205412
0.2051019056022136
0.18325855881714134
0.1756594146680425
### Sentence 261
0.16309669192752776
0.15596663382185758
0.12160645667330161
0.1753511437463949
0.14854329974916652
### Sentence 41
0.1610716281228227
0.18862911060784626
0.18845101845057105
0.13502629304716246
0.10860409718686244
### Sentence 386
0.2381560042103615
0.19113468521354213
0.13222925313529638
0.2291358919194235
0.23528573417219897
### Sentence 177
0.2046504626866765
0.1843163594528286
0.1713680308404491
0.19685349697188562
0.21179344563948208
### Sentence 332
0.1884610723383084
0.18686670759106233
0.16865816415165208
0.17753228798452744
0.1489991122631968
### Sentence 260
0.2056329074510891
0.18709374638471782
0.1571508848968543
0.21248785882573473
0.11455290128624779
### Sentence 212
0.21374066874634493
0.10388779946051482
0.09859996520266115
0.1578323355732467
0.14018348491069343
### Sentence 254
0.18863575455299533
0.19146688476631868
0.19326072741067554
0.1800901925026958
0.1606194402403676
### Sentence 444
0.052229426633698804
0.08858436245312733
0.05620067944701748
0.07868889103961425
0.08054400022980523
### Sentence 308
0.24548860328160718
0.16172438047617457
0.1967666934593311
0.2144387600079701
0.17175580411861566
### Sentence 337
0.22506637273981758
0.18848265849068893
0.17052948967016465
0.18539903854653964
0.2339882928405994
### Sentence 0
0.05099922795618681
0.06781578286822926
0.05924559566937768
0.040613093818501006
0.01723508324094492
### Sentence 3
0.04931640076504229
0.04192209445974278
0.029066504947462605
0.03570382934547134
0.014169008861285139
### Sentence 399
0.21930589432684955
0.18440653926762834
0.23493112106428388
0.11276855123668537
0.17684367406729906
### Sentence 70
0.1583136523014799
0.17685136182735584
0.1798938350333772
0.18354211616446944
0.20527236238996122
### Sentence 346
0.22045493633325133
0.20977228780893872
0.1636812081710553
0.2039253001347255
0.17074932029041642
### Sentence 98
0.1770351104723333
0.1942704188862944
0.19952167578138089
0.15979065138310375
0.17138168849707308
### Sentence 66
0.19255100481324033
0.17711478656520543
0.26065937998874406
0.20730853949958084
0.1412316775604035
### Sentence 194
0.1717957934115899
0.14638170388970395
0.16712340628803174
0.17465364511805315
0.23312288440916473
### Sentence 89
0.18133888524747335
0.21068020302460658
0.21957044976213744
0.17523382311884633
0.17887186341420666
### Sentence 419
0.10871994513834067
0.10246434734039517
0.0646681785315052
0.03612568873457366
0.08148158111786542
### Sentence 104
0.1087752681735209
0.17552110099309035
0.1860217576330463
0.18487103414887066
0.13993023056857973
### Sentence 379
0.18649427540037597
0.2502741105582306
0.20938147949604793
0.16240461324625352
0.19198440467336778
### Sentence 7
0.014620728882745916
0.03447341665905136
0.04665525340867523
0.0340888138107051
0.026656192739830904
### Sentence 330
0.24318357023384515
0.22779366482235341
0.20754056385458572
0.20073030243976903
0.20596260237023972
### Sentence 146
0.10705005622161386
0.1669118135696252
0.15091446101004227
0.1366936123649353
0.12531446941545502
### Sentence 236
0.2454756764514743
0.18886215337417028
0.2019403816841427
0.19745652787227827
0.19879185906525637
### Sentence 87
0.22559404385527237
0.190204035115979
0.16356966316714447
0.19243148689952758
0.21218522550533064
### Sentence 82
0.2002703728142321
0.12961454360220076
0.17971784567646337
0.16019559710210637
0.17756294624809243
### Sentence 175
0.2112747876025808
0.16011056950182645
0.1907473246760282
0.16783329563658214
0.16849356948590552
### Sentence 286
0.1665407025241258
0.17045391678041846
0.2273913395599584
0.19163239368821083
0.17604474538702458
### Sentence 6
0.06233320466726627
0.07889249944434873
0.0869532181701261
0.08234110810511895
0.08249144881792843
### Sentence 119
0.20133437528446052
0.15397064444682704
0.15014987994695392
0.1956961728073629
0.15379954729195092
### Sentence 208
0.20663854124642347
0.2296327175943422
0.2240357317081278
0.15721014858444055
0.21219147869107874
### Sentence 327
0.13644626979982163
0.15005524806472334
0.10323227384274392
0.11145506866716393
0.17389027593640996
### Sentence 241
0.17058740757349433
0.19049692585029313
0.12328214990525334
0.1390589215278892
0.10490739092718834
### Sentence 185
0.16098960697674575
0.15294826511754617
0.20489253246446204
0.19156391507409223
0.13636246841959757
### Sentence 411
0.10161529713616559
0.13775484887232262
0.32292793328653
0.1978081754438908
0.1999442355744929
### Sentence 4
0.041004967321455275
0.046408505816222925
0.034214724345265415
0.021618781749109552
0.03833364021603345
### Sentence 36
0.13471059415985318
0.2027203278670637
0.23355065364147512
0.21746044700087952
0.17204680958213273
### Sentence 282
0.12144161532832294
0.16009020528583015
0.12853408284268417
0.1817876669451906
0.16606257040770928
### Sentence 15
0.17902623269236712
0.14032538065779285
0.1469641915588962
0.1361753312195034
0.20248549771436247
### Sentence 368
0.2088053535597206
0.21565393425184662
0.21336718058247872
0.1564196301917324
0.24883447630011188
### Sentence 30
0.1313751117557791
0.16109446490022947
0.20743778370518628
0.20848308812336222
0.12179075495707774
### Sentence 195
0.17045269674427793
0.13336677125984278
0.15891240742398477
0.162820276253546
0.1800555040650222
### Sentence 445
0.014117536400510075
0.036011324385982695
0.0382499702525929
0.021823268150349236
0.05303937983154266
### Sentence 14
0.15378453118820906
0.22318527512641326
0.16604450651231317
0.19607698969208812
0.24937029729027851
### Sentence 197
0.1525820744485534
0.18316645718191712
0.21313840901327405
0.2043844526769401
0.15130838536253832
### Sentence 134
0.26014485850279506
0.25496977618487415
0.1925997071641802
0.2334135125779734
0.15650124976512222
### Sentence 432
0.28240226705675125
0.17857760751873933
0.31035768809354797
0.12919748756301305
0.12447299936868111
### Sentence 360
0.1522210216646505
0.1705651898482039
0.1965165525557504
0.2257229583517522
0.14774002643345274
### Sentence 167
0.2084263572198291
0.18168295124223818
0.22020298523612367
0.18382191510839274
0.17540020625517888
### Sentence 232
0.17518199105946453
0.16865196624989354
0.14818389815879893
0.20683688611272805
0.22624751516112174
### Sentence 296
0.19985317650888446
0.17723447034118317
0.17035154624711402
0.12834090069408433
0.17109013729560954
### Sentence 363
0.2043539248878218
0.13065174519920938
0.22228379476588006
0.23363543287868413
0.1832807161529881
### Sentence 184
0.14611550864587855
0.19450182271937008
0.17823013476830918
0.16994487435047004
0.15202856046273366
### Sentence 403
0.15596066011653145
0.16239545679461043
0.18818600406668115
0.1661171201988217
0.2135196694116655
### Sentence 370
0.13823388328340497
0.15676000927594402
0.19893527384015688
0.19527227348560464
0.19292514674449426
### Sentence 354
0.180325974766023
0.14332541979190627
0.18031052468882164
0.1523852680519635
0.12446174951438818
### Sentence 114
0.17780759060190832
0.1370969180138327
0.10966196879602168
0.1731089899157748
0.14515412586176107
### Sentence 207
0.1698871108203801
0.17061417774708648
0.18033342454661222
0.2171139448220889
0.22672716028107803
### Sentence 192
0.22328010694082098
0.14218565617858087
0.26729672705092833
0.20690190664686992
0.1619609960553023
### Sentence 250
0.1815388228263958
0.19624116675344222
0.23404477416065822
0.1311348505528995
0.1295145341438242
### Sentence 80
0.19432255856250777
0.15983388645651667
0.14922936136199935
0.14590542851770255
0.15100198139076212
### Sentence 443
0.03658033597181698
0.021013976500250883
0.021436179848204732
0.03270078557966519
0.0401997937324007
### Sentence 227
0.1468136950146702
0.18032575337446702
0.16966077898236026
0.20350497325429692
0.17730034119394886
### Sentence 415
0.0327702764639951
0.01930029989916919
0.020730813699389915
0.02760096239269065
0.024292171019973805
### Sentence 349
0.22383231290218708
0.19076442457061993
0.16878110835778332
0.1890547959208901
0.17616295950687413
### Sentence 388
0.22270702372076007
0.13201455961307845
0.1294307151943245
0.24166735429518865
0.1797769075277164
### Sentence 191
0.16369131088503772
0.1391346162717561
0.1579539497108346
0.18205653627387627
0.18014232405287245
### Sentence 39
0.16910711405257267
0.17072252220204184
0.18943717884964012
0.11963461672997376
0.1702142407296436
### Sentence 263
0.20328224758209282
0.18928580412782067
0.1340290780453194
0.18969898280487815
0.15919110761566002
### Sentence 251
0.17009451630439196
0.1941409344694806
0.2650831375134638
0.23794764564052695
0.18554648094579754
### Sentence 305
0.16470476817693663
0.2221619111432739
0.18359209464810047
0.16874524935801655
0.18816456848889834
### Sentence 291
0.1782943696741909
0.2230652835641482
0.21237232409842327
0.21760649844071167
0.23656056115906954
### Sentence 183
0.16064721312984262
0.15640109234971852
0.15797988341488042
0.10132390836880896
0.1504902407239051
### Sentence 38
0.1656024343941205
0.15658990117514468
0.21520040740371063
0.21552991287470166
0.23371285356487942
### Sentence 289
0.1657484028817241
0.1508124466299872
0.09311364692070515
0.12714985659482103
0.12746634252238317
### Sentence 198
0.19433271500425317
0.158418308318687
0.1371625245835626
0.1576941681536972
0.18608052536164776
### Sentence 347
0.16258449745050613
0.17683810001087472
0.1284772911521442
0.09833467021871901
0.17434157174574977
### Sentence 333
0.2347816534400525
0.27202878963314625
0.2273530959942624
0.20283560511500562
0.22164243036088307
### Sentence 397
0.17375913237497714
0.16924480577319187
0.1508000784597598
0.16951873202092496
0.16297927559289263
### Sentence 121
0.19331680285751004
0.1693421344421726
0.1416522973600455
0.20295012609922505
0.1345622725854804
### Sentence 255
0.1865131267566722
0.13794610220248527
0.1616018164507355
0.12595279862462178
0.19122645226798637
### Sentence 317
0.1453539554630265
0.21240040633420362
0.17264704099808492
0.149426664000196
0.18220972759617377
### Sentence 24
0.25322372353955236
0.2559492977354326
0.23736720195803077
0.23822743963794704
0.21306887199991595
### Sentence 441
0.07890597920933967
0.07437695434884825
0.0029480920208882666
0.0023933840846136582
0.15323014613744265
### Sentence 292
0.23137087410725457
0.20152919899974717
0.22686061389968534
0.23886293507943712
0.15706935347501705
### Sentence 380
0.21292908545670095
0.19236806936175657
0.149978659041143
0.23726819984879216
0.21045152645839837
### Sentence 176
0.20022237904485743
0.14243583619962144
0.1439351129977048
0.17866321316036207
0.1413649617376947
### Sentence 350
0.2432369755998077
0.17604302548502135
0.21704597331203376
0.21966414944185964
0.19329104150830137
### Sentence 19
0.19882190180821127
0.19837630461843975
0.23263412555413598
0.2491542531645424
0.17816680088101358
### Sentence 408
0.1492977860604434
0.1648616510477074
0.16123817919595654
0.21216704883069007
0.09615566047061279
### Sentence 48
0.16153694943357394
0.18182432304225069
0.1396967172833819
0.13805589102753343
0.11967424056408198
### Sentence 123
0.21688141744853923
0.2122210281179562
0.17258070008870688
0.1625823159043735
0.1534220107337722
### Sentence 314
0.12587512859452823
0.17424877756859605
0.19177311940982109
0.18877747556555374
0.13420901044434566
### Sentence 328
0.18440775306690366
0.0932760601743501
0.1294505974783287
0.1240509525748036
0.14774902464977285
### Sentence 414
0.17342308703924963
0.1117519730179226
0.2188240095200221
0.18877157852008683
0.2388954532600199
### Sentence 204
0.22173969399964508
0.20122369638846857
0.20542331456698856
0.1973077057512104
0.19926866490750483
### Sentence 394
0.16786451857496637
0.11285369253841468
0.20398607431525556
0.12749135336028958
0.20741297857092747
### Sentence 111
0.14889387297841583
0.14949135696200297
0.20399505991704756
0.2176252038517828
0.16151339451690006
### Sentence 316
0.21791350062015002
0.14941354827939388
0.16806823091175058
0.1623824883123501
0.20211001666307948
### Sentence 319
0.16069977841368419
0.13522334265707014
0.12933192973090651
0.12611017625754428
0.15558891989192764
### Sentence 424
0.014578607810018324
0.03518871314231696
0.02283974717096926
0.014122899416561942
0.026609994643947543
### Sentence 169
0.13050197740252528
0.14357209800888585
0.1592041696502699
0.1555147290189199
0.1820753572493551
### Sentence 9
0.09638608518729846
0.10930292893805214
0.11766872314880106
0.07818704301682054
0.09151870090499145
### Sentence 27
0.2870170165212989
0.213273309735186
0.23798642418094268
0.19561551602964594
0.19633999283639159
### Sentence 113
0.19158832221612784
0.2228843445118804
0.1663581809105882
0.18562588351949977
0.23504635756251432
### Sentence 25
0.19251138281197736
0.18809299670803858
0.1865630765437612
0.20846287046068895
0.1424226241502604
### Sentence 53
0.2147585560587981
0.17327764896207465
0.12915857526219113
0.19657781527111437
0.2307138857471012
### Sentence 126
0.16773916401939243
0.20636681308233984
0.21966830639012122
0.17543819135404856
0.23601861428929435
### Sentence 107
0.17976700195563597
0.18476905435525187
0.22134359470175144
0.16356467542545133
0.15694989609052817
### Sentence 88
0.21115211622447214
0.15649305335402716
0.18279171790298676
0.18373003265845023
0.22872896685332147
### Sentence 127
0.19536673851180802
0.18692473217250447
0.18536776439052685
0.14194323903395206
0.13871522558992858
### Sentence 278
0.19585636682884408
0.15114328547634828
0.08812000312009298
0.14343491252343968
0.11282357902383389
### Sentence 101
0.14857621527461976
0.13239419913113337
0.12616783130698694
0.1550141225660526
0.12983197995317763
### Sentence 173
0.21509072589946723
0.11721140143175166
0.23781579960370824
0.16579370402555055
0.24595107515561188
### Sentence 371
0.18951484481336922
0.23173972430735393
0.16102319292908973
0.17149178330868797
0.2493780594314165
### Sentence 189
0.19184767970909167
0.19113279086396248
0.1519734329744725
0.20368444331472566
0.18378399053433223
