25
28
23
22
19
13
18
21
22
24
35
44
46
57
59
69
74
67
40
46
66
118
81
84
74
58
95
97
75
81
108
141
128
150
134
72
76
105
90
108
66
62
61
69
73
17
21
35
29
23
31
25
23
30
28
33
31
20
23
22
25
26
24
27
29
27
28
25
32
31
17
22
25
19
27
23
34
22
37
26
22
20
27
23
24
24
42
24
37
20
19
27
25
28
18
22
25
18
23
35
35
25
30
33
31
27
27
38
34
35
18
14
24
26
23
29
29
26
34
34
47
68
56
57
55
50
43
49
48
58
37
37
50
47
48
33
43
38
33
23
44
44
34
34
52
35
53
49
43
35
34
47
30
27
47
49
32
38
41
30
37
43
37
35
46
52
40
37
33
29
42
39
50
37
43
36
44
32
47
42
33
38
37
33
31
37
48
51
33
32
45
43
50
35
33
51
38
44
43
49
39
43
48
37
40
45
49
39
42
50
41
40
43
50
36
46
41
50
44
38
44
59
46
57
49
32
44
41
54
31
42
36
32
44
48
35
42
38
37
50
35
29
47
53
49
29
28
35
29
31
32
37
43
34
45
37
39
38
44
32
40
41
32
34
33
26
49
38
37
25
51
47
38
39
43
57
38
45
51
32
29
25
44
41
36
39
47
43
36
45
45
33
42
37
45
51
43
48
22
37
38
32
37
43
42
33
36
29
45
46
44
40
44
41
44
36
44
44
48
31
36
41
43
44
36
41
35
54
47
37
45
51
37
29
33
37
38
50
43
41
44
41
30
36
26
38
27
32
40
54
41
38
38
51
49
48
34
37
31
42
44
52
52
45
47
48
42
45
40
41
36
50
37
34
45
52
48
31
63
38
37
44
39
45
39
37
38
42
40
30
46
40
41
43
41
43
40
43
44
44
49
38
43
44
32
40
47
35
27
34
39
46
56
40
49
41
46
38
32
42
35
36
42
30
40
30
39
35
21
44
40
41
36
46
56
46
45
40
42
42
35
46
42
23
39
33
47
43
45
37
52
48
46
48
41
30
31
35
40
47
43
34
40
32
31
45
40
29
40
42
39
33
51
46
41
41
40
25
41
44
61
33
34
39
48
43
38
40
47
49
44
39
40
49
43
45
36
38
42
49
43
45
48
52
41
44
36
36
32
56
36
49
40
51
50
47
39
38
41
43
32
29
27
34
37
34
44
37
50
45
35
49
41
41
37
38
29
37
34
40
32
51
50
44
50
48
31
31
46
36
34
31
33
31
44
37
51
37
45
30
31
40
47
40
53
56
37
49
39
42
48
45
48
49
42
31
46
42
44
40
37
30
43
38
38
56
40
41
34
51
30
42
40
46
43
46
49
39
39
31
39
37
37
36
35
41
35
35
40
42
41
41
46
38
44
44
29
36
42
38
49
28
44
33
42
34
50
34
20
41
34
45
40
39
33
27
39
45
45
31
44
39
45
27
46
34
29
39
46
45
48
41
45
43
58
46
56
34
46
44
33
43
43
52
27
40
39
33
40
53
44
42
43
37
36
31
37
40
43
44
41
35
37
40
38
28
41
31
39
35
40
36
35
35
39
43
32
45
48
35
37
47
42
38
45
45
41
26
35
32
53
38
44
29
33
29
43
28
29
33
47
53
43
51
39
53
55
51
50
55
54
37
37
37
30
38
32
46
36
43
40
42
33
36
35
47
34
34
46
47
45
52
54
39
53
42
32
40
39
38
44
43
45
46
43
48
40
34
37
62
42
41
50
34
53
40
32
29
40
44
38
24
36
30
51
58
40
48
38
36
37
40
30
38
39
47
37
39
40
38
40
33
25
32
36
53
47
40
29
35
32
43
42
52
26
40
42
34
42
57
56
51
43
35
29
42
36
41
52
30
43
38
51
40
41
37
30
44
42
34
46
52
39
53
43
56
31
35
40
41
47
34
36
61
44
42
39
42
26
38
28
52
46
43
34
37
46
56
36
42
45
41
42
36
30
41
39
45
46
42
38
44
44
38
42
52
39
50
46
51
35
38
37
46
34
39
49
54
58
65
53
40
37
39
42
47
41
40
41
45
32
50
30
34
38
36
38
48
38
36
41
34
26
38
37
39
46
55
38
48
40
39
41
32
41
34
44
39
28
35
44
38
44
37
44
34
54
46
37
52
40
48
38
48
52
44
43
45
45
38
46
46
53
53
52
41
29
39
39
35
31
47
34
39
37
44
33
38
37
42
62
40
38
44
41
53
40
58
38
36
38
44
49
36
37
45
36
42
35
39
56
49
41
55
66
41
45
41
46
50
37
47
43
46
53
32
47
44
34
38
28
42
40
39
46
35
43
50
49
42
31
38
45
43
44
43
37
38
42
39
50
44
44
49
40
55
32
28
37
46
31
41
40
55
45
30
45
39
47
41
51
41
43
49
47
47
43
44
38
38
42
50
38
36
49
27
40
28
42
40
48
30
39
32
39
35
36
35
45
35
48
35
57
52
56
52
37
39
40
50
40
30
33
63
45
43
46
49
38
55
44
29
38
35
41
38
40
39
52
36
34
52
41
31
48
35
30
43
38
27
35
38
27
49
33
52
50
25
38
53
44
35
40
37
44
38
46
38
48
32
48
36
49
45
42
44
34
42
47
40
43
38
44
41
34
31
38
39
26
50
49
51
34
41
31
31
31
35
43
41
36
28
29
35
41
49
39
37
47
34
54
53
46
46
43
39
55
35
39
41
49
35
43
46
37
21
41
39
48
60
55
31
50
48
36
33
34
31
45
37
38
35
47
40
48
38
40
47
48
46
44
44
39
37
47
32
38
43
30
31
29
45
44
27
38
34
31
32
30
37
46
37
38
45
43
45
37
31
36
36
31
31
44
25
38
51
38
33
31
40
42
53
40
54
45
41
49
30
31
35
32
32
29
25
35
54
34
31
46
38
46
30
42
36
61
27
50
39
37
43
41
47
36
49
54
26
37
44
28
40
33
35
35
30
32
33
51
37
42
41
42
37
48
46
33
62
34
53
55
43
34
49
41
48
34
34
48
40
47
30
58
42
23
51
38
50
52
33
53
46
43
57
43
47
48
37
40
37
28
43
38
42
45
27
29
42
39
33
40
33
58
44
39
38
40
31
47
40
39
35
39
41
38
43
39
31
30
34
41
48
33
37
46
52
49
27
44
37
44
43
41
31
47
42
36
41
44
48
40
50
50
45
32
40
35
32
35
33
45
38
42
44
32
34
43
42
49
50
30
39
48
48
37
42
43
37
49
50
56
45
48
49
45
43
45
29
34
43
41
42
38
51
37
53
40
42
25
34
50
33
32
35
48
40
39
30
35
38
45
34
42
40
45
38
46
52
39
37
29
43
44
45
36
46
40
53
54
39
52
40
39
42
41
54
48
38
44
34
43
40
47
35
38
33
41
53
47
55
54
51
50
38
50
55
41
32
34
47
38
41
29
42
40
40
38
30
47
33
51
59
42
48
49
42
33
47
36
33
35
39
37
35
39
33
51
46
46
53
48
45
34
43
42
35
33
34
28
30
33
52
39
39
42
52
39
52
30
38
39
41
53
58
56
37
37
61
37
46
55
49
53
43
46
55
40
37
30
27
35
38
53
34
43
42
48
29
39
41
34
42
37
27
36
40
47
33
42
40
43
29
37
37
35
51
42
35
50
44
43
35
42
52
25
33
44
44
40
44
45
50
40
47
56
41
42
27
31
32
33
41
30
38
51
56
46
37
44
53
34
35
48
36
35
53
38
62
44
38
41
40
51
34
35
41
31
29
34
45
39
37
38
34
35
36
37
43
31
37
46
45
42
30
43
41
42
31
38
40
47
45
32
39
46
36
47
54
32
45
34
37
31
31
43
38
47
45
31
43
46
54
47
45
53
51
30
46
52
37
45
33
39
38
37
43
41
35
29
42
46
38
50
43
34
34
33
42
47
39
57
39
35
38
36
44
39
50
41
41
40
38
43
37
34
31
41
42
39
43
43
45
55
44
24
47
41
33
39
36
39
36
47
37
45
51
35
38
39
36
44
35
50
38
49
44
49
45
58
56
53
35
48
53
34
39
39
47
42
31
41
36
42
40
41
29
34
48
47
28
37
48
37
41
44
53
44
46
39
38
35
34
53
52
30
47
53
45
34
47
30
42
40
40
40
40
43
42
35
39
32
38
36
45
47
53
28
41
28
37
44
34
38
37
33
39
28
41
40
48
49
37
46
33
44
49
48
40
43
50
38
33
46
39
34
44
43
34
38
30
28
44
43
27
40
33
49
49
42
41
46
49
25
38
39
41
51
35
41
42
36
36
35
54
40
37
48
44
36
43
43
34
44
39
39
35
37
53
50
40
42
46
41
58
51
51
57
36
37
49
45
34
43
26
50
31
35
44
42
39
44
39
56
47
48
39
49
41
38
35
35
42
48
34
44
41
45
44
38
60
64
47
62
51
39
44
48
34
42
45
45
55
28
41
42
41
28
39
50
44
32
43
24
28
41
38
54
35
38
42
46
28
43
37
45
25
29
17
26
24
26
29
43
29
24
32
29
26
26
17
20
23
20
33
28
21
21
20
30
31
27
24
28
25
28
29
29
33
30
34
19
26
27
25
22
20
17
31
22
27
22
26
22
11
18
14
45
28
30
27
28
24
23
30
35
35
36
17
13
12
9
15
15
13
10
16
21
12
15
14
7
15
12
18
17
12
11
42
52
41
55
45
15
11
14
9
8
17
17
11
15
16
13
17
11
19
15
10
16
20
16
15
9
13
18
10
12
17
18
21
12
12
18
11
17
11
11
3
13
14
12
18
38
53
55
50
59
48
39
41
57
68
41
46
48
41
41
11
12
17
10
11
53
70
64
52
64
9
6
8
4
7
5
5
5
8
9
13
3
5
9
5
3
6
6
7
6
6
10
16
10
3
5
5
5
3
6
6
14
12
15
11
38
23
27
34
23
22
31
27
23
28
5
4
5
10
1
14
7
5
10
8
10
13
8
12
9
16
12
19
18
11
6
6
7
9
8
57
50
53
42
52
9
11
12
20
14
23
23
23
25
18
