### Sentence 121
0.3910618066424277
0.39759734107136
0.35674788339472396
0.4199374158435115
0.34373771835391115
### Sentence 190
0.4902990261270177
0.4278199555618422
0.5012547742974546
0.33026255576294805
0.4283848608888331
### Sentence 162
0.40589166558347645
0.40395052122185005
0.38800828298553824
0.3462775579624576
0.5340708162169904
### Sentence 360
0.3633627511560917
0.3835410865547601
0.44552471894421614
0.4689791012555361
0.36807639757171273
### Sentence 377
0.3889187636626203
0.40063564093192905
0.41669831043336447
0.4406979829527256
0.3223251590005508
### Sentence 391
0.43537071799737925
0.42434292942609475
0.4164643990199851
0.38703043589307723
0.4010014698395263
### Sentence 397
0.3986696079839021
0.39361101649701596
0.4228134106844664
0.45033435635268687
0.44222330893389883
### Sentence 379
0.42621771670704667
0.4571861028021505
0.41692093733784763
0.45382360516245973
0.4313877198065436
### Sentence 203
0.4713487712932484
0.3981508845019908
0.49889924005782676
0.5241382240894294
0.4557075590959617
### Sentence 49
0.46274589341399924
0.508785934320518
0.48863848156872247
0.5058620635065294
0.5345413285706725
### Sentence 420
0.44919694835941
0.304276045722266
0.22726901713758707
0.3137320540845394
0.38855397949616116
### Sentence 341
0.4247784695952483
0.4561706578520977
0.4033490756283636
0.38749566485943354
0.33872891646688397
### Sentence 355
0.4620725639857525
0.38190340207413187
0.4370136942259621
0.4829170064957336
0.4285104597030684
### Sentence 54
0.43060401314869523
0.43643943910402333
0.4273494159252467
0.5499910808337684
0.41361831001598726
### Sentence 288
0.43761090037324246
0.46639938599296976
0.428910459214378
0.4774198467355399
0.4742678561513977
### Sentence 347
0.41732396390289067
0.350483484659344
0.404451756272465
0.2996161438059062
0.3895904254168272
### Sentence 233
0.4835084168748422
0.44745782314037735
0.5156635700047694
0.4805788760158149
0.42715558485889976
### Sentence 18
0.509313878417015
0.48562488158543904
0.45377919847766557
0.4933580623318752
0.4978964241842429
### Sentence 354
0.36916772686172183
0.40934680906556004
0.37604686894976513
0.34785078797580266
0.33456960933782703
### Sentence 191
0.38299958780407906
0.43247242360983207
0.41854983774702187
0.4291512060748494
0.4289924696330791
### Sentence 77
0.4758838288147341
0.4556845443492586
0.43262190287086094
0.46144334108314733
0.49534248613583093
### Sentence 412
0.5049098076728674
0.32832702779426026
0.5053281615703151
0.5273590397376281
0.37972260037293804
### Sentence 245
0.40778434312059764
0.41332088140327305
0.36619200158332077
0.357587083331531
0.3580963674577929
### Sentence 262
0.4209248875691132
0.5284146005711094
0.4623728684911674
0.4626083133572882
0.47869644923643634
### Sentence 208
0.3959415126591921
0.4451448380326231
0.4167965269159703
0.40187802059309824
0.4122601958612601
### Sentence 418
0.35648608083526295
0.2904014860590299
0.3661868820587794
0.29214014143993455
0.320306234061718
### Sentence 437
0.31277531252375673
0.2955554500222206
0.26420371553727556
0.36259918340614866
0.2790432572364807
### Sentence 147
0.427906481371749
0.45149408617899534
0.40267365809441324
0.42436303854698226
0.4534418515506245
### Sentence 170
0.4649219382337706
0.500087981393864
0.4784042282506477
0.42860137974453527
0.446840617892354
### Sentence 81
0.42543453409929166
0.4146997095509009
0.5054817447989163
0.50529059572992
0.48599214187230577
### Sentence 300
0.4023641525279908
0.42979322897181627
0.4643636966745059
0.4526958023308821
0.44008877917769407
### Sentence 198
0.37085140995415194
0.40815488395414184
0.3607309905013868
0.39025326835967244
0.42474783602214994
### Sentence 399
0.503862679390044
0.4403396361860736
0.4906118866698495
0.4113764161693639
0.4240652185318799
### Sentence 400
0.3224240847552816
0.4188998226076365
0.46057976720233756
0.3838315913453698
0.47895646368463834
### Sentence 408
0.5173979795404843
0.4629473912396601
0.48819833914084093
0.4648945541786296
0.3516343612822571
### Sentence 242
0.38486138217979005
0.4687937978241179
0.3661590002063248
0.41739815769510136
0.43419232674770886
### Sentence 283
0.44936049614279044
0.4072174502625352
0.46414950799884364
0.37952551160318154
0.3707638128128435
### Sentence 312
0.40462169467016706
0.5368988650829293
0.43858337497641875
0.4035669632992426
0.3906478897430176
### Sentence 232
0.43370676073763104
0.44497238223751384
0.42026112071341937
0.44372587882810166
0.4747046594818433
### Sentence 28
0.38727516470396
0.4007724799701701
0.4091183417274252
0.4385391930523126
0.36326323692565377
### Sentence 352
0.3673386404962214
0.4745912673168404
0.5086651765199941
0.41993959011986504
0.43915493130077454
### Sentence 47
0.4099777469721933
0.45507272829612094
0.39048462068395956
0.39763431889670237
0.38842183338212116
### Sentence 334
0.5381520155986602
0.48749714183875104
0.5178261479701508
0.4242523122917522
0.39755941601470113
### Sentence 82
0.49562037005606624
0.35479260033203497
0.3963507836477624
0.3751119259744883
0.40862636644807127
### Sentence 362
0.5069320801818786
0.4397789765051891
0.4300692430589088
0.4066497849863629
0.4700482719859412
### Sentence 256
0.42604935180307146
0.49069894499899375
0.507538024424797
0.5170746539675054
0.47188304941214265
### Sentence 381
0.4153694992973691
0.3665664671432404
0.46207189178537755
0.4202128768277665
0.45399930526591126
### Sentence 199
0.378320197779231
0.42002034228204227
0.47288943327418187
0.4385445168832453
0.4101380810096133
### Sentence 254
0.3787348940102167
0.36651015281677246
0.4052085859137912
0.34272084510776885
0.4673940447527309
### Sentence 204
0.497131878429133
0.453298965792941
0.46024560701587924
0.49030344552643923
0.42349476622336585
### Sentence 42
0.4278009077957408
0.4210064218972217
0.3755066661714492
0.3813673131596509
0.39063789108397695
### Sentence 380
0.45664687268435955
0.4234049157963859
0.4376278569300969
0.4789301679780086
0.44993631831473774
### Sentence 46
0.4521200037561357
0.42989107221364975
0.4366069949232042
0.3529703451320529
0.37535725210327653
### Sentence 273
0.4665854048243789
0.46028464133742936
0.42765543393270916
0.397369998745447
0.472534095305343
### Sentence 193
0.4348184609309185
0.4779519851557737
0.4378394428640604
0.46529652446854947
0.4484393874313249
### Sentence 284
0.46113243078192073
0.46229500385622185
0.5311971241164775
0.5002082149897303
0.45222694358034504
### Sentence 111
0.42243024962412756
0.40789477934324464
0.4189208441868771
0.4549064132449932
0.4759320061827122
### Sentence 389
0.5101559939069881
0.4400330070406199
0.5369493057123489
0.5212804832392268
0.4871759355896049
### Sentence 7
0.31080697404724533
0.31185194859128507
0.2815479973147883
0.32016874865063877
0.2901766671509039
### Sentence 56
0.46183726135641334
0.45917357709258794
0.3916014976799488
0.3471140398643911
0.41764734089374544
### Sentence 378
0.5650458882858114
0.4084363645169793
0.39448109101049783
0.41911542865379553
0.4264168478548527
### Sentence 429
0.37105142943222413
0.49945717779072846
0.41384035077962006
0.546319143338637
0.47763491862199525
### Sentence 16
0.4528652627021074
0.4803329159816106
0.5359560385346412
0.47666917045911156
0.5398906930970649
### Sentence 316
0.41321748906888056
0.48501762584253977
0.4014115326082736
0.36446994871419686
0.43299246041781525
### Sentence 151
0.4671238483211329
0.4343477766527686
0.42618883513780526
0.44997610186421594
0.45359645809891613
### Sentence 390
0.4127291716311289
0.4475762161385754
0.46610788000828546
0.44310512539485225
0.3902292351653475
### Sentence 45
0.4275023607875813
0.45167075880718505
0.37563274263150315
0.3769855224950747
0.4125742742961103
### Sentence 184
0.3669686252024116
0.4522037700999801
0.503577463783142
0.3988499238905383
0.3906508264381711
### Sentence 74
0.42929998031535815
0.4013151682826669
0.4484866167267048
0.4566685656995274
0.4633579154953707
### Sentence 127
0.5104872792959213
0.4361472491640598
0.45203302539885043
0.34291202425956724
0.3264438570709899
### Sentence 338
0.5083557127354046
0.4242902828173505
0.5100219109716515
0.4409660259054767
0.38459895053464505
### Sentence 281
0.4027638483747113
0.41184409657811244
0.38593065493353984
0.3528048921512758
0.40677102291729395
### Sentence 392
0.3679405038141542
0.4476316250032849
0.5250187583267689
0.43782427068799734
0.5014703151252534
### Sentence 280
0.5421589795838703
0.4430228134469045
0.48960727419365535
0.45431112447245553
0.4368714417875956
### Sentence 59
0.4160233989188617
0.4793007174845446
0.40972657569430093
0.46376557665115054
0.3600900466659699
### Sentence 376
0.40133226381407844
0.4916114579472277
0.43038010649486547
0.5031362035208278
0.4258155753215154
### Sentence 331
0.381037064529348
0.42358995941670047
0.5060815065390551
0.455488416487756
0.4161337828466102
### Sentence 58
0.40468953977826805
0.46439890492530095
0.39325480262881946
0.45331418168331894
0.3696582385871027
### Sentence 297
0.4194286600474946
0.4333677295256745
0.5237165077335455
0.4253462368453091
0.3818859270011837
### Sentence 119
0.4005607238039374
0.4147205585613847
0.43917764546349647
0.4863396872300655
0.428488299716264
### Sentence 243
0.5028332592712508
0.5325968167020215
0.4661606298552619
0.4524454728182819
0.42860262940327326
### Sentence 88
0.4746051504361359
0.3716712152077393
0.4189709351101721
0.5230048634111881
0.4534751746634191
### Sentence 251
0.38652388686314226
0.3920974943321198
0.5392536701343488
0.4000714810565114
0.4153000679798424
### Sentence 382
0.4133789357404376
0.41405979860140835
0.4333363461719696
0.5191135421222033
0.47424918361181434
### Sentence 78
0.37553015910089016
0.4389771081507206
0.42482513869181276
0.3746820472646505
0.44918354973196983
### Sentence 83
0.4245103888679296
0.33708295337855815
0.39375613257288933
0.43724522832781076
0.42672800552099943
### Sentence 207
0.38173448194454357
0.3754060977115864
0.3978444613152888
0.42665510397495293
0.4719224877928088
### Sentence 192
0.4649725186328093
0.3556875963798828
0.4620036166161299
0.4536073678483566
0.4325316765035192
### Sentence 20
0.4804574705194682
0.42083268257556483
0.4569675122038461
0.3702867354732007
0.3924300466896966
### Sentence 146
0.35046186110703276
0.3864893064834177
0.4184986731037498
0.34782047271728517
0.37700067362748085
### Sentence 441
0.3419376533817161
0.23454747095026754
0.3476950749331577
0.2664486224001104
0.35736219271678815
### Sentence 31
0.36910724373800413
0.4120841221883893
0.41847663026835236
0.4421270936284037
0.4435174239001104
### Sentence 373
0.44837954946690134
0.49707183639208474
0.4122640434238646
0.4634374169839753
0.47879146594140265
### Sentence 158
0.4373685377974843
0.4653932727700056
0.5121146887540817
0.4491657747692147
0.4128344006793097
### Sentence 182
0.45712830906822566
0.4265560792936456
0.45536155803572564
0.43348233885176124
0.36565580187986296
### Sentence 282
0.3885245494810598
0.38262234149234636
0.42148999342073995
0.4242444205142203
0.3314997865596697
### Sentence 403
0.4109549179416278
0.4184751808643341
0.4490943068060382
0.4697421655572694
0.4598230041306594
### Sentence 250
0.3906589886968637
0.4636549503519768
0.4272237356479575
0.4583856107258215
0.37947204327437933
### Sentence 106
0.4338345881974833
0.4423309435369447
0.4522445479577238
0.4211137670261616
0.40061477360061626
### Sentence 415
0.32794567457853985
0.3266601033258037
0.3443363976593201
0.3240120403516369
0.3546990747921742
### Sentence 211
0.46489314769589624
0.37074576309600543
0.40320514848585737
0.378487690877126
0.3847214385087407
### Sentence 393
0.4732467143005843
0.44126850418573205
0.36627360866513364
0.402103012471005
0.3327403431108525
### Sentence 101
0.4420528738477895
0.4546083280773357
0.41955935313951137
0.4764768932621146
0.38174798928721004
### Sentence 90
0.4509318950044554
0.39851536021329637
0.3954539837878804
0.4519036609766095
0.4610670420319535
### Sentence 271
0.40202758679302725
0.39358830847209547
0.3612597363024223
0.428333304459002
0.3447190457955003
### Sentence 222
0.5184717264440325
0.4253379119767083
0.4393884264760547
0.49962282760275734
0.49010877485076587
### Sentence 5
0.39146427298681097
0.3508742384899121
0.2676823579491331
0.3448613954994541
0.3575084737287118
### Sentence 266
0.5263087177776139
0.4007671223847534
0.37023940625261853
0.3652441176501187
0.5070127079432661
### Sentence 186
0.44135378796334673
0.45183225553028467
0.46837847434529445
0.4636593476483008
0.4368091322845075
### Sentence 148
0.47248866001055356
0.4023638041246505
0.44359440445190385
0.4021283281257465
0.3860802668191138
### Sentence 36
0.47884009068095407
0.43800076127572113
0.4692163861161748
0.4723035250032364
0.4419462498883868
### Sentence 40
0.41472324959578966
0.4321453405898951
0.37355648409131736
0.45194675649205845
0.4280454692031656
### Sentence 277
0.5492958339552084
0.4800574463274744
0.40135047137737273
0.4170889222787486
0.4064183626530899
### Sentence 159
0.4170317531495196
0.38840010488496685
0.3761111752061946
0.4554323901127024
0.4831235398788278
### Sentence 313
0.38225891929533745
0.4548120355854432
0.46688216452797254
0.41661291006538603
0.4632950035855174
### Sentence 115
0.41156143162931713
0.3914327628999239
0.4381146638521126
0.39088481700136546
0.40813462010451723
### Sentence 299
0.4560438174754381
0.4727311072250207
0.4444585593210326
0.46872525422109496
0.43655020077195433
### Sentence 438
0.4271204579960216
0.5266056866808371
0.5260267907922919
0.4330331507054242
0.4709428711370988
### Sentence 181
0.39678368218199805
0.43610712991984085
0.43314423866916535
0.4282457908658787
0.3767550633787069
### Sentence 445
0.31783917151829777
0.38608375892919655
0.46527056686361046
0.4016914985635701
0.4659542187171824
### Sentence 432
0.6031607220118697
0.44818832589821384
0.686330879276449
0.4040108892050656
0.46155631000345404
### Sentence 319
0.4446550713988339
0.3859977876631225
0.35123463096551416
0.40129522554485536
0.43074019182836865
### Sentence 410
0.3539579089730978
0.4100881387790044
0.4019996957232555
0.3043376822024584
0.3117029068681101
### Sentence 305
0.48049745200709865
0.4463365215130828
0.47661361572417343
0.40182057181796565
0.3813515186074338
### Sentence 357
0.3985355549802383
0.39269796444310084
0.3973545223474503
0.3964139248761866
0.46976997645364865
### Sentence 187
0.4309117902247679
0.3987991870380938
0.4489174344177757
0.5050357580184937
0.4383663895562114
### Sentence 136
0.39733815142376855
0.4910199274732308
0.4920682341537692
0.4159902370619503
0.45335987307639286
### Sentence 26
0.48344708782322005
0.5088083588711496
0.4686529099730388
0.45648744929019575
0.4498454656381652
### Sentence 166
0.3912817275018564
0.37105194235309247
0.36169668002652805
0.4262183373295037
0.40968299182575374
### Sentence 157
0.3585245226554218
0.4074328934685105
0.43647428123014315
0.4363591357777339
0.43598819009604906
### Sentence 161
0.3463677870499533
0.49373807238284934
0.4514789248621741
0.47826945695073103
0.4660292245274366
### Sentence 110
0.425252471985512
0.48300995105920835
0.4694174340991087
0.48617171331547027
0.4772773537308324
### Sentence 6
0.37625189130617814
0.36536120071329853
0.3604239224371585
0.33495039569044655
0.33006900593384425
### Sentence 210
0.3949052905663848
0.37470951289869847
0.3372198527911678
0.32662734808400273
0.3339539126958698
### Sentence 274
0.34274035901194666
0.3971125186398262
0.38470396967377607
0.3782511295341864
0.3398549365697474
### Sentence 73
0.41096269783817907
0.44695447027598595
0.458850160241127
0.41802103971977805
0.3868975211781534
### Sentence 318
0.39457886579424833
0.4536770618585653
0.45251165867544885
0.391918606146477
0.41623075063838516
### Sentence 112
0.42018195300955663
0.42059292491864075
0.4517992527478121
0.45890837916257704
0.3696533114099028
### Sentence 292
0.43964862806159394
0.4421349536887435
0.43852357202491093
0.45470683579874593
0.3856668892468131
### Sentence 351
0.38246922940015793
0.47872420586645603
0.4836839465829341
0.43047416236494546
0.4599775549874682
### Sentence 372
0.4205727228102097
0.4501749250865985
0.48048787474233123
0.4740827259651962
0.4155646868360539
### Sentence 344
0.4158210754394531
0.45165829148230163
0.4816068887797206
0.4115828373144532
0.4720819663516311
### Sentence 218
0.3390411296305025
0.4959571546919289
0.39001356902354883
0.3661489499998944
0.430079691466831
### Sentence 2
0.4797519804111549
0.3663432349051748
0.33403730328593934
0.250595094556255
0.2674995543701308
### Sentence 63
0.48603670722381637
0.47490458201024344
0.47258660525337537
0.4199226005849513
0.44632514369335363
### Sentence 264
0.424300340982154
0.44642355777323245
0.39876011582091453
0.3890439664945006
0.4394472155254334
### Sentence 134
0.43687295062201364
0.46599691001964466
0.4072404634207487
0.4776407509510006
0.40837021615533603
### Sentence 179
0.5128200509186301
0.40402084468154326
0.34461381366210325
0.3717123039421581
0.37529970049148514
### Sentence 345
0.4469612469547428
0.4379370112331923
0.453541732033376
0.4232062443836846
0.3801168515770273
### Sentence 24
0.4319932980165965
0.43032204635117366
0.3910222363833716
0.39279645420880854
0.4625529422006313
### Sentence 122
0.45793406415561383
0.4830135576934977
0.4033980335701596
0.48020403933796013
0.4496693943034519
### Sentence 361
0.4216606264701113
0.3751713423989713
0.42741116201505064
0.40782885560765864
0.387677686708048
### Sentence 70
0.3881318185923864
0.45217435928466526
0.426754522866205
0.36637948629567807
0.48636803322512173
### Sentence 189
0.4974854435852688
0.3942931710701922
0.3627181600212403
0.4611237914018009
0.41546734718038986
### Sentence 383
0.4118044102357494
0.4290515993204382
0.4909835856821802
0.3857721918159061
0.4434222400188446
### Sentence 364
0.4477064152972566
0.4714247677889135
0.4992749971648057
0.41155969922741253
0.42776886605554154
### Sentence 120
0.5168043450762828
0.4486296847048733
0.5217561716834704
0.4581890505221155
0.4408218494306008
### Sentence 180
0.3724054214253556
0.39348290688358245
0.38151598842814566
0.4673567196819931
0.3964942206279375
### Sentence 13
0.46187423657754373
0.34480651056972045
0.4975897130267373
0.47203127911378595
0.46696935658311023
### Sentence 140
0.4851074213298356
0.37873262989266615
0.481640941849569
0.46568564938881046
0.47498835731161443
### Sentence 240
0.4003412860810109
0.4880004531663397
0.4504981725780374
0.45334839205379074
0.5452904133531062
### Sentence 22
0.41054311767220497
0.541224529252698
0.5109507283816735
0.49958533061047394
0.505121515194575
### Sentence 291
0.4727630098891813
0.5348320847680402
0.48657824220352397
0.38306722308097535
0.5214330510691155
### Sentence 98
0.40034677936798996
0.4295654620975256
0.42779211319155164
0.4272587873869472
0.4167629515545236
### Sentence 406
0.453923267601379
0.5103883834491516
0.512515330109103
0.5245108951268524
0.5612927933448347
### Sentence 108
0.3977160807244661
0.37162912337154874
0.3966515314106534
0.3875238674624664
0.35519896738412904
### Sentence 268
0.4195112094283104
0.4625710912255777
0.5530680563714769
0.3712316181924608
0.5083507341643174
### Sentence 416
0.3061162003626426
0.43034673544267815
0.2794418055564165
0.39520622510463
0.6112372757246097
### Sentence 221
0.49617234127515036
0.41915687096669624
0.45387511076810566
0.4601466144718554
0.41546632353540347
### Sentence 0
0.3039895735681057
0.3327546016002695
0.3266052747145295
0.37532321314016975
0.2941853035862247
### Sentence 359
0.3796695139968679
0.4759658422498476
0.4540289044380188
0.4365790524697375
0.4811607503021757
### Sentence 93
0.3378752184122108
0.49679226588544456
0.5465009911635588
0.468815773119067
0.37948370716252994
### Sentence 33
0.32724583690010367
0.3903496954590082
0.424491716837067
0.48215967549809385
0.49951919613938245
### Sentence 102
0.4997954208581156
0.42228680259959644
0.42881518420438436
0.37891984360595776
0.4347763837336801
### Sentence 23
0.36054370208428455
0.39172367053106427
0.3803434038104919
0.36507515308375543
0.45951927682528126
### Sentence 8
0.2595257023970286
0.3336031729355454
0.31472737536662154
0.2603777218196127
0.29965521007155377
### Sentence 125
0.435098568101724
0.3961884778820806
0.46869140769251516
0.5368245951003499
0.4152680977351136
### Sentence 215
0.5127467673791702
0.359692913675031
0.4533366216130035
0.3938710022890984
0.47357496047435804
### Sentence 404
0.39547340926746355
0.4478059710356696
0.4600999073350224
0.4142822803415615
0.4264170991192604
### Sentence 109
0.3982706293463707
0.44300852388870426
0.42459183536106493
0.43547762460188894
0.38220227543241914
### Sentence 386
0.4898274272333744
0.5036259532234696
0.3510334805347199
0.5178724315970443
0.4972215319095656
### Sentence 149
0.37478671118151397
0.3903478537220508
0.4020815488882363
0.3922087330371141
0.3639168813358992
### Sentence 185
0.40976795189730497
0.4181634834765092
0.3812175061067809
0.48218690454150026
0.39909827612016513
### Sentence 68
0.4035431253383072
0.45619593097305877
0.477687702854959
0.4919531751514935
0.4315149571019702
### Sentence 371
0.38765958614558693
0.4608216551797731
0.39296627993739786
0.4377149086268175
0.5263650686080966
### Sentence 25
0.4437060264701193
0.42377242202108556
0.45424978956580164
0.4546079970557581
0.3701773939823562
### Sentence 87
0.46962305362380685
0.4013650070742837
0.4259269652622087
0.4169682751276663
0.4387888704825725
### Sentence 269
0.3830001920808193
0.38096884516782537
0.4614623655500107
0.36852690005718275
0.38097381760734456
### Sentence 76
0.45782355979344874
0.3494277896662784
0.3992927654884582
0.39078262508955114
0.39817828659054844
### Sentence 419
0.34997297016282874
0.3666873048835744
0.3023331357787053
0.3882350989927848
0.4830874732385079
### Sentence 395
0.4853930875213574
0.4473200672326367
0.4303098117284801
0.4868854668153369
0.5282290341413539
### Sentence 353
0.5294370009479198
0.431629819075831
0.5350758783857931
0.4029823908243667
0.40948564161292533
### Sentence 75
0.455127938133147
0.4424626717550887
0.5112590776549445
0.36286141864127586
0.46326819107764294
### Sentence 330
0.43249429823007696
0.4803183204819297
0.47956798039376736
0.4184531584641961
0.41502436726938846
### Sentence 194
0.4575142720930798
0.40088781298593035
0.4292169597086518
0.4069786555415323
0.48863907842788584
### Sentence 65
0.3933874133454506
0.4901774283065352
0.34492709726598764
0.3560927545781745
0.4537101865334566
### Sentence 298
0.47336906729185063
0.4684397494825332
0.4988421110395828
0.41637543046280096
0.4183021976572016
### Sentence 38
0.4312763478525955
0.41910418989541737
0.4528934553508525
0.49756079713773466
0.49672112079418224
### Sentence 311
0.45506686176650407
0.4057115143755587
0.44568366648220437
0.41094743458429217
0.29127903727859983
### Sentence 304
0.5362053006069689
0.4283903974574059
0.39557641344826394
0.39061084644096655
0.49130007660970454
### Sentence 154
0.4059170871609595
0.44252685657361657
0.34625446587437536
0.39872405105611175
0.39260651607338976
### Sentence 430
0.5381448137072417
0.5455653610137793
0.5334575309489782
0.4204885558440135
0.475261139181944
### Sentence 10
0.4569846351941427
0.5114556024471919
0.46244133772949375
0.36261808226505915
0.4173824115656316
### Sentence 205
0.42433707662858067
0.408366696536541
0.40493394603254274
0.33566353938076643
0.42990507250651716
### Sentence 3
0.2960898875155383
0.38190751435856024
0.34735485692508516
0.36180137868763673
0.33696288441618283
### Sentence 213
0.42388578326337867
0.39679179704851575
0.5213402491476801
0.4239876329070992
0.42000057941509616
### Sentence 315
0.4174725964458452
0.435403225156996
0.48657367850343386
0.4580105322930548
0.39882053116129507
### Sentence 259
0.45177546676334945
0.4179417023132014
0.4360585918779983
0.4485908158903205
0.43464632405964443
### Sentence 214
0.46436607448951056
0.4369967048987746
0.44850764994550013
0.426850523961627
0.36617063949613465
### Sentence 375
0.46411719723519956
0.47425545125522395
0.5277685516259887
0.5320141986859116
0.47952021506022324
### Sentence 421
0.3049482147802006
0.33759712597185915
0.35238515670326626
0.4594069746407596
0.3550379865548827
### Sentence 128
0.4429146835017343
0.4053898276977761
0.44638993309507535
0.46896596612452074
0.3923174564315136
### Sentence 84
0.4159633961639234
0.4173358876612924
0.336681932898327
0.47810870604146094
0.45898717180604026
### Sentence 224
0.46210778406063135
0.4528195574706377
0.47219800476937795
0.45992314152766106
0.45613364151917224
### Sentence 107
0.44016352395216624
0.41941394127077525
0.46301888641383915
0.4913388537036048
0.41456017411417434
### Sentence 200
0.4523259788427664
0.46205118083921465
0.4526112372177127
0.36869978617228893
0.3580808541939958
### Sentence 131
0.33549568744464997
0.4335207807875815
0.48902027594989966
0.31341664617260295
0.4295247945757139
### Sentence 270
0.4163680134427755
0.3991165168063585
0.4624880368626395
0.43155912218918635
0.42973331881816995
### Sentence 336
0.36482125440878527
0.43723505673309165
0.35785993317230824
0.4721362343324082
0.46943415206901373
### Sentence 12
0.47595041671827915
0.4497888208396973
0.4797469305715734
0.46911822013076276
0.40735403051780117
### Sentence 394
0.4487847024574876
0.4318197692744434
0.448563997913152
0.3501226922031492
0.4591934031341225
### Sentence 365
0.43652905098029543
0.4963425369046274
0.48405016249134425
0.5407826671642917
0.44200328333924216
### Sentence 171
0.45739934311770813
0.39554827171945717
0.4181040868435691
0.46129710313568756
0.45685604126079055
### Sentence 114
0.3359945866977796
0.4014188712462783
0.40576802478171886
0.39835463362978774
0.4355308654718101
### Sentence 99
0.45337567250761723
0.41203506646884813
0.45945563117663063
0.43018764149811534
0.4699762514895863
### Sentence 425
0.3205956892769148
0.35747807032269674
0.3975386373108117
0.33394154229360384
0.3051302040949827
### Sentence 431
0.49327006477576035
0.3856306184942906
0.4201395299572211
0.4688075757943667
0.4876796282254733
### Sentence 144
0.4806953059302436
0.3559880725211567
0.3678526916230718
0.4264681541878316
0.4035613203421235
### Sentence 433
0.5460125437149634
0.4941951661155774
0.37145460740878034
0.4129503850753491
0.46439032371227557
### Sentence 118
0.46554999370974576
0.474628718231212
0.4206195831806822
0.38969685240325896
0.43065501895563846
### Sentence 55
0.45343810535139506
0.4725012398428387
0.4388919605149163
0.42864638153049683
0.4481421132054594
### Sentence 230
0.42661341623299653
0.45679630931052895
0.4274263292654521
0.3870933306739769
0.4802010889372064
### Sentence 442
0.5603741047283014
0.53214491220812
0.6271719448268414
0.37827671070893604
0.4961801127841075
### Sentence 61
0.5191958111456849
0.4822179351679303
0.5031029676425863
0.4193256041881713
0.4739459761503068
### Sentence 342
0.38065490245141764
0.44394563375548884
0.4455997480756857
0.3479584386064248
0.44706831741231406
### Sentence 278
0.4348934345124733
0.43013719531397027
0.3894423973702249
0.42699185985007454
0.354278059898033
### Sentence 320
0.47765229921787977
0.4968799567293553
0.4892756625832546
0.4589982345877659
0.44477853267675355
### Sentence 176
0.46089106731648954
0.40012296568602324
0.3631600473696987
0.4306792733481243
0.4541952892960537
### Sentence 411
0.2620533687564043
0.3755876605327313
0.46434915409638333
0.5606539570368253
0.3596915854857518
### Sentence 150
0.4502323438723882
0.3926320699354013
0.4291162913872136
0.3930952259649833
0.4442337372029821
### Sentence 302
0.35499787162102403
0.47818555767160087
0.46496598324960187
0.4009428456691759
0.3964732387546627
### Sentence 402
0.5096118595850255
0.40176717271762236
0.4686503548707281
0.49175274219097836
0.46207848537181107
### Sentence 422
0.3121890723705292
0.35225872695446014
0.287032140729328
0.3207363309338689
0.35416053980588913
### Sentence 29
0.3738897650740867
0.351845538460238
0.35255906652919083
0.4360639116791792
0.45872456333220957
### Sentence 327
0.44045520369850455
0.4205294103095574
0.395652155524918
0.3811573759830069
0.4198384212241286
### Sentence 64
0.42971565904603765
0.440862146248533
0.4944932548837228
0.47922892834652553
0.4814807074991139
### Sentence 229
0.4367465093223886
0.4226958531124348
0.4323768665252084
0.4149172100746496
0.5098095155236396
### Sentence 314
0.3863892816816983
0.40653451839866844
0.4594570696556374
0.4817197893179305
0.46683102943327115
### Sentence 293
0.45843264642285136
0.41085716200674455
0.4418041262230495
0.3301062961676862
0.41589751171811323
### Sentence 165
0.4230112172663212
0.37883222430217556
0.46252359540724175
0.4098064496931506
0.45636237894253034
### Sentence 366
0.3717680796282366
0.4412483440246433
0.37874745707958934
0.3175836585927755
0.3669880487723276
### Sentence 244
0.3778900814941153
0.4372036774642766
0.3593043705623131
0.35963327458593997
0.39532862724736334
### Sentence 328
0.4434481723407327
0.344765720585751
0.33081693115622496
0.3469953229867442
0.36080467157325774
### Sentence 424
0.3929757407866418
0.3986239085905254
0.31741278304252774
0.3352628014516085
0.2945967770356219
### Sentence 216
0.4792364151325337
0.45197446336753144
0.4703530348230933
0.519835187945255
0.5055823712501415
### Sentence 86
0.420887095898035
0.4064431144368081
0.425098806353552
0.365142146391528
0.42417078082715826
### Sentence 92
0.36558121867568755
0.386273036597342
0.41255859017553853
0.41198169387786127
0.4617569249395917
### Sentence 53
0.43287661261206795
0.3839031862701441
0.4020403470021001
0.45617856869344103
0.5381427661916458
### Sentence 97
0.45286513556067537
0.44220001318651003
0.4155155710149102
0.29826247514929716
0.43814171641701605
### Sentence 436
0.2606381398625672
0.20611134758219124
0.3425524507532828
0.2383554801810533
0.36667515300214293
### Sentence 226
0.4808027000598064
0.443284201095017
0.4114122381660996
0.4704424548985028
0.4277976680456138
### Sentence 66
0.37667423023214175
0.42862468784631685
0.5612604333910831
0.5246564506791359
0.42581474330536156
### Sentence 289
0.4501024220398692
0.431984227064044
0.41414559415953106
0.4295957711373651
0.4315634355122267
### Sentence 444
0.4839177510390679
0.439252445474267
0.4805859215557575
0.37255907741685707
0.33765689718226594
### Sentence 79
0.4044824807449829
0.43360698630296907
0.4271412312897832
0.44892834941315096
0.43154409016634143
### Sentence 236
0.47032210925085977
0.5382131865163419
0.48920535361817613
0.4351463312367824
0.4737235639159652
### Sentence 152
0.3873290402814746
0.4659177713561803
0.4365536988247186
0.40047290665097535
0.3886553760617971
### Sentence 308
0.4513589085707831
0.37321672172198983
0.4123373986005263
0.41056824735430786
0.3651282269680916
### Sentence 94
0.39333938325411466
0.37640422924833244
0.37850029142790065
0.33788163548465383
0.4074418824599233
### Sentence 290
0.45965223922962095
0.3317757849467964
0.47669712926556423
0.3616701475367313
0.4239312513935857
### Sentence 265
0.34153664906838593
0.48590485096295793
0.38530421004880494
0.3910858125153293
0.4537490654464175
### Sentence 143
0.4485588525845246
0.3667543792927807
0.486184818839485
0.46740944728001277
0.48426867852156813
### Sentence 301
0.4636600674854385
0.479422214296129
0.44744282096831334
0.3994638526191314
0.4225489633985692
### Sentence 103
0.3391512926061486
0.4511637353273325
0.48446609716602534
0.4099185892142529
0.44740034123276207
### Sentence 60
0.4411658663090996
0.42699325643479824
0.43966735154390335
0.4457231417975642
0.4935441036200659
### Sentence 141
0.4484784831834394
0.36779300023823286
0.459562789085646
0.49452488124370575
0.4465722989204318
### Sentence 206
0.482770894964536
0.40679232048846425
0.371283561168682
0.4029075768554494
0.43154738422128414
### Sentence 133
0.469088870100677
0.3914053317625076
0.4335487082833424
0.4263705087825656
0.3841644889675081
### Sentence 57
0.5176169157028199
0.4577419202360842
0.5112560593833526
0.4552967953702642
0.4508297976106405
### Sentence 34
0.388489476715525
0.39601154084361734
0.37436608973491403
0.4417856035842782
0.418407421470398
### Sentence 434
0.5108095273375511
0.54234778881073
0.565517996251583
0.5688249975442886
0.5227938339114189
### Sentence 324
0.500814972165972
0.3671641282271594
0.40576505654025824
0.4395308702485636
0.3914827575907111
### Sentence 15
0.4422513671219349
0.4044427533944448
0.46249845052758853
0.3822960836191972
0.4233012932042281
### Sentence 212
0.47554708670738133
0.3314564659931632
0.4025189286736815
0.5336287249486114
0.46876706044341243
### Sentence 428
0.2425793198402971
0.2380922839511186
0.24137704835738988
0.3725792010780424
0.24411134053952993
### Sentence 178
0.5208456777450111
0.5132020896507634
0.4540766735871633
0.4560345724121564
0.4295898674676816
### Sentence 130
0.5034339782549069
0.3972213664557785
0.3994834404438734
0.4455043125897646
0.3744776508305222
### Sentence 172
0.4230080918343954
0.35995035081408744
0.3761746451951737
0.36377403027443
0.45509399742234585
### Sentence 339
0.4752753668775161
0.4823471611986558
0.38512730988718213
0.40469717429507346
0.4349458744483335
### Sentence 287
0.4487641158513725
0.3774536430835724
0.3595098449382931
0.36545190080069007
0.4036925143562257
### Sentence 227
0.4016510045621544
0.37674690363928676
0.45279986783862114
0.45426540011540056
0.35275466768071057
### Sentence 443
0.3355124128028387
0.29843704272970195
0.4051558725853882
0.38824736194049075
0.3669078447742433
### Sentence 156
0.3381425024708733
0.48123335679993035
0.4195412010885775
0.47927997997030614
0.4250329622533172
### Sentence 177
0.47232120486138307
0.47441707219442597
0.4416483929785697
0.4495175942049726
0.45964773900240014
### Sentence 307
0.3933263185123603
0.516087931001352
0.5400463692016072
0.5093094944953919
0.4594529327419069
### Sentence 385
0.4079534036210842
0.47543934939636123
0.4413706888548202
0.4428200088441372
0.532495908273591
### Sentence 343
0.41245675515816654
0.3202058380512997
0.49242868339426293
0.4132909454232038
0.46634283315303715
### Sentence 71
0.3614392046860996
0.40823139290192295
0.4258622286309089
0.5273000145597118
0.4610930336195798
### Sentence 309
0.4221490297553151
0.49143232960730443
0.47638324892478673
0.47189892518982496
0.3940668383364154
### Sentence 100
0.41491711557638356
0.4121687195104797
0.4265877397322073
0.3146338537108244
0.43689057894232797
### Sentence 435
0.3436152034185149
0.23052767833525484
0.33614372834563255
0.2219953445548361
0.3339612138542262
### Sentence 35
0.43517861197270996
0.414009827257293
0.48790805973112583
0.44438068032628153
0.4825114677319439
### Sentence 255
0.4548196086793074
0.464895544529316
0.47069106588051435
0.4524198289783228
0.4659111195110849
### Sentence 167
0.42721296829539673
0.5091803224627361
0.3982773456765815
0.45555597151694605
0.38569998671842176
### Sentence 363
0.37394066757988187
0.43291943237418307
0.48632484856061636
0.4542043632362038
0.4193332863971591
### Sentence 238
0.3480996100232005
0.33943028210196646
0.46370893041603267
0.41982886819168924
0.41877980437129736
### Sentence 41
0.39184677726589145
0.3584905882366002
0.41874419720843437
0.37832791097462176
0.40204223385080695
### Sentence 285
0.4072272421114824
0.4913305440409617
0.5156934987118637
0.4373521191829985
0.4363676120781086
### Sentence 317
0.38541964530235245
0.46630636576030937
0.44166399254685357
0.41397386399053393
0.4439396280573592
### Sentence 4
0.3740582410246134
0.25683709880292055
0.3213998486978873
0.3217385507248823
0.32406774866244487
### Sentence 348
0.42336553814155714
0.5254329877595106
0.4297134941443801
0.367958110047593
0.36965705055211273
### Sentence 39
0.40176906136841306
0.3887321899940328
0.4161646853132946
0.4631257718201818
0.38517296618622976
### Sentence 124
0.3424624256616415
0.444603938782631
0.43199613144577936
0.4975708187882637
0.42622897657024306
### Sentence 137
0.5058425019184748
0.4227195664175919
0.49021038430787267
0.41033469173791154
0.4833931273647717
### Sentence 142
0.3904250501322427
0.4250114921125628
0.4317258866060348
0.47819499808940147
0.41307285459091264
### Sentence 195
0.4384536919006634
0.4536765408480451
0.4338516395184256
0.4035638337289648
0.4071180717354374
### Sentence 132
0.45474051870405674
0.32666789265349505
0.3805253401398659
0.30858094366267325
0.4336982160806656
### Sentence 96
0.4212435004460117
0.445331163090569
0.4732922364809466
0.47366990998853
0.38339270249178464
### Sentence 414
0.3515297350074564
0.35251520041908535
0.38716088235378265
0.4133988781166928
0.39238622704786913
### Sentence 19
0.4749954397479693
0.42636700098713237
0.49095529938737553
0.4791757376243671
0.3509089594086011
### Sentence 153
0.34881063241680915
0.38960638305235823
0.41365983845158055
0.43888615495101974
0.3281883755910464
### Sentence 44
0.3901342536474383
0.32410031380565013
0.40173739879283793
0.32209184189695256
0.39400619092982175
### Sentence 349
0.41837589456699786
0.39748881885316223
0.4339751755818725
0.39047386795282363
0.44445694184396417
### Sentence 370
0.3889972202916397
0.35921205412596463
0.48324309949530286
0.4249391770921648
0.484702408593148
### Sentence 169
0.3502628898429798
0.4015643109635609
0.38357441704265954
0.4170045041047582
0.37827253641515246
### Sentence 219
0.43472105862984306
0.4812806520481096
0.44993484903906666
0.43228452730663985
0.42792525315700575
### Sentence 257
0.3925628815555856
0.4524750752995412
0.5296083720667022
0.47770560692463604
0.5140387586628398
### Sentence 286
0.4353479912970215
0.36861760993488135
0.4995528178289533
0.4593853410333395
0.4563258355483413
### Sentence 346
0.39005847254090686
0.3640913397327743
0.4778186426582662
0.4219326359135183
0.4544880633581091
### Sentence 401
0.42435469590127467
0.43959842026233675
0.5239699425175786
0.4711691830928127
0.3950332044313351
### Sentence 329
0.4825772888196463
0.4015853810759092
0.3874715795655819
0.4358546923507344
0.4653046050913293
### Sentence 427
0.4038434394381263
0.26214131306518207
0.4603346193378622
0.4537396173585545
0.4455206688832153
### Sentence 369
0.4005032276604758
0.5579077275686486
0.4463409777124261
0.367054746074732
0.41522621653627517
### Sentence 231
0.39166584100929047
0.41342508633221897
0.44539171031543184
0.4247751730671596
0.38532124402090195
### Sentence 104
0.42985701880284716
0.5205592818203426
0.5188715206015677
0.4981152451641503
0.45790509325230405
### Sentence 80
0.4344598122406751
0.47044724840670826
0.404056878562551
0.43585750749334695
0.41174404583871366
### Sentence 407
0.48513837305030655
0.4899594717259918
0.5295742207339832
0.408224081620574
0.5566326391750148
### Sentence 69
0.48164020859532886
0.5613726303809219
0.5577643723951445
0.42345345583226945
0.38995681185689235
### Sentence 173
0.4465247001912859
0.39203599103622966
0.44071013602531617
0.45331798924340144
0.49996024668216704
### Sentence 1
0.40101733590875355
0.3412353695104165
0.39154733571090866
0.37344818296177046
0.28688484244048595
### Sentence 72
0.40695549797539304
0.42553469248786113
0.42288361876782754
0.4128379100172712
0.41193272607548664
### Sentence 303
0.4529719494283199
0.5113730595654083
0.47619846682581635
0.4340490059202744
0.45201518061674306
### Sentence 413
0.5153282981898103
0.49473126072968754
0.49017296944345745
0.5233201129095895
0.4551689760493381
### Sentence 196
0.32658246187493206
0.4263434282038361
0.42091163983568547
0.42551362405065446
0.42640680689364674
### Sentence 85
0.49843954034149646
0.4065120439045131
0.3949577479623258
0.45460765128955244
0.3572957628639415
### Sentence 188
0.4184455295524946
0.44542338571897366
0.39412552845187304
0.43855969344333906
0.41269320672059934
### Sentence 333
0.5192913058731291
0.48230110427571665
0.4807113635871145
0.4264102577128344
0.5290200777972738
### Sentence 374
0.34023478672635266
0.39182361315299824
0.4726516595337449
0.41734712720825906
0.38102973370653825
### Sentence 30
0.4344617986075935
0.42165582227919784
0.5538586806062431
0.5278841519196119
0.37672472319432665
### Sentence 398
0.4069936683490163
0.4470570081002301
0.34146870331217843
0.43172647733063924
0.5125614429513613
### Sentence 246
0.447588894689499
0.4699462950662818
0.4796608673451945
0.4740453138947487
0.4093301657067482
### Sentence 105
0.43164711743593215
0.34940124179702253
0.4045646938495338
0.35330569264478984
0.43826783725526186
### Sentence 276
0.44720839318774996
0.3783727919771558
0.34919887758968843
0.4276128641019265
0.34682843236563105
### Sentence 260
0.41119264980505515
0.4007374018248988
0.3844543699765714
0.44487524379283283
0.32925479532015034
### Sentence 27
0.5224357463774227
0.49604519217142035
0.48515789592195124
0.44320958325018484
0.5525090142729736
### Sentence 117
0.4881483643179441
0.36270982695448145
0.3174478770120115
0.4087353148156913
0.42624173267948917
### Sentence 272
0.4046566312511762
0.413698040569822
0.4301728792932062
0.4443225670783293
0.43824126819769543
### Sentence 252
0.45094294118326766
0.42962505070622575
0.4220742902090383
0.5194758819632752
0.4288657990739096
### Sentence 326
0.4390983420254832
0.42295703605156054
0.43268529808318074
0.5507380148734559
0.4032170759429308
### Sentence 113
0.3672889781494935
0.5085009484655327
0.40079380254933816
0.42597693420118754
0.4294173799869087
### Sentence 306
0.4452387195080519
0.31788452276960016
0.3264738976256922
0.38670642459183
0.4716007236624137
### Sentence 43
0.4041234542680688
0.3948953960437414
0.4128983716458775
0.40110695453057454
0.4042856932812652
### Sentence 139
0.4044846593425041
0.45053535290971036
0.410950326837781
0.3718810428342805
0.44071066263699676
### Sentence 234
0.42610294623981887
0.32206304785341205
0.44020088523535467
0.4500501048183296
0.42431357094063993
### Sentence 237
0.365206997235154
0.4727499811195357
0.4151870880362599
0.40528726889643557
0.4287880603224039
### Sentence 249
0.5088479062217439
0.43636371762773324
0.5320145236111657
0.48301992564310514
0.4476721375790793
### Sentence 126
0.4115007461625196
0.4355433637808476
0.45634408614465166
0.44586155297500746
0.5052559954513397
### Sentence 423
0.4782534862558047
0.38167866816123325
0.4509690174212058
0.37979780944685143
0.2421778238688906
### Sentence 155
0.41265988984100876
0.43972929868669736
0.4215157303870434
0.4600318703090861
0.44031480894911856
### Sentence 123
0.47397799926567014
0.4836041892666127
0.46001045230735577
0.37112800302186416
0.5233510029704674
### Sentence 409
0.3555295110990604
0.46894461850170044
0.4493635257395605
0.3871767960488796
0.49808639991873255
### Sentence 258
0.42975488407093854
0.40814866475938333
0.40957678020710037
0.45243955425740706
0.41421463690875543
### Sentence 175
0.4274819557639686
0.42810843901878054
0.4415167912163518
0.43424138333648443
0.3819057499481873
### Sentence 367
0.4174890322394149
0.4882908133400041
0.4606873758657034
0.5010684201883715
0.47149043963399045
### Sentence 48
0.4572300146378222
0.4529357494875079
0.3746709564612025
0.34992475701229914
0.3698314791101785
### Sentence 296
0.4285118700005114
0.4009461388923228
0.42870786134153605
0.34110231483355163
0.44081082185730336
### Sentence 295
0.42962017469108105
0.47068124331001726
0.4182415683088558
0.39983479652021614
0.40407761554455474
### Sentence 247
0.45944650805639947
0.39847079473970964
0.38160838127474894
0.48207247934558173
0.5148139485920017
### Sentence 332
0.460210837741814
0.4307111129164696
0.46770599036954524
0.3941079349506919
0.45517054270589496
### Sentence 50
0.5034578902646899
0.33746620782185344
0.42790431692264974
0.42553706457838414
0.44745042491704223
### Sentence 32
0.3877981961591215
0.3792483468608158
0.41701843712206293
0.3526814957944358
0.3790794913543434
### Sentence 11
0.37365008938697075
0.42377054435952055
0.47949152962575037
0.4522056935294982
0.442349195540432
### Sentence 220
0.39982144437751477
0.5192705011974216
0.401403842811388
0.3576383077829219
0.3465852461363697
### Sentence 37
0.4418953539626229
0.4165564253926277
0.40951791321415276
0.4985662328877619
0.4580874653267009
### Sentence 14
0.46182989329099655
0.5061678774654865
0.49499793418993554
0.5753636583685875
0.45730106011033056
### Sentence 396
0.4924329621717334
0.46398195456713437
0.42536333462921905
0.4338340834598057
0.3447483670897782
### Sentence 340
0.44126343756641556
0.4030217620112547
0.36176639958852674
0.4517939524134485
0.36775615881765034
### Sentence 358
0.4431591113408407
0.4310412003348271
0.5433906931844023
0.498990472075012
0.4521128685110145
### Sentence 417
0.2946671654159824
0.2757976052040855
0.3837281931191683
0.31608952178309363
0.292884752775232
### Sentence 350
0.4479929202828895
0.43572024823251093
0.4670720292593945
0.4935937516116114
0.4539830210534009
### Sentence 163
0.3987435204691665
0.39128170560958775
0.47025320730930154
0.38790351845497306
0.33062237442666015
### Sentence 405
0.457701471345178
0.41556080931733397
0.3705083725267443
0.5092005819596094
0.5102760600375718
### Sentence 325
0.47802038200792263
0.3893115815113891
0.48090186882340774
0.5104238890661773
0.395463770985688
### Sentence 116
0.484502890807858
0.46424407685218855
0.3857588557483152
0.40829340905644174
0.5014175782196744
### Sentence 322
0.37892993607304315
0.42248542490944435
0.5140493292022835
0.4058151019906456
0.3908608420751989
### Sentence 310
0.37500941059552134
0.4256748154293746
0.4052968935109675
0.37604142657946793
0.45531183388084173
### Sentence 263
0.4285524051104273
0.4174970732142572
0.3826189247580866
0.5088330673807788
0.4085083767838244
### Sentence 95
0.4627399958397557
0.4212492775262856
0.48301320940983006
0.3656837811193815
0.3326058916225121
### Sentence 91
0.5333893700606294
0.5770330767664644
0.5280632626265287
0.4588614290787114
0.49999022874981164
### Sentence 67
0.4572045143460855
0.5043740240391343
0.4312235716264695
0.37028193739242854
0.393676627863897
### Sentence 261
0.5188223307719454
0.44374795937910677
0.3918359513394535
0.4893557643517852
0.47001518399920317
### Sentence 275
0.47349271546339705
0.4961893879586742
0.47682607961108997
0.4861404733244507
0.4770192014319556
### Sentence 323
0.4521206522057223
0.43989887235816133
0.4262062828597981
0.45766280158314593
0.45504232383398124
### Sentence 160
0.3970853966172962
0.47838875544922693
0.4723759997813475
0.4804140960886365
0.50012405518265
### Sentence 145
0.4413353288437911
0.4244749035772889
0.42451980064601397
0.33814393157182737
0.38248128521927566
### Sentence 62
0.4061113763157101
0.4180547713878609
0.39583770957376274
0.4554872003694375
0.37456186577522504
### Sentence 217
0.5047357234926451
0.44167140321362586
0.49709922208317686
0.43091886437364985
0.41944025581081706
### Sentence 426
0.4667982716113329
0.37445381096331404
0.3668100914917886
0.42850218238309024
0.3860913257580251
### Sentence 337
0.49106731274446774
0.46208007378113825
0.38135457550023877
0.3938734872743141
0.44118788552492166
### Sentence 197
0.33074289621056424
0.47161503611942346
0.4931181690898602
0.5019343143895917
0.43027655666937
### Sentence 223
0.37243552860326884
0.3746212268384492
0.4430789918434329
0.3896516967655682
0.42940772660985227
### Sentence 387
0.38495472870999947
0.44197515873238447
0.39897734839469196
0.356299159489572
0.33972465731203555
### Sentence 21
0.5172048223071865
0.3890754228590855
0.35513703638155547
0.4317665219506515
0.3968767240044794
### Sentence 248
0.3520092487607787
0.5224603880651113
0.4767594176639871
0.46147423955362016
0.3675212105963288
### Sentence 168
0.34262829942108936
0.4045792317321134
0.5181173701272455
0.3644502097632476
0.34973712356457876
### Sentence 388
0.43428956903517246
0.4219225837790873
0.363421746349195
0.48756237854249773
0.3944952901918441
### Sentence 335
0.4318992722229185
0.48766197958453134
0.4487679160242392
0.35849223226647486
0.429205532270399
### Sentence 440
0.32278083115816114
0.1835558969527483
0.21827715635299683
0.34561549928039315
0.37941419035196305
### Sentence 321
0.5071292263352208
0.42463679040471713
0.4312949475314882
0.4558057441065709
0.4993342207227316
### Sentence 17
0.5450744587928057
0.3091856634399543
0.41405407097190616
0.45651811046215396
0.4595782349507014
### Sentence 164
0.3825604921827714
0.307396031117865
0.4153953368465106
0.3935317789603557
0.4397079199109049
### Sentence 174
0.48767794049556623
0.4194323171819137
0.45322994756597007
0.43499005238779564
0.4469500631093979
### Sentence 356
0.3302345897699165
0.4419288437726886
0.43416947880110074
0.390698007026384
0.38722607133866743
### Sentence 368
0.4749687389385971
0.4377470967275175
0.43975027396597643
0.35163270574147726
0.5440704021602869
### Sentence 439
0.28620358780026434
0.49866957515478133
0.42409303188323977
0.23510649651288987
0.5128745302557945
### Sentence 279
0.5165476593867188
0.4271541800673889
0.467377218660777
0.4513048610204588
0.4365455930161735
### Sentence 225
0.47353052673861384
0.4536871749907732
0.3850248466711491
0.4282725652679801
0.4103214926086366
### Sentence 202
0.36618502862578217
0.3984147135688122
0.46232612205799234
0.431428647621773
0.41939063552160594
### Sentence 135
0.40964278516670066
0.5097600704147702
0.3830242079150464
0.43346127138162655
0.4128378337648298
### Sentence 228
0.33187419968808807
0.41901235611632814
0.3736625454106996
0.4657331613260646
0.4428381267501864
### Sentence 384
0.41804334374014723
0.31678155051587625
0.30552400514310185
0.3472950316445772
0.38381526091807455
### Sentence 129
0.37654283295639535
0.5175473022867333
0.46343087720346043
0.40936444750563666
0.46178847849792376
### Sentence 209
0.46781365101536115
0.48024946401516594
0.4405030607763264
0.48929773817459743
0.4787666225184997
### Sentence 239
0.40176770683716645
0.4137012510645119
0.45365001379766245
0.440647580830211
0.384578433311121
### Sentence 241
0.46617978929382997
0.49111667223183847
0.4206653175557532
0.4486065673210272
0.3547876083133061
### Sentence 52
0.3698551765687409
0.37059413890043896
0.4938241667557685
0.49564564999725136
0.4021422535934973
### Sentence 9
0.43825136666948145
0.4492359854506724
0.4813133789452188
0.4108295787803151
0.4324836213931893
### Sentence 138
0.4065025914027247
0.4541992880837169
0.46162070281976875
0.4629071373059306
0.42815202994402063
### Sentence 267
0.49134521587225405
0.4016260496219215
0.4716530874695467
0.45126170567844226
0.4550851572750379
### Sentence 183
0.48836741667418254
0.45772296616009306
0.39659740979827585
0.42872383254801943
0.4012479819357395
### Sentence 51
0.5323782525349247
0.3854685606353957
0.4735846009672336
0.48642666978032695
0.4430510127795455
### Sentence 201
0.37743511157376425
0.42013080861596835
0.4399607599757257
0.4249931771219486
0.38878374325022813
### Sentence 253
0.40732128199722084
0.4769087556217398
0.5134195872538146
0.4728475106613977
0.4567451313182357
### Sentence 294
0.5040660213086415
0.39523287841372867
0.38370502028952946
0.4715640826616436
0.5113258645869792
### Sentence 235
0.4393944437192245
0.40174543277614494
0.43875289826907893
0.372261316600171
0.4670420062135566
### Sentence 89
0.4811935787089169
0.42437689657672306
0.4046530842781067
0.3893272342626005
0.43243942577391864
